
Magic 8.3 revision 394 - Compiled on Sat Jun  3 09:45:43 AM CEST 2023.
Starting magic under Tcl interpreter
Using the terminal as the console.
Using NULL graphics device.
Processing system .magicrc file
Sourcing design .magicrc for technology sky130A ...
2 Magic internal units = 1 Lambda
Input style sky130(): scaleFactor=2, multiplier=2
The following types are not handled by extraction and will be treated as non-electrical types:
    ubm 
Scaled tech values by 2 / 1 to match internal grid scaling
Loading sky130A Device Generator Menu ...
Using technology "sky130A", version 1.0.414-0-gaf34855
Warning: Calma reading is not undoable!  I hope that's OK.
Library written using GDS-II Release 3.0
Library name: sistem
Reading "sky130_fd_sc_hd__decap_3".
Reading "sky130_ef_sc_hd__decap_12".
Reading "sky130_fd_sc_hd__buf_8".
Error while reading cell "sky130_fd_sc_hd__buf_8" (byte position 18600): Warning:  Cell sky130_fd_sc_hd__buf_8 boundary was redefined.
Error while reading cell "sky130_fd_sc_hd__buf_8" (byte position 18600): Warning:  Cell sky130_fd_sc_hd__buf_8 boundary was redefined.
Error while reading cell "sky130_fd_sc_hd__buf_8" (byte position 18600): Warning:  Cell sky130_fd_sc_hd__buf_8 boundary was redefined.
Error while reading cell "sky130_fd_sc_hd__buf_8" (byte position 18600): Warning:  Cell sky130_fd_sc_hd__buf_8 boundary was redefined.
Error while reading cell "sky130_fd_sc_hd__buf_8" (byte position 18600): Warning:  Cell sky130_fd_sc_hd__buf_8 boundary was redefined.
Error while reading cell "sky130_fd_sc_hd__buf_8" (byte position 18600): Warning:  Cell sky130_fd_sc_hd__buf_8 boundary was redefined.
Error while reading cell "sky130_fd_sc_hd__buf_8" (byte position 18600): Warning:  Cell sky130_fd_sc_hd__buf_8 boundary was redefined.
Error while reading cell "sky130_fd_sc_hd__buf_8" (byte position 18600): Warning:  Cell sky130_fd_sc_hd__buf_8 boundary was redefined.
Error while reading cell "sky130_fd_sc_hd__buf_8" (byte position 18600): Warning:  Cell sky130_fd_sc_hd__buf_8 boundary was redefined.
Error while reading cell "sky130_fd_sc_hd__buf_8" (byte position 18600): Warning:  Cell sky130_fd_sc_hd__buf_8 boundary was redefined.
Reading "sky130_fd_sc_hd__tapvpwrvgnd_1".
CIF file read warning: CIF style sky130(): units rescaled by factor of 5 / 1
Reading "sky130_fd_sc_hd__fill_1".
Reading "sky130_fd_sc_hd__decap_4".
Reading "sky130_fd_sc_hd__decap_6".
Reading "sky130_fd_sc_hd__decap_8".
Reading "sky130_fd_sc_hd__clkbuf_8".
Error while reading cell "sky130_fd_sc_hd__clkbuf_8" (byte position 41288): Warning:  Cell sky130_fd_sc_hd__clkbuf_8 boundary was redefined.
Error while reading cell "sky130_fd_sc_hd__clkbuf_8" (byte position 41288): Warning:  Cell sky130_fd_sc_hd__clkbuf_8 boundary was redefined.
Error while reading cell "sky130_fd_sc_hd__clkbuf_8" (byte position 41288): Warning:  Cell sky130_fd_sc_hd__clkbuf_8 boundary was redefined.
Error while reading cell "sky130_fd_sc_hd__clkbuf_8" (byte position 41288): Warning:  Cell sky130_fd_sc_hd__clkbuf_8 boundary was redefined.
Error while reading cell "sky130_fd_sc_hd__clkbuf_8" (byte position 41288): Warning:  Cell sky130_fd_sc_hd__clkbuf_8 boundary was redefined.
Error while reading cell "sky130_fd_sc_hd__clkbuf_8" (byte position 41288): Warning:  Cell sky130_fd_sc_hd__clkbuf_8 boundary was redefined.
Error while reading cell "sky130_fd_sc_hd__clkbuf_8" (byte position 41288): Warning:  Cell sky130_fd_sc_hd__clkbuf_8 boundary was redefined.
Error while reading cell "sky130_fd_sc_hd__clkbuf_8" (byte position 41288): Warning:  Cell sky130_fd_sc_hd__clkbuf_8 boundary was redefined.
Error while reading cell "sky130_fd_sc_hd__clkbuf_8" (byte position 41288): Warning:  Cell sky130_fd_sc_hd__clkbuf_8 boundary was redefined.
Reading "sky130_fd_sc_hd__buf_6".
Error while reading cell "sky130_fd_sc_hd__buf_6" (byte position 50296): Warning:  Cell sky130_fd_sc_hd__buf_6 boundary was redefined.
Error while reading cell "sky130_fd_sc_hd__buf_6" (byte position 50296): Warning:  Cell sky130_fd_sc_hd__buf_6 boundary was redefined.
Error while reading cell "sky130_fd_sc_hd__buf_6" (byte position 50296): Warning:  Cell sky130_fd_sc_hd__buf_6 boundary was redefined.
Error while reading cell "sky130_fd_sc_hd__buf_6" (byte position 50296): Warning:  Cell sky130_fd_sc_hd__buf_6 boundary was redefined.
Error while reading cell "sky130_fd_sc_hd__buf_6" (byte position 50296): Warning:  Cell sky130_fd_sc_hd__buf_6 boundary was redefined.
Error while reading cell "sky130_fd_sc_hd__buf_6" (byte position 50296): Warning:  Cell sky130_fd_sc_hd__buf_6 boundary was redefined.
Error while reading cell "sky130_fd_sc_hd__buf_6" (byte position 50296): Warning:  Cell sky130_fd_sc_hd__buf_6 boundary was redefined.
Reading "sky130_fd_sc_hd__a22o_1".
Reading "sky130_fd_sc_hd__o21a_1".
Error while reading cell "sky130_fd_sc_hd__o21a_1" (byte position 64096): Warning:  Cell sky130_fd_sc_hd__o21a_1 boundary was redefined.
Error while reading cell "sky130_fd_sc_hd__o21a_1" (byte position 64096): Warning:  Cell sky130_fd_sc_hd__o21a_1 boundary was redefined.
Error while reading cell "sky130_fd_sc_hd__o21a_1" (byte position 64096): Warning:  Cell sky130_fd_sc_hd__o21a_1 boundary was redefined.
Reading "sky130_fd_sc_hd__a21o_1".
Error while reading cell "sky130_fd_sc_hd__a21o_1" (byte position 71238): Warning:  Cell sky130_fd_sc_hd__a21o_1 boundary was redefined.
Error while reading cell "sky130_fd_sc_hd__a21o_1" (byte position 71238): Warning:  Cell sky130_fd_sc_hd__a21o_1 boundary was redefined.
Error while reading cell "sky130_fd_sc_hd__a21o_1" (byte position 71238): Warning:  Cell sky130_fd_sc_hd__a21o_1 boundary was redefined.
Reading "sky130_fd_sc_hd__a21oi_1".
Reading "sky130_fd_sc_hd__inv_2".
Error while reading cell "sky130_fd_sc_hd__inv_2" (byte position 80110): Warning:  Cell sky130_fd_sc_hd__inv_2 boundary was redefined.
Reading "sky130_fd_sc_hd__a21bo_1".
Reading "sky130_fd_sc_hd__nor2_1".
Reading "sky130_fd_sc_hd__clkbuf_2".
Error while reading cell "sky130_fd_sc_hd__clkbuf_2" (byte position 96544): Warning:  Cell sky130_fd_sc_hd__clkbuf_2 boundary was redefined.
Error while reading cell "sky130_fd_sc_hd__clkbuf_2" (byte position 96544): Warning:  Cell sky130_fd_sc_hd__clkbuf_2 boundary was redefined.
Reading "sky130_fd_sc_hd__and2_1".
Reading "sky130_fd_sc_hd__or2_1".
Reading "sky130_fd_sc_hd__nand2_1".
Reading "sky130_fd_sc_hd__or3_1".
Reading "sky130_fd_sc_hd__o21ai_1".
Reading "sky130_fd_sc_hd__and3_1".
Reading "sky130_fd_sc_hd__buf_2".
Error while reading cell "sky130_fd_sc_hd__buf_2" (byte position 132416): Warning:  Cell sky130_fd_sc_hd__buf_2 boundary was redefined.
Error while reading cell "sky130_fd_sc_hd__buf_2" (byte position 132416): Warning:  Cell sky130_fd_sc_hd__buf_2 boundary was redefined.
Reading "sky130_fd_sc_hd__clkbuf_1".
Error while reading cell "sky130_fd_sc_hd__clkbuf_1" (byte position 137110): Warning:  Cell sky130_fd_sc_hd__clkbuf_1 boundary was redefined.
Reading "sky130_fd_sc_hd__buf_1".
Error while reading cell "sky130_fd_sc_hd__buf_1" (byte position 141960): Warning:  Cell sky130_fd_sc_hd__buf_1 boundary was redefined.
Reading "sky130_fd_sc_hd__fill_2".
Reading "sky130_fd_sc_hd__clkbuf_4".
Error while reading cell "sky130_fd_sc_hd__clkbuf_4" (byte position 149816): Warning:  Cell sky130_fd_sc_hd__clkbuf_4 boundary was redefined.
Error while reading cell "sky130_fd_sc_hd__clkbuf_4" (byte position 149816): Warning:  Cell sky130_fd_sc_hd__clkbuf_4 boundary was redefined.
Error while reading cell "sky130_fd_sc_hd__clkbuf_4" (byte position 149816): Warning:  Cell sky130_fd_sc_hd__clkbuf_4 boundary was redefined.
Error while reading cell "sky130_fd_sc_hd__clkbuf_4" (byte position 149816): Warning:  Cell sky130_fd_sc_hd__clkbuf_4 boundary was redefined.
Reading "sky130_fd_sc_hd__dlymetal6s2s_1".
Error while reading cell "sky130_fd_sc_hd__dlymetal6s2s_1" (byte position 161192): Warning:  Cell sky130_fd_sc_hd__dlymetal6s2s_1 boundary was redefined.
Error while reading cell "sky130_fd_sc_hd__dlymetal6s2s_1" (byte position 161192): Warning:  Cell sky130_fd_sc_hd__dlymetal6s2s_1 boundary was redefined.
Error while reading cell "sky130_fd_sc_hd__dlymetal6s2s_1" (byte position 161192): Warning:  Cell sky130_fd_sc_hd__dlymetal6s2s_1 boundary was redefined.
Error while reading cell "sky130_fd_sc_hd__dlymetal6s2s_1" (byte position 161192): Warning:  Cell sky130_fd_sc_hd__dlymetal6s2s_1 boundary was redefined.
Error while reading cell "sky130_fd_sc_hd__dlymetal6s2s_1" (byte position 161192): Warning:  Cell sky130_fd_sc_hd__dlymetal6s2s_1 boundary was redefined.
Reading "sky130_fd_sc_hd__or3b_2".
Error while reading cell "sky130_fd_sc_hd__or3b_2" (byte position 169590): Warning:  Cell sky130_fd_sc_hd__or3b_2 boundary was redefined.
Error while reading cell "sky130_fd_sc_hd__or3b_2" (byte position 169590): Warning:  Cell sky130_fd_sc_hd__or3b_2 boundary was redefined.
Error while reading cell "sky130_fd_sc_hd__or3b_2" (byte position 169590): Warning:  Cell sky130_fd_sc_hd__or3b_2 boundary was redefined.
Error while reading cell "sky130_fd_sc_hd__or3b_2" (byte position 169590): Warning:  Cell sky130_fd_sc_hd__or3b_2 boundary was redefined.
Error while reading cell "sky130_fd_sc_hd__or3b_2" (byte position 169590): Warning:  Cell sky130_fd_sc_hd__or3b_2 boundary was redefined.
Reading "sky130_fd_sc_hd__a2111oi_2".
Reading "sky130_fd_sc_hd__and4b_1".
Reading "sky130_fd_sc_hd__a22oi_1".
Reading "sky130_fd_sc_hd__a32o_1".
Reading "sky130_fd_sc_hd__or4bb_4".
Reading "sky130_fd_sc_hd__and4_1".
Reading "sky130_fd_sc_hd__nand3b_1".
Reading "sky130_fd_sc_hd__or3_2".
Reading "sky130_fd_sc_hd__o32a_1".
Reading "sky130_fd_sc_hd__or4_1".
Reading "sky130_fd_sc_hd__o21ai_2".
Reading "sky130_fd_sc_hd__or4_4".
Reading "sky130_fd_sc_hd__or3b_1".
Reading "sky130_fd_sc_hd__a21oi_2".
Reading "sky130_fd_sc_hd__nor3_1".
Reading "sky130_fd_sc_hd__or2b_1".
Reading "sky130_fd_sc_hd__dlxtn_1".
Reading "control_unity".
Reading "sky130_fd_sc_hd__buf_4".
Error while reading cell "sky130_fd_sc_hd__buf_4" (byte position 851124): Warning:  Cell sky130_fd_sc_hd__buf_4 boundary was redefined.
Error while reading cell "sky130_fd_sc_hd__buf_4" (byte position 851124): Warning:  Cell sky130_fd_sc_hd__buf_4 boundary was redefined.
Error while reading cell "sky130_fd_sc_hd__buf_4" (byte position 851124): Warning:  Cell sky130_fd_sc_hd__buf_4 boundary was redefined.
Error while reading cell "sky130_fd_sc_hd__buf_4" (byte position 851124): Warning:  Cell sky130_fd_sc_hd__buf_4 boundary was redefined.
Reading "sky130_fd_sc_hd__diode_2".
Reading "sky130_fd_sc_hd__mux2_4".
Reading "sky130_fd_sc_hd__xor2_1".
Reading "sky130_fd_sc_hd__o211a_1".
Reading "sky130_fd_sc_hd__and3b_1".
Reading "sky130_fd_sc_hd__a21boi_1".
Reading "sky130_fd_sc_hd__and2b_1".
Error while reading cell "sky130_fd_sc_hd__and2b_1" (byte position 895178): Warning:  Cell sky130_fd_sc_hd__and2b_1 boundary was redefined.
Error while reading cell "sky130_fd_sc_hd__and2b_1" (byte position 895178): Warning:  Cell sky130_fd_sc_hd__and2b_1 boundary was redefined.
Error while reading cell "sky130_fd_sc_hd__and2b_1" (byte position 895178): Warning:  Cell sky130_fd_sc_hd__and2b_1 boundary was redefined.
Reading "sky130_fd_sc_hd__xnor2_1".
Reading "sky130_fd_sc_hd__a311o_1".
Reading "sky130_fd_sc_hd__o311a_1".
Reading "sky130_fd_sc_hd__o211ai_1".
Reading "sky130_fd_sc_hd__a211o_1".
Reading "sky130_fd_sc_hd__a31o_1".
Reading "sky130_fd_sc_hd__nand2_2".
Reading "sky130_fd_sc_hd__mux2_1".
Error while reading cell "sky130_fd_sc_hd__mux2_1" (byte position 947788): Warning:  Cell sky130_fd_sc_hd__mux2_1 boundary was redefined.
Error while reading cell "sky130_fd_sc_hd__mux2_1" (byte position 947788): Warning:  Cell sky130_fd_sc_hd__mux2_1 boundary was redefined.
Error while reading cell "sky130_fd_sc_hd__mux2_1" (byte position 947788): Warning:  Cell sky130_fd_sc_hd__mux2_1 boundary was redefined.
Error while reading cell "sky130_fd_sc_hd__mux2_1" (byte position 947788): Warning:  Cell sky130_fd_sc_hd__mux2_1 boundary was redefined.
Error while reading cell "sky130_fd_sc_hd__mux2_1" (byte position 947788): Warning:  Cell sky130_fd_sc_hd__mux2_1 boundary was redefined.
Reading "sky130_fd_sc_hd__nand3_1".
Reading "sky130_fd_sc_hd__clkinv_4".
Error while reading cell "sky130_fd_sc_hd__clkinv_4" (byte position 959016): Warning:  Cell sky130_fd_sc_hd__clkinv_4 boundary was redefined.
Error while reading cell "sky130_fd_sc_hd__clkinv_4" (byte position 959016): Warning:  Cell sky130_fd_sc_hd__clkinv_4 boundary was redefined.
Error while reading cell "sky130_fd_sc_hd__clkinv_4" (byte position 959016): Warning:  Cell sky130_fd_sc_hd__clkinv_4 boundary was redefined.
Reading "sky130_fd_sc_hd__mux4_2".
Reading "sky130_fd_sc_hd__a221o_1".
Reading "sky130_fd_sc_hd__a211oi_1".
Reading "sky130_fd_sc_hd__mux4_1".
Reading "sky130_fd_sc_hd__o2111ai_4".
Reading "sky130_fd_sc_hd__mux2_2".
Error while reading cell "sky130_fd_sc_hd__mux2_2" (byte position 1027970): Warning:  Cell sky130_fd_sc_hd__mux2_2 boundary was redefined.
Error while reading cell "sky130_fd_sc_hd__mux2_2" (byte position 1027970): Warning:  Cell sky130_fd_sc_hd__mux2_2 boundary was redefined.
Error while reading cell "sky130_fd_sc_hd__mux2_2" (byte position 1027970): Warning:  Cell sky130_fd_sc_hd__mux2_2 boundary was redefined.
Error while reading cell "sky130_fd_sc_hd__mux2_2" (byte position 1027970): Warning:  Cell sky130_fd_sc_hd__mux2_2 boundary was redefined.
Error while reading cell "sky130_fd_sc_hd__mux2_2" (byte position 1027970): Warning:  Cell sky130_fd_sc_hd__mux2_2 boundary was redefined.
Error while reading cell "sky130_fd_sc_hd__mux2_2" (byte position 1027970): Warning:  Cell sky130_fd_sc_hd__mux2_2 boundary was redefined.
Reading "sky130_fd_sc_hd__a221oi_2".
Reading "sky130_fd_sc_hd__nand3_2".
Reading "sky130_fd_sc_hd__nor2_2".
Reading "sky130_fd_sc_hd__nor2_4".
Reading "sky130_fd_sc_hd__and2_2".
Error while reading cell "sky130_fd_sc_hd__and2_2" (byte position 1063466): Warning:  Cell sky130_fd_sc_hd__and2_2 boundary was redefined.
Error while reading cell "sky130_fd_sc_hd__and2_2" (byte position 1063466): Warning:  Cell sky130_fd_sc_hd__and2_2 boundary was redefined.
Error while reading cell "sky130_fd_sc_hd__and2_2" (byte position 1063466): Warning:  Cell sky130_fd_sc_hd__and2_2 boundary was redefined.
Reading "sky130_fd_sc_hd__and4bb_1".
Reading "sky130_fd_sc_hd__o31a_1".
Error while reading cell "sky130_fd_sc_hd__o31a_1" (byte position 1079708): Warning:  Cell sky130_fd_sc_hd__o31a_1 boundary was redefined.
Error while reading cell "sky130_fd_sc_hd__o31a_1" (byte position 1079708): Warning:  Cell sky130_fd_sc_hd__o31a_1 boundary was redefined.
Error while reading cell "sky130_fd_sc_hd__o31a_1" (byte position 1079708): Warning:  Cell sky130_fd_sc_hd__o31a_1 boundary was redefined.
Error while reading cell "sky130_fd_sc_hd__o31a_1" (byte position 1079708): Warning:  Cell sky130_fd_sc_hd__o31a_1 boundary was redefined.
Reading "sky130_fd_sc_hd__or2_2".
Reading "sky130_fd_sc_hd__xor2_2".
Reading "sky130_fd_sc_hd__o22a_1".
Reading "sky130_fd_sc_hd__a2bb2o_1".
Reading "sky130_fd_sc_hd__o21ba_1".
Reading "sky130_fd_sc_hd__o2bb2a_1".
Reading "sky130_fd_sc_hd__o221a_1".
Reading "sky130_fd_sc_hd__a2111o_1".
Reading "sky130_fd_sc_hd__a31o_2".
Reading "sky130_fd_sc_hd__o22ai_1".
Reading "sky130_fd_sc_hd__or4b_1".
Reading "sky130_fd_sc_hd__a21oi_4".
Reading "sky130_fd_sc_hd__or4b_2".
Reading "sky130_fd_sc_hd__or4b_4".
Reading "sky130_fd_sc_hd__o41a_1".
Reading "sky130_fd_sc_hd__o21ai_4".
Reading "sky130_fd_sc_hd__a311oi_4".
Reading "sky130_fd_sc_hd__xnor2_2".
Reading "sky130_fd_sc_hd__a22oi_4".
Reading "sky130_fd_sc_hd__nand2b_2".
Reading "sky130_fd_sc_hd__and3_2".
Reading "sky130_fd_sc_hd__a2111oi_4".
Reading "sky130_fd_sc_hd__nor3_4".
Error while reading cell "sky130_fd_sc_hd__nor3_4" (byte position 1269698): Warning:  Cell sky130_fd_sc_hd__nor3_4 boundary was redefined.
Error while reading cell "sky130_fd_sc_hd__nor3_4" (byte position 1269698): Warning:  Cell sky130_fd_sc_hd__nor3_4 boundary was redefined.
Error while reading cell "sky130_fd_sc_hd__nor3_4" (byte position 1269698): Warning:  Cell sky130_fd_sc_hd__nor3_4 boundary was redefined.
Error while reading cell "sky130_fd_sc_hd__nor3_4" (byte position 1269698): Warning:  Cell sky130_fd_sc_hd__nor3_4 boundary was redefined.
Error while reading cell "sky130_fd_sc_hd__nor3_4" (byte position 1269698): Warning:  Cell sky130_fd_sc_hd__nor3_4 boundary was redefined.
Error while reading cell "sky130_fd_sc_hd__nor3_4" (byte position 1269698): Warning:  Cell sky130_fd_sc_hd__nor3_4 boundary was redefined.
Error while reading cell "sky130_fd_sc_hd__nor3_4" (byte position 1269698): Warning:  Cell sky130_fd_sc_hd__nor3_4 boundary was redefined.
Error while reading cell "sky130_fd_sc_hd__nor3_4" (byte position 1269698): Warning:  Cell sky130_fd_sc_hd__nor3_4 boundary was redefined.
Error while reading cell "sky130_fd_sc_hd__nor3_4" (byte position 1269698): Warning:  Cell sky130_fd_sc_hd__nor3_4 boundary was redefined.
Error while reading cell "sky130_fd_sc_hd__nor3_4" (byte position 1269698): Warning:  Cell sky130_fd_sc_hd__nor3_4 boundary was redefined.
Error while reading cell "sky130_fd_sc_hd__nor3_4" (byte position 1269698): Warning:  Cell sky130_fd_sc_hd__nor3_4 boundary was redefined.
Reading "sky130_fd_sc_hd__nand4b_4".
Reading "sky130_fd_sc_hd__a41o_1".
Reading "sky130_fd_sc_hd__o31ai_1".
Reading "sky130_fd_sc_hd__o31ai_2".
Reading "sky130_fd_sc_hd__nand4_2".
Reading "sky130_fd_sc_hd__or3b_4".
Reading "sky130_fd_sc_hd__o21bai_2".
Reading "sky130_fd_sc_hd__or3_4".
Reading "sky130_fd_sc_hd__or4_2".
Reading "sky130_fd_sc_hd__nor3b_1".
Reading "sky130_fd_sc_hd__a32oi_2".
Reading "sky130_fd_sc_hd__o21bai_1".
Reading "sky130_fd_sc_hd__dlygate4sd1_1".
Reading "sky130_fd_sc_hd__nand4_1".
Reading "sky130_fd_sc_hd__o221ai_4".
Reading "sky130_fd_sc_hd__xnor2_4".
Reading "sky130_fd_sc_hd__o31a_2".
Error while reading cell "sky130_fd_sc_hd__o31a_2" (byte position 1412858): Warning:  Cell sky130_fd_sc_hd__o31a_2 boundary was redefined.
Error while reading cell "sky130_fd_sc_hd__o31a_2" (byte position 1412858): Warning:  Cell sky130_fd_sc_hd__o31a_2 boundary was redefined.
Error while reading cell "sky130_fd_sc_hd__o31a_2" (byte position 1412858): Warning:  Cell sky130_fd_sc_hd__o31a_2 boundary was redefined.
Error while reading cell "sky130_fd_sc_hd__o31a_2" (byte position 1412858): Warning:  Cell sky130_fd_sc_hd__o31a_2 boundary was redefined.
Error while reading cell "sky130_fd_sc_hd__o31a_2" (byte position 1412858): Warning:  Cell sky130_fd_sc_hd__o31a_2 boundary was redefined.
Reading "sky130_fd_sc_hd__a22oi_2".
Reading "alu".
Reading "sky130_fd_sc_hd__a21o_2".
Error while reading cell "sky130_fd_sc_hd__a21o_2" (byte position 4989042): Warning:  Cell sky130_fd_sc_hd__a21o_2 boundary was redefined.
Error while reading cell "sky130_fd_sc_hd__a21o_2" (byte position 4989042): Warning:  Cell sky130_fd_sc_hd__a21o_2 boundary was redefined.
Error while reading cell "sky130_fd_sc_hd__a21o_2" (byte position 4989042): Warning:  Cell sky130_fd_sc_hd__a21o_2 boundary was redefined.
Error while reading cell "sky130_fd_sc_hd__a21o_2" (byte position 4989042): Warning:  Cell sky130_fd_sc_hd__a21o_2 boundary was redefined.
Reading "sky130_fd_sc_hd__dlygate4sd3_1".
Reading "sky130_fd_sc_hd__dfxtp_2".
Reading "sky130_fd_sc_hd__clkbuf_16".
Error while reading cell "sky130_fd_sc_hd__clkbuf_16" (byte position 5024336): Warning:  Cell sky130_fd_sc_hd__clkbuf_16 boundary was redefined.
Error while reading cell "sky130_fd_sc_hd__clkbuf_16" (byte position 5024336): Warning:  Cell sky130_fd_sc_hd__clkbuf_16 boundary was redefined.
Error while reading cell "sky130_fd_sc_hd__clkbuf_16" (byte position 5024336): Warning:  Cell sky130_fd_sc_hd__clkbuf_16 boundary was redefined.
Error while reading cell "sky130_fd_sc_hd__clkbuf_16" (byte position 5024336): Warning:  Cell sky130_fd_sc_hd__clkbuf_16 boundary was redefined.
Error while reading cell "sky130_fd_sc_hd__clkbuf_16" (byte position 5024336): Warning:  Cell sky130_fd_sc_hd__clkbuf_16 boundary was redefined.
Error while reading cell "sky130_fd_sc_hd__clkbuf_16" (byte position 5024336): Warning:  Cell sky130_fd_sc_hd__clkbuf_16 boundary was redefined.
Error while reading cell "sky130_fd_sc_hd__clkbuf_16" (byte position 5024336): Warning:  Cell sky130_fd_sc_hd__clkbuf_16 boundary was redefined.
Error while reading cell "sky130_fd_sc_hd__clkbuf_16" (byte position 5024336): Warning:  Cell sky130_fd_sc_hd__clkbuf_16 boundary was redefined.
Error while reading cell "sky130_fd_sc_hd__clkbuf_16" (byte position 5024336): Warning:  Cell sky130_fd_sc_hd__clkbuf_16 boundary was redefined.
Error while reading cell "sky130_fd_sc_hd__clkbuf_16" (byte position 5024336): Warning:  Cell sky130_fd_sc_hd__clkbuf_16 boundary was redefined.
Error while reading cell "sky130_fd_sc_hd__clkbuf_16" (byte position 5024336): Warning:  Cell sky130_fd_sc_hd__clkbuf_16 boundary was redefined.
Error while reading cell "sky130_fd_sc_hd__clkbuf_16" (byte position 5024336): Warning:  Cell sky130_fd_sc_hd__clkbuf_16 boundary was redefined.
Error while reading cell "sky130_fd_sc_hd__clkbuf_16" (byte position 5024336): Warning:  Cell sky130_fd_sc_hd__clkbuf_16 boundary was redefined.
Error while reading cell "sky130_fd_sc_hd__clkbuf_16" (byte position 5024336): Warning:  Cell sky130_fd_sc_hd__clkbuf_16 boundary was redefined.
Error while reading cell "sky130_fd_sc_hd__clkbuf_16" (byte position 5024336): Warning:  Cell sky130_fd_sc_hd__clkbuf_16 boundary was redefined.
Error while reading cell "sky130_fd_sc_hd__clkbuf_16" (byte position 5024336): Warning:  Cell sky130_fd_sc_hd__clkbuf_16 boundary was redefined.
Error while reading cell "sky130_fd_sc_hd__clkbuf_16" (byte position 5024336): Warning:  Cell sky130_fd_sc_hd__clkbuf_16 boundary was redefined.
Error while reading cell "sky130_fd_sc_hd__clkbuf_16" (byte position 5024336): Warning:  Cell sky130_fd_sc_hd__clkbuf_16 boundary was redefined.
Error while reading cell "sky130_fd_sc_hd__clkbuf_16" (byte position 5024336): Warning:  Cell sky130_fd_sc_hd__clkbuf_16 boundary was redefined.
Reading "sky130_fd_sc_hd__dfxtp_1".
Reading "sky130_fd_sc_hd__conb_1".
Reading "sky130_fd_sc_hd__inv_6".
Reading "sky130_fd_sc_hd__nand3_4".
Reading "sky130_fd_sc_hd__and4_2".
Reading "sky130_fd_sc_hd__nand2_4".
Reading "sky130_fd_sc_hd__and4_4".
Reading "sky130_fd_sc_hd__and3b_2".
Reading "sky130_fd_sc_hd__and3_4".
Reading "sky130_fd_sc_hd__nor2b_4".
Reading "sky130_fd_sc_hd__and3b_4".
Reading "sky130_fd_sc_hd__nor3b_4".
Reading "sky130_fd_sc_hd__nand2_8".
Reading "register".
    5000 uses
    10000 uses
Reading "sky130_fd_sc_hd__buf_12".
Error while reading cell "sky130_fd_sc_hd__buf_12" (byte position 22692534): Warning:  Cell sky130_fd_sc_hd__buf_12 boundary was redefined.
Error while reading cell "sky130_fd_sc_hd__buf_12" (byte position 22692534): Warning:  Cell sky130_fd_sc_hd__buf_12 boundary was redefined.
Error while reading cell "sky130_fd_sc_hd__buf_12" (byte position 22692534): Warning:  Cell sky130_fd_sc_hd__buf_12 boundary was redefined.
Error while reading cell "sky130_fd_sc_hd__buf_12" (byte position 22692534): Warning:  Cell sky130_fd_sc_hd__buf_12 boundary was redefined.
Error while reading cell "sky130_fd_sc_hd__buf_12" (byte position 22692534): Warning:  Cell sky130_fd_sc_hd__buf_12 boundary was redefined.
Error while reading cell "sky130_fd_sc_hd__buf_12" (byte position 22692534): Warning:  Cell sky130_fd_sc_hd__buf_12 boundary was redefined.
Error while reading cell "sky130_fd_sc_hd__buf_12" (byte position 22692534): Warning:  Cell sky130_fd_sc_hd__buf_12 boundary was redefined.
Error while reading cell "sky130_fd_sc_hd__buf_12" (byte position 22692534): Warning:  Cell sky130_fd_sc_hd__buf_12 boundary was redefined.
Error while reading cell "sky130_fd_sc_hd__buf_12" (byte position 22692534): Warning:  Cell sky130_fd_sc_hd__buf_12 boundary was redefined.
Error while reading cell "sky130_fd_sc_hd__buf_12" (byte position 22692534): Warning:  Cell sky130_fd_sc_hd__buf_12 boundary was redefined.
Error while reading cell "sky130_fd_sc_hd__buf_12" (byte position 22692534): Warning:  Cell sky130_fd_sc_hd__buf_12 boundary was redefined.
Error while reading cell "sky130_fd_sc_hd__buf_12" (byte position 22692534): Warning:  Cell sky130_fd_sc_hd__buf_12 boundary was redefined.
Error while reading cell "sky130_fd_sc_hd__buf_12" (byte position 22692534): Warning:  Cell sky130_fd_sc_hd__buf_12 boundary was redefined.
Error while reading cell "sky130_fd_sc_hd__buf_12" (byte position 22692534): Warning:  Cell sky130_fd_sc_hd__buf_12 boundary was redefined.
Error while reading cell "sky130_fd_sc_hd__buf_12" (byte position 22692534): Warning:  Cell sky130_fd_sc_hd__buf_12 boundary was redefined.
Reading "sky130_fd_sc_hd__a21boi_4".
Reading "program_counter".
Reading "instruction_coder".
Reading "sky130_fd_sc_hd__o22a_4".
Reading "sky130_fd_sc_hd__nor2b_2".
Reading "sky130_fd_sc_hd__o21a_4".
Error while reading cell "sky130_fd_sc_hd__o21a_4" (byte position 23955772): Warning:  Cell sky130_fd_sc_hd__o21a_4 boundary was redefined.
Error while reading cell "sky130_fd_sc_hd__o21a_4" (byte position 23955772): Warning:  Cell sky130_fd_sc_hd__o21a_4 boundary was redefined.
Error while reading cell "sky130_fd_sc_hd__o21a_4" (byte position 23955772): Warning:  Cell sky130_fd_sc_hd__o21a_4 boundary was redefined.
Error while reading cell "sky130_fd_sc_hd__o21a_4" (byte position 23955772): Warning:  Cell sky130_fd_sc_hd__o21a_4 boundary was redefined.
Error while reading cell "sky130_fd_sc_hd__o21a_4" (byte position 23955772): Warning:  Cell sky130_fd_sc_hd__o21a_4 boundary was redefined.
Error while reading cell "sky130_fd_sc_hd__o21a_4" (byte position 23955772): Warning:  Cell sky130_fd_sc_hd__o21a_4 boundary was redefined.
Error while reading cell "sky130_fd_sc_hd__o21a_4" (byte position 23955772): Warning:  Cell sky130_fd_sc_hd__o21a_4 boundary was redefined.
Error while reading cell "sky130_fd_sc_hd__o21a_4" (byte position 23955772): Warning:  Cell sky130_fd_sc_hd__o21a_4 boundary was redefined.
Error while reading cell "sky130_fd_sc_hd__o21a_4" (byte position 23955772): Warning:  Cell sky130_fd_sc_hd__o21a_4 boundary was redefined.
Reading "sky130_fd_sc_hd__and2_4".
Reading "sky130_fd_sc_hd__a21o_4".
Reading "sky130_fd_sc_hd__and4bb_2".
Reading "sky130_fd_sc_hd__a311o_4".
Error while reading cell "sky130_fd_sc_hd__a311o_4" (byte position 23993644): Warning:  Cell sky130_fd_sc_hd__a311o_4 boundary was redefined.
Error while reading cell "sky130_fd_sc_hd__a311o_4" (byte position 23993644): Warning:  Cell sky130_fd_sc_hd__a311o_4 boundary was redefined.
Error while reading cell "sky130_fd_sc_hd__a311o_4" (byte position 23993644): Warning:  Cell sky130_fd_sc_hd__a311o_4 boundary was redefined.
Error while reading cell "sky130_fd_sc_hd__a311o_4" (byte position 23993644): Warning:  Cell sky130_fd_sc_hd__a311o_4 boundary was redefined.
Error while reading cell "sky130_fd_sc_hd__a311o_4" (byte position 23993644): Warning:  Cell sky130_fd_sc_hd__a311o_4 boundary was redefined.
Error while reading cell "sky130_fd_sc_hd__a311o_4" (byte position 23993644): Warning:  Cell sky130_fd_sc_hd__a311o_4 boundary was redefined.
Error while reading cell "sky130_fd_sc_hd__a311o_4" (byte position 23993644): Warning:  Cell sky130_fd_sc_hd__a311o_4 boundary was redefined.
Error while reading cell "sky130_fd_sc_hd__a311o_4" (byte position 23993644): Warning:  Cell sky130_fd_sc_hd__a311o_4 boundary was redefined.
Error while reading cell "sky130_fd_sc_hd__a311o_4" (byte position 23993644): Warning:  Cell sky130_fd_sc_hd__a311o_4 boundary was redefined.
Error while reading cell "sky130_fd_sc_hd__a311o_4" (byte position 23993644): Warning:  Cell sky130_fd_sc_hd__a311o_4 boundary was redefined.
Error while reading cell "sky130_fd_sc_hd__a311o_4" (byte position 23993644): Warning:  Cell sky130_fd_sc_hd__a311o_4 boundary was redefined.
Error while reading cell "sky130_fd_sc_hd__a311o_4" (byte position 23993644): Warning:  Cell sky130_fd_sc_hd__a311o_4 boundary was redefined.
Error while reading cell "sky130_fd_sc_hd__a311o_4" (byte position 23993644): Warning:  Cell sky130_fd_sc_hd__a311o_4 boundary was redefined.
Reading "sky130_fd_sc_hd__o21a_2".
Error while reading cell "sky130_fd_sc_hd__o21a_2" (byte position 24000544): Warning:  Cell sky130_fd_sc_hd__o21a_2 boundary was redefined.
Error while reading cell "sky130_fd_sc_hd__o21a_2" (byte position 24000544): Warning:  Cell sky130_fd_sc_hd__o21a_2 boundary was redefined.
Error while reading cell "sky130_fd_sc_hd__o21a_2" (byte position 24000544): Warning:  Cell sky130_fd_sc_hd__o21a_2 boundary was redefined.
Error while reading cell "sky130_fd_sc_hd__o21a_2" (byte position 24000544): Warning:  Cell sky130_fd_sc_hd__o21a_2 boundary was redefined.
Reading "sky130_fd_sc_hd__a21bo_4".
Reading "sky130_fd_sc_hd__or2_4".
Error while reading cell "sky130_fd_sc_hd__or2_4" (byte position 24016132): Warning:  Cell sky130_fd_sc_hd__or2_4 boundary was redefined.
Error while reading cell "sky130_fd_sc_hd__or2_4" (byte position 24016132): Warning:  Cell sky130_fd_sc_hd__or2_4 boundary was redefined.
Error while reading cell "sky130_fd_sc_hd__or2_4" (byte position 24016132): Warning:  Cell sky130_fd_sc_hd__or2_4 boundary was redefined.
Error while reading cell "sky130_fd_sc_hd__or2_4" (byte position 24016132): Warning:  Cell sky130_fd_sc_hd__or2_4 boundary was redefined.
Error while reading cell "sky130_fd_sc_hd__or2_4" (byte position 24016132): Warning:  Cell sky130_fd_sc_hd__or2_4 boundary was redefined.
Reading "sky130_fd_sc_hd__mux2_8".
Reading "sky130_fd_sc_hd__or2b_4".
Reading "sky130_fd_sc_hd__a221o_2".
Reading "sky130_fd_sc_hd__a22o_2".
Reading "sky130_fd_sc_hd__a221o_4".
Reading "sky130_fd_sc_hd__a32o_2".
Reading "sky130_fd_sc_hd__dfxtp_4".
Reading "sky130_fd_sc_hd__a211o_2".
Reading "sky130_fd_sc_hd__a31o_4".
Reading "sky130_fd_sc_hd__a221oi_1".
Reading "sky130_fd_sc_hd__a2111o_2".
Reading "sky130_fd_sc_hd__o211a_2".
Reading "sky130_fd_sc_hd__a32o_4".
Reading "sky130_fd_sc_hd__a211oi_2".
Reading "sky130_fd_sc_hd__a32oi_4".
Reading "sky130_fd_sc_hd__nor2_8".
Reading "sky130_fd_sc_hd__o22a_2".
Reading "sky130_fd_sc_hd__a2bb2o_2".
Reading "sky130_fd_sc_hd__o32a_2".
Reading "sky130_fd_sc_hd__o221a_2".
Reading "sky130_fd_sc_hd__o31a_4".
Reading "sky130_fd_sc_hd__o221ai_1".
Reading "sky130_fd_sc_hd__a21bo_2".
Reading "sky130_fd_sc_hd__o221ai_2".
Reading "sky130_fd_sc_hd__o32a_4".
Reading "sky130_fd_sc_hd__a31oi_4".
Reading "sky130_fd_sc_hd__inv_4".
Reading "sky130_fd_sc_hd__o211ai_4".
Reading "sky130_fd_sc_hd__a221oi_4".
Reading "sky130_fd_sc_hd__inv_8".
Reading "sky130_fd_sc_hd__o211a_4".
Reading "sky130_fd_sc_hd__a32oi_1".
Reading "sky130_fd_sc_hd__a31oi_1".
Reading "sky130_fd_sc_hd__a211oi_4".
Reading "sky130_fd_sc_hd__inv_12".
Reading "sky130_fd_sc_hd__a22o_4".
Reading "memory_ram".
    5000 uses
    10000 uses
    15000 uses
    20000 uses
    25000 uses
    30000 uses
    35000 uses
    40000 uses
    45000 uses
    50000 uses
    55000 uses
    60000 uses
    65000 uses
    70000 uses
    75000 uses
    80000 uses
    85000 uses
    90000 uses
    95000 uses
    100000 uses
    105000 uses
    110000 uses
    115000 uses
    120000 uses
    125000 uses
    130000 uses
    135000 uses
    140000 uses
    145000 uses
    150000 uses
    155000 uses
    160000 uses
    165000 uses
    170000 uses
    175000 uses
    180000 uses
    185000 uses
    190000 uses
    195000 uses
    200000 uses
    205000 uses
    210000 uses
    215000 uses
Reading "sistem".
    5000 uses
    10000 uses
    15000 uses
    20000 uses
    25000 uses
    30000 uses
    35000 uses
    40000 uses
    45000 uses
    50000 uses
    55000 uses
    60000 uses
    65000 uses
    70000 uses
    75000 uses
    80000 uses
    85000 uses
    90000 uses
    95000 uses
    100000 uses
    105000 uses
    110000 uses
    115000 uses
    120000 uses
    125000 uses
    130000 uses
    135000 uses
    140000 uses
    145000 uses
    150000 uses
    155000 uses
    160000 uses
    165000 uses
    170000 uses
    175000 uses
    180000 uses
    185000 uses
    190000 uses
    195000 uses
    200000 uses
    205000 uses
    210000 uses
[INFO]: Writing abstract LEF
Generating LEF output /headless/Desktop/FINAL_PROJECT/OPENLANE_digital_flow/sistem/runs/sistem_flow/results/signoff/sistem.lef for cell sistem:
Diagnostic:  Write LEF header for cell sistem
Diagnostic:  Writing LEF output for cell sistem
Diagnostic:  Scale value is 0.005000
[INFO]: LEF Write Complete
