
===========================================================================
report_checks -path_delay min (Hold)
============================================================================
======================= Typical Corner ===================================

Startpoint: _188_ (rising edge-triggered flip-flop clocked by clk)
Endpoint: _185_ (rising edge-triggered flip-flop clocked by clk)
Path Group: clk
Path Type: min

Fanout     Cap    Slew   Delay    Time   Description
-----------------------------------------------------------------------------
                  0.15    0.00    0.00   clock clk (rise edge)
                          0.00    0.00   clock network delay (ideal)
                  0.15    0.00    0.00 ^ _188_/CLK (sky130_fd_sc_hd__dfxtp_1)
                  0.05    0.34    0.34 v _188_/Q (sky130_fd_sc_hd__dfxtp_1)
     3    0.01                           set[0] (net)
                  0.05    0.00    0.34 v _158_/A (sky130_fd_sc_hd__and3_1)
                  0.03    0.13    0.47 v _158_/X (sky130_fd_sc_hd__and3_1)
     1    0.00                           _022_ (net)
                  0.03    0.00    0.47 v _159_/A (sky130_fd_sc_hd__clkbuf_1)
                  0.03    0.08    0.55 v _159_/X (sky130_fd_sc_hd__clkbuf_1)
     1    0.00                           _009_ (net)
                  0.03    0.00    0.55 v _185_/D (sky130_fd_sc_hd__dfxtp_2)
                                  0.55   data arrival time

                  0.15    0.00    0.00   clock clk (rise edge)
                          0.00    0.00   clock network delay (ideal)
                          0.25    0.25   clock uncertainty
                          0.00    0.25   clock reconvergence pessimism
                                  0.25 ^ _185_/CLK (sky130_fd_sc_hd__dfxtp_2)
                         -0.02    0.23   library hold time
                                  0.23   data required time
-----------------------------------------------------------------------------
                                  0.23   data required time
                                 -0.55   data arrival time
-----------------------------------------------------------------------------
                                  0.31   slack (MET)


Startpoint: _188_ (rising edge-triggered flip-flop clocked by clk)
Endpoint: _181_ (rising edge-triggered flip-flop clocked by clk)
Path Group: clk
Path Type: min

Fanout     Cap    Slew   Delay    Time   Description
-----------------------------------------------------------------------------
                  0.15    0.00    0.00   clock clk (rise edge)
                          0.00    0.00   clock network delay (ideal)
                  0.15    0.00    0.00 ^ _188_/CLK (sky130_fd_sc_hd__dfxtp_1)
                  0.05    0.34    0.34 v _188_/Q (sky130_fd_sc_hd__dfxtp_1)
     3    0.01                           set[0] (net)
                  0.05    0.00    0.34 v _126_/B1_N (sky130_fd_sc_hd__a21boi_1)
                  0.04    0.12    0.46 v _126_/Y (sky130_fd_sc_hd__a21boi_1)
     1    0.00                           _069_ (net)
                  0.04    0.00    0.46 v _127_/B1 (sky130_fd_sc_hd__o21a_1)
                  0.03    0.09    0.55 v _127_/X (sky130_fd_sc_hd__o21a_1)
     1    0.00                           _005_ (net)
                  0.03    0.00    0.55 v _181_/D (sky130_fd_sc_hd__dfxtp_2)
                                  0.55   data arrival time

                  0.15    0.00    0.00   clock clk (rise edge)
                          0.00    0.00   clock network delay (ideal)
                          0.25    0.25   clock uncertainty
                          0.00    0.25   clock reconvergence pessimism
                                  0.25 ^ _181_/CLK (sky130_fd_sc_hd__dfxtp_2)
                         -0.02    0.23   library hold time
                                  0.23   data required time
-----------------------------------------------------------------------------
                                  0.23   data required time
                                 -0.55   data arrival time
-----------------------------------------------------------------------------
                                  0.32   slack (MET)


Startpoint: _188_ (rising edge-triggered flip-flop clocked by clk)
Endpoint: _187_ (rising edge-triggered flip-flop clocked by clk)
Path Group: clk
Path Type: min

Fanout     Cap    Slew   Delay    Time   Description
-----------------------------------------------------------------------------
                  0.15    0.00    0.00   clock clk (rise edge)
                          0.00    0.00   clock network delay (ideal)
                  0.15    0.00    0.00 ^ _188_/CLK (sky130_fd_sc_hd__dfxtp_1)
                  0.05    0.34    0.34 v _188_/Q (sky130_fd_sc_hd__dfxtp_1)
     3    0.01                           set[0] (net)
                  0.05    0.00    0.34 v _088_/A (sky130_fd_sc_hd__clkbuf_2)
                  0.09    0.15    0.49 v _088_/X (sky130_fd_sc_hd__clkbuf_2)
    10    0.02                           _036_ (net)
                  0.09    0.00    0.49 v _174_/C1 (sky130_fd_sc_hd__o311a_1)
                  0.03    0.12    0.60 v _174_/X (sky130_fd_sc_hd__o311a_1)
     1    0.00                           _011_ (net)
                  0.03    0.00    0.60 v _187_/D (sky130_fd_sc_hd__dfxtp_2)
                                  0.60   data arrival time

                  0.15    0.00    0.00   clock clk (rise edge)
                          0.00    0.00   clock network delay (ideal)
                          0.25    0.25   clock uncertainty
                          0.00    0.25   clock reconvergence pessimism
                                  0.25 ^ _187_/CLK (sky130_fd_sc_hd__dfxtp_2)
                         -0.02    0.23   library hold time
                                  0.23   data required time
-----------------------------------------------------------------------------
                                  0.23   data required time
                                 -0.60   data arrival time
-----------------------------------------------------------------------------
                                  0.37   slack (MET)


Startpoint: _188_ (rising edge-triggered flip-flop clocked by clk)
Endpoint: _182_ (rising edge-triggered flip-flop clocked by clk)
Path Group: clk
Path Type: min

Fanout     Cap    Slew   Delay    Time   Description
-----------------------------------------------------------------------------
                  0.15    0.00    0.00   clock clk (rise edge)
                          0.00    0.00   clock network delay (ideal)
                  0.15    0.00    0.00 ^ _188_/CLK (sky130_fd_sc_hd__dfxtp_1)
                  0.05    0.34    0.34 v _188_/Q (sky130_fd_sc_hd__dfxtp_1)
     3    0.01                           set[0] (net)
                  0.05    0.00    0.34 v _088_/A (sky130_fd_sc_hd__clkbuf_2)
                  0.09    0.15    0.49 v _088_/X (sky130_fd_sc_hd__clkbuf_2)
    10    0.02                           _036_ (net)
                  0.09    0.00    0.49 v _132_/B1 (sky130_fd_sc_hd__o21ai_1)
                  0.09    0.09    0.58 ^ _132_/Y (sky130_fd_sc_hd__o21ai_1)
     1    0.00                           _074_ (net)
                  0.09    0.00    0.58 ^ _133_/B (sky130_fd_sc_hd__nor2_1)
                  0.03    0.05    0.63 v _133_/Y (sky130_fd_sc_hd__nor2_1)
     1    0.00                           _006_ (net)
                  0.03    0.00    0.63 v _182_/D (sky130_fd_sc_hd__dfxtp_2)
                                  0.63   data arrival time

                  0.15    0.00    0.00   clock clk (rise edge)
                          0.00    0.00   clock network delay (ideal)
                          0.25    0.25   clock uncertainty
                          0.00    0.25   clock reconvergence pessimism
                                  0.25 ^ _182_/CLK (sky130_fd_sc_hd__dfxtp_2)
                         -0.02    0.23   library hold time
                                  0.23   data required time
-----------------------------------------------------------------------------
                                  0.23   data required time
                                 -0.63   data arrival time
-----------------------------------------------------------------------------
                                  0.40   slack (MET)


Startpoint: _188_ (rising edge-triggered flip-flop clocked by clk)
Endpoint: _186_ (rising edge-triggered flip-flop clocked by clk)
Path Group: clk
Path Type: min

Fanout     Cap    Slew   Delay    Time   Description
-----------------------------------------------------------------------------
                  0.15    0.00    0.00   clock clk (rise edge)
                          0.00    0.00   clock network delay (ideal)
                  0.15    0.00    0.00 ^ _188_/CLK (sky130_fd_sc_hd__dfxtp_1)
                  0.05    0.34    0.34 v _188_/Q (sky130_fd_sc_hd__dfxtp_1)
     3    0.01                           set[0] (net)
                  0.05    0.00    0.34 v _088_/A (sky130_fd_sc_hd__clkbuf_2)
                  0.09    0.15    0.49 v _088_/X (sky130_fd_sc_hd__clkbuf_2)
    10    0.02                           _036_ (net)
                  0.09    0.00    0.49 v _166_/B1 (sky130_fd_sc_hd__o21ai_1)
                  0.08    0.08    0.57 ^ _166_/Y (sky130_fd_sc_hd__o21ai_1)
     1    0.00                           _029_ (net)
                  0.08    0.00    0.57 ^ _167_/B1 (sky130_fd_sc_hd__a21oi_1)
                  0.04    0.05    0.62 v _167_/Y (sky130_fd_sc_hd__a21oi_1)
     1    0.00                           _010_ (net)
                  0.04    0.00    0.62 v _186_/D (sky130_fd_sc_hd__dfxtp_1)
                                  0.62   data arrival time

                  0.15    0.00    0.00   clock clk (rise edge)
                          0.00    0.00   clock network delay (ideal)
                          0.25    0.25   clock uncertainty
                          0.00    0.25   clock reconvergence pessimism
                                  0.25 ^ _186_/CLK (sky130_fd_sc_hd__dfxtp_1)
                         -0.03    0.22   library hold time
                                  0.22   data required time
-----------------------------------------------------------------------------
                                  0.22   data required time
                                 -0.62   data arrival time
-----------------------------------------------------------------------------
                                  0.40   slack (MET)


Startpoint: _176_ (rising edge-triggered flip-flop clocked by clk)
Endpoint: _176_ (rising edge-triggered flip-flop clocked by clk)
Path Group: clk
Path Type: min

Fanout     Cap    Slew   Delay    Time   Description
-----------------------------------------------------------------------------
                  0.15    0.00    0.00   clock clk (rise edge)
                          0.00    0.00   clock network delay (ideal)
                  0.15    0.00    0.00 ^ _176_/CLK (sky130_fd_sc_hd__dfxtp_2)
                  0.06    0.36    0.36 v _176_/Q (sky130_fd_sc_hd__dfxtp_2)
     4    0.02                           net14 (net)
                  0.06    0.00    0.36 v _090_/A (sky130_fd_sc_hd__nand2_1)
                  0.07    0.08    0.44 ^ _090_/Y (sky130_fd_sc_hd__nand2_1)
     3    0.01                           _038_ (net)
                  0.07    0.00    0.44 ^ _091_/C (sky130_fd_sc_hd__and3_1)
                  0.06    0.15    0.59 ^ _091_/X (sky130_fd_sc_hd__and3_1)
     1    0.00                           _039_ (net)
                  0.06    0.00    0.59 ^ _092_/A (sky130_fd_sc_hd__clkbuf_1)
                  0.04    0.08    0.67 ^ _092_/X (sky130_fd_sc_hd__clkbuf_1)
     1    0.00                           _000_ (net)
                  0.04    0.00    0.67 ^ _176_/D (sky130_fd_sc_hd__dfxtp_2)
                                  0.67   data arrival time

                  0.15    0.00    0.00   clock clk (rise edge)
                          0.00    0.00   clock network delay (ideal)
                          0.25    0.25   clock uncertainty
                          0.00    0.25   clock reconvergence pessimism
                                  0.25 ^ _176_/CLK (sky130_fd_sc_hd__dfxtp_2)
                         -0.02    0.23   library hold time
                                  0.23   data required time
-----------------------------------------------------------------------------
                                  0.23   data required time
                                 -0.67   data arrival time
-----------------------------------------------------------------------------
                                  0.44   slack (MET)


Startpoint: _188_ (rising edge-triggered flip-flop clocked by clk)
Endpoint: _184_ (rising edge-triggered flip-flop clocked by clk)
Path Group: clk
Path Type: min

Fanout     Cap    Slew   Delay    Time   Description
-----------------------------------------------------------------------------
                  0.15    0.00    0.00   clock clk (rise edge)
                          0.00    0.00   clock network delay (ideal)
                  0.15    0.00    0.00 ^ _188_/CLK (sky130_fd_sc_hd__dfxtp_1)
                  0.05    0.34    0.34 v _188_/Q (sky130_fd_sc_hd__dfxtp_1)
     3    0.01                           set[0] (net)
                  0.05    0.00    0.34 v _088_/A (sky130_fd_sc_hd__clkbuf_2)
                  0.09    0.15    0.49 v _088_/X (sky130_fd_sc_hd__clkbuf_2)
    10    0.02                           _036_ (net)
                  0.09    0.00    0.49 v _151_/A (sky130_fd_sc_hd__and3_1)
                  0.03    0.15    0.64 v _151_/X (sky130_fd_sc_hd__and3_1)
     1    0.00                           _016_ (net)
                  0.03    0.00    0.64 v _152_/A (sky130_fd_sc_hd__clkbuf_1)
                  0.03    0.08    0.71 v _152_/X (sky130_fd_sc_hd__clkbuf_1)
     1    0.00                           _008_ (net)
                  0.03    0.00    0.71 v _184_/D (sky130_fd_sc_hd__dfxtp_2)
                                  0.71   data arrival time

                  0.15    0.00    0.00   clock clk (rise edge)
                          0.00    0.00   clock network delay (ideal)
                          0.25    0.25   clock uncertainty
                          0.00    0.25   clock reconvergence pessimism
                                  0.25 ^ _184_/CLK (sky130_fd_sc_hd__dfxtp_2)
                         -0.02    0.23   library hold time
                                  0.23   data required time
-----------------------------------------------------------------------------
                                  0.23   data required time
                                 -0.71   data arrival time
-----------------------------------------------------------------------------
                                  0.48   slack (MET)


Startpoint: _188_ (rising edge-triggered flip-flop clocked by clk)
Endpoint: _180_ (rising edge-triggered flip-flop clocked by clk)
Path Group: clk
Path Type: min

Fanout     Cap    Slew   Delay    Time   Description
-----------------------------------------------------------------------------
                  0.15    0.00    0.00   clock clk (rise edge)
                          0.00    0.00   clock network delay (ideal)
                  0.15    0.00    0.00 ^ _188_/CLK (sky130_fd_sc_hd__dfxtp_1)
                  0.05    0.34    0.34 v _188_/Q (sky130_fd_sc_hd__dfxtp_1)
     3    0.01                           set[0] (net)
                  0.05    0.00    0.34 v _088_/A (sky130_fd_sc_hd__clkbuf_2)
                  0.09    0.15    0.49 v _088_/X (sky130_fd_sc_hd__clkbuf_2)
    10    0.02                           _036_ (net)
                  0.09    0.00    0.49 v _119_/A (sky130_fd_sc_hd__and2_1)
                  0.03    0.14    0.63 v _119_/X (sky130_fd_sc_hd__and2_1)
     1    0.00                           _063_ (net)
                  0.03    0.00    0.63 v _120_/A (sky130_fd_sc_hd__clkbuf_1)
                  0.03    0.08    0.71 v _120_/X (sky130_fd_sc_hd__clkbuf_1)
     1    0.00                           _004_ (net)
                  0.03    0.00    0.71 v _180_/D (sky130_fd_sc_hd__dfxtp_2)
                                  0.71   data arrival time

                  0.15    0.00    0.00   clock clk (rise edge)
                          0.00    0.00   clock network delay (ideal)
                          0.25    0.25   clock uncertainty
                          0.00    0.25   clock reconvergence pessimism
                                  0.25 ^ _180_/CLK (sky130_fd_sc_hd__dfxtp_2)
                         -0.02    0.23   library hold time
                                  0.23   data required time
-----------------------------------------------------------------------------
                                  0.23   data required time
                                 -0.71   data arrival time
-----------------------------------------------------------------------------
                                  0.48   slack (MET)


Startpoint: _188_ (rising edge-triggered flip-flop clocked by clk)
Endpoint: _177_ (rising edge-triggered flip-flop clocked by clk)
Path Group: clk
Path Type: min

Fanout     Cap    Slew   Delay    Time   Description
-----------------------------------------------------------------------------
                  0.15    0.00    0.00   clock clk (rise edge)
                          0.00    0.00   clock network delay (ideal)
                  0.15    0.00    0.00 ^ _188_/CLK (sky130_fd_sc_hd__dfxtp_1)
                  0.05    0.34    0.34 v _188_/Q (sky130_fd_sc_hd__dfxtp_1)
     3    0.01                           set[0] (net)
                  0.05    0.00    0.34 v _088_/A (sky130_fd_sc_hd__clkbuf_2)
                  0.09    0.15    0.49 v _088_/X (sky130_fd_sc_hd__clkbuf_2)
    10    0.02                           _036_ (net)
                  0.09    0.00    0.49 v _097_/A (sky130_fd_sc_hd__and3_1)
                  0.03    0.15    0.64 v _097_/X (sky130_fd_sc_hd__and3_1)
     1    0.00                           _044_ (net)
                  0.03    0.00    0.64 v _098_/A (sky130_fd_sc_hd__clkbuf_1)
                  0.02    0.08    0.72 v _098_/X (sky130_fd_sc_hd__clkbuf_1)
     1    0.00                           _001_ (net)
                  0.02    0.00    0.72 v _177_/D (sky130_fd_sc_hd__dfxtp_1)
                                  0.72   data arrival time

                  0.15    0.00    0.00   clock clk (rise edge)
                          0.00    0.00   clock network delay (ideal)
                          0.25    0.25   clock uncertainty
                          0.00    0.25   clock reconvergence pessimism
                                  0.25 ^ _177_/CLK (sky130_fd_sc_hd__dfxtp_1)
                         -0.02    0.23   library hold time
                                  0.23   data required time
-----------------------------------------------------------------------------
                                  0.23   data required time
                                 -0.72   data arrival time
-----------------------------------------------------------------------------
                                  0.49   slack (MET)


Startpoint: _188_ (rising edge-triggered flip-flop clocked by clk)
Endpoint: _179_ (rising edge-triggered flip-flop clocked by clk)
Path Group: clk
Path Type: min

Fanout     Cap    Slew   Delay    Time   Description
-----------------------------------------------------------------------------
                  0.15    0.00    0.00   clock clk (rise edge)
                          0.00    0.00   clock network delay (ideal)
                  0.15    0.00    0.00 ^ _188_/CLK (sky130_fd_sc_hd__dfxtp_1)
                  0.05    0.34    0.34 v _188_/Q (sky130_fd_sc_hd__dfxtp_1)
     3    0.01                           set[0] (net)
                  0.05    0.00    0.34 v _088_/A (sky130_fd_sc_hd__clkbuf_2)
                  0.09    0.15    0.49 v _088_/X (sky130_fd_sc_hd__clkbuf_2)
    10    0.02                           _036_ (net)
                  0.09    0.00    0.49 v _112_/A (sky130_fd_sc_hd__and3_1)
                  0.04    0.15    0.64 v _112_/X (sky130_fd_sc_hd__and3_1)
     1    0.00                           _057_ (net)
                  0.04    0.00    0.64 v _113_/A (sky130_fd_sc_hd__clkbuf_1)
                  0.03    0.08    0.72 v _113_/X (sky130_fd_sc_hd__clkbuf_1)
     1    0.00                           _003_ (net)
                  0.03    0.00    0.72 v _179_/D (sky130_fd_sc_hd__dfxtp_2)
                                  0.72   data arrival time

                  0.15    0.00    0.00   clock clk (rise edge)
                          0.00    0.00   clock network delay (ideal)
                          0.25    0.25   clock uncertainty
                          0.00    0.25   clock reconvergence pessimism
                                  0.25 ^ _179_/CLK (sky130_fd_sc_hd__dfxtp_2)
                         -0.02    0.23   library hold time
                                  0.23   data required time
-----------------------------------------------------------------------------
                                  0.23   data required time
                                 -0.72   data arrival time
-----------------------------------------------------------------------------
                                  0.49   slack (MET)


Startpoint: _188_ (rising edge-triggered flip-flop clocked by clk)
Endpoint: _178_ (rising edge-triggered flip-flop clocked by clk)
Path Group: clk
Path Type: min

Fanout     Cap    Slew   Delay    Time   Description
-----------------------------------------------------------------------------
                  0.15    0.00    0.00   clock clk (rise edge)
                          0.00    0.00   clock network delay (ideal)
                  0.15    0.00    0.00 ^ _188_/CLK (sky130_fd_sc_hd__dfxtp_1)
                  0.05    0.34    0.34 v _188_/Q (sky130_fd_sc_hd__dfxtp_1)
     3    0.01                           set[0] (net)
                  0.05    0.00    0.34 v _088_/A (sky130_fd_sc_hd__clkbuf_2)
                  0.09    0.15    0.49 v _088_/X (sky130_fd_sc_hd__clkbuf_2)
    10    0.02                           _036_ (net)
                  0.09    0.00    0.49 v _106_/A (sky130_fd_sc_hd__and3_1)
                  0.04    0.15    0.64 v _106_/X (sky130_fd_sc_hd__and3_1)
     1    0.00                           _052_ (net)
                  0.04    0.00    0.64 v _107_/A (sky130_fd_sc_hd__clkbuf_1)
                  0.03    0.08    0.73 v _107_/X (sky130_fd_sc_hd__clkbuf_1)
     1    0.00                           _002_ (net)
                  0.03    0.00    0.73 v _178_/D (sky130_fd_sc_hd__dfxtp_1)
                                  0.73   data arrival time

                  0.15    0.00    0.00   clock clk (rise edge)
                          0.00    0.00   clock network delay (ideal)
                          0.25    0.25   clock uncertainty
                          0.00    0.25   clock reconvergence pessimism
                                  0.25 ^ _178_/CLK (sky130_fd_sc_hd__dfxtp_1)
                         -0.02    0.23   library hold time
                                  0.23   data required time
-----------------------------------------------------------------------------
                                  0.23   data required time
                                 -0.73   data arrival time
-----------------------------------------------------------------------------
                                  0.50   slack (MET)


Startpoint: _188_ (rising edge-triggered flip-flop clocked by clk)
Endpoint: _183_ (rising edge-triggered flip-flop clocked by clk)
Path Group: clk
Path Type: min

Fanout     Cap    Slew   Delay    Time   Description
-----------------------------------------------------------------------------
                  0.15    0.00    0.00   clock clk (rise edge)
                          0.00    0.00   clock network delay (ideal)
                  0.15    0.00    0.00 ^ _188_/CLK (sky130_fd_sc_hd__dfxtp_1)
                  0.05    0.34    0.34 v _188_/Q (sky130_fd_sc_hd__dfxtp_1)
     3    0.01                           set[0] (net)
                  0.05    0.00    0.34 v _088_/A (sky130_fd_sc_hd__clkbuf_2)
                  0.09    0.15    0.49 v _088_/X (sky130_fd_sc_hd__clkbuf_2)
    10    0.02                           _036_ (net)
                  0.09    0.00    0.49 v _139_/A (sky130_fd_sc_hd__and3_1)
                  0.04    0.16    0.64 v _139_/X (sky130_fd_sc_hd__and3_1)
     1    0.00                           _080_ (net)
                  0.04    0.00    0.64 v _140_/A (sky130_fd_sc_hd__clkbuf_1)
                  0.03    0.08    0.73 v _140_/X (sky130_fd_sc_hd__clkbuf_1)
     1    0.00                           _007_ (net)
                  0.03    0.00    0.73 v _183_/D (sky130_fd_sc_hd__dfxtp_1)
                                  0.73   data arrival time

                  0.15    0.00    0.00   clock clk (rise edge)
                          0.00    0.00   clock network delay (ideal)
                          0.25    0.25   clock uncertainty
                          0.00    0.25   clock reconvergence pessimism
                                  0.25 ^ _183_/CLK (sky130_fd_sc_hd__dfxtp_1)
                         -0.02    0.23   library hold time
                                  0.23   data required time
-----------------------------------------------------------------------------
                                  0.23   data required time
                                 -0.73   data arrival time
-----------------------------------------------------------------------------
                                  0.50   slack (MET)


Startpoint: reset (input port clocked by clk)
Endpoint: _188_ (rising edge-triggered flip-flop clocked by clk)
Path Group: clk
Path Type: min

Fanout     Cap    Slew   Delay    Time   Description
-----------------------------------------------------------------------------
                  0.15    0.00    0.00   clock clk (rise edge)
                          0.00    0.00   clock network delay (ideal)
                          6.00    6.00 v input external delay
                  0.01    0.00    6.00 v reset (in)
     1    0.00                           reset (net)
                  0.01    0.00    6.00 v input13/A (sky130_fd_sc_hd__buf_1)
                  0.06    0.09    6.10 v input13/X (sky130_fd_sc_hd__buf_1)
     1    0.01                           net13 (net)
                  0.06    0.00    6.10 v _175_/A (sky130_fd_sc_hd__inv_2)
                  0.03    0.04    6.14 ^ _175_/Y (sky130_fd_sc_hd__inv_2)
     1    0.00                           _012_ (net)
                  0.03    0.00    6.14 ^ _188_/D (sky130_fd_sc_hd__dfxtp_1)
                                  6.14   data arrival time

                  0.15    0.00    0.00   clock clk (rise edge)
                          0.00    0.00   clock network delay (ideal)
                          0.25    0.25   clock uncertainty
                          0.00    0.25   clock reconvergence pessimism
                                  0.25 ^ _188_/CLK (sky130_fd_sc_hd__dfxtp_1)
                         -0.01    0.24   library hold time
                                  0.24   data required time
-----------------------------------------------------------------------------
                                  0.24   data required time
                                 -6.14   data arrival time
-----------------------------------------------------------------------------
                                  5.91   slack (MET)


Startpoint: _183_ (rising edge-triggered flip-flop clocked by clk)
Endpoint: count[7] (output port clocked by clk)
Path Group: clk
Path Type: min

Fanout     Cap    Slew   Delay    Time   Description
-----------------------------------------------------------------------------
                  0.15    0.00    0.00   clock clk (rise edge)
                          0.00    0.00   clock network delay (ideal)
                  0.15    0.00    0.00 ^ _183_/CLK (sky130_fd_sc_hd__dfxtp_1)
                  0.06    0.34    0.34 v _183_/Q (sky130_fd_sc_hd__dfxtp_1)
     3    0.01                           net23 (net)
                  0.06    0.00    0.34 v output23/A (sky130_fd_sc_hd__clkbuf_4)
                  0.08    0.18    0.52 v output23/X (sky130_fd_sc_hd__clkbuf_4)
     1    0.03                           count[7] (net)
                  0.08    0.00    0.52 v count[7] (out)
                                  0.52   data arrival time

                  0.15    0.00    0.00   clock clk (rise edge)
                          0.00    0.00   clock network delay (ideal)
                          0.25    0.25   clock uncertainty
                          0.00    0.25   clock reconvergence pessimism
                         -6.00   -5.75   output external delay
                                 -5.75   data required time
-----------------------------------------------------------------------------
                                 -5.75   data required time
                                 -0.52   data arrival time
-----------------------------------------------------------------------------
                                  6.27   slack (MET)


Startpoint: _177_ (rising edge-triggered flip-flop clocked by clk)
Endpoint: count[1] (output port clocked by clk)
Path Group: clk
Path Type: min

Fanout     Cap    Slew   Delay    Time   Description
-----------------------------------------------------------------------------
                  0.15    0.00    0.00   clock clk (rise edge)
                          0.00    0.00   clock network delay (ideal)
                  0.15    0.00    0.00 ^ _177_/CLK (sky130_fd_sc_hd__dfxtp_1)
                  0.07    0.35    0.35 v _177_/Q (sky130_fd_sc_hd__dfxtp_1)
     4    0.01                           net17 (net)
                  0.07    0.00    0.35 v output17/A (sky130_fd_sc_hd__buf_2)
                  0.09    0.18    0.53 v output17/X (sky130_fd_sc_hd__buf_2)
     1    0.03                           count[1] (net)
                  0.09    0.00    0.53 v count[1] (out)
                                  0.53   data arrival time

                  0.15    0.00    0.00   clock clk (rise edge)
                          0.00    0.00   clock network delay (ideal)
                          0.25    0.25   clock uncertainty
                          0.00    0.25   clock reconvergence pessimism
                         -6.00   -5.75   output external delay
                                 -5.75   data required time
-----------------------------------------------------------------------------
                                 -5.75   data required time
                                 -0.53   data arrival time
-----------------------------------------------------------------------------
                                  6.28   slack (MET)


Startpoint: _179_ (rising edge-triggered flip-flop clocked by clk)
Endpoint: count[3] (output port clocked by clk)
Path Group: clk
Path Type: min

Fanout     Cap    Slew   Delay    Time   Description
-----------------------------------------------------------------------------
                  0.15    0.00    0.00   clock clk (rise edge)
                          0.00    0.00   clock network delay (ideal)
                  0.15    0.00    0.00 ^ _179_/CLK (sky130_fd_sc_hd__dfxtp_2)
                  0.06    0.36    0.36 v _179_/Q (sky130_fd_sc_hd__dfxtp_2)
     4    0.02                           net19 (net)
                  0.06    0.00    0.37 v output19/A (sky130_fd_sc_hd__buf_2)
                  0.09    0.18    0.54 v output19/X (sky130_fd_sc_hd__buf_2)
     1    0.03                           count[3] (net)
                  0.09    0.00    0.54 v count[3] (out)
                                  0.54   data arrival time

                  0.15    0.00    0.00   clock clk (rise edge)
                          0.00    0.00   clock network delay (ideal)
                          0.25    0.25   clock uncertainty
                          0.00    0.25   clock reconvergence pessimism
                         -6.00   -5.75   output external delay
                                 -5.75   data required time
-----------------------------------------------------------------------------
                                 -5.75   data required time
                                 -0.54   data arrival time
-----------------------------------------------------------------------------
                                  6.29   slack (MET)


Startpoint: _176_ (rising edge-triggered flip-flop clocked by clk)
Endpoint: count[0] (output port clocked by clk)
Path Group: clk
Path Type: min

Fanout     Cap    Slew   Delay    Time   Description
-----------------------------------------------------------------------------
                  0.15    0.00    0.00   clock clk (rise edge)
                          0.00    0.00   clock network delay (ideal)
                  0.15    0.00    0.00 ^ _176_/CLK (sky130_fd_sc_hd__dfxtp_2)
                  0.06    0.36    0.36 v _176_/Q (sky130_fd_sc_hd__dfxtp_2)
     4    0.02                           net14 (net)
                  0.06    0.00    0.36 v output14/A (sky130_fd_sc_hd__clkbuf_4)
                  0.08    0.18    0.55 v output14/X (sky130_fd_sc_hd__clkbuf_4)
     1    0.03                           count[0] (net)
                  0.08    0.00    0.55 v count[0] (out)
                                  0.55   data arrival time

                  0.15    0.00    0.00   clock clk (rise edge)
                          0.00    0.00   clock network delay (ideal)
                          0.25    0.25   clock uncertainty
                          0.00    0.25   clock reconvergence pessimism
                         -6.00   -5.75   output external delay
                                 -5.75   data required time
-----------------------------------------------------------------------------
                                 -5.75   data required time
                                 -0.55   data arrival time
-----------------------------------------------------------------------------
                                  6.30   slack (MET)


Startpoint: _180_ (rising edge-triggered flip-flop clocked by clk)
Endpoint: count[4] (output port clocked by clk)
Path Group: clk
Path Type: min

Fanout     Cap    Slew   Delay    Time   Description
-----------------------------------------------------------------------------
                  0.15    0.00    0.00   clock clk (rise edge)
                          0.00    0.00   clock network delay (ideal)
                  0.15    0.00    0.00 ^ _180_/CLK (sky130_fd_sc_hd__dfxtp_2)
                  0.07    0.37    0.37 v _180_/Q (sky130_fd_sc_hd__dfxtp_2)
     4    0.03                           net20 (net)
                  0.07    0.00    0.37 v output20/A (sky130_fd_sc_hd__buf_2)
                  0.09    0.18    0.55 v output20/X (sky130_fd_sc_hd__buf_2)
     1    0.03                           count[4] (net)
                  0.09    0.00    0.55 v count[4] (out)
                                  0.55   data arrival time

                  0.15    0.00    0.00   clock clk (rise edge)
                          0.00    0.00   clock network delay (ideal)
                          0.25    0.25   clock uncertainty
                          0.00    0.25   clock reconvergence pessimism
                         -6.00   -5.75   output external delay
                                 -5.75   data required time
-----------------------------------------------------------------------------
                                 -5.75   data required time
                                 -0.55   data arrival time
-----------------------------------------------------------------------------
                                  6.30   slack (MET)


Startpoint: _182_ (rising edge-triggered flip-flop clocked by clk)
Endpoint: count[6] (output port clocked by clk)
Path Group: clk
Path Type: min

Fanout     Cap    Slew   Delay    Time   Description
-----------------------------------------------------------------------------
                  0.15    0.00    0.00   clock clk (rise edge)
                          0.00    0.00   clock network delay (ideal)
                  0.15    0.00    0.00 ^ _182_/CLK (sky130_fd_sc_hd__dfxtp_2)
                  0.07    0.37    0.37 v _182_/Q (sky130_fd_sc_hd__dfxtp_2)
     3    0.03                           net22 (net)
                  0.07    0.00    0.37 v output22/A (sky130_fd_sc_hd__clkbuf_4)
                  0.08    0.19    0.56 v output22/X (sky130_fd_sc_hd__clkbuf_4)
     1    0.03                           count[6] (net)
                  0.08    0.00    0.56 v count[6] (out)
                                  0.56   data arrival time

                  0.15    0.00    0.00   clock clk (rise edge)
                          0.00    0.00   clock network delay (ideal)
                          0.25    0.25   clock uncertainty
                          0.00    0.25   clock reconvergence pessimism
                         -6.00   -5.75   output external delay
                                 -5.75   data required time
-----------------------------------------------------------------------------
                                 -5.75   data required time
                                 -0.56   data arrival time
-----------------------------------------------------------------------------
                                  6.31   slack (MET)


Startpoint: _187_ (rising edge-triggered flip-flop clocked by clk)
Endpoint: count[11] (output port clocked by clk)
Path Group: clk
Path Type: min

Fanout     Cap    Slew   Delay    Time   Description
-----------------------------------------------------------------------------
                  0.15    0.00    0.00   clock clk (rise edge)
                          0.00    0.00   clock network delay (ideal)
                  0.15    0.00    0.00 ^ _187_/CLK (sky130_fd_sc_hd__dfxtp_2)
                  0.07    0.37    0.37 v _187_/Q (sky130_fd_sc_hd__dfxtp_2)
     3    0.03                           net16 (net)
                  0.07    0.00    0.37 v output16/A (sky130_fd_sc_hd__clkbuf_4)
                  0.08    0.19    0.56 v output16/X (sky130_fd_sc_hd__clkbuf_4)
     1    0.03                           count[11] (net)
                  0.08    0.00    0.56 v count[11] (out)
                                  0.56   data arrival time

                  0.15    0.00    0.00   clock clk (rise edge)
                          0.00    0.00   clock network delay (ideal)
                          0.25    0.25   clock uncertainty
                          0.00    0.25   clock reconvergence pessimism
                         -6.00   -5.75   output external delay
                                 -5.75   data required time
-----------------------------------------------------------------------------
                                 -5.75   data required time
                                 -0.56   data arrival time
-----------------------------------------------------------------------------
                                  6.31   slack (MET)


Startpoint: _178_ (rising edge-triggered flip-flop clocked by clk)
Endpoint: count[2] (output port clocked by clk)
Path Group: clk
Path Type: min

Fanout     Cap    Slew   Delay    Time   Description
-----------------------------------------------------------------------------
                  0.15    0.00    0.00   clock clk (rise edge)
                          0.00    0.00   clock network delay (ideal)
                  0.15    0.00    0.00 ^ _178_/CLK (sky130_fd_sc_hd__dfxtp_1)
                  0.09    0.37    0.37 v _178_/Q (sky130_fd_sc_hd__dfxtp_1)
     4    0.02                           net18 (net)
                  0.09    0.00    0.37 v output18/A (sky130_fd_sc_hd__clkbuf_4)
                  0.08    0.19    0.56 v output18/X (sky130_fd_sc_hd__clkbuf_4)
     1    0.03                           count[2] (net)
                  0.08    0.00    0.56 v count[2] (out)
                                  0.56   data arrival time

                  0.15    0.00    0.00   clock clk (rise edge)
                          0.00    0.00   clock network delay (ideal)
                          0.25    0.25   clock uncertainty
                          0.00    0.25   clock reconvergence pessimism
                         -6.00   -5.75   output external delay
                                 -5.75   data required time
-----------------------------------------------------------------------------
                                 -5.75   data required time
                                 -0.56   data arrival time
-----------------------------------------------------------------------------
                                  6.31   slack (MET)


Startpoint: _184_ (rising edge-triggered flip-flop clocked by clk)
Endpoint: count[8] (output port clocked by clk)
Path Group: clk
Path Type: min

Fanout     Cap    Slew   Delay    Time   Description
-----------------------------------------------------------------------------
                  0.15    0.00    0.00   clock clk (rise edge)
                          0.00    0.00   clock network delay (ideal)
                  0.15    0.00    0.00 ^ _184_/CLK (sky130_fd_sc_hd__dfxtp_2)
                  0.08    0.37    0.37 v _184_/Q (sky130_fd_sc_hd__dfxtp_2)
     4    0.03                           net24 (net)
                  0.08    0.00    0.38 v output24/A (sky130_fd_sc_hd__buf_2)
                  0.09    0.18    0.56 v output24/X (sky130_fd_sc_hd__buf_2)
     1    0.03                           count[8] (net)
                  0.09    0.00    0.56 v count[8] (out)
                                  0.56   data arrival time

                  0.15    0.00    0.00   clock clk (rise edge)
                          0.00    0.00   clock network delay (ideal)
                          0.25    0.25   clock uncertainty
                          0.00    0.25   clock reconvergence pessimism
                         -6.00   -5.75   output external delay
                                 -5.75   data required time
-----------------------------------------------------------------------------
                                 -5.75   data required time
                                 -0.56   data arrival time
-----------------------------------------------------------------------------
                                  6.31   slack (MET)


Startpoint: _181_ (rising edge-triggered flip-flop clocked by clk)
Endpoint: count[5] (output port clocked by clk)
Path Group: clk
Path Type: min

Fanout     Cap    Slew   Delay    Time   Description
-----------------------------------------------------------------------------
                  0.15    0.00    0.00   clock clk (rise edge)
                          0.00    0.00   clock network delay (ideal)
                  0.15    0.00    0.00 ^ _181_/CLK (sky130_fd_sc_hd__dfxtp_2)
                  0.08    0.38    0.38 v _181_/Q (sky130_fd_sc_hd__dfxtp_2)
     4    0.03                           net21 (net)
                  0.08    0.00    0.38 v output21/A (sky130_fd_sc_hd__buf_2)
                  0.09    0.19    0.57 v output21/X (sky130_fd_sc_hd__buf_2)
     1    0.03                           count[5] (net)
                  0.09    0.00    0.57 v count[5] (out)
                                  0.57   data arrival time

                  0.15    0.00    0.00   clock clk (rise edge)
                          0.00    0.00   clock network delay (ideal)
                          0.25    0.25   clock uncertainty
                          0.00    0.25   clock reconvergence pessimism
                         -6.00   -5.75   output external delay
                                 -5.75   data required time
-----------------------------------------------------------------------------
                                 -5.75   data required time
                                 -0.57   data arrival time
-----------------------------------------------------------------------------
                                  6.32   slack (MET)


Startpoint: _185_ (rising edge-triggered flip-flop clocked by clk)
Endpoint: count[9] (output port clocked by clk)
Path Group: clk
Path Type: min

Fanout     Cap    Slew   Delay    Time   Description
-----------------------------------------------------------------------------
                  0.15    0.00    0.00   clock clk (rise edge)
                          0.00    0.00   clock network delay (ideal)
                  0.15    0.00    0.00 ^ _185_/CLK (sky130_fd_sc_hd__dfxtp_2)
                  0.08    0.38    0.38 v _185_/Q (sky130_fd_sc_hd__dfxtp_2)
     3    0.03                           net25 (net)
                  0.08    0.00    0.38 v output25/A (sky130_fd_sc_hd__clkbuf_4)
                  0.08    0.19    0.57 v output25/X (sky130_fd_sc_hd__clkbuf_4)
     1    0.03                           count[9] (net)
                  0.08    0.00    0.57 v count[9] (out)
                                  0.57   data arrival time

                  0.15    0.00    0.00   clock clk (rise edge)
                          0.00    0.00   clock network delay (ideal)
                          0.25    0.25   clock uncertainty
                          0.00    0.25   clock reconvergence pessimism
                         -6.00   -5.75   output external delay
                                 -5.75   data required time
-----------------------------------------------------------------------------
                                 -5.75   data required time
                                 -0.57   data arrival time
-----------------------------------------------------------------------------
                                  6.32   slack (MET)


Startpoint: _186_ (rising edge-triggered flip-flop clocked by clk)
Endpoint: count[10] (output port clocked by clk)
Path Group: clk
Path Type: min

Fanout     Cap    Slew   Delay    Time   Description
-----------------------------------------------------------------------------
                  0.15    0.00    0.00   clock clk (rise edge)
                          0.00    0.00   clock network delay (ideal)
                  0.15    0.00    0.00 ^ _186_/CLK (sky130_fd_sc_hd__dfxtp_1)
                  0.10    0.38    0.38 v _186_/Q (sky130_fd_sc_hd__dfxtp_1)
     4    0.02                           net15 (net)
                  0.10    0.00    0.38 v output15/A (sky130_fd_sc_hd__clkbuf_4)
                  0.08    0.20    0.58 v output15/X (sky130_fd_sc_hd__clkbuf_4)
     1    0.03                           count[10] (net)
                  0.08    0.00    0.58 v count[10] (out)
                                  0.58   data arrival time

                  0.15    0.00    0.00   clock clk (rise edge)
                          0.00    0.00   clock network delay (ideal)
                          0.25    0.25   clock uncertainty
                          0.00    0.25   clock reconvergence pessimism
                         -6.00   -5.75   output external delay
                                 -5.75   data required time
-----------------------------------------------------------------------------
                                 -5.75   data required time
                                 -0.58   data arrival time
-----------------------------------------------------------------------------
                                  6.33   slack (MET)



