
===========================================================================
report_checks -path_delay max (Setup)
============================================================================
======================= Typical Corner ===================================

Startpoint: addition[1] (input port clocked by clk)
Endpoint: _183_ (rising edge-triggered flip-flop clocked by clk)
Path Group: clk
Path Type: max

Fanout     Cap    Slew   Delay    Time   Description
-----------------------------------------------------------------------------
                  0.15    0.00    0.00   clock clk (rise edge)
                          0.00    0.00   clock network delay (ideal)
                          6.00    6.00 v input external delay
                  0.01    0.00    6.00 v addition[1] (in)
     1    0.00                           addition[1] (net)
                  0.01    0.00    6.00 v input4/A (sky130_fd_sc_hd__buf_2)
                  0.07    0.16    6.16 v input4/X (sky130_fd_sc_hd__buf_2)
     3    0.03                           net4 (net)
                  0.07    0.00    6.16 v _099_/B (sky130_fd_sc_hd__or2_1)
                  0.05    0.22    6.38 v _099_/X (sky130_fd_sc_hd__or2_1)
     1    0.00                           _045_ (net)
                  0.05    0.00    6.38 v _100_/A3 (sky130_fd_sc_hd__a31o_1)
                  0.06    0.24    6.63 v _100_/X (sky130_fd_sc_hd__a31o_1)
     3    0.01                           _046_ (net)
                  0.06    0.00    6.63 v _117_/A1 (sky130_fd_sc_hd__a311o_1)
                  0.09    0.32    6.94 v _117_/X (sky130_fd_sc_hd__a311o_1)
     3    0.01                           _061_ (net)
                  0.09    0.00    6.94 v _124_/B (sky130_fd_sc_hd__and2b_1)
                  0.06    0.21    7.15 v _124_/X (sky130_fd_sc_hd__and2b_1)
     3    0.01                           _067_ (net)
                  0.06    0.00    7.15 v _130_/A1 (sky130_fd_sc_hd__o211a_1)
                  0.06    0.26    7.41 v _130_/X (sky130_fd_sc_hd__o211a_1)
     3    0.01                           _072_ (net)
                  0.06    0.00    7.41 v _137_/C1 (sky130_fd_sc_hd__a211o_1)
                  0.04    0.23    7.64 v _137_/X (sky130_fd_sc_hd__a211o_1)
     1    0.00                           _078_ (net)
                  0.04    0.00    7.64 v _139_/B (sky130_fd_sc_hd__and3_1)
                  0.04    0.17    7.81 v _139_/X (sky130_fd_sc_hd__and3_1)
     1    0.00                           _080_ (net)
                  0.04    0.00    7.81 v _140_/A (sky130_fd_sc_hd__clkbuf_1)
                  0.03    0.09    7.90 v _140_/X (sky130_fd_sc_hd__clkbuf_1)
     1    0.00                           _007_ (net)
                  0.03    0.00    7.90 v _183_/D (sky130_fd_sc_hd__dfxtp_1)
                                  7.90   data arrival time

                  0.15   30.00   30.00   clock clk (rise edge)
                          0.00   30.00   clock network delay (ideal)
                         -0.25   29.75   clock uncertainty
                          0.00   29.75   clock reconvergence pessimism
                                 29.75 ^ _183_/CLK (sky130_fd_sc_hd__dfxtp_1)
                         -0.08   29.67   library setup time
                                 29.67   data required time
-----------------------------------------------------------------------------
                                 29.67   data required time
                                 -7.90   data arrival time
-----------------------------------------------------------------------------
                                 21.77   slack (MET)


Startpoint: addition[1] (input port clocked by clk)
Endpoint: _187_ (rising edge-triggered flip-flop clocked by clk)
Path Group: clk
Path Type: max

Fanout     Cap    Slew   Delay    Time   Description
-----------------------------------------------------------------------------
                  0.15    0.00    0.00   clock clk (rise edge)
                          0.00    0.00   clock network delay (ideal)
                          6.00    6.00 v input external delay
                  0.01    0.00    6.00 v addition[1] (in)
     1    0.00                           addition[1] (net)
                  0.01    0.00    6.00 v input4/A (sky130_fd_sc_hd__buf_2)
                  0.07    0.16    6.16 v input4/X (sky130_fd_sc_hd__buf_2)
     3    0.03                           net4 (net)
                  0.07    0.00    6.16 v _099_/B (sky130_fd_sc_hd__or2_1)
                  0.05    0.22    6.38 v _099_/X (sky130_fd_sc_hd__or2_1)
     1    0.00                           _045_ (net)
                  0.05    0.00    6.38 v _100_/A3 (sky130_fd_sc_hd__a31o_1)
                  0.06    0.24    6.63 v _100_/X (sky130_fd_sc_hd__a31o_1)
     3    0.01                           _046_ (net)
                  0.06    0.00    6.63 v _117_/A1 (sky130_fd_sc_hd__a311o_1)
                  0.09    0.32    6.94 v _117_/X (sky130_fd_sc_hd__a311o_1)
     3    0.01                           _061_ (net)
                  0.09    0.00    6.94 v _145_/A1 (sky130_fd_sc_hd__a21o_1)
                  0.05    0.20    7.14 v _145_/X (sky130_fd_sc_hd__a21o_1)
     3    0.01                           _085_ (net)
                  0.05    0.00    7.14 v _165_/A1 (sky130_fd_sc_hd__a31o_1)
                  0.07    0.22    7.36 v _165_/X (sky130_fd_sc_hd__a31o_1)
     4    0.01                           _028_ (net)
                  0.07    0.00    7.36 v _173_/A2 (sky130_fd_sc_hd__a211o_1)
                  0.05    0.31    7.67 v _173_/X (sky130_fd_sc_hd__a211o_1)
     1    0.00                           _035_ (net)
                  0.05    0.00    7.67 v _174_/B1 (sky130_fd_sc_hd__o311a_1)
                  0.05    0.12    7.79 v _174_/X (sky130_fd_sc_hd__o311a_1)
     1    0.00                           _011_ (net)
                  0.05    0.00    7.79 v _187_/D (sky130_fd_sc_hd__dfxtp_2)
                                  7.79   data arrival time

                  0.15   30.00   30.00   clock clk (rise edge)
                          0.00   30.00   clock network delay (ideal)
                         -0.25   29.75   clock uncertainty
                          0.00   29.75   clock reconvergence pessimism
                                 29.75 ^ _187_/CLK (sky130_fd_sc_hd__dfxtp_2)
                         -0.09   29.66   library setup time
                                 29.66   data required time
-----------------------------------------------------------------------------
                                 29.66   data required time
                                 -7.79   data arrival time
-----------------------------------------------------------------------------
                                 21.87   slack (MET)


Startpoint: addition[1] (input port clocked by clk)
Endpoint: _184_ (rising edge-triggered flip-flop clocked by clk)
Path Group: clk
Path Type: max

Fanout     Cap    Slew   Delay    Time   Description
-----------------------------------------------------------------------------
                  0.15    0.00    0.00   clock clk (rise edge)
                          0.00    0.00   clock network delay (ideal)
                          6.00    6.00 v input external delay
                  0.01    0.00    6.00 v addition[1] (in)
     1    0.00                           addition[1] (net)
                  0.01    0.00    6.00 v input4/A (sky130_fd_sc_hd__buf_2)
                  0.07    0.16    6.16 v input4/X (sky130_fd_sc_hd__buf_2)
     3    0.03                           net4 (net)
                  0.07    0.00    6.16 v _099_/B (sky130_fd_sc_hd__or2_1)
                  0.05    0.22    6.38 v _099_/X (sky130_fd_sc_hd__or2_1)
     1    0.00                           _045_ (net)
                  0.05    0.00    6.38 v _100_/A3 (sky130_fd_sc_hd__a31o_1)
                  0.06    0.24    6.63 v _100_/X (sky130_fd_sc_hd__a31o_1)
     3    0.01                           _046_ (net)
                  0.06    0.00    6.63 v _117_/A1 (sky130_fd_sc_hd__a311o_1)
                  0.09    0.32    6.94 v _117_/X (sky130_fd_sc_hd__a311o_1)
     3    0.01                           _061_ (net)
                  0.09    0.00    6.94 v _145_/A1 (sky130_fd_sc_hd__a21o_1)
                  0.05    0.20    7.14 v _145_/X (sky130_fd_sc_hd__a21o_1)
     3    0.01                           _085_ (net)
                  0.05    0.00    7.14 v _149_/A (sky130_fd_sc_hd__or2_1)
                  0.04    0.23    7.37 v _149_/X (sky130_fd_sc_hd__or2_1)
     1    0.00                           _014_ (net)
                  0.04    0.00    7.37 v _151_/B (sky130_fd_sc_hd__and3_1)
                  0.03    0.16    7.53 v _151_/X (sky130_fd_sc_hd__and3_1)
     1    0.00                           _016_ (net)
                  0.03    0.00    7.53 v _152_/A (sky130_fd_sc_hd__clkbuf_1)
                  0.03    0.09    7.62 v _152_/X (sky130_fd_sc_hd__clkbuf_1)
     1    0.00                           _008_ (net)
                  0.03    0.00    7.62 v _184_/D (sky130_fd_sc_hd__dfxtp_2)
                                  7.62   data arrival time

                  0.15   30.00   30.00   clock clk (rise edge)
                          0.00   30.00   clock network delay (ideal)
                         -0.25   29.75   clock uncertainty
                          0.00   29.75   clock reconvergence pessimism
                                 29.75 ^ _184_/CLK (sky130_fd_sc_hd__dfxtp_2)
                         -0.08   29.67   library setup time
                                 29.67   data required time
-----------------------------------------------------------------------------
                                 29.67   data required time
                                 -7.62   data arrival time
-----------------------------------------------------------------------------
                                 22.05   slack (MET)


Startpoint: addition[1] (input port clocked by clk)
Endpoint: _185_ (rising edge-triggered flip-flop clocked by clk)
Path Group: clk
Path Type: max

Fanout     Cap    Slew   Delay    Time   Description
-----------------------------------------------------------------------------
                  0.15    0.00    0.00   clock clk (rise edge)
                          0.00    0.00   clock network delay (ideal)
                          6.00    6.00 v input external delay
                  0.01    0.00    6.00 v addition[1] (in)
     1    0.00                           addition[1] (net)
                  0.01    0.00    6.00 v input4/A (sky130_fd_sc_hd__buf_2)
                  0.07    0.16    6.16 v input4/X (sky130_fd_sc_hd__buf_2)
     3    0.03                           net4 (net)
                  0.07    0.00    6.16 v _099_/B (sky130_fd_sc_hd__or2_1)
                  0.05    0.22    6.38 v _099_/X (sky130_fd_sc_hd__or2_1)
     1    0.00                           _045_ (net)
                  0.05    0.00    6.38 v _100_/A3 (sky130_fd_sc_hd__a31o_1)
                  0.06    0.24    6.63 v _100_/X (sky130_fd_sc_hd__a31o_1)
     3    0.01                           _046_ (net)
                  0.06    0.00    6.63 v _117_/A1 (sky130_fd_sc_hd__a311o_1)
                  0.09    0.32    6.94 v _117_/X (sky130_fd_sc_hd__a311o_1)
     3    0.01                           _061_ (net)
                  0.09    0.00    6.94 v _145_/A1 (sky130_fd_sc_hd__a21o_1)
                  0.05    0.20    7.14 v _145_/X (sky130_fd_sc_hd__a21o_1)
     3    0.01                           _085_ (net)
                  0.05    0.00    7.14 v _150_/A (sky130_fd_sc_hd__nand2_1)
                  0.09    0.10    7.24 ^ _150_/Y (sky130_fd_sc_hd__nand2_1)
     3    0.01                           _015_ (net)
                  0.09    0.00    7.24 ^ _155_/C1 (sky130_fd_sc_hd__o211ai_1)
                  0.07    0.09    7.33 v _155_/Y (sky130_fd_sc_hd__o211ai_1)
     1    0.00                           _019_ (net)
                  0.07    0.00    7.33 v _158_/B (sky130_fd_sc_hd__and3_1)
                  0.04    0.18    7.51 v _158_/X (sky130_fd_sc_hd__and3_1)
     1    0.00                           _022_ (net)
                  0.04    0.00    7.51 v _159_/A (sky130_fd_sc_hd__clkbuf_1)
                  0.03    0.09    7.59 v _159_/X (sky130_fd_sc_hd__clkbuf_1)
     1    0.00                           _009_ (net)
                  0.03    0.00    7.59 v _185_/D (sky130_fd_sc_hd__dfxtp_2)
                                  7.59   data arrival time

                  0.15   30.00   30.00   clock clk (rise edge)
                          0.00   30.00   clock network delay (ideal)
                         -0.25   29.75   clock uncertainty
                          0.00   29.75   clock reconvergence pessimism
                                 29.75 ^ _185_/CLK (sky130_fd_sc_hd__dfxtp_2)
                         -0.08   29.67   library setup time
                                 29.67   data required time
-----------------------------------------------------------------------------
                                 29.67   data required time
                                 -7.59   data arrival time
-----------------------------------------------------------------------------
                                 22.08   slack (MET)


Startpoint: addition[1] (input port clocked by clk)
Endpoint: _181_ (rising edge-triggered flip-flop clocked by clk)
Path Group: clk
Path Type: max

Fanout     Cap    Slew   Delay    Time   Description
-----------------------------------------------------------------------------
                  0.15    0.00    0.00   clock clk (rise edge)
                          0.00    0.00   clock network delay (ideal)
                          6.00    6.00 v input external delay
                  0.01    0.00    6.00 v addition[1] (in)
     1    0.00                           addition[1] (net)
                  0.01    0.00    6.00 v input4/A (sky130_fd_sc_hd__buf_2)
                  0.07    0.16    6.16 v input4/X (sky130_fd_sc_hd__buf_2)
     3    0.03                           net4 (net)
                  0.07    0.00    6.16 v _099_/B (sky130_fd_sc_hd__or2_1)
                  0.05    0.22    6.38 v _099_/X (sky130_fd_sc_hd__or2_1)
     1    0.00                           _045_ (net)
                  0.05    0.00    6.38 v _100_/A3 (sky130_fd_sc_hd__a31o_1)
                  0.06    0.24    6.63 v _100_/X (sky130_fd_sc_hd__a31o_1)
     3    0.01                           _046_ (net)
                  0.06    0.00    6.63 v _117_/A1 (sky130_fd_sc_hd__a311o_1)
                  0.09    0.32    6.94 v _117_/X (sky130_fd_sc_hd__a311o_1)
     3    0.01                           _061_ (net)
                  0.09    0.00    6.94 v _124_/B (sky130_fd_sc_hd__and2b_1)
                  0.06    0.21    7.15 v _124_/X (sky130_fd_sc_hd__and2b_1)
     3    0.01                           _067_ (net)
                  0.06    0.00    7.15 v _125_/B1 (sky130_fd_sc_hd__a21o_1)
                  0.04    0.17    7.32 v _125_/X (sky130_fd_sc_hd__a21o_1)
     2    0.00                           _068_ (net)
                  0.04    0.00    7.32 v _126_/A2 (sky130_fd_sc_hd__a21boi_1)
                  0.11    0.14    7.46 ^ _126_/Y (sky130_fd_sc_hd__a21boi_1)
     1    0.00                           _069_ (net)
                  0.11    0.00    7.46 ^ _127_/B1 (sky130_fd_sc_hd__o21a_1)
                  0.05    0.14    7.60 ^ _127_/X (sky130_fd_sc_hd__o21a_1)
     1    0.00                           _005_ (net)
                  0.05    0.00    7.60 ^ _181_/D (sky130_fd_sc_hd__dfxtp_2)
                                  7.60   data arrival time

                  0.15   30.00   30.00   clock clk (rise edge)
                          0.00   30.00   clock network delay (ideal)
                         -0.25   29.75   clock uncertainty
                          0.00   29.75   clock reconvergence pessimism
                                 29.75 ^ _181_/CLK (sky130_fd_sc_hd__dfxtp_2)
                         -0.04   29.71   library setup time
                                 29.71   data required time
-----------------------------------------------------------------------------
                                 29.71   data required time
                                 -7.60   data arrival time
-----------------------------------------------------------------------------
                                 22.11   slack (MET)


Startpoint: addition[1] (input port clocked by clk)
Endpoint: _186_ (rising edge-triggered flip-flop clocked by clk)
Path Group: clk
Path Type: max

Fanout     Cap    Slew   Delay    Time   Description
-----------------------------------------------------------------------------
                  0.15    0.00    0.00   clock clk (rise edge)
                          0.00    0.00   clock network delay (ideal)
                          6.00    6.00 v input external delay
                  0.01    0.00    6.00 v addition[1] (in)
     1    0.00                           addition[1] (net)
                  0.01    0.00    6.00 v input4/A (sky130_fd_sc_hd__buf_2)
                  0.07    0.16    6.16 v input4/X (sky130_fd_sc_hd__buf_2)
     3    0.03                           net4 (net)
                  0.07    0.00    6.16 v _099_/B (sky130_fd_sc_hd__or2_1)
                  0.05    0.22    6.38 v _099_/X (sky130_fd_sc_hd__or2_1)
     1    0.00                           _045_ (net)
                  0.05    0.00    6.38 v _100_/A3 (sky130_fd_sc_hd__a31o_1)
                  0.06    0.24    6.63 v _100_/X (sky130_fd_sc_hd__a31o_1)
     3    0.01                           _046_ (net)
                  0.06    0.00    6.63 v _117_/A1 (sky130_fd_sc_hd__a311o_1)
                  0.09    0.32    6.94 v _117_/X (sky130_fd_sc_hd__a311o_1)
     3    0.01                           _061_ (net)
                  0.09    0.00    6.94 v _145_/A1 (sky130_fd_sc_hd__a21o_1)
                  0.05    0.20    7.14 v _145_/X (sky130_fd_sc_hd__a21o_1)
     3    0.01                           _085_ (net)
                  0.05    0.00    7.14 v _165_/A1 (sky130_fd_sc_hd__a31o_1)
                  0.07    0.22    7.36 v _165_/X (sky130_fd_sc_hd__a31o_1)
     4    0.01                           _028_ (net)
                  0.07    0.00    7.36 v _166_/A2 (sky130_fd_sc_hd__o21ai_1)
                  0.10    0.12    7.49 ^ _166_/Y (sky130_fd_sc_hd__o21ai_1)
     1    0.00                           _029_ (net)
                  0.10    0.00    7.49 ^ _167_/B1 (sky130_fd_sc_hd__a21oi_1)
                  0.06    0.06    7.55 v _167_/Y (sky130_fd_sc_hd__a21oi_1)
     1    0.00                           _010_ (net)
                  0.06    0.00    7.55 v _186_/D (sky130_fd_sc_hd__dfxtp_1)
                                  7.55   data arrival time

                  0.15   30.00   30.00   clock clk (rise edge)
                          0.00   30.00   clock network delay (ideal)
                         -0.25   29.75   clock uncertainty
                          0.00   29.75   clock reconvergence pessimism
                                 29.75 ^ _186_/CLK (sky130_fd_sc_hd__dfxtp_1)
                         -0.09   29.66   library setup time
                                 29.66   data required time
-----------------------------------------------------------------------------
                                 29.66   data required time
                                 -7.55   data arrival time
-----------------------------------------------------------------------------
                                 22.11   slack (MET)


Startpoint: addition[1] (input port clocked by clk)
Endpoint: _182_ (rising edge-triggered flip-flop clocked by clk)
Path Group: clk
Path Type: max

Fanout     Cap    Slew   Delay    Time   Description
-----------------------------------------------------------------------------
                  0.15    0.00    0.00   clock clk (rise edge)
                          0.00    0.00   clock network delay (ideal)
                          6.00    6.00 v input external delay
                  0.01    0.00    6.00 v addition[1] (in)
     1    0.00                           addition[1] (net)
                  0.01    0.00    6.00 v input4/A (sky130_fd_sc_hd__buf_2)
                  0.07    0.16    6.16 v input4/X (sky130_fd_sc_hd__buf_2)
     3    0.03                           net4 (net)
                  0.07    0.00    6.16 v _099_/B (sky130_fd_sc_hd__or2_1)
                  0.05    0.22    6.38 v _099_/X (sky130_fd_sc_hd__or2_1)
     1    0.00                           _045_ (net)
                  0.05    0.00    6.38 v _100_/A3 (sky130_fd_sc_hd__a31o_1)
                  0.06    0.24    6.63 v _100_/X (sky130_fd_sc_hd__a31o_1)
     3    0.01                           _046_ (net)
                  0.06    0.00    6.63 v _117_/A1 (sky130_fd_sc_hd__a311o_1)
                  0.09    0.32    6.94 v _117_/X (sky130_fd_sc_hd__a311o_1)
     3    0.01                           _061_ (net)
                  0.09    0.00    6.94 v _124_/B (sky130_fd_sc_hd__and2b_1)
                  0.06    0.21    7.15 v _124_/X (sky130_fd_sc_hd__and2b_1)
     3    0.01                           _067_ (net)
                  0.06    0.00    7.15 v _131_/A1 (sky130_fd_sc_hd__o21a_1)
                  0.03    0.19    7.34 v _131_/X (sky130_fd_sc_hd__o21a_1)
     1    0.00                           _073_ (net)
                  0.03    0.00    7.34 v _132_/A2 (sky130_fd_sc_hd__o21ai_1)
                  0.12    0.13    7.47 ^ _132_/Y (sky130_fd_sc_hd__o21ai_1)
     1    0.00                           _074_ (net)
                  0.12    0.00    7.47 ^ _133_/B (sky130_fd_sc_hd__nor2_1)
                  0.04    0.06    7.53 v _133_/Y (sky130_fd_sc_hd__nor2_1)
     1    0.00                           _006_ (net)
                  0.04    0.00    7.53 v _182_/D (sky130_fd_sc_hd__dfxtp_2)
                                  7.53   data arrival time

                  0.15   30.00   30.00   clock clk (rise edge)
                          0.00   30.00   clock network delay (ideal)
                         -0.25   29.75   clock uncertainty
                          0.00   29.75   clock reconvergence pessimism
                                 29.75 ^ _182_/CLK (sky130_fd_sc_hd__dfxtp_2)
                         -0.09   29.66   library setup time
                                 29.66   data required time
-----------------------------------------------------------------------------
                                 29.66   data required time
                                 -7.53   data arrival time
-----------------------------------------------------------------------------
                                 22.13   slack (MET)


Startpoint: addition[1] (input port clocked by clk)
Endpoint: _180_ (rising edge-triggered flip-flop clocked by clk)
Path Group: clk
Path Type: max

Fanout     Cap    Slew   Delay    Time   Description
-----------------------------------------------------------------------------
                  0.15    0.00    0.00   clock clk (rise edge)
                          0.00    0.00   clock network delay (ideal)
                          6.00    6.00 v input external delay
                  0.01    0.00    6.00 v addition[1] (in)
     1    0.00                           addition[1] (net)
                  0.01    0.00    6.00 v input4/A (sky130_fd_sc_hd__buf_2)
                  0.07    0.16    6.16 v input4/X (sky130_fd_sc_hd__buf_2)
     3    0.03                           net4 (net)
                  0.07    0.00    6.16 v _099_/B (sky130_fd_sc_hd__or2_1)
                  0.05    0.22    6.38 v _099_/X (sky130_fd_sc_hd__or2_1)
     1    0.00                           _045_ (net)
                  0.05    0.00    6.38 v _100_/A3 (sky130_fd_sc_hd__a31o_1)
                  0.06    0.24    6.63 v _100_/X (sky130_fd_sc_hd__a31o_1)
     3    0.01                           _046_ (net)
                  0.06    0.00    6.63 v _117_/A1 (sky130_fd_sc_hd__a311o_1)
                  0.09    0.32    6.94 v _117_/X (sky130_fd_sc_hd__a311o_1)
     3    0.01                           _061_ (net)
                  0.09    0.00    6.94 v _118_/B (sky130_fd_sc_hd__xnor2_1)
                  0.06    0.14    7.08 v _118_/Y (sky130_fd_sc_hd__xnor2_1)
     1    0.00                           _062_ (net)
                  0.06    0.00    7.08 v _119_/B (sky130_fd_sc_hd__and2_1)
                  0.03    0.16    7.24 v _119_/X (sky130_fd_sc_hd__and2_1)
     1    0.00                           _063_ (net)
                  0.03    0.00    7.24 v _120_/A (sky130_fd_sc_hd__clkbuf_1)
                  0.03    0.09    7.34 v _120_/X (sky130_fd_sc_hd__clkbuf_1)
     1    0.00                           _004_ (net)
                  0.03    0.00    7.34 v _180_/D (sky130_fd_sc_hd__dfxtp_2)
                                  7.34   data arrival time

                  0.15   30.00   30.00   clock clk (rise edge)
                          0.00   30.00   clock network delay (ideal)
                         -0.25   29.75   clock uncertainty
                          0.00   29.75   clock reconvergence pessimism
                                 29.75 ^ _180_/CLK (sky130_fd_sc_hd__dfxtp_2)
                         -0.08   29.67   library setup time
                                 29.67   data required time
-----------------------------------------------------------------------------
                                 29.67   data required time
                                 -7.34   data arrival time
-----------------------------------------------------------------------------
                                 22.33   slack (MET)


Startpoint: addition[1] (input port clocked by clk)
Endpoint: _179_ (rising edge-triggered flip-flop clocked by clk)
Path Group: clk
Path Type: max

Fanout     Cap    Slew   Delay    Time   Description
-----------------------------------------------------------------------------
                  0.15    0.00    0.00   clock clk (rise edge)
                          0.00    0.00   clock network delay (ideal)
                          6.00    6.00 ^ input external delay
                  0.02    0.01    6.01 ^ addition[1] (in)
     1    0.00                           addition[1] (net)
                  0.02    0.00    6.01 ^ input4/A (sky130_fd_sc_hd__buf_2)
                  0.13    0.17    6.18 ^ input4/X (sky130_fd_sc_hd__buf_2)
     3    0.03                           net4 (net)
                  0.13    0.00    6.18 ^ _094_/B (sky130_fd_sc_hd__and2_1)
                  0.09    0.18    6.37 ^ _094_/X (sky130_fd_sc_hd__and2_1)
     3    0.01                           _041_ (net)
                  0.09    0.00    6.37 ^ _100_/B1 (sky130_fd_sc_hd__a31o_1)
                  0.09    0.14    6.51 ^ _100_/X (sky130_fd_sc_hd__a31o_1)
     3    0.01                           _046_ (net)
                  0.09    0.00    6.51 ^ _105_/A (sky130_fd_sc_hd__nand2_1)
                  0.06    0.08    6.59 v _105_/Y (sky130_fd_sc_hd__nand2_1)
     3    0.01                           _051_ (net)
                  0.06    0.00    6.59 v _111_/A2 (sky130_fd_sc_hd__a211o_1)
                  0.04    0.30    6.89 v _111_/X (sky130_fd_sc_hd__a211o_1)
     1    0.00                           _056_ (net)
                  0.04    0.00    6.89 v _112_/C (sky130_fd_sc_hd__and3_1)
                  0.04    0.19    7.07 v _112_/X (sky130_fd_sc_hd__and3_1)
     1    0.00                           _057_ (net)
                  0.04    0.00    7.07 v _113_/A (sky130_fd_sc_hd__clkbuf_1)
                  0.03    0.09    7.17 v _113_/X (sky130_fd_sc_hd__clkbuf_1)
     1    0.00                           _003_ (net)
                  0.03    0.00    7.17 v _179_/D (sky130_fd_sc_hd__dfxtp_2)
                                  7.17   data arrival time

                  0.15   30.00   30.00   clock clk (rise edge)
                          0.00   30.00   clock network delay (ideal)
                         -0.25   29.75   clock uncertainty
                          0.00   29.75   clock reconvergence pessimism
                                 29.75 ^ _179_/CLK (sky130_fd_sc_hd__dfxtp_2)
                         -0.08   29.67   library setup time
                                 29.67   data required time
-----------------------------------------------------------------------------
                                 29.67   data required time
                                 -7.17   data arrival time
-----------------------------------------------------------------------------
                                 22.50   slack (MET)


Startpoint: addition[1] (input port clocked by clk)
Endpoint: _178_ (rising edge-triggered flip-flop clocked by clk)
Path Group: clk
Path Type: max

Fanout     Cap    Slew   Delay    Time   Description
-----------------------------------------------------------------------------
                  0.15    0.00    0.00   clock clk (rise edge)
                          0.00    0.00   clock network delay (ideal)
                          6.00    6.00 v input external delay
                  0.01    0.00    6.00 v addition[1] (in)
     1    0.00                           addition[1] (net)
                  0.01    0.00    6.00 v input4/A (sky130_fd_sc_hd__buf_2)
                  0.07    0.16    6.16 v input4/X (sky130_fd_sc_hd__buf_2)
     3    0.03                           net4 (net)
                  0.07    0.00    6.16 v _099_/B (sky130_fd_sc_hd__or2_1)
                  0.05    0.22    6.38 v _099_/X (sky130_fd_sc_hd__or2_1)
     1    0.00                           _045_ (net)
                  0.05    0.00    6.38 v _100_/A3 (sky130_fd_sc_hd__a31o_1)
                  0.06    0.24    6.63 v _100_/X (sky130_fd_sc_hd__a31o_1)
     3    0.01                           _046_ (net)
                  0.06    0.00    6.63 v _104_/A (sky130_fd_sc_hd__or2_1)
                  0.04    0.23    6.85 v _104_/X (sky130_fd_sc_hd__or2_1)
     1    0.00                           _050_ (net)
                  0.04    0.00    6.85 v _106_/B (sky130_fd_sc_hd__and3_1)
                  0.04    0.17    7.03 v _106_/X (sky130_fd_sc_hd__and3_1)
     1    0.00                           _052_ (net)
                  0.04    0.00    7.03 v _107_/A (sky130_fd_sc_hd__clkbuf_1)
                  0.03    0.09    7.12 v _107_/X (sky130_fd_sc_hd__clkbuf_1)
     1    0.00                           _002_ (net)
                  0.03    0.00    7.12 v _178_/D (sky130_fd_sc_hd__dfxtp_1)
                                  7.12   data arrival time

                  0.15   30.00   30.00   clock clk (rise edge)
                          0.00   30.00   clock network delay (ideal)
                         -0.25   29.75   clock uncertainty
                          0.00   29.75   clock reconvergence pessimism
                                 29.75 ^ _178_/CLK (sky130_fd_sc_hd__dfxtp_1)
                         -0.08   29.67   library setup time
                                 29.67   data required time
-----------------------------------------------------------------------------
                                 29.67   data required time
                                 -7.12   data arrival time
-----------------------------------------------------------------------------
                                 22.55   slack (MET)


Startpoint: addition[1] (input port clocked by clk)
Endpoint: _177_ (rising edge-triggered flip-flop clocked by clk)
Path Group: clk
Path Type: max

Fanout     Cap    Slew   Delay    Time   Description
-----------------------------------------------------------------------------
                  0.15    0.00    0.00   clock clk (rise edge)
                          0.00    0.00   clock network delay (ideal)
                          6.00    6.00 v input external delay
                  0.01    0.00    6.00 v addition[1] (in)
     1    0.00                           addition[1] (net)
                  0.01    0.00    6.00 v input4/A (sky130_fd_sc_hd__buf_2)
                  0.07    0.16    6.16 v input4/X (sky130_fd_sc_hd__buf_2)
     3    0.03                           net4 (net)
                  0.07    0.00    6.16 v _094_/B (sky130_fd_sc_hd__and2_1)
                  0.05    0.19    6.35 v _094_/X (sky130_fd_sc_hd__and2_1)
     3    0.01                           _041_ (net)
                  0.05    0.00    6.35 v _096_/C (sky130_fd_sc_hd__or3_1)
                  0.06    0.31    6.66 v _096_/X (sky130_fd_sc_hd__or3_1)
     1    0.00                           _043_ (net)
                  0.06    0.00    6.66 v _097_/C (sky130_fd_sc_hd__and3_1)
                  0.04    0.19    6.85 v _097_/X (sky130_fd_sc_hd__and3_1)
     1    0.00                           _044_ (net)
                  0.04    0.00    6.85 v _098_/A (sky130_fd_sc_hd__clkbuf_1)
                  0.02    0.09    6.94 v _098_/X (sky130_fd_sc_hd__clkbuf_1)
     1    0.00                           _001_ (net)
                  0.02    0.00    6.94 v _177_/D (sky130_fd_sc_hd__dfxtp_1)
                                  6.94   data arrival time

                  0.15   30.00   30.00   clock clk (rise edge)
                          0.00   30.00   clock network delay (ideal)
                         -0.25   29.75   clock uncertainty
                          0.00   29.75   clock reconvergence pessimism
                                 29.75 ^ _177_/CLK (sky130_fd_sc_hd__dfxtp_1)
                         -0.08   29.67   library setup time
                                 29.67   data required time
-----------------------------------------------------------------------------
                                 29.67   data required time
                                 -6.94   data arrival time
-----------------------------------------------------------------------------
                                 22.74   slack (MET)


Startpoint: _186_ (rising edge-triggered flip-flop clocked by clk)
Endpoint: count[10] (output port clocked by clk)
Path Group: clk
Path Type: max

Fanout     Cap    Slew   Delay    Time   Description
-----------------------------------------------------------------------------
                  0.15    0.00    0.00   clock clk (rise edge)
                          0.00    0.00   clock network delay (ideal)
                  0.15    0.00    0.00 ^ _186_/CLK (sky130_fd_sc_hd__dfxtp_1)
                  0.21    0.48    0.48 ^ _186_/Q (sky130_fd_sc_hd__dfxtp_1)
     4    0.02                           net15 (net)
                  0.21    0.00    0.48 ^ output15/A (sky130_fd_sc_hd__clkbuf_4)
                  0.11    0.26    0.74 ^ output15/X (sky130_fd_sc_hd__clkbuf_4)
     1    0.03                           count[10] (net)
                  0.11    0.00    0.74 ^ count[10] (out)
                                  0.74   data arrival time

                  0.15   30.00   30.00   clock clk (rise edge)
                          0.00   30.00   clock network delay (ideal)
                         -0.25   29.75   clock uncertainty
                          0.00   29.75   clock reconvergence pessimism
                         -6.00   23.75   output external delay
                                 23.75   data required time
-----------------------------------------------------------------------------
                                 23.75   data required time
                                 -0.74   data arrival time
-----------------------------------------------------------------------------
                                 23.01   slack (MET)


Startpoint: _181_ (rising edge-triggered flip-flop clocked by clk)
Endpoint: count[5] (output port clocked by clk)
Path Group: clk
Path Type: max

Fanout     Cap    Slew   Delay    Time   Description
-----------------------------------------------------------------------------
                  0.15    0.00    0.00   clock clk (rise edge)
                          0.00    0.00   clock network delay (ideal)
                  0.15    0.00    0.00 ^ _181_/CLK (sky130_fd_sc_hd__dfxtp_2)
                  0.17    0.47    0.47 ^ _181_/Q (sky130_fd_sc_hd__dfxtp_2)
     4    0.03                           net21 (net)
                  0.17    0.00    0.47 ^ output21/A (sky130_fd_sc_hd__buf_2)
                  0.17    0.25    0.72 ^ output21/X (sky130_fd_sc_hd__buf_2)
     1    0.03                           count[5] (net)
                  0.17    0.00    0.72 ^ count[5] (out)
                                  0.72   data arrival time

                  0.15   30.00   30.00   clock clk (rise edge)
                          0.00   30.00   clock network delay (ideal)
                         -0.25   29.75   clock uncertainty
                          0.00   29.75   clock reconvergence pessimism
                         -6.00   23.75   output external delay
                                 23.75   data required time
-----------------------------------------------------------------------------
                                 23.75   data required time
                                 -0.72   data arrival time
-----------------------------------------------------------------------------
                                 23.03   slack (MET)


Startpoint: _178_ (rising edge-triggered flip-flop clocked by clk)
Endpoint: count[2] (output port clocked by clk)
Path Group: clk
Path Type: max

Fanout     Cap    Slew   Delay    Time   Description
-----------------------------------------------------------------------------
                  0.15    0.00    0.00   clock clk (rise edge)
                          0.00    0.00   clock network delay (ideal)
                  0.15    0.00    0.00 ^ _178_/CLK (sky130_fd_sc_hd__dfxtp_1)
                  0.18    0.46    0.46 ^ _178_/Q (sky130_fd_sc_hd__dfxtp_1)
     4    0.02                           net18 (net)
                  0.18    0.00    0.46 ^ output18/A (sky130_fd_sc_hd__clkbuf_4)
                  0.11    0.24    0.71 ^ output18/X (sky130_fd_sc_hd__clkbuf_4)
     1    0.03                           count[2] (net)
                  0.11    0.00    0.71 ^ count[2] (out)
                                  0.71   data arrival time

                  0.15   30.00   30.00   clock clk (rise edge)
                          0.00   30.00   clock network delay (ideal)
                         -0.25   29.75   clock uncertainty
                          0.00   29.75   clock reconvergence pessimism
                         -6.00   23.75   output external delay
                                 23.75   data required time
-----------------------------------------------------------------------------
                                 23.75   data required time
                                 -0.71   data arrival time
-----------------------------------------------------------------------------
                                 23.04   slack (MET)


Startpoint: _185_ (rising edge-triggered flip-flop clocked by clk)
Endpoint: count[9] (output port clocked by clk)
Path Group: clk
Path Type: max

Fanout     Cap    Slew   Delay    Time   Description
-----------------------------------------------------------------------------
                  0.15    0.00    0.00   clock clk (rise edge)
                          0.00    0.00   clock network delay (ideal)
                  0.15    0.00    0.00 ^ _185_/CLK (sky130_fd_sc_hd__dfxtp_2)
                  0.16    0.46    0.46 ^ _185_/Q (sky130_fd_sc_hd__dfxtp_2)
     3    0.03                           net25 (net)
                  0.16    0.00    0.47 ^ output25/A (sky130_fd_sc_hd__clkbuf_4)
                  0.11    0.24    0.70 ^ output25/X (sky130_fd_sc_hd__clkbuf_4)
     1    0.03                           count[9] (net)
                  0.11    0.00    0.70 ^ count[9] (out)
                                  0.70   data arrival time

                  0.15   30.00   30.00   clock clk (rise edge)
                          0.00   30.00   clock network delay (ideal)
                         -0.25   29.75   clock uncertainty
                          0.00   29.75   clock reconvergence pessimism
                         -6.00   23.75   output external delay
                                 23.75   data required time
-----------------------------------------------------------------------------
                                 23.75   data required time
                                 -0.70   data arrival time
-----------------------------------------------------------------------------
                                 23.05   slack (MET)


Startpoint: _184_ (rising edge-triggered flip-flop clocked by clk)
Endpoint: count[8] (output port clocked by clk)
Path Group: clk
Path Type: max

Fanout     Cap    Slew   Delay    Time   Description
-----------------------------------------------------------------------------
                  0.15    0.00    0.00   clock clk (rise edge)
                          0.00    0.00   clock network delay (ideal)
                  0.15    0.00    0.00 ^ _184_/CLK (sky130_fd_sc_hd__dfxtp_2)
                  0.15    0.46    0.46 ^ _184_/Q (sky130_fd_sc_hd__dfxtp_2)
     4    0.03                           net24 (net)
                  0.15    0.00    0.46 ^ output24/A (sky130_fd_sc_hd__buf_2)
                  0.17    0.24    0.70 ^ output24/X (sky130_fd_sc_hd__buf_2)
     1    0.03                           count[8] (net)
                  0.17    0.00    0.70 ^ count[8] (out)
                                  0.70   data arrival time

                  0.15   30.00   30.00   clock clk (rise edge)
                          0.00   30.00   clock network delay (ideal)
                         -0.25   29.75   clock uncertainty
                          0.00   29.75   clock reconvergence pessimism
                         -6.00   23.75   output external delay
                                 23.75   data required time
-----------------------------------------------------------------------------
                                 23.75   data required time
                                 -0.70   data arrival time
-----------------------------------------------------------------------------
                                 23.05   slack (MET)


Startpoint: _180_ (rising edge-triggered flip-flop clocked by clk)
Endpoint: count[4] (output port clocked by clk)
Path Group: clk
Path Type: max

Fanout     Cap    Slew   Delay    Time   Description
-----------------------------------------------------------------------------
                  0.15    0.00    0.00   clock clk (rise edge)
                          0.00    0.00   clock network delay (ideal)
                  0.15    0.00    0.00 ^ _180_/CLK (sky130_fd_sc_hd__dfxtp_2)
                  0.14    0.45    0.45 ^ _180_/Q (sky130_fd_sc_hd__dfxtp_2)
     4    0.03                           net20 (net)
                  0.14    0.00    0.45 ^ output20/A (sky130_fd_sc_hd__buf_2)
                  0.17    0.24    0.69 ^ output20/X (sky130_fd_sc_hd__buf_2)
     1    0.03                           count[4] (net)
                  0.17    0.00    0.69 ^ count[4] (out)
                                  0.69   data arrival time

                  0.15   30.00   30.00   clock clk (rise edge)
                          0.00   30.00   clock network delay (ideal)
                         -0.25   29.75   clock uncertainty
                          0.00   29.75   clock reconvergence pessimism
                         -6.00   23.75   output external delay
                                 23.75   data required time
-----------------------------------------------------------------------------
                                 23.75   data required time
                                 -0.69   data arrival time
-----------------------------------------------------------------------------
                                 23.06   slack (MET)


Startpoint: addition[0] (input port clocked by clk)
Endpoint: _176_ (rising edge-triggered flip-flop clocked by clk)
Path Group: clk
Path Type: max

Fanout     Cap    Slew   Delay    Time   Description
-----------------------------------------------------------------------------
                  0.15    0.00    0.00   clock clk (rise edge)
                          0.00    0.00   clock network delay (ideal)
                          6.00    6.00 v input external delay
                  0.01    0.00    6.00 v addition[0] (in)
     1    0.00                           addition[0] (net)
                  0.01    0.00    6.00 v input1/A (sky130_fd_sc_hd__clkbuf_2)
                  0.07    0.13    6.13 v input1/X (sky130_fd_sc_hd__clkbuf_2)
     3    0.02                           net1 (net)
                  0.07    0.00    6.14 v _089_/B (sky130_fd_sc_hd__or2_1)
                  0.04    0.21    6.35 v _089_/X (sky130_fd_sc_hd__or2_1)
     1    0.00                           _037_ (net)
                  0.04    0.00    6.35 v _091_/B (sky130_fd_sc_hd__and3_1)
                  0.04    0.17    6.52 v _091_/X (sky130_fd_sc_hd__and3_1)
     1    0.00                           _039_ (net)
                  0.04    0.00    6.52 v _092_/A (sky130_fd_sc_hd__clkbuf_1)
                  0.03    0.09    6.61 v _092_/X (sky130_fd_sc_hd__clkbuf_1)
     1    0.00                           _000_ (net)
                  0.03    0.00    6.61 v _176_/D (sky130_fd_sc_hd__dfxtp_2)
                                  6.61   data arrival time

                  0.15   30.00   30.00   clock clk (rise edge)
                          0.00   30.00   clock network delay (ideal)
                         -0.25   29.75   clock uncertainty
                          0.00   29.75   clock reconvergence pessimism
                                 29.75 ^ _176_/CLK (sky130_fd_sc_hd__dfxtp_2)
                         -0.08   29.67   library setup time
                                 29.67   data required time
-----------------------------------------------------------------------------
                                 29.67   data required time
                                 -6.61   data arrival time
-----------------------------------------------------------------------------
                                 23.06   slack (MET)


Startpoint: _187_ (rising edge-triggered flip-flop clocked by clk)
Endpoint: count[11] (output port clocked by clk)
Path Group: clk
Path Type: max

Fanout     Cap    Slew   Delay    Time   Description
-----------------------------------------------------------------------------
                  0.15    0.00    0.00   clock clk (rise edge)
                          0.00    0.00   clock network delay (ideal)
                  0.15    0.00    0.00 ^ _187_/CLK (sky130_fd_sc_hd__dfxtp_2)
                  0.14    0.45    0.45 ^ _187_/Q (sky130_fd_sc_hd__dfxtp_2)
     3    0.03                           net16 (net)
                  0.14    0.00    0.45 ^ output16/A (sky130_fd_sc_hd__clkbuf_4)
                  0.11    0.23    0.68 ^ output16/X (sky130_fd_sc_hd__clkbuf_4)
     1    0.03                           count[11] (net)
                  0.11    0.00    0.68 ^ count[11] (out)
                                  0.68   data arrival time

                  0.15   30.00   30.00   clock clk (rise edge)
                          0.00   30.00   clock network delay (ideal)
                         -0.25   29.75   clock uncertainty
                          0.00   29.75   clock reconvergence pessimism
                         -6.00   23.75   output external delay
                                 23.75   data required time
-----------------------------------------------------------------------------
                                 23.75   data required time
                                 -0.68   data arrival time
-----------------------------------------------------------------------------
                                 23.07   slack (MET)


Startpoint: _182_ (rising edge-triggered flip-flop clocked by clk)
Endpoint: count[6] (output port clocked by clk)
Path Group: clk
Path Type: max

Fanout     Cap    Slew   Delay    Time   Description
-----------------------------------------------------------------------------
                  0.15    0.00    0.00   clock clk (rise edge)
                          0.00    0.00   clock network delay (ideal)
                  0.15    0.00    0.00 ^ _182_/CLK (sky130_fd_sc_hd__dfxtp_2)
                  0.14    0.45    0.45 ^ _182_/Q (sky130_fd_sc_hd__dfxtp_2)
     3    0.03                           net22 (net)
                  0.14    0.00    0.45 ^ output22/A (sky130_fd_sc_hd__clkbuf_4)
                  0.11    0.23    0.68 ^ output22/X (sky130_fd_sc_hd__clkbuf_4)
     1    0.03                           count[6] (net)
                  0.11    0.00    0.68 ^ count[6] (out)
                                  0.68   data arrival time

                  0.15   30.00   30.00   clock clk (rise edge)
                          0.00   30.00   clock network delay (ideal)
                         -0.25   29.75   clock uncertainty
                          0.00   29.75   clock reconvergence pessimism
                         -6.00   23.75   output external delay
                                 23.75   data required time
-----------------------------------------------------------------------------
                                 23.75   data required time
                                 -0.68   data arrival time
-----------------------------------------------------------------------------
                                 23.07   slack (MET)


Startpoint: _177_ (rising edge-triggered flip-flop clocked by clk)
Endpoint: count[1] (output port clocked by clk)
Path Group: clk
Path Type: max

Fanout     Cap    Slew   Delay    Time   Description
-----------------------------------------------------------------------------
                  0.15    0.00    0.00   clock clk (rise edge)
                          0.00    0.00   clock network delay (ideal)
                  0.15    0.00    0.00 ^ _177_/CLK (sky130_fd_sc_hd__dfxtp_1)
                  0.14    0.43    0.43 ^ _177_/Q (sky130_fd_sc_hd__dfxtp_1)
     4    0.01                           net17 (net)
                  0.14    0.00    0.43 ^ output17/A (sky130_fd_sc_hd__buf_2)
                  0.17    0.24    0.68 ^ output17/X (sky130_fd_sc_hd__buf_2)
     1    0.03                           count[1] (net)
                  0.17    0.00    0.68 ^ count[1] (out)
                                  0.68   data arrival time

                  0.15   30.00   30.00   clock clk (rise edge)
                          0.00   30.00   clock network delay (ideal)
                         -0.25   29.75   clock uncertainty
                          0.00   29.75   clock reconvergence pessimism
                         -6.00   23.75   output external delay
                                 23.75   data required time
-----------------------------------------------------------------------------
                                 23.75   data required time
                                 -0.68   data arrival time
-----------------------------------------------------------------------------
                                 23.07   slack (MET)


Startpoint: _179_ (rising edge-triggered flip-flop clocked by clk)
Endpoint: count[3] (output port clocked by clk)
Path Group: clk
Path Type: max

Fanout     Cap    Slew   Delay    Time   Description
-----------------------------------------------------------------------------
                  0.15    0.00    0.00   clock clk (rise edge)
                          0.00    0.00   clock network delay (ideal)
                  0.15    0.00    0.00 ^ _179_/CLK (sky130_fd_sc_hd__dfxtp_2)
                  0.12    0.43    0.43 ^ _179_/Q (sky130_fd_sc_hd__dfxtp_2)
     4    0.02                           net19 (net)
                  0.12    0.00    0.44 ^ output19/A (sky130_fd_sc_hd__buf_2)
                  0.17    0.24    0.67 ^ output19/X (sky130_fd_sc_hd__buf_2)
     1    0.03                           count[3] (net)
                  0.17    0.00    0.67 ^ count[3] (out)
                                  0.67   data arrival time

                  0.15   30.00   30.00   clock clk (rise edge)
                          0.00   30.00   clock network delay (ideal)
                         -0.25   29.75   clock uncertainty
                          0.00   29.75   clock reconvergence pessimism
                         -6.00   23.75   output external delay
                                 23.75   data required time
-----------------------------------------------------------------------------
                                 23.75   data required time
                                 -0.67   data arrival time
-----------------------------------------------------------------------------
                                 23.08   slack (MET)


Startpoint: _176_ (rising edge-triggered flip-flop clocked by clk)
Endpoint: count[0] (output port clocked by clk)
Path Group: clk
Path Type: max

Fanout     Cap    Slew   Delay    Time   Description
-----------------------------------------------------------------------------
                  0.15    0.00    0.00   clock clk (rise edge)
                          0.00    0.00   clock network delay (ideal)
                  0.15    0.00    0.00 ^ _176_/CLK (sky130_fd_sc_hd__dfxtp_2)
                  0.12    0.43    0.43 ^ _176_/Q (sky130_fd_sc_hd__dfxtp_2)
     4    0.02                           net14 (net)
                  0.12    0.00    0.44 ^ output14/A (sky130_fd_sc_hd__clkbuf_4)
                  0.11    0.23    0.66 ^ output14/X (sky130_fd_sc_hd__clkbuf_4)
     1    0.03                           count[0] (net)
                  0.11    0.00    0.66 ^ count[0] (out)
                                  0.66   data arrival time

                  0.15   30.00   30.00   clock clk (rise edge)
                          0.00   30.00   clock network delay (ideal)
                         -0.25   29.75   clock uncertainty
                          0.00   29.75   clock reconvergence pessimism
                         -6.00   23.75   output external delay
                                 23.75   data required time
-----------------------------------------------------------------------------
                                 23.75   data required time
                                 -0.66   data arrival time
-----------------------------------------------------------------------------
                                 23.09   slack (MET)


Startpoint: _183_ (rising edge-triggered flip-flop clocked by clk)
Endpoint: count[7] (output port clocked by clk)
Path Group: clk
Path Type: max

Fanout     Cap    Slew   Delay    Time   Description
-----------------------------------------------------------------------------
                  0.15    0.00    0.00   clock clk (rise edge)
                          0.00    0.00   clock network delay (ideal)
                  0.15    0.00    0.00 ^ _183_/CLK (sky130_fd_sc_hd__dfxtp_1)
                  0.11    0.41    0.41 ^ _183_/Q (sky130_fd_sc_hd__dfxtp_1)
     3    0.01                           net23 (net)
                  0.11    0.00    0.41 ^ output23/A (sky130_fd_sc_hd__clkbuf_4)
                  0.11    0.22    0.63 ^ output23/X (sky130_fd_sc_hd__clkbuf_4)
     1    0.03                           count[7] (net)
                  0.11    0.00    0.63 ^ count[7] (out)
                                  0.63   data arrival time

                  0.15   30.00   30.00   clock clk (rise edge)
                          0.00   30.00   clock network delay (ideal)
                         -0.25   29.75   clock uncertainty
                          0.00   29.75   clock reconvergence pessimism
                         -6.00   23.75   output external delay
                                 23.75   data required time
-----------------------------------------------------------------------------
                                 23.75   data required time
                                 -0.63   data arrival time
-----------------------------------------------------------------------------
                                 23.12   slack (MET)


Startpoint: reset (input port clocked by clk)
Endpoint: _188_ (rising edge-triggered flip-flop clocked by clk)
Path Group: clk
Path Type: max

Fanout     Cap    Slew   Delay    Time   Description
-----------------------------------------------------------------------------
                  0.15    0.00    0.00   clock clk (rise edge)
                          0.00    0.00   clock network delay (ideal)
                          6.00    6.00 ^ input external delay
                  0.02    0.01    6.01 ^ reset (in)
     1    0.00                           reset (net)
                  0.02    0.00    6.01 ^ input13/A (sky130_fd_sc_hd__buf_1)
                  0.11    0.13    6.14 ^ input13/X (sky130_fd_sc_hd__buf_1)
     1    0.01                           net13 (net)
                  0.11    0.00    6.14 ^ _175_/A (sky130_fd_sc_hd__inv_2)
                  0.03    0.04    6.18 v _175_/Y (sky130_fd_sc_hd__inv_2)
     1    0.00                           _012_ (net)
                  0.03    0.00    6.18 v _188_/D (sky130_fd_sc_hd__dfxtp_1)
                                  6.18   data arrival time

                  0.15   30.00   30.00   clock clk (rise edge)
                          0.00   30.00   clock network delay (ideal)
                         -0.25   29.75   clock uncertainty
                          0.00   29.75   clock reconvergence pessimism
                                 29.75 ^ _188_/CLK (sky130_fd_sc_hd__dfxtp_1)
                         -0.08   29.67   library setup time
                                 29.67   data required time
-----------------------------------------------------------------------------
                                 29.67   data required time
                                 -6.18   data arrival time
-----------------------------------------------------------------------------
                                 23.49   slack (MET)



