
===========================================================================
report_checks -path_delay min (Hold)
============================================================================
======================= Typical Corner ===================================

Startpoint: _188_ (rising edge-triggered flip-flop clocked by clk)
Endpoint: _185_ (rising edge-triggered flip-flop clocked by clk)
Path Group: clk
Path Type: min

Fanout     Cap    Slew   Delay    Time   Description
-----------------------------------------------------------------------------
                  0.15    0.00    0.00   clock clk (rise edge)
                          0.00    0.00   clock network delay (ideal)
                  0.15    0.00    0.00 ^ _188_/CLK (sky130_fd_sc_hd__dfxtp_2)
                  0.04    0.34    0.34 v _188_/Q (sky130_fd_sc_hd__dfxtp_2)
     3    0.01                           set[0] (net)
                  0.04    0.00    0.34 v _158_/A (sky130_fd_sc_hd__and3_2)
                  0.03    0.15    0.49 v _158_/X (sky130_fd_sc_hd__and3_2)
     1    0.00                           _022_ (net)
                  0.03    0.00    0.49 v _159_/A (sky130_fd_sc_hd__buf_1)
                  0.02    0.08    0.57 v _159_/X (sky130_fd_sc_hd__buf_1)
     1    0.00                           _009_ (net)
                  0.02    0.00    0.57 v _185_/D (sky130_fd_sc_hd__dfxtp_2)
                                  0.57   data arrival time

                  0.15    0.00    0.00   clock clk (rise edge)
                          0.00    0.00   clock network delay (ideal)
                          0.25    0.25   clock uncertainty
                          0.00    0.25   clock reconvergence pessimism
                                  0.25 ^ _185_/CLK (sky130_fd_sc_hd__dfxtp_2)
                         -0.01    0.24   library hold time
                                  0.24   data required time
-----------------------------------------------------------------------------
                                  0.24   data required time
                                 -0.57   data arrival time
-----------------------------------------------------------------------------
                                  0.33   slack (MET)


Startpoint: _188_ (rising edge-triggered flip-flop clocked by clk)
Endpoint: _181_ (rising edge-triggered flip-flop clocked by clk)
Path Group: clk
Path Type: min

Fanout     Cap    Slew   Delay    Time   Description
-----------------------------------------------------------------------------
                  0.15    0.00    0.00   clock clk (rise edge)
                          0.00    0.00   clock network delay (ideal)
                  0.15    0.00    0.00 ^ _188_/CLK (sky130_fd_sc_hd__dfxtp_2)
                  0.04    0.34    0.34 v _188_/Q (sky130_fd_sc_hd__dfxtp_2)
     3    0.01                           set[0] (net)
                  0.04    0.00    0.34 v _126_/B1_N (sky130_fd_sc_hd__a21boi_2)
                  0.03    0.13    0.47 v _126_/Y (sky130_fd_sc_hd__a21boi_2)
     1    0.00                           _069_ (net)
                  0.03    0.00    0.47 v _127_/B1 (sky130_fd_sc_hd__o21a_2)
                  0.03    0.10    0.57 v _127_/X (sky130_fd_sc_hd__o21a_2)
     1    0.00                           _005_ (net)
                  0.03    0.00    0.57 v _181_/D (sky130_fd_sc_hd__dfxtp_2)
                                  0.57   data arrival time

                  0.15    0.00    0.00   clock clk (rise edge)
                          0.00    0.00   clock network delay (ideal)
                          0.25    0.25   clock uncertainty
                          0.00    0.25   clock reconvergence pessimism
                                  0.25 ^ _181_/CLK (sky130_fd_sc_hd__dfxtp_2)
                         -0.02    0.23   library hold time
                                  0.23   data required time
-----------------------------------------------------------------------------
                                  0.23   data required time
                                 -0.57   data arrival time
-----------------------------------------------------------------------------
                                  0.34   slack (MET)


Startpoint: _188_ (rising edge-triggered flip-flop clocked by clk)
Endpoint: _186_ (rising edge-triggered flip-flop clocked by clk)
Path Group: clk
Path Type: min

Fanout     Cap    Slew   Delay    Time   Description
-----------------------------------------------------------------------------
                  0.15    0.00    0.00   clock clk (rise edge)
                          0.00    0.00   clock network delay (ideal)
                  0.15    0.00    0.00 ^ _188_/CLK (sky130_fd_sc_hd__dfxtp_2)
                  0.04    0.34    0.34 v _188_/Q (sky130_fd_sc_hd__dfxtp_2)
     3    0.01                           set[0] (net)
                  0.04    0.00    0.34 v _088_/A (sky130_fd_sc_hd__buf_1)
                  0.16    0.18    0.52 v _088_/X (sky130_fd_sc_hd__buf_1)
    10    0.03                           _036_ (net)
                  0.16    0.00    0.52 v _166_/B1 (sky130_fd_sc_hd__o21ai_2)
                  0.07    0.09    0.61 ^ _166_/Y (sky130_fd_sc_hd__o21ai_2)
     1    0.00                           _029_ (net)
                  0.07    0.00    0.61 ^ _167_/B1 (sky130_fd_sc_hd__a21oi_2)
                  0.03    0.04    0.65 v _167_/Y (sky130_fd_sc_hd__a21oi_2)
     1    0.00                           _010_ (net)
                  0.03    0.00    0.65 v _186_/D (sky130_fd_sc_hd__dfxtp_2)
                                  0.65   data arrival time

                  0.15    0.00    0.00   clock clk (rise edge)
                          0.00    0.00   clock network delay (ideal)
                          0.25    0.25   clock uncertainty
                          0.00    0.25   clock reconvergence pessimism
                                  0.25 ^ _186_/CLK (sky130_fd_sc_hd__dfxtp_2)
                         -0.02    0.23   library hold time
                                  0.23   data required time
-----------------------------------------------------------------------------
                                  0.23   data required time
                                 -0.65   data arrival time
-----------------------------------------------------------------------------
                                  0.41   slack (MET)


Startpoint: _188_ (rising edge-triggered flip-flop clocked by clk)
Endpoint: _182_ (rising edge-triggered flip-flop clocked by clk)
Path Group: clk
Path Type: min

Fanout     Cap    Slew   Delay    Time   Description
-----------------------------------------------------------------------------
                  0.15    0.00    0.00   clock clk (rise edge)
                          0.00    0.00   clock network delay (ideal)
                  0.15    0.00    0.00 ^ _188_/CLK (sky130_fd_sc_hd__dfxtp_2)
                  0.04    0.34    0.34 v _188_/Q (sky130_fd_sc_hd__dfxtp_2)
     3    0.01                           set[0] (net)
                  0.04    0.00    0.34 v _088_/A (sky130_fd_sc_hd__buf_1)
                  0.16    0.18    0.52 v _088_/X (sky130_fd_sc_hd__buf_1)
    10    0.03                           _036_ (net)
                  0.16    0.00    0.52 v _132_/B1 (sky130_fd_sc_hd__o21ai_2)
                  0.07    0.10    0.62 ^ _132_/Y (sky130_fd_sc_hd__o21ai_2)
     1    0.01                           _074_ (net)
                  0.07    0.00    0.62 ^ _133_/B (sky130_fd_sc_hd__nor2_2)
                  0.02    0.04    0.65 v _133_/Y (sky130_fd_sc_hd__nor2_2)
     1    0.00                           _006_ (net)
                  0.02    0.00    0.65 v _182_/D (sky130_fd_sc_hd__dfxtp_2)
                                  0.65   data arrival time

                  0.15    0.00    0.00   clock clk (rise edge)
                          0.00    0.00   clock network delay (ideal)
                          0.25    0.25   clock uncertainty
                          0.00    0.25   clock reconvergence pessimism
                                  0.25 ^ _182_/CLK (sky130_fd_sc_hd__dfxtp_2)
                         -0.01    0.24   library hold time
                                  0.24   data required time
-----------------------------------------------------------------------------
                                  0.24   data required time
                                 -0.65   data arrival time
-----------------------------------------------------------------------------
                                  0.42   slack (MET)


Startpoint: _188_ (rising edge-triggered flip-flop clocked by clk)
Endpoint: _187_ (rising edge-triggered flip-flop clocked by clk)
Path Group: clk
Path Type: min

Fanout     Cap    Slew   Delay    Time   Description
-----------------------------------------------------------------------------
                  0.15    0.00    0.00   clock clk (rise edge)
                          0.00    0.00   clock network delay (ideal)
                  0.15    0.00    0.00 ^ _188_/CLK (sky130_fd_sc_hd__dfxtp_2)
                  0.04    0.34    0.34 v _188_/Q (sky130_fd_sc_hd__dfxtp_2)
     3    0.01                           set[0] (net)
                  0.04    0.00    0.34 v _088_/A (sky130_fd_sc_hd__buf_1)
                  0.16    0.18    0.52 v _088_/X (sky130_fd_sc_hd__buf_1)
    10    0.03                           _036_ (net)
                  0.16    0.00    0.52 v _174_/C1 (sky130_fd_sc_hd__o311a_2)
                  0.02    0.15    0.67 v _174_/X (sky130_fd_sc_hd__o311a_2)
     1    0.00                           _011_ (net)
                  0.02    0.00    0.67 v _187_/D (sky130_fd_sc_hd__dfxtp_2)
                                  0.67   data arrival time

                  0.15    0.00    0.00   clock clk (rise edge)
                          0.00    0.00   clock network delay (ideal)
                          0.25    0.25   clock uncertainty
                          0.00    0.25   clock reconvergence pessimism
                                  0.25 ^ _187_/CLK (sky130_fd_sc_hd__dfxtp_2)
                         -0.01    0.24   library hold time
                                  0.24   data required time
-----------------------------------------------------------------------------
                                  0.24   data required time
                                 -0.67   data arrival time
-----------------------------------------------------------------------------
                                  0.43   slack (MET)


Startpoint: _176_ (rising edge-triggered flip-flop clocked by clk)
Endpoint: _176_ (rising edge-triggered flip-flop clocked by clk)
Path Group: clk
Path Type: min

Fanout     Cap    Slew   Delay    Time   Description
-----------------------------------------------------------------------------
                  0.15    0.00    0.00   clock clk (rise edge)
                          0.00    0.00   clock network delay (ideal)
                  0.15    0.00    0.00 ^ _176_/CLK (sky130_fd_sc_hd__dfxtp_2)
                  0.14    0.42    0.42 v _176_/Q (sky130_fd_sc_hd__dfxtp_2)
     4    0.06                           count[0] (net)
                  0.14    0.00    0.42 v _090_/A (sky130_fd_sc_hd__nand2_2)
                  0.06    0.10    0.52 ^ _090_/Y (sky130_fd_sc_hd__nand2_2)
     3    0.01                           _038_ (net)
                  0.06    0.00    0.52 ^ _091_/C (sky130_fd_sc_hd__and3_2)
                  0.04    0.16    0.68 ^ _091_/X (sky130_fd_sc_hd__and3_2)
     1    0.00                           _039_ (net)
                  0.04    0.00    0.68 ^ _092_/A (sky130_fd_sc_hd__buf_1)
                  0.04    0.07    0.76 ^ _092_/X (sky130_fd_sc_hd__buf_1)
     1    0.00                           _000_ (net)
                  0.04    0.00    0.76 ^ _176_/D (sky130_fd_sc_hd__dfxtp_2)
                                  0.76   data arrival time

                  0.15    0.00    0.00   clock clk (rise edge)
                          0.00    0.00   clock network delay (ideal)
                          0.25    0.25   clock uncertainty
                          0.00    0.25   clock reconvergence pessimism
                                  0.25 ^ _176_/CLK (sky130_fd_sc_hd__dfxtp_2)
                         -0.02    0.23   library hold time
                                  0.23   data required time
-----------------------------------------------------------------------------
                                  0.23   data required time
                                 -0.76   data arrival time
-----------------------------------------------------------------------------
                                  0.52   slack (MET)


Startpoint: _188_ (rising edge-triggered flip-flop clocked by clk)
Endpoint: _184_ (rising edge-triggered flip-flop clocked by clk)
Path Group: clk
Path Type: min

Fanout     Cap    Slew   Delay    Time   Description
-----------------------------------------------------------------------------
                  0.15    0.00    0.00   clock clk (rise edge)
                          0.00    0.00   clock network delay (ideal)
                  0.15    0.00    0.00 ^ _188_/CLK (sky130_fd_sc_hd__dfxtp_2)
                  0.04    0.34    0.34 v _188_/Q (sky130_fd_sc_hd__dfxtp_2)
     3    0.01                           set[0] (net)
                  0.04    0.00    0.34 v _088_/A (sky130_fd_sc_hd__buf_1)
                  0.16    0.18    0.52 v _088_/X (sky130_fd_sc_hd__buf_1)
    10    0.03                           _036_ (net)
                  0.16    0.00    0.52 v _151_/A (sky130_fd_sc_hd__and3_2)
                  0.03    0.20    0.72 v _151_/X (sky130_fd_sc_hd__and3_2)
     1    0.00                           _016_ (net)
                  0.03    0.00    0.72 v _152_/A (sky130_fd_sc_hd__buf_1)
                  0.03    0.08    0.80 v _152_/X (sky130_fd_sc_hd__buf_1)
     1    0.00                           _008_ (net)
                  0.03    0.00    0.80 v _184_/D (sky130_fd_sc_hd__dfxtp_2)
                                  0.80   data arrival time

                  0.15    0.00    0.00   clock clk (rise edge)
                          0.00    0.00   clock network delay (ideal)
                          0.25    0.25   clock uncertainty
                          0.00    0.25   clock reconvergence pessimism
                                  0.25 ^ _184_/CLK (sky130_fd_sc_hd__dfxtp_2)
                         -0.01    0.24   library hold time
                                  0.24   data required time
-----------------------------------------------------------------------------
                                  0.24   data required time
                                 -0.80   data arrival time
-----------------------------------------------------------------------------
                                  0.56   slack (MET)


Startpoint: _188_ (rising edge-triggered flip-flop clocked by clk)
Endpoint: _177_ (rising edge-triggered flip-flop clocked by clk)
Path Group: clk
Path Type: min

Fanout     Cap    Slew   Delay    Time   Description
-----------------------------------------------------------------------------
                  0.15    0.00    0.00   clock clk (rise edge)
                          0.00    0.00   clock network delay (ideal)
                  0.15    0.00    0.00 ^ _188_/CLK (sky130_fd_sc_hd__dfxtp_2)
                  0.04    0.34    0.34 v _188_/Q (sky130_fd_sc_hd__dfxtp_2)
     3    0.01                           set[0] (net)
                  0.04    0.00    0.34 v _088_/A (sky130_fd_sc_hd__buf_1)
                  0.16    0.18    0.52 v _088_/X (sky130_fd_sc_hd__buf_1)
    10    0.03                           _036_ (net)
                  0.16    0.00    0.52 v _097_/A (sky130_fd_sc_hd__and3_2)
                  0.03    0.21    0.72 v _097_/X (sky130_fd_sc_hd__and3_2)
     1    0.00                           _044_ (net)
                  0.03    0.00    0.72 v _098_/A (sky130_fd_sc_hd__buf_1)
                  0.02    0.08    0.80 v _098_/X (sky130_fd_sc_hd__buf_1)
     1    0.00                           _001_ (net)
                  0.02    0.00    0.80 v _177_/D (sky130_fd_sc_hd__dfxtp_2)
                                  0.80   data arrival time

                  0.15    0.00    0.00   clock clk (rise edge)
                          0.00    0.00   clock network delay (ideal)
                          0.25    0.25   clock uncertainty
                          0.00    0.25   clock reconvergence pessimism
                                  0.25 ^ _177_/CLK (sky130_fd_sc_hd__dfxtp_2)
                         -0.01    0.24   library hold time
                                  0.24   data required time
-----------------------------------------------------------------------------
                                  0.24   data required time
                                 -0.80   data arrival time
-----------------------------------------------------------------------------
                                  0.56   slack (MET)


Startpoint: _188_ (rising edge-triggered flip-flop clocked by clk)
Endpoint: _180_ (rising edge-triggered flip-flop clocked by clk)
Path Group: clk
Path Type: min

Fanout     Cap    Slew   Delay    Time   Description
-----------------------------------------------------------------------------
                  0.15    0.00    0.00   clock clk (rise edge)
                          0.00    0.00   clock network delay (ideal)
                  0.15    0.00    0.00 ^ _188_/CLK (sky130_fd_sc_hd__dfxtp_2)
                  0.04    0.34    0.34 v _188_/Q (sky130_fd_sc_hd__dfxtp_2)
     3    0.01                           set[0] (net)
                  0.04    0.00    0.34 v _088_/A (sky130_fd_sc_hd__buf_1)
                  0.16    0.18    0.52 v _088_/X (sky130_fd_sc_hd__buf_1)
    10    0.03                           _036_ (net)
                  0.16    0.00    0.52 v _119_/A (sky130_fd_sc_hd__and2_2)
                  0.03    0.20    0.72 v _119_/X (sky130_fd_sc_hd__and2_2)
     1    0.00                           _063_ (net)
                  0.03    0.00    0.72 v _120_/A (sky130_fd_sc_hd__buf_1)
                  0.03    0.08    0.80 v _120_/X (sky130_fd_sc_hd__buf_1)
     1    0.00                           _004_ (net)
                  0.03    0.00    0.80 v _180_/D (sky130_fd_sc_hd__dfxtp_2)
                                  0.80   data arrival time

                  0.15    0.00    0.00   clock clk (rise edge)
                          0.00    0.00   clock network delay (ideal)
                          0.25    0.25   clock uncertainty
                          0.00    0.25   clock reconvergence pessimism
                                  0.25 ^ _180_/CLK (sky130_fd_sc_hd__dfxtp_2)
                         -0.02    0.23   library hold time
                                  0.23   data required time
-----------------------------------------------------------------------------
                                  0.23   data required time
                                 -0.80   data arrival time
-----------------------------------------------------------------------------
                                  0.57   slack (MET)


Startpoint: _188_ (rising edge-triggered flip-flop clocked by clk)
Endpoint: _179_ (rising edge-triggered flip-flop clocked by clk)
Path Group: clk
Path Type: min

Fanout     Cap    Slew   Delay    Time   Description
-----------------------------------------------------------------------------
                  0.15    0.00    0.00   clock clk (rise edge)
                          0.00    0.00   clock network delay (ideal)
                  0.15    0.00    0.00 ^ _188_/CLK (sky130_fd_sc_hd__dfxtp_2)
                  0.04    0.34    0.34 v _188_/Q (sky130_fd_sc_hd__dfxtp_2)
     3    0.01                           set[0] (net)
                  0.04    0.00    0.34 v _088_/A (sky130_fd_sc_hd__buf_1)
                  0.16    0.18    0.52 v _088_/X (sky130_fd_sc_hd__buf_1)
    10    0.03                           _036_ (net)
                  0.16    0.00    0.52 v _112_/A (sky130_fd_sc_hd__and3_2)
                  0.03    0.21    0.72 v _112_/X (sky130_fd_sc_hd__and3_2)
     1    0.00                           _057_ (net)
                  0.03    0.00    0.72 v _113_/A (sky130_fd_sc_hd__buf_1)
                  0.03    0.08    0.80 v _113_/X (sky130_fd_sc_hd__buf_1)
     1    0.00                           _003_ (net)
                  0.03    0.00    0.80 v _179_/D (sky130_fd_sc_hd__dfxtp_2)
                                  0.80   data arrival time

                  0.15    0.00    0.00   clock clk (rise edge)
                          0.00    0.00   clock network delay (ideal)
                          0.25    0.25   clock uncertainty
                          0.00    0.25   clock reconvergence pessimism
                                  0.25 ^ _179_/CLK (sky130_fd_sc_hd__dfxtp_2)
                         -0.01    0.24   library hold time
                                  0.24   data required time
-----------------------------------------------------------------------------
                                  0.24   data required time
                                 -0.80   data arrival time
-----------------------------------------------------------------------------
                                  0.57   slack (MET)


Startpoint: _188_ (rising edge-triggered flip-flop clocked by clk)
Endpoint: _178_ (rising edge-triggered flip-flop clocked by clk)
Path Group: clk
Path Type: min

Fanout     Cap    Slew   Delay    Time   Description
-----------------------------------------------------------------------------
                  0.15    0.00    0.00   clock clk (rise edge)
                          0.00    0.00   clock network delay (ideal)
                  0.15    0.00    0.00 ^ _188_/CLK (sky130_fd_sc_hd__dfxtp_2)
                  0.04    0.34    0.34 v _188_/Q (sky130_fd_sc_hd__dfxtp_2)
     3    0.01                           set[0] (net)
                  0.04    0.00    0.34 v _088_/A (sky130_fd_sc_hd__buf_1)
                  0.16    0.18    0.52 v _088_/X (sky130_fd_sc_hd__buf_1)
    10    0.03                           _036_ (net)
                  0.16    0.00    0.52 v _106_/A (sky130_fd_sc_hd__and3_2)
                  0.04    0.21    0.73 v _106_/X (sky130_fd_sc_hd__and3_2)
     1    0.00                           _052_ (net)
                  0.04    0.00    0.73 v _107_/A (sky130_fd_sc_hd__buf_1)
                  0.02    0.08    0.80 v _107_/X (sky130_fd_sc_hd__buf_1)
     1    0.00                           _002_ (net)
                  0.02    0.00    0.80 v _178_/D (sky130_fd_sc_hd__dfxtp_2)
                                  0.80   data arrival time

                  0.15    0.00    0.00   clock clk (rise edge)
                          0.00    0.00   clock network delay (ideal)
                          0.25    0.25   clock uncertainty
                          0.00    0.25   clock reconvergence pessimism
                                  0.25 ^ _178_/CLK (sky130_fd_sc_hd__dfxtp_2)
                         -0.01    0.24   library hold time
                                  0.24   data required time
-----------------------------------------------------------------------------
                                  0.24   data required time
                                 -0.80   data arrival time
-----------------------------------------------------------------------------
                                  0.57   slack (MET)


Startpoint: _188_ (rising edge-triggered flip-flop clocked by clk)
Endpoint: _183_ (rising edge-triggered flip-flop clocked by clk)
Path Group: clk
Path Type: min

Fanout     Cap    Slew   Delay    Time   Description
-----------------------------------------------------------------------------
                  0.15    0.00    0.00   clock clk (rise edge)
                          0.00    0.00   clock network delay (ideal)
                  0.15    0.00    0.00 ^ _188_/CLK (sky130_fd_sc_hd__dfxtp_2)
                  0.04    0.34    0.34 v _188_/Q (sky130_fd_sc_hd__dfxtp_2)
     3    0.01                           set[0] (net)
                  0.04    0.00    0.34 v _088_/A (sky130_fd_sc_hd__buf_1)
                  0.16    0.18    0.52 v _088_/X (sky130_fd_sc_hd__buf_1)
    10    0.03                           _036_ (net)
                  0.16    0.00    0.52 v _139_/A (sky130_fd_sc_hd__and3_2)
                  0.03    0.21    0.72 v _139_/X (sky130_fd_sc_hd__and3_2)
     1    0.00                           _080_ (net)
                  0.03    0.00    0.72 v _140_/A (sky130_fd_sc_hd__buf_1)
                  0.03    0.08    0.81 v _140_/X (sky130_fd_sc_hd__buf_1)
     1    0.00                           _007_ (net)
                  0.03    0.00    0.81 v _183_/D (sky130_fd_sc_hd__dfxtp_2)
                                  0.81   data arrival time

                  0.15    0.00    0.00   clock clk (rise edge)
                          0.00    0.00   clock network delay (ideal)
                          0.25    0.25   clock uncertainty
                          0.00    0.25   clock reconvergence pessimism
                                  0.25 ^ _183_/CLK (sky130_fd_sc_hd__dfxtp_2)
                         -0.02    0.23   library hold time
                                  0.23   data required time
-----------------------------------------------------------------------------
                                  0.23   data required time
                                 -0.81   data arrival time
-----------------------------------------------------------------------------
                                  0.57   slack (MET)


Startpoint: reset (input port clocked by clk)
Endpoint: _188_ (rising edge-triggered flip-flop clocked by clk)
Path Group: clk
Path Type: min

Fanout     Cap    Slew   Delay    Time   Description
-----------------------------------------------------------------------------
                  0.15    0.00    0.00   clock clk (rise edge)
                          0.00    0.00   clock network delay (ideal)
                          6.00    6.00 v input external delay
                  0.02    0.01    6.01 v reset (in)
     1    0.01                           reset (net)
                  0.02    0.00    6.01 v _175_/A (sky130_fd_sc_hd__inv_2)
                  0.03    0.03    6.05 ^ _175_/Y (sky130_fd_sc_hd__inv_2)
     1    0.00                           _012_ (net)
                  0.03    0.00    6.05 ^ _188_/D (sky130_fd_sc_hd__dfxtp_2)
                                  6.05   data arrival time

                  0.15    0.00    0.00   clock clk (rise edge)
                          0.00    0.00   clock network delay (ideal)
                          0.25    0.25   clock uncertainty
                          0.00    0.25   clock reconvergence pessimism
                                  0.25 ^ _188_/CLK (sky130_fd_sc_hd__dfxtp_2)
                         -0.01    0.24   library hold time
                                  0.24   data required time
-----------------------------------------------------------------------------
                                  0.24   data required time
                                 -6.05   data arrival time
-----------------------------------------------------------------------------
                                  5.81   slack (MET)


Startpoint: _183_ (rising edge-triggered flip-flop clocked by clk)
Endpoint: count[7] (output port clocked by clk)
Path Group: clk
Path Type: min

Fanout     Cap    Slew   Delay    Time   Description
-----------------------------------------------------------------------------
                  0.15    0.00    0.00   clock clk (rise edge)
                          0.00    0.00   clock network delay (ideal)
                  0.15    0.00    0.00 ^ _183_/CLK (sky130_fd_sc_hd__dfxtp_2)
                  0.11    0.40    0.40 v _183_/Q (sky130_fd_sc_hd__dfxtp_2)
     3    0.05                           count[7] (net)
                  0.11    0.00    0.40 v count[7] (out)
                                  0.40   data arrival time

                  0.15    0.00    0.00   clock clk (rise edge)
                          0.00    0.00   clock network delay (ideal)
                          0.25    0.25   clock uncertainty
                          0.00    0.25   clock reconvergence pessimism
                         -6.00   -5.75   output external delay
                                 -5.75   data required time
-----------------------------------------------------------------------------
                                 -5.75   data required time
                                 -0.40   data arrival time
-----------------------------------------------------------------------------
                                  6.15   slack (MET)


Startpoint: _177_ (rising edge-triggered flip-flop clocked by clk)
Endpoint: count[1] (output port clocked by clk)
Path Group: clk
Path Type: min

Fanout     Cap    Slew   Delay    Time   Description
-----------------------------------------------------------------------------
                  0.15    0.00    0.00   clock clk (rise edge)
                          0.00    0.00   clock network delay (ideal)
                  0.15    0.00    0.00 ^ _177_/CLK (sky130_fd_sc_hd__dfxtp_2)
                  0.12    0.41    0.41 v _177_/Q (sky130_fd_sc_hd__dfxtp_2)
     4    0.05                           count[1] (net)
                  0.12    0.00    0.41 v count[1] (out)
                                  0.41   data arrival time

                  0.15    0.00    0.00   clock clk (rise edge)
                          0.00    0.00   clock network delay (ideal)
                          0.25    0.25   clock uncertainty
                          0.00    0.25   clock reconvergence pessimism
                         -6.00   -5.75   output external delay
                                 -5.75   data required time
-----------------------------------------------------------------------------
                                 -5.75   data required time
                                 -0.41   data arrival time
-----------------------------------------------------------------------------
                                  6.16   slack (MET)


Startpoint: _178_ (rising edge-triggered flip-flop clocked by clk)
Endpoint: count[2] (output port clocked by clk)
Path Group: clk
Path Type: min

Fanout     Cap    Slew   Delay    Time   Description
-----------------------------------------------------------------------------
                  0.15    0.00    0.00   clock clk (rise edge)
                          0.00    0.00   clock network delay (ideal)
                  0.15    0.00    0.00 ^ _178_/CLK (sky130_fd_sc_hd__dfxtp_2)
                  0.13    0.41    0.41 v _178_/Q (sky130_fd_sc_hd__dfxtp_2)
     4    0.05                           count[2] (net)
                  0.13    0.00    0.42 v count[2] (out)
                                  0.42   data arrival time

                  0.15    0.00    0.00   clock clk (rise edge)
                          0.00    0.00   clock network delay (ideal)
                          0.25    0.25   clock uncertainty
                          0.00    0.25   clock reconvergence pessimism
                         -6.00   -5.75   output external delay
                                 -5.75   data required time
-----------------------------------------------------------------------------
                                 -5.75   data required time
                                 -0.42   data arrival time
-----------------------------------------------------------------------------
                                  6.17   slack (MET)


Startpoint: _186_ (rising edge-triggered flip-flop clocked by clk)
Endpoint: count[10] (output port clocked by clk)
Path Group: clk
Path Type: min

Fanout     Cap    Slew   Delay    Time   Description
-----------------------------------------------------------------------------
                  0.15    0.00    0.00   clock clk (rise edge)
                          0.00    0.00   clock network delay (ideal)
                  0.15    0.00    0.00 ^ _186_/CLK (sky130_fd_sc_hd__dfxtp_2)
                  0.13    0.42    0.42 v _186_/Q (sky130_fd_sc_hd__dfxtp_2)
     4    0.06                           count[10] (net)
                  0.13    0.00    0.42 v count[10] (out)
                                  0.42   data arrival time

                  0.15    0.00    0.00   clock clk (rise edge)
                          0.00    0.00   clock network delay (ideal)
                          0.25    0.25   clock uncertainty
                          0.00    0.25   clock reconvergence pessimism
                         -6.00   -5.75   output external delay
                                 -5.75   data required time
-----------------------------------------------------------------------------
                                 -5.75   data required time
                                 -0.42   data arrival time
-----------------------------------------------------------------------------
                                  6.17   slack (MET)


Startpoint: _179_ (rising edge-triggered flip-flop clocked by clk)
Endpoint: count[3] (output port clocked by clk)
Path Group: clk
Path Type: min

Fanout     Cap    Slew   Delay    Time   Description
-----------------------------------------------------------------------------
                  0.15    0.00    0.00   clock clk (rise edge)
                          0.00    0.00   clock network delay (ideal)
                  0.15    0.00    0.00 ^ _179_/CLK (sky130_fd_sc_hd__dfxtp_2)
                  0.14    0.42    0.42 v _179_/Q (sky130_fd_sc_hd__dfxtp_2)
     4    0.06                           count[3] (net)
                  0.14    0.01    0.42 v count[3] (out)
                                  0.42   data arrival time

                  0.15    0.00    0.00   clock clk (rise edge)
                          0.00    0.00   clock network delay (ideal)
                          0.25    0.25   clock uncertainty
                          0.00    0.25   clock reconvergence pessimism
                         -6.00   -5.75   output external delay
                                 -5.75   data required time
-----------------------------------------------------------------------------
                                 -5.75   data required time
                                 -0.42   data arrival time
-----------------------------------------------------------------------------
                                  6.17   slack (MET)


Startpoint: _176_ (rising edge-triggered flip-flop clocked by clk)
Endpoint: count[0] (output port clocked by clk)
Path Group: clk
Path Type: min

Fanout     Cap    Slew   Delay    Time   Description
-----------------------------------------------------------------------------
                  0.15    0.00    0.00   clock clk (rise edge)
                          0.00    0.00   clock network delay (ideal)
                  0.15    0.00    0.00 ^ _176_/CLK (sky130_fd_sc_hd__dfxtp_2)
                  0.14    0.42    0.42 v _176_/Q (sky130_fd_sc_hd__dfxtp_2)
     4    0.06                           count[0] (net)
                  0.14    0.01    0.43 v count[0] (out)
                                  0.43   data arrival time

                  0.15    0.00    0.00   clock clk (rise edge)
                          0.00    0.00   clock network delay (ideal)
                          0.25    0.25   clock uncertainty
                          0.00    0.25   clock reconvergence pessimism
                         -6.00   -5.75   output external delay
                                 -5.75   data required time
-----------------------------------------------------------------------------
                                 -5.75   data required time
                                 -0.43   data arrival time
-----------------------------------------------------------------------------
                                  6.18   slack (MET)


Startpoint: _187_ (rising edge-triggered flip-flop clocked by clk)
Endpoint: count[11] (output port clocked by clk)
Path Group: clk
Path Type: min

Fanout     Cap    Slew   Delay    Time   Description
-----------------------------------------------------------------------------
                  0.15    0.00    0.00   clock clk (rise edge)
                          0.00    0.00   clock network delay (ideal)
                  0.15    0.00    0.00 ^ _187_/CLK (sky130_fd_sc_hd__dfxtp_2)
                  0.14    0.42    0.42 v _187_/Q (sky130_fd_sc_hd__dfxtp_2)
     3    0.06                           count[11] (net)
                  0.15    0.01    0.43 v count[11] (out)
                                  0.43   data arrival time

                  0.15    0.00    0.00   clock clk (rise edge)
                          0.00    0.00   clock network delay (ideal)
                          0.25    0.25   clock uncertainty
                          0.00    0.25   clock reconvergence pessimism
                         -6.00   -5.75   output external delay
                                 -5.75   data required time
-----------------------------------------------------------------------------
                                 -5.75   data required time
                                 -0.43   data arrival time
-----------------------------------------------------------------------------
                                  6.18   slack (MET)


Startpoint: _180_ (rising edge-triggered flip-flop clocked by clk)
Endpoint: count[4] (output port clocked by clk)
Path Group: clk
Path Type: min

Fanout     Cap    Slew   Delay    Time   Description
-----------------------------------------------------------------------------
                  0.15    0.00    0.00   clock clk (rise edge)
                          0.00    0.00   clock network delay (ideal)
                  0.15    0.00    0.00 ^ _180_/CLK (sky130_fd_sc_hd__dfxtp_2)
                  0.15    0.43    0.43 v _180_/Q (sky130_fd_sc_hd__dfxtp_2)
     4    0.06                           count[4] (net)
                  0.15    0.01    0.43 v count[4] (out)
                                  0.43   data arrival time

                  0.15    0.00    0.00   clock clk (rise edge)
                          0.00    0.00   clock network delay (ideal)
                          0.25    0.25   clock uncertainty
                          0.00    0.25   clock reconvergence pessimism
                         -6.00   -5.75   output external delay
                                 -5.75   data required time
-----------------------------------------------------------------------------
                                 -5.75   data required time
                                 -0.43   data arrival time
-----------------------------------------------------------------------------
                                  6.18   slack (MET)


Startpoint: _182_ (rising edge-triggered flip-flop clocked by clk)
Endpoint: count[6] (output port clocked by clk)
Path Group: clk
Path Type: min

Fanout     Cap    Slew   Delay    Time   Description
-----------------------------------------------------------------------------
                  0.15    0.00    0.00   clock clk (rise edge)
                          0.00    0.00   clock network delay (ideal)
                  0.15    0.00    0.00 ^ _182_/CLK (sky130_fd_sc_hd__dfxtp_2)
                  0.15    0.43    0.43 v _182_/Q (sky130_fd_sc_hd__dfxtp_2)
     3    0.06                           count[6] (net)
                  0.15    0.01    0.44 v count[6] (out)
                                  0.44   data arrival time

                  0.15    0.00    0.00   clock clk (rise edge)
                          0.00    0.00   clock network delay (ideal)
                          0.25    0.25   clock uncertainty
                          0.00    0.25   clock reconvergence pessimism
                         -6.00   -5.75   output external delay
                                 -5.75   data required time
-----------------------------------------------------------------------------
                                 -5.75   data required time
                                 -0.44   data arrival time
-----------------------------------------------------------------------------
                                  6.19   slack (MET)


Startpoint: _184_ (rising edge-triggered flip-flop clocked by clk)
Endpoint: count[8] (output port clocked by clk)
Path Group: clk
Path Type: min

Fanout     Cap    Slew   Delay    Time   Description
-----------------------------------------------------------------------------
                  0.15    0.00    0.00   clock clk (rise edge)
                          0.00    0.00   clock network delay (ideal)
                  0.15    0.00    0.00 ^ _184_/CLK (sky130_fd_sc_hd__dfxtp_2)
                  0.15    0.43    0.43 v _184_/Q (sky130_fd_sc_hd__dfxtp_2)
     4    0.06                           count[8] (net)
                  0.15    0.01    0.44 v count[8] (out)
                                  0.44   data arrival time

                  0.15    0.00    0.00   clock clk (rise edge)
                          0.00    0.00   clock network delay (ideal)
                          0.25    0.25   clock uncertainty
                          0.00    0.25   clock reconvergence pessimism
                         -6.00   -5.75   output external delay
                                 -5.75   data required time
-----------------------------------------------------------------------------
                                 -5.75   data required time
                                 -0.44   data arrival time
-----------------------------------------------------------------------------
                                  6.19   slack (MET)


Startpoint: _185_ (rising edge-triggered flip-flop clocked by clk)
Endpoint: count[9] (output port clocked by clk)
Path Group: clk
Path Type: min

Fanout     Cap    Slew   Delay    Time   Description
-----------------------------------------------------------------------------
                  0.15    0.00    0.00   clock clk (rise edge)
                          0.00    0.00   clock network delay (ideal)
                  0.15    0.00    0.00 ^ _185_/CLK (sky130_fd_sc_hd__dfxtp_2)
                  0.15    0.43    0.43 v _185_/Q (sky130_fd_sc_hd__dfxtp_2)
     3    0.06                           count[9] (net)
                  0.16    0.01    0.44 v count[9] (out)
                                  0.44   data arrival time

                  0.15    0.00    0.00   clock clk (rise edge)
                          0.00    0.00   clock network delay (ideal)
                          0.25    0.25   clock uncertainty
                          0.00    0.25   clock reconvergence pessimism
                         -6.00   -5.75   output external delay
                                 -5.75   data required time
-----------------------------------------------------------------------------
                                 -5.75   data required time
                                 -0.44   data arrival time
-----------------------------------------------------------------------------
                                  6.19   slack (MET)


Startpoint: _181_ (rising edge-triggered flip-flop clocked by clk)
Endpoint: count[5] (output port clocked by clk)
Path Group: clk
Path Type: min

Fanout     Cap    Slew   Delay    Time   Description
-----------------------------------------------------------------------------
                  0.15    0.00    0.00   clock clk (rise edge)
                          0.00    0.00   clock network delay (ideal)
                  0.15    0.00    0.00 ^ _181_/CLK (sky130_fd_sc_hd__dfxtp_2)
                  0.16    0.43    0.43 v _181_/Q (sky130_fd_sc_hd__dfxtp_2)
     4    0.07                           count[5] (net)
                  0.16    0.01    0.44 v count[5] (out)
                                  0.44   data arrival time

                  0.15    0.00    0.00   clock clk (rise edge)
                          0.00    0.00   clock network delay (ideal)
                          0.25    0.25   clock uncertainty
                          0.00    0.25   clock reconvergence pessimism
                         -6.00   -5.75   output external delay
                                 -5.75   data required time
-----------------------------------------------------------------------------
                                 -5.75   data required time
                                 -0.44   data arrival time
-----------------------------------------------------------------------------
                                  6.19   slack (MET)



