
===========================================================================
report_checks -path_delay max (Setup)
============================================================================
======================= Typical Corner ===================================

Startpoint: addition[1] (input port clocked by clk)
Endpoint: _183_ (rising edge-triggered flip-flop clocked by clk)
Path Group: clk
Path Type: max

Fanout     Cap    Slew   Delay    Time   Description
-----------------------------------------------------------------------------
                  0.15    0.00    0.00   clock clk (rise edge)
                          0.00    0.00   clock network delay (ideal)
                          6.00    6.00 v input external delay
                  0.06    0.05    6.05 v addition[1] (in)
     3    0.03                           addition[1] (net)
                  0.06    0.00    6.05 v _099_/B (sky130_fd_sc_hd__or2_2)
                  0.05    0.28    6.33 v _099_/X (sky130_fd_sc_hd__or2_2)
     1    0.00                           _045_ (net)
                  0.05    0.00    6.33 v _100_/A3 (sky130_fd_sc_hd__a31o_2)
                  0.05    0.28    6.61 v _100_/X (sky130_fd_sc_hd__a31o_2)
     3    0.01                           _046_ (net)
                  0.05    0.00    6.61 v _117_/A1 (sky130_fd_sc_hd__a311o_2)
                  0.08    0.37    6.98 v _117_/X (sky130_fd_sc_hd__a311o_2)
     3    0.01                           _061_ (net)
                  0.08    0.00    6.98 v _124_/B (sky130_fd_sc_hd__and2b_2)
                  0.05    0.23    7.21 v _124_/X (sky130_fd_sc_hd__and2b_2)
     3    0.01                           _067_ (net)
                  0.05    0.00    7.21 v _130_/A1 (sky130_fd_sc_hd__o211a_2)
                  0.06    0.30    7.51 v _130_/X (sky130_fd_sc_hd__o211a_2)
     3    0.01                           _072_ (net)
                  0.06    0.00    7.51 v _137_/C1 (sky130_fd_sc_hd__a211o_2)
                  0.04    0.27    7.78 v _137_/X (sky130_fd_sc_hd__a211o_2)
     1    0.00                           _078_ (net)
                  0.04    0.00    7.78 v _139_/B (sky130_fd_sc_hd__and3_2)
                  0.04    0.20    7.98 v _139_/X (sky130_fd_sc_hd__and3_2)
     1    0.00                           _080_ (net)
                  0.04    0.00    7.98 v _140_/A (sky130_fd_sc_hd__buf_1)
                  0.03    0.09    8.07 v _140_/X (sky130_fd_sc_hd__buf_1)
     1    0.00                           _007_ (net)
                  0.03    0.00    8.07 v _183_/D (sky130_fd_sc_hd__dfxtp_2)
                                  8.07   data arrival time

                  0.15   30.00   30.00   clock clk (rise edge)
                          0.00   30.00   clock network delay (ideal)
                         -0.25   29.75   clock uncertainty
                          0.00   29.75   clock reconvergence pessimism
                                 29.75 ^ _183_/CLK (sky130_fd_sc_hd__dfxtp_2)
                         -0.08   29.67   library setup time
                                 29.67   data required time
-----------------------------------------------------------------------------
                                 29.67   data required time
                                 -8.07   data arrival time
-----------------------------------------------------------------------------
                                 21.59   slack (MET)


Startpoint: addition[1] (input port clocked by clk)
Endpoint: _187_ (rising edge-triggered flip-flop clocked by clk)
Path Group: clk
Path Type: max

Fanout     Cap    Slew   Delay    Time   Description
-----------------------------------------------------------------------------
                  0.15    0.00    0.00   clock clk (rise edge)
                          0.00    0.00   clock network delay (ideal)
                          6.00    6.00 v input external delay
                  0.06    0.05    6.05 v addition[1] (in)
     3    0.03                           addition[1] (net)
                  0.06    0.00    6.05 v _099_/B (sky130_fd_sc_hd__or2_2)
                  0.05    0.28    6.33 v _099_/X (sky130_fd_sc_hd__or2_2)
     1    0.00                           _045_ (net)
                  0.05    0.00    6.33 v _100_/A3 (sky130_fd_sc_hd__a31o_2)
                  0.05    0.28    6.61 v _100_/X (sky130_fd_sc_hd__a31o_2)
     3    0.01                           _046_ (net)
                  0.05    0.00    6.61 v _117_/A1 (sky130_fd_sc_hd__a311o_2)
                  0.08    0.37    6.98 v _117_/X (sky130_fd_sc_hd__a311o_2)
     3    0.01                           _061_ (net)
                  0.08    0.00    6.98 v _145_/A1 (sky130_fd_sc_hd__a21o_2)
                  0.05    0.23    7.21 v _145_/X (sky130_fd_sc_hd__a21o_2)
     3    0.01                           _085_ (net)
                  0.05    0.00    7.21 v _165_/A1 (sky130_fd_sc_hd__a31o_2)
                  0.07    0.25    7.46 v _165_/X (sky130_fd_sc_hd__a31o_2)
     4    0.02                           _028_ (net)
                  0.07    0.00    7.46 v _173_/A2 (sky130_fd_sc_hd__a211o_2)
                  0.05    0.34    7.81 v _173_/X (sky130_fd_sc_hd__a211o_2)
     1    0.00                           _035_ (net)
                  0.05    0.00    7.81 v _174_/B1 (sky130_fd_sc_hd__o311a_2)
                  0.05    0.13    7.94 v _174_/X (sky130_fd_sc_hd__o311a_2)
     1    0.00                           _011_ (net)
                  0.05    0.00    7.94 v _187_/D (sky130_fd_sc_hd__dfxtp_2)
                                  7.94   data arrival time

                  0.15   30.00   30.00   clock clk (rise edge)
                          0.00   30.00   clock network delay (ideal)
                         -0.25   29.75   clock uncertainty
                          0.00   29.75   clock reconvergence pessimism
                                 29.75 ^ _187_/CLK (sky130_fd_sc_hd__dfxtp_2)
                         -0.09   29.66   library setup time
                                 29.66   data required time
-----------------------------------------------------------------------------
                                 29.66   data required time
                                 -7.94   data arrival time
-----------------------------------------------------------------------------
                                 21.72   slack (MET)


Startpoint: addition[1] (input port clocked by clk)
Endpoint: _184_ (rising edge-triggered flip-flop clocked by clk)
Path Group: clk
Path Type: max

Fanout     Cap    Slew   Delay    Time   Description
-----------------------------------------------------------------------------
                  0.15    0.00    0.00   clock clk (rise edge)
                          0.00    0.00   clock network delay (ideal)
                          6.00    6.00 v input external delay
                  0.06    0.05    6.05 v addition[1] (in)
     3    0.03                           addition[1] (net)
                  0.06    0.00    6.05 v _099_/B (sky130_fd_sc_hd__or2_2)
                  0.05    0.28    6.33 v _099_/X (sky130_fd_sc_hd__or2_2)
     1    0.00                           _045_ (net)
                  0.05    0.00    6.33 v _100_/A3 (sky130_fd_sc_hd__a31o_2)
                  0.05    0.28    6.61 v _100_/X (sky130_fd_sc_hd__a31o_2)
     3    0.01                           _046_ (net)
                  0.05    0.00    6.61 v _117_/A1 (sky130_fd_sc_hd__a311o_2)
                  0.08    0.37    6.98 v _117_/X (sky130_fd_sc_hd__a311o_2)
     3    0.01                           _061_ (net)
                  0.08    0.00    6.98 v _145_/A1 (sky130_fd_sc_hd__a21o_2)
                  0.05    0.23    7.21 v _145_/X (sky130_fd_sc_hd__a21o_2)
     3    0.01                           _085_ (net)
                  0.05    0.00    7.21 v _149_/A (sky130_fd_sc_hd__or2_2)
                  0.05    0.30    7.51 v _149_/X (sky130_fd_sc_hd__or2_2)
     1    0.00                           _014_ (net)
                  0.05    0.00    7.51 v _151_/B (sky130_fd_sc_hd__and3_2)
                  0.04    0.20    7.70 v _151_/X (sky130_fd_sc_hd__and3_2)
     1    0.00                           _016_ (net)
                  0.04    0.00    7.70 v _152_/A (sky130_fd_sc_hd__buf_1)
                  0.03    0.09    7.79 v _152_/X (sky130_fd_sc_hd__buf_1)
     1    0.00                           _008_ (net)
                  0.03    0.00    7.79 v _184_/D (sky130_fd_sc_hd__dfxtp_2)
                                  7.79   data arrival time

                  0.15   30.00   30.00   clock clk (rise edge)
                          0.00   30.00   clock network delay (ideal)
                         -0.25   29.75   clock uncertainty
                          0.00   29.75   clock reconvergence pessimism
                                 29.75 ^ _184_/CLK (sky130_fd_sc_hd__dfxtp_2)
                         -0.08   29.67   library setup time
                                 29.67   data required time
-----------------------------------------------------------------------------
                                 29.67   data required time
                                 -7.79   data arrival time
-----------------------------------------------------------------------------
                                 21.88   slack (MET)


Startpoint: addition[1] (input port clocked by clk)
Endpoint: _186_ (rising edge-triggered flip-flop clocked by clk)
Path Group: clk
Path Type: max

Fanout     Cap    Slew   Delay    Time   Description
-----------------------------------------------------------------------------
                  0.15    0.00    0.00   clock clk (rise edge)
                          0.00    0.00   clock network delay (ideal)
                          6.00    6.00 v input external delay
                  0.06    0.05    6.05 v addition[1] (in)
     3    0.03                           addition[1] (net)
                  0.06    0.00    6.05 v _099_/B (sky130_fd_sc_hd__or2_2)
                  0.05    0.28    6.33 v _099_/X (sky130_fd_sc_hd__or2_2)
     1    0.00                           _045_ (net)
                  0.05    0.00    6.33 v _100_/A3 (sky130_fd_sc_hd__a31o_2)
                  0.05    0.28    6.61 v _100_/X (sky130_fd_sc_hd__a31o_2)
     3    0.01                           _046_ (net)
                  0.05    0.00    6.61 v _117_/A1 (sky130_fd_sc_hd__a311o_2)
                  0.08    0.37    6.98 v _117_/X (sky130_fd_sc_hd__a311o_2)
     3    0.01                           _061_ (net)
                  0.08    0.00    6.98 v _145_/A1 (sky130_fd_sc_hd__a21o_2)
                  0.05    0.23    7.21 v _145_/X (sky130_fd_sc_hd__a21o_2)
     3    0.01                           _085_ (net)
                  0.05    0.00    7.21 v _165_/A1 (sky130_fd_sc_hd__a31o_2)
                  0.07    0.25    7.46 v _165_/X (sky130_fd_sc_hd__a31o_2)
     4    0.02                           _028_ (net)
                  0.07    0.00    7.46 v _166_/A2 (sky130_fd_sc_hd__o21ai_2)
                  0.11    0.13    7.59 ^ _166_/Y (sky130_fd_sc_hd__o21ai_2)
     1    0.00                           _029_ (net)
                  0.11    0.00    7.59 ^ _167_/B1 (sky130_fd_sc_hd__a21oi_2)
                  0.05    0.04    7.64 v _167_/Y (sky130_fd_sc_hd__a21oi_2)
     1    0.00                           _010_ (net)
                  0.05    0.00    7.64 v _186_/D (sky130_fd_sc_hd__dfxtp_2)
                                  7.64   data arrival time

                  0.15   30.00   30.00   clock clk (rise edge)
                          0.00   30.00   clock network delay (ideal)
                         -0.25   29.75   clock uncertainty
                          0.00   29.75   clock reconvergence pessimism
                                 29.75 ^ _186_/CLK (sky130_fd_sc_hd__dfxtp_2)
                         -0.09   29.66   library setup time
                                 29.66   data required time
-----------------------------------------------------------------------------
                                 29.66   data required time
                                 -7.64   data arrival time
-----------------------------------------------------------------------------
                                 22.02   slack (MET)


Startpoint: addition[1] (input port clocked by clk)
Endpoint: _181_ (rising edge-triggered flip-flop clocked by clk)
Path Group: clk
Path Type: max

Fanout     Cap    Slew   Delay    Time   Description
-----------------------------------------------------------------------------
                  0.15    0.00    0.00   clock clk (rise edge)
                          0.00    0.00   clock network delay (ideal)
                          6.00    6.00 v input external delay
                  0.06    0.05    6.05 v addition[1] (in)
     3    0.03                           addition[1] (net)
                  0.06    0.00    6.05 v _099_/B (sky130_fd_sc_hd__or2_2)
                  0.05    0.28    6.33 v _099_/X (sky130_fd_sc_hd__or2_2)
     1    0.00                           _045_ (net)
                  0.05    0.00    6.33 v _100_/A3 (sky130_fd_sc_hd__a31o_2)
                  0.05    0.28    6.61 v _100_/X (sky130_fd_sc_hd__a31o_2)
     3    0.01                           _046_ (net)
                  0.05    0.00    6.61 v _117_/A1 (sky130_fd_sc_hd__a311o_2)
                  0.08    0.37    6.98 v _117_/X (sky130_fd_sc_hd__a311o_2)
     3    0.01                           _061_ (net)
                  0.08    0.00    6.98 v _124_/B (sky130_fd_sc_hd__and2b_2)
                  0.05    0.23    7.21 v _124_/X (sky130_fd_sc_hd__and2b_2)
     3    0.01                           _067_ (net)
                  0.05    0.00    7.21 v _125_/B1 (sky130_fd_sc_hd__a21o_2)
                  0.04    0.21    7.42 v _125_/X (sky130_fd_sc_hd__a21o_2)
     2    0.01                           _068_ (net)
                  0.04    0.00    7.42 v _126_/A2 (sky130_fd_sc_hd__a21boi_2)
                  0.08    0.13    7.55 ^ _126_/Y (sky130_fd_sc_hd__a21boi_2)
     1    0.00                           _069_ (net)
                  0.08    0.00    7.55 ^ _127_/B1 (sky130_fd_sc_hd__o21a_2)
                  0.04    0.14    7.68 ^ _127_/X (sky130_fd_sc_hd__o21a_2)
     1    0.00                           _005_ (net)
                  0.04    0.00    7.68 ^ _181_/D (sky130_fd_sc_hd__dfxtp_2)
                                  7.68   data arrival time

                  0.15   30.00   30.00   clock clk (rise edge)
                          0.00   30.00   clock network delay (ideal)
                         -0.25   29.75   clock uncertainty
                          0.00   29.75   clock reconvergence pessimism
                                 29.75 ^ _181_/CLK (sky130_fd_sc_hd__dfxtp_2)
                         -0.04   29.71   library setup time
                                 29.71   data required time
-----------------------------------------------------------------------------
                                 29.71   data required time
                                 -7.68   data arrival time
-----------------------------------------------------------------------------
                                 22.02   slack (MET)


Startpoint: addition[1] (input port clocked by clk)
Endpoint: _185_ (rising edge-triggered flip-flop clocked by clk)
Path Group: clk
Path Type: max

Fanout     Cap    Slew   Delay    Time   Description
-----------------------------------------------------------------------------
                  0.15    0.00    0.00   clock clk (rise edge)
                          0.00    0.00   clock network delay (ideal)
                          6.00    6.00 v input external delay
                  0.06    0.05    6.05 v addition[1] (in)
     3    0.03                           addition[1] (net)
                  0.06    0.00    6.05 v _099_/B (sky130_fd_sc_hd__or2_2)
                  0.05    0.28    6.33 v _099_/X (sky130_fd_sc_hd__or2_2)
     1    0.00                           _045_ (net)
                  0.05    0.00    6.33 v _100_/A3 (sky130_fd_sc_hd__a31o_2)
                  0.05    0.28    6.61 v _100_/X (sky130_fd_sc_hd__a31o_2)
     3    0.01                           _046_ (net)
                  0.05    0.00    6.61 v _117_/A1 (sky130_fd_sc_hd__a311o_2)
                  0.08    0.37    6.98 v _117_/X (sky130_fd_sc_hd__a311o_2)
     3    0.01                           _061_ (net)
                  0.08    0.00    6.98 v _145_/A1 (sky130_fd_sc_hd__a21o_2)
                  0.05    0.23    7.21 v _145_/X (sky130_fd_sc_hd__a21o_2)
     3    0.01                           _085_ (net)
                  0.05    0.00    7.21 v _150_/A (sky130_fd_sc_hd__nand2_2)
                  0.07    0.08    7.29 ^ _150_/Y (sky130_fd_sc_hd__nand2_2)
     3    0.01                           _015_ (net)
                  0.07    0.00    7.29 ^ _155_/C1 (sky130_fd_sc_hd__o211ai_2)
                  0.06    0.07    7.36 v _155_/Y (sky130_fd_sc_hd__o211ai_2)
     1    0.00                           _019_ (net)
                  0.06    0.00    7.36 v _158_/B (sky130_fd_sc_hd__and3_2)
                  0.04    0.20    7.56 v _158_/X (sky130_fd_sc_hd__and3_2)
     1    0.00                           _022_ (net)
                  0.04    0.00    7.56 v _159_/A (sky130_fd_sc_hd__buf_1)
                  0.02    0.08    7.65 v _159_/X (sky130_fd_sc_hd__buf_1)
     1    0.00                           _009_ (net)
                  0.02    0.00    7.65 v _185_/D (sky130_fd_sc_hd__dfxtp_2)
                                  7.65   data arrival time

                  0.15   30.00   30.00   clock clk (rise edge)
                          0.00   30.00   clock network delay (ideal)
                         -0.25   29.75   clock uncertainty
                          0.00   29.75   clock reconvergence pessimism
                                 29.75 ^ _185_/CLK (sky130_fd_sc_hd__dfxtp_2)
                         -0.08   29.67   library setup time
                                 29.67   data required time
-----------------------------------------------------------------------------
                                 29.67   data required time
                                 -7.65   data arrival time
-----------------------------------------------------------------------------
                                 22.03   slack (MET)


Startpoint: addition[1] (input port clocked by clk)
Endpoint: _182_ (rising edge-triggered flip-flop clocked by clk)
Path Group: clk
Path Type: max

Fanout     Cap    Slew   Delay    Time   Description
-----------------------------------------------------------------------------
                  0.15    0.00    0.00   clock clk (rise edge)
                          0.00    0.00   clock network delay (ideal)
                          6.00    6.00 v input external delay
                  0.06    0.05    6.05 v addition[1] (in)
     3    0.03                           addition[1] (net)
                  0.06    0.00    6.05 v _099_/B (sky130_fd_sc_hd__or2_2)
                  0.05    0.28    6.33 v _099_/X (sky130_fd_sc_hd__or2_2)
     1    0.00                           _045_ (net)
                  0.05    0.00    6.33 v _100_/A3 (sky130_fd_sc_hd__a31o_2)
                  0.05    0.28    6.61 v _100_/X (sky130_fd_sc_hd__a31o_2)
     3    0.01                           _046_ (net)
                  0.05    0.00    6.61 v _117_/A1 (sky130_fd_sc_hd__a311o_2)
                  0.08    0.37    6.98 v _117_/X (sky130_fd_sc_hd__a311o_2)
     3    0.01                           _061_ (net)
                  0.08    0.00    6.98 v _124_/B (sky130_fd_sc_hd__and2b_2)
                  0.05    0.23    7.21 v _124_/X (sky130_fd_sc_hd__and2b_2)
     3    0.01                           _067_ (net)
                  0.05    0.00    7.21 v _131_/A1 (sky130_fd_sc_hd__o21a_2)
                  0.04    0.22    7.43 v _131_/X (sky130_fd_sc_hd__o21a_2)
     1    0.00                           _073_ (net)
                  0.04    0.00    7.43 v _132_/A2 (sky130_fd_sc_hd__o21ai_2)
                  0.11    0.13    7.56 ^ _132_/Y (sky130_fd_sc_hd__o21ai_2)
     1    0.01                           _074_ (net)
                  0.11    0.00    7.56 ^ _133_/B (sky130_fd_sc_hd__nor2_2)
                  0.03    0.05    7.61 v _133_/Y (sky130_fd_sc_hd__nor2_2)
     1    0.00                           _006_ (net)
                  0.03    0.00    7.61 v _182_/D (sky130_fd_sc_hd__dfxtp_2)
                                  7.61   data arrival time

                  0.15   30.00   30.00   clock clk (rise edge)
                          0.00   30.00   clock network delay (ideal)
                         -0.25   29.75   clock uncertainty
                          0.00   29.75   clock reconvergence pessimism
                                 29.75 ^ _182_/CLK (sky130_fd_sc_hd__dfxtp_2)
                         -0.08   29.67   library setup time
                                 29.67   data required time
-----------------------------------------------------------------------------
                                 29.67   data required time
                                 -7.61   data arrival time
-----------------------------------------------------------------------------
                                 22.06   slack (MET)


Startpoint: addition[1] (input port clocked by clk)
Endpoint: _180_ (rising edge-triggered flip-flop clocked by clk)
Path Group: clk
Path Type: max

Fanout     Cap    Slew   Delay    Time   Description
-----------------------------------------------------------------------------
                  0.15    0.00    0.00   clock clk (rise edge)
                          0.00    0.00   clock network delay (ideal)
                          6.00    6.00 v input external delay
                  0.06    0.05    6.05 v addition[1] (in)
     3    0.03                           addition[1] (net)
                  0.06    0.00    6.05 v _099_/B (sky130_fd_sc_hd__or2_2)
                  0.05    0.28    6.33 v _099_/X (sky130_fd_sc_hd__or2_2)
     1    0.00                           _045_ (net)
                  0.05    0.00    6.33 v _100_/A3 (sky130_fd_sc_hd__a31o_2)
                  0.05    0.28    6.61 v _100_/X (sky130_fd_sc_hd__a31o_2)
     3    0.01                           _046_ (net)
                  0.05    0.00    6.61 v _117_/A1 (sky130_fd_sc_hd__a311o_2)
                  0.08    0.37    6.98 v _117_/X (sky130_fd_sc_hd__a311o_2)
     3    0.01                           _061_ (net)
                  0.08    0.00    6.98 v _118_/B (sky130_fd_sc_hd__xnor2_2)
                  0.05    0.14    7.12 v _118_/Y (sky130_fd_sc_hd__xnor2_2)
     1    0.00                           _062_ (net)
                  0.05    0.00    7.12 v _119_/B (sky130_fd_sc_hd__and2_2)
                  0.04    0.19    7.31 v _119_/X (sky130_fd_sc_hd__and2_2)
     1    0.00                           _063_ (net)
                  0.04    0.00    7.31 v _120_/A (sky130_fd_sc_hd__buf_1)
                  0.03    0.09    7.40 v _120_/X (sky130_fd_sc_hd__buf_1)
     1    0.00                           _004_ (net)
                  0.03    0.00    7.40 v _180_/D (sky130_fd_sc_hd__dfxtp_2)
                                  7.40   data arrival time

                  0.15   30.00   30.00   clock clk (rise edge)
                          0.00   30.00   clock network delay (ideal)
                         -0.25   29.75   clock uncertainty
                          0.00   29.75   clock reconvergence pessimism
                                 29.75 ^ _180_/CLK (sky130_fd_sc_hd__dfxtp_2)
                         -0.08   29.67   library setup time
                                 29.67   data required time
-----------------------------------------------------------------------------
                                 29.67   data required time
                                 -7.40   data arrival time
-----------------------------------------------------------------------------
                                 22.26   slack (MET)


Startpoint: addition[1] (input port clocked by clk)
Endpoint: _178_ (rising edge-triggered flip-flop clocked by clk)
Path Group: clk
Path Type: max

Fanout     Cap    Slew   Delay    Time   Description
-----------------------------------------------------------------------------
                  0.15    0.00    0.00   clock clk (rise edge)
                          0.00    0.00   clock network delay (ideal)
                          6.00    6.00 v input external delay
                  0.06    0.05    6.05 v addition[1] (in)
     3    0.03                           addition[1] (net)
                  0.06    0.00    6.05 v _099_/B (sky130_fd_sc_hd__or2_2)
                  0.05    0.28    6.33 v _099_/X (sky130_fd_sc_hd__or2_2)
     1    0.00                           _045_ (net)
                  0.05    0.00    6.33 v _100_/A3 (sky130_fd_sc_hd__a31o_2)
                  0.05    0.28    6.61 v _100_/X (sky130_fd_sc_hd__a31o_2)
     3    0.01                           _046_ (net)
                  0.05    0.00    6.61 v _104_/A (sky130_fd_sc_hd__or2_2)
                  0.05    0.30    6.90 v _104_/X (sky130_fd_sc_hd__or2_2)
     1    0.00                           _050_ (net)
                  0.05    0.00    6.90 v _106_/B (sky130_fd_sc_hd__and3_2)
                  0.04    0.20    7.11 v _106_/X (sky130_fd_sc_hd__and3_2)
     1    0.00                           _052_ (net)
                  0.04    0.00    7.11 v _107_/A (sky130_fd_sc_hd__buf_1)
                  0.02    0.09    7.20 v _107_/X (sky130_fd_sc_hd__buf_1)
     1    0.00                           _002_ (net)
                  0.02    0.00    7.20 v _178_/D (sky130_fd_sc_hd__dfxtp_2)
                                  7.20   data arrival time

                  0.15   30.00   30.00   clock clk (rise edge)
                          0.00   30.00   clock network delay (ideal)
                         -0.25   29.75   clock uncertainty
                          0.00   29.75   clock reconvergence pessimism
                                 29.75 ^ _178_/CLK (sky130_fd_sc_hd__dfxtp_2)
                         -0.08   29.67   library setup time
                                 29.67   data required time
-----------------------------------------------------------------------------
                                 29.67   data required time
                                 -7.20   data arrival time
-----------------------------------------------------------------------------
                                 22.47   slack (MET)


Startpoint: addition[1] (input port clocked by clk)
Endpoint: _179_ (rising edge-triggered flip-flop clocked by clk)
Path Group: clk
Path Type: max

Fanout     Cap    Slew   Delay    Time   Description
-----------------------------------------------------------------------------
                  0.15    0.00    0.00   clock clk (rise edge)
                          0.00    0.00   clock network delay (ideal)
                          6.00    6.00 ^ input external delay
                  0.14    0.10    6.10 ^ addition[1] (in)
     3    0.03                           addition[1] (net)
                  0.14    0.00    6.10 ^ _094_/B (sky130_fd_sc_hd__and2_2)
                  0.07    0.19    6.29 ^ _094_/X (sky130_fd_sc_hd__and2_2)
     3    0.01                           _041_ (net)
                  0.07    0.00    6.29 ^ _100_/B1 (sky130_fd_sc_hd__a31o_2)
                  0.07    0.13    6.43 ^ _100_/X (sky130_fd_sc_hd__a31o_2)
     3    0.01                           _046_ (net)
                  0.07    0.00    6.43 ^ _105_/A (sky130_fd_sc_hd__nand2_2)
                  0.05    0.07    6.49 v _105_/Y (sky130_fd_sc_hd__nand2_2)
     3    0.01                           _051_ (net)
                  0.05    0.00    6.49 v _111_/A2 (sky130_fd_sc_hd__a211o_2)
                  0.04    0.33    6.82 v _111_/X (sky130_fd_sc_hd__a211o_2)
     1    0.00                           _056_ (net)
                  0.04    0.00    6.82 v _112_/C (sky130_fd_sc_hd__and3_2)
                  0.04    0.21    7.03 v _112_/X (sky130_fd_sc_hd__and3_2)
     1    0.00                           _057_ (net)
                  0.04    0.00    7.03 v _113_/A (sky130_fd_sc_hd__buf_1)
                  0.03    0.09    7.12 v _113_/X (sky130_fd_sc_hd__buf_1)
     1    0.00                           _003_ (net)
                  0.03    0.00    7.12 v _179_/D (sky130_fd_sc_hd__dfxtp_2)
                                  7.12   data arrival time

                  0.15   30.00   30.00   clock clk (rise edge)
                          0.00   30.00   clock network delay (ideal)
                         -0.25   29.75   clock uncertainty
                          0.00   29.75   clock reconvergence pessimism
                                 29.75 ^ _179_/CLK (sky130_fd_sc_hd__dfxtp_2)
                         -0.08   29.67   library setup time
                                 29.67   data required time
-----------------------------------------------------------------------------
                                 29.67   data required time
                                 -7.12   data arrival time
-----------------------------------------------------------------------------
                                 22.55   slack (MET)


Startpoint: addition[1] (input port clocked by clk)
Endpoint: _177_ (rising edge-triggered flip-flop clocked by clk)
Path Group: clk
Path Type: max

Fanout     Cap    Slew   Delay    Time   Description
-----------------------------------------------------------------------------
                  0.15    0.00    0.00   clock clk (rise edge)
                          0.00    0.00   clock network delay (ideal)
                          6.00    6.00 v input external delay
                  0.06    0.05    6.05 v addition[1] (in)
     3    0.03                           addition[1] (net)
                  0.06    0.00    6.05 v _094_/B (sky130_fd_sc_hd__and2_2)
                  0.05    0.22    6.27 v _094_/X (sky130_fd_sc_hd__and2_2)
     3    0.01                           _041_ (net)
                  0.05    0.00    6.27 v _096_/C (sky130_fd_sc_hd__or3_2)
                  0.07    0.41    6.68 v _096_/X (sky130_fd_sc_hd__or3_2)
     1    0.00                           _043_ (net)
                  0.07    0.00    6.68 v _097_/C (sky130_fd_sc_hd__and3_2)
                  0.04    0.22    6.91 v _097_/X (sky130_fd_sc_hd__and3_2)
     1    0.00                           _044_ (net)
                  0.04    0.00    6.91 v _098_/A (sky130_fd_sc_hd__buf_1)
                  0.02    0.09    6.99 v _098_/X (sky130_fd_sc_hd__buf_1)
     1    0.00                           _001_ (net)
                  0.02    0.00    6.99 v _177_/D (sky130_fd_sc_hd__dfxtp_2)
                                  6.99   data arrival time

                  0.15   30.00   30.00   clock clk (rise edge)
                          0.00   30.00   clock network delay (ideal)
                         -0.25   29.75   clock uncertainty
                          0.00   29.75   clock reconvergence pessimism
                                 29.75 ^ _177_/CLK (sky130_fd_sc_hd__dfxtp_2)
                         -0.08   29.67   library setup time
                                 29.67   data required time
-----------------------------------------------------------------------------
                                 29.67   data required time
                                 -6.99   data arrival time
-----------------------------------------------------------------------------
                                 22.68   slack (MET)


Startpoint: addition[0] (input port clocked by clk)
Endpoint: _176_ (rising edge-triggered flip-flop clocked by clk)
Path Group: clk
Path Type: max

Fanout     Cap    Slew   Delay    Time   Description
-----------------------------------------------------------------------------
                  0.15    0.00    0.00   clock clk (rise edge)
                          0.00    0.00   clock network delay (ideal)
                          6.00    6.00 v input external delay
                  0.04    0.03    6.03 v addition[0] (in)
     3    0.02                           addition[0] (net)
                  0.04    0.00    6.03 v _089_/B (sky130_fd_sc_hd__or2_2)
                  0.05    0.27    6.31 v _089_/X (sky130_fd_sc_hd__or2_2)
     1    0.00                           _037_ (net)
                  0.05    0.00    6.31 v _091_/B (sky130_fd_sc_hd__and3_2)
                  0.04    0.20    6.51 v _091_/X (sky130_fd_sc_hd__and3_2)
     1    0.00                           _039_ (net)
                  0.04    0.00    6.51 v _092_/A (sky130_fd_sc_hd__buf_1)
                  0.02    0.09    6.59 v _092_/X (sky130_fd_sc_hd__buf_1)
     1    0.00                           _000_ (net)
                  0.02    0.00    6.59 v _176_/D (sky130_fd_sc_hd__dfxtp_2)
                                  6.59   data arrival time

                  0.15   30.00   30.00   clock clk (rise edge)
                          0.00   30.00   clock network delay (ideal)
                         -0.25   29.75   clock uncertainty
                          0.00   29.75   clock reconvergence pessimism
                                 29.75 ^ _176_/CLK (sky130_fd_sc_hd__dfxtp_2)
                         -0.08   29.67   library setup time
                                 29.67   data required time
-----------------------------------------------------------------------------
                                 29.67   data required time
                                 -6.59   data arrival time
-----------------------------------------------------------------------------
                                 23.08   slack (MET)


Startpoint: _181_ (rising edge-triggered flip-flop clocked by clk)
Endpoint: count[5] (output port clocked by clk)
Path Group: clk
Path Type: max

Fanout     Cap    Slew   Delay    Time   Description
-----------------------------------------------------------------------------
                  0.15    0.00    0.00   clock clk (rise edge)
                          0.00    0.00   clock network delay (ideal)
                  0.15    0.00    0.00 ^ _181_/CLK (sky130_fd_sc_hd__dfxtp_2)
                  0.33    0.58    0.58 ^ _181_/Q (sky130_fd_sc_hd__dfxtp_2)
     4    0.07                           count[5] (net)
                  0.33    0.01    0.60 ^ count[5] (out)
                                  0.60   data arrival time

                  0.15   30.00   30.00   clock clk (rise edge)
                          0.00   30.00   clock network delay (ideal)
                         -0.25   29.75   clock uncertainty
                          0.00   29.75   clock reconvergence pessimism
                         -6.00   23.75   output external delay
                                 23.75   data required time
-----------------------------------------------------------------------------
                                 23.75   data required time
                                 -0.60   data arrival time
-----------------------------------------------------------------------------
                                 23.15   slack (MET)


Startpoint: _185_ (rising edge-triggered flip-flop clocked by clk)
Endpoint: count[9] (output port clocked by clk)
Path Group: clk
Path Type: max

Fanout     Cap    Slew   Delay    Time   Description
-----------------------------------------------------------------------------
                  0.15    0.00    0.00   clock clk (rise edge)
                          0.00    0.00   clock network delay (ideal)
                  0.15    0.00    0.00 ^ _185_/CLK (sky130_fd_sc_hd__dfxtp_2)
                  0.33    0.58    0.58 ^ _185_/Q (sky130_fd_sc_hd__dfxtp_2)
     3    0.07                           count[9] (net)
                  0.33    0.01    0.59 ^ count[9] (out)
                                  0.59   data arrival time

                  0.15   30.00   30.00   clock clk (rise edge)
                          0.00   30.00   clock network delay (ideal)
                         -0.25   29.75   clock uncertainty
                          0.00   29.75   clock reconvergence pessimism
                         -6.00   23.75   output external delay
                                 23.75   data required time
-----------------------------------------------------------------------------
                                 23.75   data required time
                                 -0.59   data arrival time
-----------------------------------------------------------------------------
                                 23.16   slack (MET)


Startpoint: _182_ (rising edge-triggered flip-flop clocked by clk)
Endpoint: count[6] (output port clocked by clk)
Path Group: clk
Path Type: max

Fanout     Cap    Slew   Delay    Time   Description
-----------------------------------------------------------------------------
                  0.15    0.00    0.00   clock clk (rise edge)
                          0.00    0.00   clock network delay (ideal)
                  0.15    0.00    0.00 ^ _182_/CLK (sky130_fd_sc_hd__dfxtp_2)
                  0.32    0.58    0.58 ^ _182_/Q (sky130_fd_sc_hd__dfxtp_2)
     3    0.06                           count[6] (net)
                  0.32    0.01    0.59 ^ count[6] (out)
                                  0.59   data arrival time

                  0.15   30.00   30.00   clock clk (rise edge)
                          0.00   30.00   clock network delay (ideal)
                         -0.25   29.75   clock uncertainty
                          0.00   29.75   clock reconvergence pessimism
                         -6.00   23.75   output external delay
                                 23.75   data required time
-----------------------------------------------------------------------------
                                 23.75   data required time
                                 -0.59   data arrival time
-----------------------------------------------------------------------------
                                 23.16   slack (MET)


Startpoint: _184_ (rising edge-triggered flip-flop clocked by clk)
Endpoint: count[8] (output port clocked by clk)
Path Group: clk
Path Type: max

Fanout     Cap    Slew   Delay    Time   Description
-----------------------------------------------------------------------------
                  0.15    0.00    0.00   clock clk (rise edge)
                          0.00    0.00   clock network delay (ideal)
                  0.15    0.00    0.00 ^ _184_/CLK (sky130_fd_sc_hd__dfxtp_2)
                  0.32    0.58    0.58 ^ _184_/Q (sky130_fd_sc_hd__dfxtp_2)
     4    0.06                           count[8] (net)
                  0.32    0.01    0.59 ^ count[8] (out)
                                  0.59   data arrival time

                  0.15   30.00   30.00   clock clk (rise edge)
                          0.00   30.00   clock network delay (ideal)
                         -0.25   29.75   clock uncertainty
                          0.00   29.75   clock reconvergence pessimism
                         -6.00   23.75   output external delay
                                 23.75   data required time
-----------------------------------------------------------------------------
                                 23.75   data required time
                                 -0.59   data arrival time
-----------------------------------------------------------------------------
                                 23.16   slack (MET)


Startpoint: _180_ (rising edge-triggered flip-flop clocked by clk)
Endpoint: count[4] (output port clocked by clk)
Path Group: clk
Path Type: max

Fanout     Cap    Slew   Delay    Time   Description
-----------------------------------------------------------------------------
                  0.15    0.00    0.00   clock clk (rise edge)
                          0.00    0.00   clock network delay (ideal)
                  0.15    0.00    0.00 ^ _180_/CLK (sky130_fd_sc_hd__dfxtp_2)
                  0.32    0.58    0.58 ^ _180_/Q (sky130_fd_sc_hd__dfxtp_2)
     4    0.06                           count[4] (net)
                  0.32    0.01    0.58 ^ count[4] (out)
                                  0.58   data arrival time

                  0.15   30.00   30.00   clock clk (rise edge)
                          0.00   30.00   clock network delay (ideal)
                         -0.25   29.75   clock uncertainty
                          0.00   29.75   clock reconvergence pessimism
                         -6.00   23.75   output external delay
                                 23.75   data required time
-----------------------------------------------------------------------------
                                 23.75   data required time
                                 -0.58   data arrival time
-----------------------------------------------------------------------------
                                 23.17   slack (MET)


Startpoint: _187_ (rising edge-triggered flip-flop clocked by clk)
Endpoint: count[11] (output port clocked by clk)
Path Group: clk
Path Type: max

Fanout     Cap    Slew   Delay    Time   Description
-----------------------------------------------------------------------------
                  0.15    0.00    0.00   clock clk (rise edge)
                          0.00    0.00   clock network delay (ideal)
                  0.15    0.00    0.00 ^ _187_/CLK (sky130_fd_sc_hd__dfxtp_2)
                  0.31    0.57    0.57 ^ _187_/Q (sky130_fd_sc_hd__dfxtp_2)
     3    0.06                           count[11] (net)
                  0.31    0.01    0.58 ^ count[11] (out)
                                  0.58   data arrival time

                  0.15   30.00   30.00   clock clk (rise edge)
                          0.00   30.00   clock network delay (ideal)
                         -0.25   29.75   clock uncertainty
                          0.00   29.75   clock reconvergence pessimism
                         -6.00   23.75   output external delay
                                 23.75   data required time
-----------------------------------------------------------------------------
                                 23.75   data required time
                                 -0.58   data arrival time
-----------------------------------------------------------------------------
                                 23.17   slack (MET)


Startpoint: _176_ (rising edge-triggered flip-flop clocked by clk)
Endpoint: count[0] (output port clocked by clk)
Path Group: clk
Path Type: max

Fanout     Cap    Slew   Delay    Time   Description
-----------------------------------------------------------------------------
                  0.15    0.00    0.00   clock clk (rise edge)
                          0.00    0.00   clock network delay (ideal)
                  0.15    0.00    0.00 ^ _176_/CLK (sky130_fd_sc_hd__dfxtp_2)
                  0.29    0.56    0.56 ^ _176_/Q (sky130_fd_sc_hd__dfxtp_2)
     4    0.06                           count[0] (net)
                  0.29    0.01    0.56 ^ count[0] (out)
                                  0.56   data arrival time

                  0.15   30.00   30.00   clock clk (rise edge)
                          0.00   30.00   clock network delay (ideal)
                         -0.25   29.75   clock uncertainty
                          0.00   29.75   clock reconvergence pessimism
                         -6.00   23.75   output external delay
                                 23.75   data required time
-----------------------------------------------------------------------------
                                 23.75   data required time
                                 -0.56   data arrival time
-----------------------------------------------------------------------------
                                 23.19   slack (MET)


Startpoint: _179_ (rising edge-triggered flip-flop clocked by clk)
Endpoint: count[3] (output port clocked by clk)
Path Group: clk
Path Type: max

Fanout     Cap    Slew   Delay    Time   Description
-----------------------------------------------------------------------------
                  0.15    0.00    0.00   clock clk (rise edge)
                          0.00    0.00   clock network delay (ideal)
                  0.15    0.00    0.00 ^ _179_/CLK (sky130_fd_sc_hd__dfxtp_2)
                  0.29    0.55    0.55 ^ _179_/Q (sky130_fd_sc_hd__dfxtp_2)
     4    0.06                           count[3] (net)
                  0.29    0.01    0.56 ^ count[3] (out)
                                  0.56   data arrival time

                  0.15   30.00   30.00   clock clk (rise edge)
                          0.00   30.00   clock network delay (ideal)
                         -0.25   29.75   clock uncertainty
                          0.00   29.75   clock reconvergence pessimism
                         -6.00   23.75   output external delay
                                 23.75   data required time
-----------------------------------------------------------------------------
                                 23.75   data required time
                                 -0.56   data arrival time
-----------------------------------------------------------------------------
                                 23.19   slack (MET)


Startpoint: _186_ (rising edge-triggered flip-flop clocked by clk)
Endpoint: count[10] (output port clocked by clk)
Path Group: clk
Path Type: max

Fanout     Cap    Slew   Delay    Time   Description
-----------------------------------------------------------------------------
                  0.15    0.00    0.00   clock clk (rise edge)
                          0.00    0.00   clock network delay (ideal)
                  0.15    0.00    0.00 ^ _186_/CLK (sky130_fd_sc_hd__dfxtp_2)
                  0.28    0.55    0.55 ^ _186_/Q (sky130_fd_sc_hd__dfxtp_2)
     4    0.06                           count[10] (net)
                  0.28    0.01    0.56 ^ count[10] (out)
                                  0.56   data arrival time

                  0.15   30.00   30.00   clock clk (rise edge)
                          0.00   30.00   clock network delay (ideal)
                         -0.25   29.75   clock uncertainty
                          0.00   29.75   clock reconvergence pessimism
                         -6.00   23.75   output external delay
                                 23.75   data required time
-----------------------------------------------------------------------------
                                 23.75   data required time
                                 -0.56   data arrival time
-----------------------------------------------------------------------------
                                 23.19   slack (MET)


Startpoint: _178_ (rising edge-triggered flip-flop clocked by clk)
Endpoint: count[2] (output port clocked by clk)
Path Group: clk
Path Type: max

Fanout     Cap    Slew   Delay    Time   Description
-----------------------------------------------------------------------------
                  0.15    0.00    0.00   clock clk (rise edge)
                          0.00    0.00   clock network delay (ideal)
                  0.15    0.00    0.00 ^ _178_/CLK (sky130_fd_sc_hd__dfxtp_2)
                  0.27    0.54    0.54 ^ _178_/Q (sky130_fd_sc_hd__dfxtp_2)
     4    0.05                           count[2] (net)
                  0.27    0.00    0.55 ^ count[2] (out)
                                  0.55   data arrival time

                  0.15   30.00   30.00   clock clk (rise edge)
                          0.00   30.00   clock network delay (ideal)
                         -0.25   29.75   clock uncertainty
                          0.00   29.75   clock reconvergence pessimism
                         -6.00   23.75   output external delay
                                 23.75   data required time
-----------------------------------------------------------------------------
                                 23.75   data required time
                                 -0.55   data arrival time
-----------------------------------------------------------------------------
                                 23.20   slack (MET)


Startpoint: _177_ (rising edge-triggered flip-flop clocked by clk)
Endpoint: count[1] (output port clocked by clk)
Path Group: clk
Path Type: max

Fanout     Cap    Slew   Delay    Time   Description
-----------------------------------------------------------------------------
                  0.15    0.00    0.00   clock clk (rise edge)
                          0.00    0.00   clock network delay (ideal)
                  0.15    0.00    0.00 ^ _177_/CLK (sky130_fd_sc_hd__dfxtp_2)
                  0.25    0.53    0.53 ^ _177_/Q (sky130_fd_sc_hd__dfxtp_2)
     4    0.05                           count[1] (net)
                  0.25    0.00    0.53 ^ count[1] (out)
                                  0.53   data arrival time

                  0.15   30.00   30.00   clock clk (rise edge)
                          0.00   30.00   clock network delay (ideal)
                         -0.25   29.75   clock uncertainty
                          0.00   29.75   clock reconvergence pessimism
                         -6.00   23.75   output external delay
                                 23.75   data required time
-----------------------------------------------------------------------------
                                 23.75   data required time
                                 -0.53   data arrival time
-----------------------------------------------------------------------------
                                 23.22   slack (MET)


Startpoint: _183_ (rising edge-triggered flip-flop clocked by clk)
Endpoint: count[7] (output port clocked by clk)
Path Group: clk
Path Type: max

Fanout     Cap    Slew   Delay    Time   Description
-----------------------------------------------------------------------------
                  0.15    0.00    0.00   clock clk (rise edge)
                          0.00    0.00   clock network delay (ideal)
                  0.15    0.00    0.00 ^ _183_/CLK (sky130_fd_sc_hd__dfxtp_2)
                  0.23    0.52    0.52 ^ _183_/Q (sky130_fd_sc_hd__dfxtp_2)
     3    0.05                           count[7] (net)
                  0.23    0.00    0.52 ^ count[7] (out)
                                  0.52   data arrival time

                  0.15   30.00   30.00   clock clk (rise edge)
                          0.00   30.00   clock network delay (ideal)
                         -0.25   29.75   clock uncertainty
                          0.00   29.75   clock reconvergence pessimism
                         -6.00   23.75   output external delay
                                 23.75   data required time
-----------------------------------------------------------------------------
                                 23.75   data required time
                                 -0.52   data arrival time
-----------------------------------------------------------------------------
                                 23.23   slack (MET)


Startpoint: reset (input port clocked by clk)
Endpoint: _188_ (rising edge-triggered flip-flop clocked by clk)
Path Group: clk
Path Type: max

Fanout     Cap    Slew   Delay    Time   Description
-----------------------------------------------------------------------------
                  0.15    0.00    0.00   clock clk (rise edge)
                          0.00    0.00   clock network delay (ideal)
                          6.00    6.00 ^ input external delay
                  0.05    0.03    6.03 ^ reset (in)
     1    0.01                           reset (net)
                  0.05    0.00    6.03 ^ _175_/A (sky130_fd_sc_hd__inv_2)
                  0.02    0.03    6.07 v _175_/Y (sky130_fd_sc_hd__inv_2)
     1    0.00                           _012_ (net)
                  0.02    0.00    6.07 v _188_/D (sky130_fd_sc_hd__dfxtp_2)
                                  6.07   data arrival time

                  0.15   30.00   30.00   clock clk (rise edge)
                          0.00   30.00   clock network delay (ideal)
                         -0.25   29.75   clock uncertainty
                          0.00   29.75   clock reconvergence pessimism
                                 29.75 ^ _188_/CLK (sky130_fd_sc_hd__dfxtp_2)
                         -0.08   29.67   library setup time
                                 29.67   data required time
-----------------------------------------------------------------------------
                                 29.67   data required time
                                 -6.07   data arrival time
-----------------------------------------------------------------------------
                                 23.61   slack (MET)



