
66. Executing CHECK pass (checking for obvious problems).
Checking module sistem...
Warning: Wire sistem.\register_data_in[31] is used but has no driver.
Warning: Wire sistem.\register_data_in[30] is used but has no driver.
Warning: Wire sistem.\register_data_in[29] is used but has no driver.
Warning: Wire sistem.\register_data_in[28] is used but has no driver.
Warning: Wire sistem.\register_data_in[27] is used but has no driver.
Warning: Wire sistem.\register_data_in[26] is used but has no driver.
Warning: Wire sistem.\register_data_in[25] is used but has no driver.
Warning: Wire sistem.\register_data_in[24] is used but has no driver.
Warning: Wire sistem.\register_data_in[23] is used but has no driver.
Warning: Wire sistem.\register_data_in[22] is used but has no driver.
Warning: Wire sistem.\register_data_in[21] is used but has no driver.
Warning: Wire sistem.\register_data_in[20] is used but has no driver.
Warning: Wire sistem.\register_data_in[19] is used but has no driver.
Warning: Wire sistem.\register_data_in[18] is used but has no driver.
Warning: Wire sistem.\register_data_in[17] is used but has no driver.
Warning: Wire sistem.\register_data_in[16] is used but has no driver.
Warning: Wire sistem.\register_data_in[15] is used but has no driver.
Warning: Wire sistem.\register_data_in[14] is used but has no driver.
Warning: Wire sistem.\register_data_in[13] is used but has no driver.
Warning: Wire sistem.\register_data_in[12] is used but has no driver.
Warning: Wire sistem.\register_data_in[11] is used but has no driver.
Warning: Wire sistem.\register_data_in[10] is used but has no driver.
Warning: Wire sistem.\register_data_in[9] is used but has no driver.
Warning: Wire sistem.\register_data_in[8] is used but has no driver.
Warning: Wire sistem.\register_data_in[7] is used but has no driver.
Warning: Wire sistem.\register_data_in[6] is used but has no driver.
Warning: Wire sistem.\register_data_in[5] is used but has no driver.
Warning: Wire sistem.\register_data_in[4] is used but has no driver.
Warning: Wire sistem.\register_data_in[3] is used but has no driver.
Warning: Wire sistem.\register_data_in[2] is used but has no driver.
Warning: Wire sistem.\register_data_in[1] is used but has no driver.
Warning: Wire sistem.\register_data_in[0] is used but has no driver.
Warning: Wire sistem.\ram_data_in[31] is used but has no driver.
Warning: Wire sistem.\ram_data_in[30] is used but has no driver.
Warning: Wire sistem.\ram_data_in[29] is used but has no driver.
Warning: Wire sistem.\ram_data_in[28] is used but has no driver.
Warning: Wire sistem.\ram_data_in[27] is used but has no driver.
Warning: Wire sistem.\ram_data_in[26] is used but has no driver.
Warning: Wire sistem.\ram_data_in[25] is used but has no driver.
Warning: Wire sistem.\ram_data_in[24] is used but has no driver.
Warning: Wire sistem.\ram_data_in[23] is used but has no driver.
Warning: Wire sistem.\ram_data_in[22] is used but has no driver.
Warning: Wire sistem.\ram_data_in[21] is used but has no driver.
Warning: Wire sistem.\ram_data_in[20] is used but has no driver.
Warning: Wire sistem.\ram_data_in[19] is used but has no driver.
Warning: Wire sistem.\ram_data_in[18] is used but has no driver.
Warning: Wire sistem.\ram_data_in[17] is used but has no driver.
Warning: Wire sistem.\ram_data_in[16] is used but has no driver.
Warning: Wire sistem.\ram_data_in[15] is used but has no driver.
Warning: Wire sistem.\ram_data_in[14] is used but has no driver.
Warning: Wire sistem.\ram_data_in[13] is used but has no driver.
Warning: Wire sistem.\ram_data_in[12] is used but has no driver.
Warning: Wire sistem.\ram_data_in[11] is used but has no driver.
Warning: Wire sistem.\ram_data_in[10] is used but has no driver.
Warning: Wire sistem.\ram_data_in[9] is used but has no driver.
Warning: Wire sistem.\ram_data_in[8] is used but has no driver.
Warning: Wire sistem.\pc_addition[11] is used but has no driver.
Warning: Wire sistem.\pc_addition[10] is used but has no driver.
Warning: Wire sistem.\pc_addition[9] is used but has no driver.
Warning: Wire sistem.\pc_addition[8] is used but has no driver.
Warning: Wire sistem.\pc_addition[7] is used but has no driver.
Warning: Wire sistem.\pc_addition[6] is used but has no driver.
Warning: Wire sistem.\pc_addition[5] is used but has no driver.
Warning: Wire sistem.\pc_addition[4] is used but has no driver.
Warning: Wire sistem.\pc_addition[3] is used but has no driver.
Warning: Wire sistem.\pc_addition[2] is used but has no driver.
Warning: Wire sistem.\pc_addition[1] is used but has no driver.
Warning: Wire sistem.\pc_addition[0] is used but has no driver.
Warning: Wire sistem.\alu_data_in2[31] is used but has no driver.
Warning: Wire sistem.\alu_data_in2[30] is used but has no driver.
Warning: Wire sistem.\alu_data_in2[29] is used but has no driver.
Warning: Wire sistem.\alu_data_in2[28] is used but has no driver.
Warning: Wire sistem.\alu_data_in2[27] is used but has no driver.
Warning: Wire sistem.\alu_data_in2[26] is used but has no driver.
Warning: Wire sistem.\alu_data_in2[25] is used but has no driver.
Warning: Wire sistem.\alu_data_in2[24] is used but has no driver.
Warning: Wire sistem.\alu_data_in2[23] is used but has no driver.
Warning: Wire sistem.\alu_data_in2[22] is used but has no driver.
Warning: Wire sistem.\alu_data_in2[21] is used but has no driver.
Warning: Wire sistem.\alu_data_in2[20] is used but has no driver.
Warning: Wire sistem.\alu_data_in2[19] is used but has no driver.
Warning: Wire sistem.\alu_data_in2[18] is used but has no driver.
Warning: Wire sistem.\alu_data_in2[17] is used but has no driver.
Warning: Wire sistem.\alu_data_in2[16] is used but has no driver.
Warning: Wire sistem.\alu_data_in2[15] is used but has no driver.
Warning: Wire sistem.\alu_data_in2[14] is used but has no driver.
Warning: Wire sistem.\alu_data_in2[13] is used but has no driver.
Warning: Wire sistem.\alu_data_in2[12] is used but has no driver.
Warning: Wire sistem.\alu_data_in2[11] is used but has no driver.
Warning: Wire sistem.\alu_data_in2[10] is used but has no driver.
Warning: Wire sistem.\alu_data_in2[9] is used but has no driver.
Warning: Wire sistem.\alu_data_in2[8] is used but has no driver.
Warning: Wire sistem.\alu_data_in2[7] is used but has no driver.
Warning: Wire sistem.\alu_data_in2[6] is used but has no driver.
Warning: Wire sistem.\alu_data_in2[5] is used but has no driver.
Warning: Wire sistem.\alu_data_in2[4] is used but has no driver.
Warning: Wire sistem.\alu_data_in2[3] is used but has no driver.
Warning: Wire sistem.\alu_data_in2[2] is used but has no driver.
Warning: Wire sistem.\alu_data_in2[1] is used but has no driver.
Warning: Wire sistem.\alu_data_in2[0] is used but has no driver.
Found and reported 100 problems.
