OpenROAD v2.0-8236-g9a713f0e8 
This program is licensed under the BSD-3 license. See the LICENSE file for details.
Components of this program may be licensed under more restrictive licenses which must be honored.
[INFO]: Reading ODB at '/headless/Desktop/FINAL_PROJECT/OPENLANE_digital_flow/sistem/runs/sistem_flow/tmp/18-sistem.odb'…
define_corners Typical
read_liberty -corner Typical /foss/pdks/sky130A/libs.ref/sky130_fd_sc_hd/lib/sky130_fd_sc_hd__tt_025C_1v80.lib
[INFO]: Setting signal min routing layer to: met1 and clock min routing layer to met1. 
[INFO]: Setting signal max routing layer to: met5 and clock max routing layer to met5. 
-congestion_iterations 50 -verbose -congestion_report_file /headless/Desktop/FINAL_PROJECT/OPENLANE_digital_flow/sistem/runs/sistem_flow/tmp/routing/groute-congestion.rpt
[INFO GRT-0020] Min routing layer: met1
[INFO GRT-0021] Max routing layer: met5
[INFO GRT-0022] Global adjustment: 30%
[INFO GRT-0023] Grid origin: (0, 0)
[INFO GRT-0043] No OR_DEFAULT vias defined.
[INFO GRT-0088] Layer li1     Track-Pitch = 0.4600  line-2-Via Pitch: 0.3400
[INFO GRT-0088] Layer met1    Track-Pitch = 0.3400  line-2-Via Pitch: 0.3400
[INFO GRT-0088] Layer met2    Track-Pitch = 0.4600  line-2-Via Pitch: 0.3500
[INFO GRT-0088] Layer met3    Track-Pitch = 0.6800  line-2-Via Pitch: 0.6150
[INFO GRT-0088] Layer met4    Track-Pitch = 0.9200  line-2-Via Pitch: 1.0400
[INFO GRT-0088] Layer met5    Track-Pitch = 3.4000  line-2-Via Pitch: 3.1100
[INFO GRT-0019] Found 4 clock nets.
[INFO GRT-0001] Minimum degree: 2
[INFO GRT-0002] Maximum degree: 11
[INFO GRT-0003] Macros: 6
[WARNING GRT-0040] Net VPWR has wires outside die area.
[WARNING GRT-0040] Net VPWR has wires outside die area.
[WARNING GRT-0040] Net VPWR has wires outside die area.
[WARNING GRT-0040] Net VPWR has wires outside die area.
[WARNING GRT-0040] Net VPWR has wires outside die area.
[WARNING GRT-0040] Net VPWR has wires outside die area.
[WARNING GRT-0040] Net VPWR has wires outside die area.
[WARNING GRT-0040] Net VPWR has wires outside die area.
[WARNING GRT-0040] Net VPWR has wires outside die area.
[WARNING GRT-0040] Net VPWR has wires outside die area.
[WARNING GRT-0040] Net VPWR has wires outside die area.
[WARNING GRT-0040] Net VPWR has wires outside die area.
[WARNING GRT-0040] Net VPWR has wires outside die area.
[WARNING GRT-0040] Net VPWR has wires outside die area.
[WARNING GRT-0040] Net VPWR has wires outside die area.
[WARNING GRT-0040] Net VPWR has wires outside die area.
[WARNING GRT-0040] Net VPWR has wires outside die area.
[WARNING GRT-0040] Net VPWR has wires outside die area.
[WARNING GRT-0040] Net VPWR has wires outside die area.
[WARNING GRT-0040] Net VPWR has wires outside die area.
[WARNING GRT-0040] Net VPWR has wires outside die area.
[WARNING GRT-0040] Net VPWR has wires outside die area.
[WARNING GRT-0040] Net VPWR has wires outside die area.
[WARNING GRT-0040] Net VPWR has wires outside die area.
[WARNING GRT-0040] Net VPWR has wires outside die area.
[WARNING GRT-0040] Net VPWR has wires outside die area.
[WARNING GRT-0040] Net VPWR has wires outside die area.
[WARNING GRT-0040] Net VPWR has wires outside die area.
[WARNING GRT-0040] Net VPWR has wires outside die area.
[WARNING GRT-0040] Net VPWR has wires outside die area.
[WARNING GRT-0040] Net VPWR has wires outside die area.
[WARNING GRT-0040] Net VPWR has wires outside die area.
[WARNING GRT-0040] Net VGND has wires outside die area.
[WARNING GRT-0040] Net VGND has wires outside die area.
[WARNING GRT-0040] Net VGND has wires outside die area.
[WARNING GRT-0040] Net VGND has wires outside die area.
[WARNING GRT-0040] Net VGND has wires outside die area.
[WARNING GRT-0040] Net VGND has wires outside die area.
[WARNING GRT-0040] Net VGND has wires outside die area.
[WARNING GRT-0040] Net VGND has wires outside die area.
[WARNING GRT-0040] Net VGND has wires outside die area.
[WARNING GRT-0040] Net VGND has wires outside die area.
[WARNING GRT-0040] Net VGND has wires outside die area.
[WARNING GRT-0040] Net VGND has wires outside die area.
[WARNING GRT-0040] Net VGND has wires outside die area.
[WARNING GRT-0040] Net VGND has wires outside die area.
[WARNING GRT-0040] Net VGND has wires outside die area.
[WARNING GRT-0040] Net VGND has wires outside die area.
[WARNING GRT-0040] Net VGND has wires outside die area.
[WARNING GRT-0040] Net VGND has wires outside die area.
[WARNING GRT-0040] Net VGND has wires outside die area.
[WARNING GRT-0040] Net VGND has wires outside die area.
[WARNING GRT-0040] Net VGND has wires outside die area.
[WARNING GRT-0040] Net VGND has wires outside die area.
[WARNING GRT-0040] Net VGND has wires outside die area.
[WARNING GRT-0040] Net VGND has wires outside die area.
[WARNING GRT-0040] Net VGND has wires outside die area.
[WARNING GRT-0040] Net VGND has wires outside die area.
[WARNING GRT-0040] Net VGND has wires outside die area.
[WARNING GRT-0040] Net VGND has wires outside die area.
[WARNING GRT-0040] Net VGND has wires outside die area.
[WARNING GRT-0040] Net VGND has wires outside die area.
[WARNING GRT-0040] Net VGND has wires outside die area.
[WARNING GRT-0040] Net VGND has wires outside die area.
[INFO GRT-0004] Blockages: 742

[INFO GRT-0053] Routing resources analysis:
          Routing      Original      Derated      Resource
Layer     Direction    Resources     Resources    Reduction (%)
---------------------------------------------------------------
li1        Vertical            0             0          0.00%
met1       Horizontal    1874880        486815          74.03%
met2       Vertical      1406160        475554          66.18%
met3       Horizontal     937440        334906          64.27%
met4       Vertical       562464        206018          63.37%
met5       Horizontal     187488         89794          52.11%
---------------------------------------------------------------

[INFO GRT-0101] Running extra iterations to remove overflow.
[INFO GRT-0197] Via related to pin nodes: 2422
[INFO GRT-0198] Via related Steiner nodes: 123
[INFO GRT-0199] Via filling finished.
[INFO GRT-0111] Final number of vias: 3845
[INFO GRT-0112] Final usage 3D: 65041

[INFO GRT-0096] Final congestion report:
Layer         Resource        Demand        Usage (%)    Max H / Max V / Total Overflow
---------------------------------------------------------------------------------------
li1                  0             0            0.00%             0 /  0 /  0
met1            486815         17472            3.59%             0 /  0 /  0
met2            475554         15833            3.33%             0 /  0 /  0
met3            334906         10322            3.08%             0 /  0 /  0
met4            206018          7236            3.51%             0 /  0 /  0
met5             89794          2643            2.94%             0 /  0 /  0
---------------------------------------------------------------------------------------
Total          1593087         53506            3.36%             0 /  0 /  0

[INFO GRT-0018] Total wirelength: 402932 um
[INFO GRT-0014] Routed nets: 527
[INFO GRT-0006] Repairing antennas, iteration 1.
[INFO GRT-0043] No OR_DEFAULT vias defined.
[WARNING ANT-0009] Net alu_data_out\[1\] requires more than 10 diodes per gate to repair violations.
[WARNING ANT-0009] Net alu_data_out\[2\] requires more than 10 diodes per gate to repair violations.
[WARNING ANT-0009] Net alu_data_out\[4\] requires more than 10 diodes per gate to repair violations.
[WARNING ANT-0009] Net immediateB\[11\] requires more than 10 diodes per gate to repair violations.
[WARNING ANT-0009] Net ram_data_in\[1\] requires more than 10 diodes per gate to repair violations.
[WARNING ANT-0009] Net ram_data_in\[4\] requires more than 10 diodes per gate to repair violations.
[WARNING ANT-0009] Net ram_data_in\[5\] requires more than 10 diodes per gate to repair violations.
[WARNING ANT-0009] Net ram_data_in\[7\] requires more than 10 diodes per gate to repair violations.
[WARNING ANT-0009] Net ram_data_out\[17\] requires more than 10 diodes per gate to repair violations.
[WARNING ANT-0009] Net ram_data_out\[18\] requires more than 10 diodes per gate to repair violations.
[WARNING ANT-0009] Net ram_data_out\[19\] requires more than 10 diodes per gate to repair violations.
[WARNING ANT-0009] Net ram_data_out\[4\] requires more than 10 diodes per gate to repair violations.
[WARNING ANT-0009] Net ram_data_out\[5\] requires more than 10 diodes per gate to repair violations.
[WARNING ANT-0009] Net ram_data_out\[6\] requires more than 10 diodes per gate to repair violations.
[WARNING ANT-0009] Net ram_data_out\[6\] requires more than 10 diodes per gate to repair violations.
[WARNING ANT-0009] Net register_data_out2\[22\] requires more than 10 diodes per gate to repair violations.
[WARNING ANT-0009] Net register_data_out2\[26\] requires more than 10 diodes per gate to repair violations.
[WARNING ANT-0009] Net register_data_out2\[27\] requires more than 10 diodes per gate to repair violations.
[WARNING ANT-0009] Net net37 requires more than 10 diodes per gate to repair violations.
[WARNING ANT-0009] Net net39 requires more than 10 diodes per gate to repair violations.
[WARNING ANT-0009] Net net39 requires more than 10 diodes per gate to repair violations.
[WARNING ANT-0009] Net net40 requires more than 10 diodes per gate to repair violations.
[WARNING ANT-0009] Net net43 requires more than 10 diodes per gate to repair violations.
[INFO GRT-0012] Found 102 antenna violations.
[INFO GRT-0015] Inserted 800 diodes.
[INFO GRT-0054] Using detailed placer to place 477 diodes.
[INFO GRT-0009] rerouting 248 nets.
[INFO GRT-0001] Minimum degree: 2
[INFO GRT-0002] Maximum degree: 41
[INFO GRT-0006] Repairing antennas, iteration 2.
[INFO GRT-0043] No OR_DEFAULT vias defined.
[WARNING ANT-0009] Net net42 requires more than 10 diodes per gate to repair violations.
[INFO GRT-0012] Found 12 antenna violations.
[INFO GRT-0015] Inserted 214 diodes.
[INFO GRT-0054] Using detailed placer to place 88 diodes.
[INFO GRT-0009] rerouting 154 nets.
[INFO GRT-0001] Minimum degree: 2
[INFO GRT-0002] Maximum degree: 96
[INFO GRT-0006] Repairing antennas, iteration 3.
[INFO GRT-0043] No OR_DEFAULT vias defined.
[WARNING ANT-0009] Net ram_data_out\[3\] requires more than 10 diodes per gate to repair violations.
[INFO GRT-0012] Found 3 antenna violations.
[INFO GRT-0015] Inserted 54 diodes.
[INFO GRT-0054] Using detailed placer to place 21 diodes.
[INFO GRT-0009] rerouting 18 nets.
[INFO GRT-0001] Minimum degree: 2
[INFO GRT-0002] Maximum degree: 96
[INFO GRT-0006] Repairing antennas, iteration 4.
[INFO GRT-0043] No OR_DEFAULT vias defined.
[INFO GRT-0012] Found 1 antenna violations.
[INFO GRT-0015] Inserted 2 diodes.
[INFO GRT-0054] Using detailed placer to place 1 diodes.
[INFO GRT-0009] rerouting 2 nets.
[INFO GRT-0001] Minimum degree: 7
[INFO GRT-0002] Maximum degree: 9
[INFO GRT-0006] Repairing antennas, iteration 5.
[INFO GRT-0043] No OR_DEFAULT vias defined.
[INFO GRT-0012] Found 0 antenna violations.
Setting global connections for newly added cells…
Writing OpenROAD database to '/headless/Desktop/FINAL_PROJECT/OPENLANE_digital_flow/sistem/runs/sistem_flow/tmp/routing/20-global.odb'…
Writing layout to '/headless/Desktop/FINAL_PROJECT/OPENLANE_digital_flow/sistem/runs/sistem_flow/tmp/routing/20-global.def'…
Writing routing guides to '/headless/Desktop/FINAL_PROJECT/OPENLANE_digital_flow/sistem/runs/sistem_flow/tmp/routing/20-global.guide'…
