
===========================================================================
report_checks -path_delay min (Hold)
============================================================================
======================= Typical Corner ===================================

Startpoint: data_in2[22] (input port clocked by __VIRTUAL_CLK__)
Endpoint: data_out[22] (output port clocked by __VIRTUAL_CLK__)
Path Group: __VIRTUAL_CLK__
Path Type: min

Fanout     Cap    Slew   Delay    Time   Description
-----------------------------------------------------------------------------
                  0.00    0.00    0.00   clock __VIRTUAL_CLK__ (rise edge)
                          0.00    0.00   clock network delay (ideal)
                          2.00    2.00 ^ input external delay
                  0.02    0.01    2.01 ^ data_in2[22] (in)
     1    0.00                           data_in2[22] (net)
                  0.02    0.00    2.01 ^ input51/A (sky130_fd_sc_hd__clkbuf_4)
                  0.15    0.19    2.21 ^ input51/X (sky130_fd_sc_hd__clkbuf_4)
     8    0.05                           net51 (net)
                  0.15    0.00    2.21 ^ _2115_/A2 (sky130_fd_sc_hd__o21ai_1)
                  0.04    0.07    2.28 v _2115_/Y (sky130_fd_sc_hd__o21ai_1)
     1    0.00                           _0077_ (net)
                  0.04    0.00    2.28 v _2116_/B1 (sky130_fd_sc_hd__o21ai_1)
                  0.10    0.08    2.36 ^ _2116_/Y (sky130_fd_sc_hd__o21ai_1)
     1    0.00                           _0078_ (net)
                  0.10    0.00    2.36 ^ _2117_/B1 (sky130_fd_sc_hd__a211o_1)
                  0.07    0.13    2.49 ^ _2117_/X (sky130_fd_sc_hd__a211o_1)
     1    0.01                           net83 (net)
                  0.07    0.00    2.49 ^ output83/A (sky130_fd_sc_hd__clkbuf_4)
                  0.11    0.18    2.67 ^ output83/X (sky130_fd_sc_hd__clkbuf_4)
     1    0.03                           data_out[22] (net)
                  0.11    0.00    2.67 ^ data_out[22] (out)
                                  2.67   data arrival time

                  0.00    0.00    0.00   clock __VIRTUAL_CLK__ (rise edge)
                          0.00    0.00   clock network delay (ideal)
                          0.25    0.25   clock uncertainty
                          0.00    0.25   clock reconvergence pessimism
                         -2.00   -1.75   output external delay
                                 -1.75   data required time
-----------------------------------------------------------------------------
                                 -1.75   data required time
                                 -2.67   data arrival time
-----------------------------------------------------------------------------
                                  4.42   slack (MET)


Startpoint: data_in1[2] (input port clocked by __VIRTUAL_CLK__)
Endpoint: data_out[2] (output port clocked by __VIRTUAL_CLK__)
Path Group: __VIRTUAL_CLK__
Path Type: min

Fanout     Cap    Slew   Delay    Time   Description
-----------------------------------------------------------------------------
                  0.00    0.00    0.00   clock __VIRTUAL_CLK__ (rise edge)
                          0.00    0.00   clock network delay (ideal)
                          2.00    2.00 ^ input external delay
                  0.02    0.01    2.01 ^ data_in1[2] (in)
     1    0.00                           data_in1[2] (net)
                  0.02    0.00    2.01 ^ input27/A (sky130_fd_sc_hd__clkbuf_4)
                  0.17    0.21    2.22 ^ input27/X (sky130_fd_sc_hd__clkbuf_4)
     9    0.06                           net27 (net)
                  0.17    0.01    2.23 ^ _1552_/A (sky130_fd_sc_hd__xor2_2)
                  0.05    0.11    2.33 v _1552_/X (sky130_fd_sc_hd__xor2_2)
     4    0.01                           _0670_ (net)
                  0.05    0.00    2.33 v _1555_/A (sky130_fd_sc_hd__nand2_1)
                  0.04    0.05    2.39 ^ _1555_/Y (sky130_fd_sc_hd__nand2_1)
     1    0.00                           _0673_ (net)
                  0.04    0.00    2.39 ^ _1588_/A3 (sky130_fd_sc_hd__a31o_1)
                  0.07    0.15    2.53 ^ _1588_/X (sky130_fd_sc_hd__a31o_1)
     1    0.01                           net91 (net)
                  0.07    0.00    2.54 ^ output91/A (sky130_fd_sc_hd__clkbuf_4)
                  0.11    0.18    2.72 ^ output91/X (sky130_fd_sc_hd__clkbuf_4)
     1    0.03                           data_out[2] (net)
                  0.11    0.00    2.72 ^ data_out[2] (out)
                                  2.72   data arrival time

                  0.00    0.00    0.00   clock __VIRTUAL_CLK__ (rise edge)
                          0.00    0.00   clock network delay (ideal)
                          0.25    0.25   clock uncertainty
                          0.00    0.25   clock reconvergence pessimism
                         -2.00   -1.75   output external delay
                                 -1.75   data required time
-----------------------------------------------------------------------------
                                 -1.75   data required time
                                 -2.72   data arrival time
-----------------------------------------------------------------------------
                                  4.47   slack (MET)


Startpoint: data_in1[10] (input port clocked by __VIRTUAL_CLK__)
Endpoint: data_out[11] (output port clocked by __VIRTUAL_CLK__)
Path Group: __VIRTUAL_CLK__
Path Type: min

Fanout     Cap    Slew   Delay    Time   Description
-----------------------------------------------------------------------------
                  0.00    0.00    0.00   clock __VIRTUAL_CLK__ (rise edge)
                          0.00    0.00   clock network delay (ideal)
                          2.00    2.00 v input external delay
                  0.01    0.01    2.01 v data_in1[10] (in)
     1    0.00                           data_in1[10] (net)
                  0.01    0.00    2.01 v input6/A (sky130_fd_sc_hd__buf_4)
                  0.11    0.18    2.19 v input6/X (sky130_fd_sc_hd__buf_4)
     8    0.08                           net6 (net)
                  0.11    0.01    2.20 v _1843_/A (sky130_fd_sc_hd__nand2_1)
                  0.09    0.11    2.31 ^ _1843_/Y (sky130_fd_sc_hd__nand2_1)
     3    0.01                           _0952_ (net)
                  0.09    0.00    2.31 ^ _1850_/A (sky130_fd_sc_hd__and3_1)
                  0.08    0.17    2.48 ^ _1850_/X (sky130_fd_sc_hd__and3_1)
     1    0.01                           _0959_ (net)
                  0.08    0.00    2.48 ^ _1866_/A2 (sky130_fd_sc_hd__o31ai_2)
                  0.06    0.08    2.56 v _1866_/Y (sky130_fd_sc_hd__o31ai_2)
     1    0.01                           net71 (net)
                  0.06    0.00    2.56 v output71/A (sky130_fd_sc_hd__clkbuf_4)
                  0.08    0.18    2.74 v output71/X (sky130_fd_sc_hd__clkbuf_4)
     1    0.03                           data_out[11] (net)
                  0.08    0.00    2.74 v data_out[11] (out)
                                  2.74   data arrival time

                  0.00    0.00    0.00   clock __VIRTUAL_CLK__ (rise edge)
                          0.00    0.00   clock network delay (ideal)
                          0.25    0.25   clock uncertainty
                          0.00    0.25   clock reconvergence pessimism
                         -2.00   -1.75   output external delay
                                 -1.75   data required time
-----------------------------------------------------------------------------
                                 -1.75   data required time
                                 -2.74   data arrival time
-----------------------------------------------------------------------------
                                  4.49   slack (MET)


Startpoint: data_in2[28] (input port clocked by __VIRTUAL_CLK__)
Endpoint: data_out[28] (output port clocked by __VIRTUAL_CLK__)
Path Group: __VIRTUAL_CLK__
Path Type: min

Fanout     Cap    Slew   Delay    Time   Description
-----------------------------------------------------------------------------
                  0.00    0.00    0.00   clock __VIRTUAL_CLK__ (rise edge)
                          0.00    0.00   clock network delay (ideal)
                          2.00    2.00 ^ input external delay
                  0.02    0.01    2.01 ^ data_in2[28] (in)
     1    0.00                           data_in2[28] (net)
                  0.02    0.00    2.01 ^ input57/A (sky130_fd_sc_hd__clkbuf_4)
                  0.16    0.20    2.21 ^ input57/X (sky130_fd_sc_hd__clkbuf_4)
     8    0.05                           net57 (net)
                  0.16    0.01    2.22 ^ _2241_/A2 (sky130_fd_sc_hd__o22a_1)
                  0.03    0.14    2.35 ^ _2241_/X (sky130_fd_sc_hd__o22a_1)
     1    0.00                           _0210_ (net)
                  0.03    0.00    2.35 ^ _2261_/C (sky130_fd_sc_hd__or4b_1)
                  0.10    0.13    2.48 ^ _2261_/X (sky130_fd_sc_hd__or4b_1)
     1    0.01                           _0232_ (net)
                  0.10    0.00    2.48 ^ _2262_/A (sky130_fd_sc_hd__clkbuf_1)
                  0.04    0.09    2.57 ^ _2262_/X (sky130_fd_sc_hd__clkbuf_1)
     1    0.00                           net89 (net)
                  0.04    0.00    2.57 ^ output89/A (sky130_fd_sc_hd__clkbuf_4)
                  0.11    0.18    2.75 ^ output89/X (sky130_fd_sc_hd__clkbuf_4)
     1    0.03                           data_out[28] (net)
                  0.11    0.00    2.75 ^ data_out[28] (out)
                                  2.75   data arrival time

                  0.00    0.00    0.00   clock __VIRTUAL_CLK__ (rise edge)
                          0.00    0.00   clock network delay (ideal)
                          0.25    0.25   clock uncertainty
                          0.00    0.25   clock reconvergence pessimism
                         -2.00   -1.75   output external delay
                                 -1.75   data required time
-----------------------------------------------------------------------------
                                 -1.75   data required time
                                 -2.75   data arrival time
-----------------------------------------------------------------------------
                                  4.50   slack (MET)


Startpoint: data_in2[10] (input port clocked by __VIRTUAL_CLK__)
Endpoint: data_out[10] (output port clocked by __VIRTUAL_CLK__)
Path Group: __VIRTUAL_CLK__
Path Type: min

Fanout     Cap    Slew   Delay    Time   Description
-----------------------------------------------------------------------------
                  0.00    0.00    0.00   clock __VIRTUAL_CLK__ (rise edge)
                          0.00    0.00   clock network delay (ideal)
                          2.00    2.00 ^ input external delay
                  0.02    0.01    2.01 ^ data_in2[10] (in)
     1    0.00                           data_in2[10] (net)
                  0.02    0.00    2.01 ^ input38/A (sky130_fd_sc_hd__clkbuf_4)
                  0.15    0.19    2.20 ^ input38/X (sky130_fd_sc_hd__clkbuf_4)
     7    0.05                           net38 (net)
                  0.15    0.01    2.21 ^ _1836_/A2 (sky130_fd_sc_hd__o21a_1)
                  0.04    0.12    2.33 ^ _1836_/X (sky130_fd_sc_hd__o21a_1)
     1    0.00                           _0946_ (net)
                  0.04    0.00    2.33 ^ _1841_/B (sky130_fd_sc_hd__or3b_1)
                  0.05    0.10    2.42 ^ _1841_/X (sky130_fd_sc_hd__or3b_1)
     1    0.00                           _0951_ (net)
                  0.05    0.00    2.42 ^ _1842_/C1 (sky130_fd_sc_hd__a211o_1)
                  0.12    0.14    2.57 ^ _1842_/X (sky130_fd_sc_hd__a211o_1)
     1    0.01                           net70 (net)
                  0.12    0.00    2.57 ^ output70/A (sky130_fd_sc_hd__clkbuf_4)
                  0.11    0.20    2.77 ^ output70/X (sky130_fd_sc_hd__clkbuf_4)
     1    0.03                           data_out[10] (net)
                  0.11    0.00    2.77 ^ data_out[10] (out)
                                  2.77   data arrival time

                  0.00    0.00    0.00   clock __VIRTUAL_CLK__ (rise edge)
                          0.00    0.00   clock network delay (ideal)
                          0.25    0.25   clock uncertainty
                          0.00    0.25   clock reconvergence pessimism
                         -2.00   -1.75   output external delay
                                 -1.75   data required time
-----------------------------------------------------------------------------
                                 -1.75   data required time
                                 -2.77   data arrival time
-----------------------------------------------------------------------------
                                  4.52   slack (MET)


Startpoint: data_in2[25] (input port clocked by __VIRTUAL_CLK__)
Endpoint: data_out[25] (output port clocked by __VIRTUAL_CLK__)
Path Group: __VIRTUAL_CLK__
Path Type: min

Fanout     Cap    Slew   Delay    Time   Description
-----------------------------------------------------------------------------
                  0.00    0.00    0.00   clock __VIRTUAL_CLK__ (rise edge)
                          0.00    0.00   clock network delay (ideal)
                          2.00    2.00 ^ input external delay
                  0.02    0.01    2.01 ^ data_in2[25] (in)
     1    0.00                           data_in2[25] (net)
                  0.02    0.00    2.01 ^ input54/A (sky130_fd_sc_hd__buf_2)
                  0.18    0.19    2.20 ^ input54/X (sky130_fd_sc_hd__buf_2)
     7    0.04                           net54 (net)
                  0.18    0.00    2.20 ^ _2180_/A2 (sky130_fd_sc_hd__o22a_1)
                  0.04    0.14    2.34 ^ _2180_/X (sky130_fd_sc_hd__o22a_1)
     1    0.00                           _0145_ (net)
                  0.04    0.00    2.34 ^ _2191_/C (sky130_fd_sc_hd__or4_1)
                  0.15    0.17    2.51 ^ _2191_/X (sky130_fd_sc_hd__or4_1)
     1    0.02                           _0158_ (net)
                  0.15    0.00    2.51 ^ _2192_/A (sky130_fd_sc_hd__clkbuf_1)
                  0.05    0.10    2.61 ^ _2192_/X (sky130_fd_sc_hd__clkbuf_1)
     1    0.00                           net86 (net)
                  0.05    0.00    2.61 ^ output86/A (sky130_fd_sc_hd__clkbuf_4)
                  0.11    0.18    2.79 ^ output86/X (sky130_fd_sc_hd__clkbuf_4)
     1    0.03                           data_out[25] (net)
                  0.11    0.00    2.79 ^ data_out[25] (out)
                                  2.79   data arrival time

                  0.00    0.00    0.00   clock __VIRTUAL_CLK__ (rise edge)
                          0.00    0.00   clock network delay (ideal)
                          0.25    0.25   clock uncertainty
                          0.00    0.25   clock reconvergence pessimism
                         -2.00   -1.75   output external delay
                                 -1.75   data required time
-----------------------------------------------------------------------------
                                 -1.75   data required time
                                 -2.79   data arrival time
-----------------------------------------------------------------------------
                                  4.54   slack (MET)


Startpoint: data_in1[18] (input port clocked by __VIRTUAL_CLK__)
Endpoint: data_out[19] (output port clocked by __VIRTUAL_CLK__)
Path Group: __VIRTUAL_CLK__
Path Type: min

Fanout     Cap    Slew   Delay    Time   Description
-----------------------------------------------------------------------------
                  0.00    0.00    0.00   clock __VIRTUAL_CLK__ (rise edge)
                          0.00    0.00   clock network delay (ideal)
                          2.00    2.00 v input external delay
                  0.01    0.00    2.00 v data_in1[18] (in)
     1    0.00                           data_in1[18] (net)
                  0.01    0.00    2.00 v input14/A (sky130_fd_sc_hd__buf_4)
                  0.10    0.18    2.18 v input14/X (sky130_fd_sc_hd__buf_4)
     7    0.07                           net14 (net)
                  0.10    0.00    2.19 v _1254_/A (sky130_fd_sc_hd__inv_2)
                  0.06    0.09    2.27 ^ _1254_/Y (sky130_fd_sc_hd__inv_2)
     3    0.01                           _0374_ (net)
                  0.06    0.00    2.27 ^ _2041_/A (sky130_fd_sc_hd__or2_1)
                  0.10    0.13    2.41 ^ _2041_/X (sky130_fd_sc_hd__or2_1)
     3    0.01                           _0000_ (net)
                  0.10    0.00    2.41 ^ _2047_/A1 (sky130_fd_sc_hd__a31o_1)
                  0.05    0.14    2.55 ^ _2047_/X (sky130_fd_sc_hd__a31o_1)
     1    0.00                           _0006_ (net)
                  0.05    0.00    2.55 ^ _2060_/A2 (sky130_fd_sc_hd__o21ai_1)
                  0.06    0.08    2.62 v _2060_/Y (sky130_fd_sc_hd__o21ai_1)
     1    0.01                           net79 (net)
                  0.06    0.00    2.62 v output79/A (sky130_fd_sc_hd__clkbuf_4)
                  0.08    0.18    2.81 v output79/X (sky130_fd_sc_hd__clkbuf_4)
     1    0.03                           data_out[19] (net)
                  0.08    0.00    2.81 v data_out[19] (out)
                                  2.81   data arrival time

                  0.00    0.00    0.00   clock __VIRTUAL_CLK__ (rise edge)
                          0.00    0.00   clock network delay (ideal)
                          0.25    0.25   clock uncertainty
                          0.00    0.25   clock reconvergence pessimism
                         -2.00   -1.75   output external delay
                                 -1.75   data required time
-----------------------------------------------------------------------------
                                 -1.75   data required time
                                 -2.81   data arrival time
-----------------------------------------------------------------------------
                                  4.56   slack (MET)


Startpoint: data_in1[31] (input port clocked by __VIRTUAL_CLK__)
Endpoint: data_out[15] (output port clocked by __VIRTUAL_CLK__)
Path Group: __VIRTUAL_CLK__
Path Type: min

Fanout     Cap    Slew   Delay    Time   Description
-----------------------------------------------------------------------------
                  0.00    0.00    0.00   clock __VIRTUAL_CLK__ (rise edge)
                          0.00    0.00   clock network delay (ideal)
                          2.00    2.00 ^ input external delay
                  0.02    0.01    2.01 ^ data_in1[31] (in)
     1    0.00                           data_in1[31] (net)
                  0.02    0.00    2.01 ^ input29/A (sky130_fd_sc_hd__buf_4)
                  0.21    0.21    2.22 ^ input29/X (sky130_fd_sc_hd__buf_4)
     7    0.08                           net29 (net)
                  0.21    0.00    2.23 ^ _1965_/A2 (sky130_fd_sc_hd__o22a_1)
                  0.04    0.15    2.38 ^ _1965_/X (sky130_fd_sc_hd__o22a_1)
     1    0.00                           _1070_ (net)
                  0.04    0.00    2.38 ^ _1966_/A2 (sky130_fd_sc_hd__o21a_1)
                  0.04    0.10    2.48 ^ _1966_/X (sky130_fd_sc_hd__o21a_1)
     1    0.00                           _1071_ (net)
                  0.04    0.00    2.48 ^ _1967_/C1 (sky130_fd_sc_hd__a211o_1)
                  0.11    0.14    2.61 ^ _1967_/X (sky130_fd_sc_hd__a211o_1)
     1    0.01                           net75 (net)
                  0.11    0.00    2.61 ^ output75/A (sky130_fd_sc_hd__clkbuf_4)
                  0.11    0.20    2.81 ^ output75/X (sky130_fd_sc_hd__clkbuf_4)
     1    0.03                           data_out[15] (net)
                  0.11    0.00    2.81 ^ data_out[15] (out)
                                  2.81   data arrival time

                  0.00    0.00    0.00   clock __VIRTUAL_CLK__ (rise edge)
                          0.00    0.00   clock network delay (ideal)
                          0.25    0.25   clock uncertainty
                          0.00    0.25   clock reconvergence pessimism
                         -2.00   -1.75   output external delay
                                 -1.75   data required time
-----------------------------------------------------------------------------
                                 -1.75   data required time
                                 -2.81   data arrival time
-----------------------------------------------------------------------------
                                  4.56   slack (MET)


Startpoint: data_in2[27] (input port clocked by __VIRTUAL_CLK__)
Endpoint: data_out[27] (output port clocked by __VIRTUAL_CLK__)
Path Group: __VIRTUAL_CLK__
Path Type: min

Fanout     Cap    Slew   Delay    Time   Description
-----------------------------------------------------------------------------
                  0.00    0.00    0.00   clock __VIRTUAL_CLK__ (rise edge)
                          0.00    0.00   clock network delay (ideal)
                          2.00    2.00 ^ input external delay
                  0.02    0.01    2.01 ^ data_in2[27] (in)
     1    0.00                           data_in2[27] (net)
                  0.02    0.00    2.01 ^ input56/A (sky130_fd_sc_hd__buf_2)
                  0.17    0.18    2.19 ^ input56/X (sky130_fd_sc_hd__buf_2)
     8    0.03                           net56 (net)
                  0.17    0.00    2.19 ^ _2235_/A2 (sky130_fd_sc_hd__o22a_1)
                  0.08    0.17    2.36 ^ _2235_/X (sky130_fd_sc_hd__o22a_1)
     1    0.01                           _0204_ (net)
                  0.08    0.00    2.36 ^ _2236_/B (sky130_fd_sc_hd__or2_1)
                  0.04    0.10    2.46 ^ _2236_/X (sky130_fd_sc_hd__or2_1)
     1    0.00                           _0205_ (net)
                  0.04    0.00    2.46 ^ _2237_/C1 (sky130_fd_sc_hd__a211o_1)
                  0.14    0.15    2.61 ^ _2237_/X (sky130_fd_sc_hd__a211o_1)
     1    0.02                           net88 (net)
                  0.14    0.00    2.61 ^ output88/A (sky130_fd_sc_hd__clkbuf_4)
                  0.11    0.21    2.82 ^ output88/X (sky130_fd_sc_hd__clkbuf_4)
     1    0.03                           data_out[27] (net)
                  0.11    0.00    2.82 ^ data_out[27] (out)
                                  2.82   data arrival time

                  0.00    0.00    0.00   clock __VIRTUAL_CLK__ (rise edge)
                          0.00    0.00   clock network delay (ideal)
                          0.25    0.25   clock uncertainty
                          0.00    0.25   clock reconvergence pessimism
                         -2.00   -1.75   output external delay
                                 -1.75   data required time
-----------------------------------------------------------------------------
                                 -1.75   data required time
                                 -2.82   data arrival time
-----------------------------------------------------------------------------
                                  4.57   slack (MET)


Startpoint: data_in2[30] (input port clocked by __VIRTUAL_CLK__)
Endpoint: data_out[30] (output port clocked by __VIRTUAL_CLK__)
Path Group: __VIRTUAL_CLK__
Path Type: min

Fanout     Cap    Slew   Delay    Time   Description
-----------------------------------------------------------------------------
                  0.00    0.00    0.00   clock __VIRTUAL_CLK__ (rise edge)
                          0.00    0.00   clock network delay (ideal)
                          2.00    2.00 ^ input external delay
                  0.02    0.01    2.01 ^ data_in2[30] (in)
     1    0.00                           data_in2[30] (net)
                  0.02    0.00    2.01 ^ input60/A (sky130_fd_sc_hd__clkbuf_4)
                  0.14    0.19    2.20 ^ input60/X (sky130_fd_sc_hd__clkbuf_4)
     8    0.04                           net60 (net)
                  0.14    0.00    2.20 ^ _2290_/A2 (sky130_fd_sc_hd__o22a_1)
                  0.08    0.16    2.36 ^ _2290_/X (sky130_fd_sc_hd__o22a_1)
     1    0.01                           _0261_ (net)
                  0.08    0.00    2.36 ^ _2291_/B1 (sky130_fd_sc_hd__a41o_1)
                  0.09    0.12    2.49 ^ _2291_/X (sky130_fd_sc_hd__a41o_1)
     1    0.01                           _0263_ (net)
                  0.09    0.00    2.49 ^ _2298_/B1 (sky130_fd_sc_hd__a2111o_1)
                  0.09    0.15    2.63 ^ _2298_/X (sky130_fd_sc_hd__a2111o_1)
     1    0.01                           net92 (net)
                  0.09    0.00    2.63 ^ output92/A (sky130_fd_sc_hd__clkbuf_4)
                  0.11    0.19    2.83 ^ output92/X (sky130_fd_sc_hd__clkbuf_4)
     1    0.03                           data_out[30] (net)
                  0.11    0.00    2.83 ^ data_out[30] (out)
                                  2.83   data arrival time

                  0.00    0.00    0.00   clock __VIRTUAL_CLK__ (rise edge)
                          0.00    0.00   clock network delay (ideal)
                          0.25    0.25   clock uncertainty
                          0.00    0.25   clock reconvergence pessimism
                         -2.00   -1.75   output external delay
                                 -1.75   data required time
-----------------------------------------------------------------------------
                                 -1.75   data required time
                                 -2.83   data arrival time
-----------------------------------------------------------------------------
                                  4.58   slack (MET)


Startpoint: data_in2[29] (input port clocked by __VIRTUAL_CLK__)
Endpoint: data_out[29] (output port clocked by __VIRTUAL_CLK__)
Path Group: __VIRTUAL_CLK__
Path Type: min

Fanout     Cap    Slew   Delay    Time   Description
-----------------------------------------------------------------------------
                  0.00    0.00    0.00   clock __VIRTUAL_CLK__ (rise edge)
                          0.00    0.00   clock network delay (ideal)
                          2.00    2.00 ^ input external delay
                  0.02    0.01    2.01 ^ data_in2[29] (in)
     1    0.00                           data_in2[29] (net)
                  0.02    0.00    2.01 ^ input58/A (sky130_fd_sc_hd__buf_4)
                  0.18    0.19    2.20 ^ input58/X (sky130_fd_sc_hd__buf_4)
     7    0.06                           net58 (net)
                  0.18    0.00    2.20 ^ _2278_/A2 (sky130_fd_sc_hd__o21ai_1)
                  0.05    0.08    2.28 v _2278_/Y (sky130_fd_sc_hd__o21ai_1)
     1    0.00                           _0249_ (net)
                  0.05    0.00    2.28 v _2279_/B1 (sky130_fd_sc_hd__o31a_1)
                  0.04    0.11    2.39 v _2279_/X (sky130_fd_sc_hd__o31a_1)
     1    0.01                           _0250_ (net)
                  0.04    0.00    2.39 v _2280_/D_N (sky130_fd_sc_hd__or4b_4)
                  0.06    0.21    2.60 ^ _2280_/X (sky130_fd_sc_hd__or4b_4)
     1    0.02                           _0251_ (net)
                  0.06    0.00    2.60 ^ _2281_/A (sky130_fd_sc_hd__clkbuf_1)
                  0.07    0.10    2.70 ^ _2281_/X (sky130_fd_sc_hd__clkbuf_1)
     1    0.01                           net90 (net)
                  0.07    0.00    2.70 ^ output90/A (sky130_fd_sc_hd__buf_6)
                  0.08    0.13    2.83 ^ output90/X (sky130_fd_sc_hd__buf_6)
     1    0.03                           data_out[29] (net)
                  0.08    0.00    2.83 ^ data_out[29] (out)
                                  2.83   data arrival time

                  0.00    0.00    0.00   clock __VIRTUAL_CLK__ (rise edge)
                          0.00    0.00   clock network delay (ideal)
                          0.25    0.25   clock uncertainty
                          0.00    0.25   clock reconvergence pessimism
                         -2.00   -1.75   output external delay
                                 -1.75   data required time
-----------------------------------------------------------------------------
                                 -1.75   data required time
                                 -2.83   data arrival time
-----------------------------------------------------------------------------
                                  4.58   slack (MET)


Startpoint: data_in1[24] (input port clocked by __VIRTUAL_CLK__)
Endpoint: data_out[24] (output port clocked by __VIRTUAL_CLK__)
Path Group: __VIRTUAL_CLK__
Path Type: min

Fanout     Cap    Slew   Delay    Time   Description
-----------------------------------------------------------------------------
                  0.00    0.00    0.00   clock __VIRTUAL_CLK__ (rise edge)
                          0.00    0.00   clock network delay (ideal)
                          2.00    2.00 v input external delay
                  0.01    0.00    2.00 v data_in1[24] (in)
     1    0.00                           data_in1[24] (net)
                  0.01    0.00    2.00 v input21/A (sky130_fd_sc_hd__buf_4)
                  0.11    0.19    2.19 v input21/X (sky130_fd_sc_hd__buf_4)
     8    0.08                           net21 (net)
                  0.11    0.00    2.20 v _2149_/A (sky130_fd_sc_hd__nor2_1)
                  0.09    0.12    2.32 ^ _2149_/Y (sky130_fd_sc_hd__nor2_1)
     1    0.00                           _0112_ (net)
                  0.09    0.00    2.32 ^ _2150_/B (sky130_fd_sc_hd__nor2_1)
                  0.04    0.06    2.37 v _2150_/Y (sky130_fd_sc_hd__nor2_1)
     1    0.01                           _0113_ (net)
                  0.04    0.00    2.37 v _2151_/A (sky130_fd_sc_hd__inv_2)
                  0.06    0.07    2.44 ^ _2151_/Y (sky130_fd_sc_hd__inv_2)
     3    0.01                           _0115_ (net)
                  0.06    0.00    2.44 ^ _2153_/A1 (sky130_fd_sc_hd__a31o_1)
                  0.07    0.14    2.58 ^ _2153_/X (sky130_fd_sc_hd__a31o_1)
     1    0.01                           _0117_ (net)
                  0.07    0.00    2.58 ^ _2168_/A2 (sky130_fd_sc_hd__o21ai_2)
                  0.06    0.08    2.66 v _2168_/Y (sky130_fd_sc_hd__o21ai_2)
     1    0.01                           net85 (net)
                  0.06    0.00    2.66 v output85/A (sky130_fd_sc_hd__buf_2)
                  0.09    0.18    2.83 v output85/X (sky130_fd_sc_hd__buf_2)
     1    0.03                           data_out[24] (net)
                  0.09    0.00    2.83 v data_out[24] (out)
                                  2.83   data arrival time

                  0.00    0.00    0.00   clock __VIRTUAL_CLK__ (rise edge)
                          0.00    0.00   clock network delay (ideal)
                          0.25    0.25   clock uncertainty
                          0.00    0.25   clock reconvergence pessimism
                         -2.00   -1.75   output external delay
                                 -1.75   data required time
-----------------------------------------------------------------------------
                                 -1.75   data required time
                                 -2.83   data arrival time
-----------------------------------------------------------------------------
                                  4.58   slack (MET)


Startpoint: data_in2[14] (input port clocked by __VIRTUAL_CLK__)
Endpoint: data_out[14] (output port clocked by __VIRTUAL_CLK__)
Path Group: __VIRTUAL_CLK__
Path Type: min

Fanout     Cap    Slew   Delay    Time   Description
-----------------------------------------------------------------------------
                  0.00    0.00    0.00   clock __VIRTUAL_CLK__ (rise edge)
                          0.00    0.00   clock network delay (ideal)
                          2.00    2.00 ^ input external delay
                  0.02    0.01    2.01 ^ data_in2[14] (in)
     1    0.00                           data_in2[14] (net)
                  0.02    0.00    2.01 ^ input42/A (sky130_fd_sc_hd__clkbuf_4)
                  0.17    0.20    2.22 ^ input42/X (sky130_fd_sc_hd__clkbuf_4)
     9    0.05                           net42 (net)
                  0.17    0.00    2.22 ^ _1939_/A2 (sky130_fd_sc_hd__o22a_1)
                  0.04    0.14    2.36 ^ _1939_/X (sky130_fd_sc_hd__o22a_1)
     1    0.00                           _1045_ (net)
                  0.04    0.00    2.36 ^ _1942_/C (sky130_fd_sc_hd__or4_1)
                  0.05    0.09    2.45 ^ _1942_/X (sky130_fd_sc_hd__or4_1)
     1    0.00                           _1048_ (net)
                  0.05    0.00    2.45 ^ _1943_/B2 (sky130_fd_sc_hd__o22a_1)
                  0.16    0.19    2.64 ^ _1943_/X (sky130_fd_sc_hd__o22a_1)
     1    0.02                           net74 (net)
                  0.16    0.00    2.64 ^ output74/A (sky130_fd_sc_hd__clkbuf_4)
                  0.11    0.22    2.86 ^ output74/X (sky130_fd_sc_hd__clkbuf_4)
     1    0.03                           data_out[14] (net)
                  0.11    0.00    2.86 ^ data_out[14] (out)
                                  2.86   data arrival time

                  0.00    0.00    0.00   clock __VIRTUAL_CLK__ (rise edge)
                          0.00    0.00   clock network delay (ideal)
                          0.25    0.25   clock uncertainty
                          0.00    0.25   clock reconvergence pessimism
                         -2.00   -1.75   output external delay
                                 -1.75   data required time
-----------------------------------------------------------------------------
                                 -1.75   data required time
                                 -2.86   data arrival time
-----------------------------------------------------------------------------
                                  4.61   slack (MET)


Startpoint: data_in1[23] (input port clocked by __VIRTUAL_CLK__)
Endpoint: data_out[23] (output port clocked by __VIRTUAL_CLK__)
Path Group: __VIRTUAL_CLK__
Path Type: min

Fanout     Cap    Slew   Delay    Time   Description
-----------------------------------------------------------------------------
                  0.00    0.00    0.00   clock __VIRTUAL_CLK__ (rise edge)
                          0.00    0.00   clock network delay (ideal)
                          2.00    2.00 ^ input external delay
                  0.02    0.01    2.01 ^ data_in1[23] (in)
     1    0.00                           data_in1[23] (net)
                  0.02    0.00    2.01 ^ input20/A (sky130_fd_sc_hd__buf_4)
                  0.22    0.22    2.23 ^ input20/X (sky130_fd_sc_hd__buf_4)
     8    0.08                           net20 (net)
                  0.23    0.01    2.24 ^ _2121_/A (sky130_fd_sc_hd__xnor2_2)
                  0.10    0.18    2.42 ^ _2121_/Y (sky130_fd_sc_hd__xnor2_2)
     3    0.02                           _0083_ (net)
                  0.10    0.00    2.42 ^ _2124_/A (sky130_fd_sc_hd__xnor2_2)
                  0.12    0.17    2.59 ^ _2124_/Y (sky130_fd_sc_hd__xnor2_2)
     1    0.02                           _0086_ (net)
                  0.12    0.00    2.59 ^ _2138_/A2 (sky130_fd_sc_hd__o21ai_4)
                  0.09    0.10    2.69 v _2138_/Y (sky130_fd_sc_hd__o21ai_4)
     1    0.03                           net84 (net)
                  0.09    0.00    2.70 v output84/A (sky130_fd_sc_hd__clkbuf_4)
                  0.08    0.19    2.89 v output84/X (sky130_fd_sc_hd__clkbuf_4)
     1    0.04                           data_out[23] (net)
                  0.08    0.00    2.89 v data_out[23] (out)
                                  2.89   data arrival time

                  0.00    0.00    0.00   clock __VIRTUAL_CLK__ (rise edge)
                          0.00    0.00   clock network delay (ideal)
                          0.25    0.25   clock uncertainty
                          0.00    0.25   clock reconvergence pessimism
                         -2.00   -1.75   output external delay
                                 -1.75   data required time
-----------------------------------------------------------------------------
                                 -1.75   data required time
                                 -2.89   data arrival time
-----------------------------------------------------------------------------
                                  4.64   slack (MET)


Startpoint: data_in2[26] (input port clocked by __VIRTUAL_CLK__)
Endpoint: data_out[26] (output port clocked by __VIRTUAL_CLK__)
Path Group: __VIRTUAL_CLK__
Path Type: min

Fanout     Cap    Slew   Delay    Time   Description
-----------------------------------------------------------------------------
                  0.00    0.00    0.00   clock __VIRTUAL_CLK__ (rise edge)
                          0.00    0.00   clock network delay (ideal)
                          2.00    2.00 ^ input external delay
                  0.02    0.01    2.01 ^ data_in2[26] (in)
     1    0.00                           data_in2[26] (net)
                  0.02    0.00    2.01 ^ input55/A (sky130_fd_sc_hd__clkbuf_4)
                  0.19    0.21    2.23 ^ input55/X (sky130_fd_sc_hd__clkbuf_4)
     9    0.06                           net55 (net)
                  0.19    0.01    2.23 ^ _2203_/A2 (sky130_fd_sc_hd__o22a_1)
                  0.04    0.15    2.38 ^ _2203_/X (sky130_fd_sc_hd__o22a_1)
     1    0.00                           _0170_ (net)
                  0.04    0.00    2.38 ^ _2209_/C (sky130_fd_sc_hd__or4_1)
                  0.03    0.09    2.47 ^ _2209_/X (sky130_fd_sc_hd__or4_1)
     1    0.00                           _0176_ (net)
                  0.03    0.00    2.47 ^ _2212_/A (sky130_fd_sc_hd__or2_1)
                  0.09    0.12    2.59 ^ _2212_/X (sky130_fd_sc_hd__or2_1)
     1    0.01                           _0180_ (net)
                  0.09    0.00    2.59 ^ _2213_/B1 (sky130_fd_sc_hd__a21o_1)
                  0.09    0.12    2.71 ^ _2213_/X (sky130_fd_sc_hd__a21o_1)
     1    0.01                           net87 (net)
                  0.09    0.00    2.71 ^ output87/A (sky130_fd_sc_hd__clkbuf_4)
                  0.11    0.19    2.90 ^ output87/X (sky130_fd_sc_hd__clkbuf_4)
     1    0.03                           data_out[26] (net)
                  0.11    0.00    2.90 ^ data_out[26] (out)
                                  2.90   data arrival time

                  0.00    0.00    0.00   clock __VIRTUAL_CLK__ (rise edge)
                          0.00    0.00   clock network delay (ideal)
                          0.25    0.25   clock uncertainty
                          0.00    0.25   clock reconvergence pessimism
                         -2.00   -1.75   output external delay
                                 -1.75   data required time
-----------------------------------------------------------------------------
                                 -1.75   data required time
                                 -2.90   data arrival time
-----------------------------------------------------------------------------
                                  4.65   slack (MET)


Startpoint: data_in1[0] (input port clocked by __VIRTUAL_CLK__)
Endpoint: data_out[0] (output port clocked by __VIRTUAL_CLK__)
Path Group: __VIRTUAL_CLK__
Path Type: min

Fanout     Cap    Slew   Delay    Time   Description
-----------------------------------------------------------------------------
                  0.00    0.00    0.00   clock __VIRTUAL_CLK__ (rise edge)
                          0.00    0.00   clock network delay (ideal)
                          2.00    2.00 ^ input external delay
                  0.02    0.01    2.01 ^ data_in1[0] (in)
     1    0.00                           data_in1[0] (net)
                  0.02    0.00    2.01 ^ input5/A (sky130_fd_sc_hd__clkbuf_2)
                  0.13    0.15    2.16 ^ input5/X (sky130_fd_sc_hd__clkbuf_2)
     5    0.02                           net5 (net)
                  0.13    0.00    2.16 ^ _1311_/A2 (sky130_fd_sc_hd__a31o_1)
                  0.06    0.16    2.32 ^ _1311_/X (sky130_fd_sc_hd__a31o_1)
     1    0.00                           _0431_ (net)
                  0.06    0.00    2.32 ^ _1333_/C (sky130_fd_sc_hd__or4b_1)
                  0.05    0.10    2.42 ^ _1333_/X (sky130_fd_sc_hd__or4b_1)
     1    0.00                           _0453_ (net)
                  0.05    0.00    2.42 ^ _1334_/B1 (sky130_fd_sc_hd__a21o_1)
                  0.04    0.07    2.49 ^ _1334_/X (sky130_fd_sc_hd__a21o_1)
     1    0.00                           _0454_ (net)
                  0.04    0.00    2.49 ^ _1454_/A2 (sky130_fd_sc_hd__o32a_1)
                  0.14    0.19    2.69 ^ _1454_/X (sky130_fd_sc_hd__o32a_1)
     1    0.01                           net69 (net)
                  0.14    0.00    2.69 ^ output69/A (sky130_fd_sc_hd__buf_2)
                  0.17    0.22    2.91 ^ output69/X (sky130_fd_sc_hd__buf_2)
     1    0.03                           data_out[0] (net)
                  0.17    0.00    2.91 ^ data_out[0] (out)
                                  2.91   data arrival time

                  0.00    0.00    0.00   clock __VIRTUAL_CLK__ (rise edge)
                          0.00    0.00   clock network delay (ideal)
                          0.25    0.25   clock uncertainty
                          0.00    0.25   clock reconvergence pessimism
                         -2.00   -1.75   output external delay
                                 -1.75   data required time
-----------------------------------------------------------------------------
                                 -1.75   data required time
                                 -2.91   data arrival time
-----------------------------------------------------------------------------
                                  4.66   slack (MET)


Startpoint: data_in1[16] (input port clocked by __VIRTUAL_CLK__)
Endpoint: data_out[17] (output port clocked by __VIRTUAL_CLK__)
Path Group: __VIRTUAL_CLK__
Path Type: min

Fanout     Cap    Slew   Delay    Time   Description
-----------------------------------------------------------------------------
                  0.00    0.00    0.00   clock __VIRTUAL_CLK__ (rise edge)
                          0.00    0.00   clock network delay (ideal)
                          2.00    2.00 ^ input external delay
                  0.02    0.01    2.01 ^ data_in1[16] (in)
     1    0.00                           data_in1[16] (net)
                  0.02    0.00    2.01 ^ input12/A (sky130_fd_sc_hd__buf_4)
                  0.24    0.23    2.24 ^ input12/X (sky130_fd_sc_hd__buf_4)
     9    0.09                           net12 (net)
                  0.24    0.00    2.25 ^ _1971_/A (sky130_fd_sc_hd__nand2_1)
                  0.09    0.14    2.39 v _1971_/Y (sky130_fd_sc_hd__nand2_1)
     4    0.01                           _1075_ (net)
                  0.09    0.00    2.39 v _2007_/A (sky130_fd_sc_hd__nand2_1)
                  0.06    0.09    2.48 ^ _2007_/Y (sky130_fd_sc_hd__nand2_1)
     1    0.01                           _1110_ (net)
                  0.06    0.00    2.48 ^ _2008_/B (sky130_fd_sc_hd__xor2_1)
                  0.05    0.07    2.55 v _2008_/X (sky130_fd_sc_hd__xor2_1)
     1    0.01                           _1111_ (net)
                  0.05    0.00    2.55 v _2023_/A2 (sky130_fd_sc_hd__a21o_1)
                  0.05    0.18    2.74 v _2023_/X (sky130_fd_sc_hd__a21o_1)
     1    0.01                           net77 (net)
                  0.05    0.00    2.74 v output77/A (sky130_fd_sc_hd__clkbuf_4)
                  0.08    0.18    2.91 v output77/X (sky130_fd_sc_hd__clkbuf_4)
     1    0.03                           data_out[17] (net)
                  0.08    0.00    2.91 v data_out[17] (out)
                                  2.91   data arrival time

                  0.00    0.00    0.00   clock __VIRTUAL_CLK__ (rise edge)
                          0.00    0.00   clock network delay (ideal)
                          0.25    0.25   clock uncertainty
                          0.00    0.25   clock reconvergence pessimism
                         -2.00   -1.75   output external delay
                                 -1.75   data required time
-----------------------------------------------------------------------------
                                 -1.75   data required time
                                 -2.91   data arrival time
-----------------------------------------------------------------------------
                                  4.66   slack (MET)


Startpoint: data_in2[16] (input port clocked by __VIRTUAL_CLK__)
Endpoint: data_out[16] (output port clocked by __VIRTUAL_CLK__)
Path Group: __VIRTUAL_CLK__
Path Type: min

Fanout     Cap    Slew   Delay    Time   Description
-----------------------------------------------------------------------------
                  0.00    0.00    0.00   clock __VIRTUAL_CLK__ (rise edge)
                          0.00    0.00   clock network delay (ideal)
                          2.00    2.00 ^ input external delay
                  0.03    0.02    2.02 ^ data_in2[16] (in)
     1    0.00                           data_in2[16] (net)
                  0.03    0.00    2.02 ^ input44/A (sky130_fd_sc_hd__buf_4)
                  0.19    0.19    2.21 ^ input44/X (sky130_fd_sc_hd__buf_4)
    10    0.07                           net44 (net)
                  0.19    0.01    2.22 ^ _1989_/A2 (sky130_fd_sc_hd__o22a_1)
                  0.03    0.14    2.36 ^ _1989_/X (sky130_fd_sc_hd__o22a_1)
     1    0.00                           _1093_ (net)
                  0.03    0.00    2.36 ^ _1990_/B (sky130_fd_sc_hd__or2_1)
                  0.04    0.08    2.44 ^ _1990_/X (sky130_fd_sc_hd__or2_1)
     1    0.00                           _1094_ (net)
                  0.04    0.00    2.44 ^ _2000_/B1 (sky130_fd_sc_hd__a211o_1)
                  0.26    0.23    2.68 ^ _2000_/X (sky130_fd_sc_hd__a211o_1)
     1    0.03                           net76 (net)
                  0.26    0.00    2.68 ^ output76/A (sky130_fd_sc_hd__clkbuf_4)
                  0.11    0.25    2.92 ^ output76/X (sky130_fd_sc_hd__clkbuf_4)
     1    0.03                           data_out[16] (net)
                  0.11    0.00    2.92 ^ data_out[16] (out)
                                  2.92   data arrival time

                  0.00    0.00    0.00   clock __VIRTUAL_CLK__ (rise edge)
                          0.00    0.00   clock network delay (ideal)
                          0.25    0.25   clock uncertainty
                          0.00    0.25   clock reconvergence pessimism
                         -2.00   -1.75   output external delay
                                 -1.75   data required time
-----------------------------------------------------------------------------
                                 -1.75   data required time
                                 -2.92   data arrival time
-----------------------------------------------------------------------------
                                  4.67   slack (MET)


Startpoint: data_in1[8] (input port clocked by __VIRTUAL_CLK__)
Endpoint: data_out[8] (output port clocked by __VIRTUAL_CLK__)
Path Group: __VIRTUAL_CLK__
Path Type: min

Fanout     Cap    Slew   Delay    Time   Description
-----------------------------------------------------------------------------
                  0.00    0.00    0.00   clock __VIRTUAL_CLK__ (rise edge)
                          0.00    0.00   clock network delay (ideal)
                          2.00    2.00 v input external delay
                  0.01    0.01    2.01 v data_in1[8] (in)
     1    0.00                           data_in1[8] (net)
                  0.01    0.00    2.01 v input35/A (sky130_fd_sc_hd__buf_4)
                  0.09    0.18    2.18 v input35/X (sky130_fd_sc_hd__buf_4)
     8    0.07                           net35 (net)
                  0.09    0.00    2.19 v _1762_/A (sky130_fd_sc_hd__nand2_1)
                  0.09    0.10    2.29 ^ _1762_/Y (sky130_fd_sc_hd__nand2_1)
     3    0.01                           _0874_ (net)
                  0.09    0.00    2.29 ^ _1764_/A (sky130_fd_sc_hd__nand2_1)
                  0.08    0.09    2.38 v _1764_/Y (sky130_fd_sc_hd__nand2_1)
     3    0.01                           _0876_ (net)
                  0.08    0.00    2.38 v _1771_/A1 (sky130_fd_sc_hd__a21oi_1)
                  0.09    0.13    2.51 ^ _1771_/Y (sky130_fd_sc_hd__a21oi_1)
     1    0.00                           _0883_ (net)
                  0.09    0.00    2.51 ^ _1792_/A2 (sky130_fd_sc_hd__a211o_1)
                  0.16    0.21    2.72 ^ _1792_/X (sky130_fd_sc_hd__a211o_1)
     1    0.02                           net99 (net)
                  0.16    0.00    2.72 ^ output99/A (sky130_fd_sc_hd__clkbuf_4)
                  0.11    0.22    2.93 ^ output99/X (sky130_fd_sc_hd__clkbuf_4)
     1    0.03                           data_out[8] (net)
                  0.11    0.00    2.94 ^ data_out[8] (out)
                                  2.94   data arrival time

                  0.00    0.00    0.00   clock __VIRTUAL_CLK__ (rise edge)
                          0.00    0.00   clock network delay (ideal)
                          0.25    0.25   clock uncertainty
                          0.00    0.25   clock reconvergence pessimism
                         -2.00   -1.75   output external delay
                                 -1.75   data required time
-----------------------------------------------------------------------------
                                 -1.75   data required time
                                 -2.94   data arrival time
-----------------------------------------------------------------------------
                                  4.69   slack (MET)


Startpoint: data_in1[18] (input port clocked by __VIRTUAL_CLK__)
Endpoint: data_out[18] (output port clocked by __VIRTUAL_CLK__)
Path Group: __VIRTUAL_CLK__
Path Type: min

Fanout     Cap    Slew   Delay    Time   Description
-----------------------------------------------------------------------------
                  0.00    0.00    0.00   clock __VIRTUAL_CLK__ (rise edge)
                          0.00    0.00   clock network delay (ideal)
                          2.00    2.00 v input external delay
                  0.01    0.00    2.00 v data_in1[18] (in)
     1    0.00                           data_in1[18] (net)
                  0.01    0.00    2.00 v input14/A (sky130_fd_sc_hd__buf_4)
                  0.10    0.18    2.18 v input14/X (sky130_fd_sc_hd__buf_4)
     7    0.07                           net14 (net)
                  0.10    0.00    2.19 v _1254_/A (sky130_fd_sc_hd__inv_2)
                  0.06    0.09    2.27 ^ _1254_/Y (sky130_fd_sc_hd__inv_2)
     3    0.01                           _0374_ (net)
                  0.06    0.00    2.27 ^ _2026_/A (sky130_fd_sc_hd__xnor2_1)
                  0.08    0.10    2.37 v _2026_/Y (sky130_fd_sc_hd__xnor2_1)
     3    0.01                           _1128_ (net)
                  0.08    0.00    2.37 v _2029_/A (sky130_fd_sc_hd__nand2_1)
                  0.05    0.07    2.44 ^ _2029_/Y (sky130_fd_sc_hd__nand2_1)
     1    0.00                           _1131_ (net)
                  0.05    0.00    2.44 ^ _2040_/A3 (sky130_fd_sc_hd__a31o_1)
                  0.22    0.25    2.70 ^ _2040_/X (sky130_fd_sc_hd__a31o_1)
     1    0.02                           net78 (net)
                  0.22    0.00    2.70 ^ output78/A (sky130_fd_sc_hd__clkbuf_4)
                  0.12    0.24    2.94 ^ output78/X (sky130_fd_sc_hd__clkbuf_4)
     1    0.04                           data_out[18] (net)
                  0.12    0.00    2.94 ^ data_out[18] (out)
                                  2.94   data arrival time

                  0.00    0.00    0.00   clock __VIRTUAL_CLK__ (rise edge)
                          0.00    0.00   clock network delay (ideal)
                          0.25    0.25   clock uncertainty
                          0.00    0.25   clock reconvergence pessimism
                         -2.00   -1.75   output external delay
                                 -1.75   data required time
-----------------------------------------------------------------------------
                                 -1.75   data required time
                                 -2.94   data arrival time
-----------------------------------------------------------------------------
                                  4.69   slack (MET)


Startpoint: data_in1[3] (input port clocked by __VIRTUAL_CLK__)
Endpoint: data_out[3] (output port clocked by __VIRTUAL_CLK__)
Path Group: __VIRTUAL_CLK__
Path Type: min

Fanout     Cap    Slew   Delay    Time   Description
-----------------------------------------------------------------------------
                  0.00    0.00    0.00   clock __VIRTUAL_CLK__ (rise edge)
                          0.00    0.00   clock network delay (ideal)
                          2.00    2.00 ^ input external delay
                  0.03    0.02    2.02 ^ data_in1[3] (in)
     1    0.00                           data_in1[3] (net)
                  0.03    0.00    2.02 ^ input30/A (sky130_fd_sc_hd__buf_4)
                  0.19    0.20    2.22 ^ input30/X (sky130_fd_sc_hd__buf_4)
     9    0.07                           net30 (net)
                  0.20    0.01    2.22 ^ _1630_/A1 (sky130_fd_sc_hd__o21ai_1)
                  0.04    0.10    2.32 v _1630_/Y (sky130_fd_sc_hd__o21ai_1)
     1    0.00                           _0747_ (net)
                  0.04    0.00    2.32 v _1631_/C1 (sky130_fd_sc_hd__o221a_1)
                  0.03    0.10    2.42 v _1631_/X (sky130_fd_sc_hd__o221a_1)
     1    0.00                           _0748_ (net)
                  0.03    0.00    2.42 v _1632_/C_N (sky130_fd_sc_hd__or3b_2)
                  0.16    0.26    2.68 ^ _1632_/X (sky130_fd_sc_hd__or3b_2)
     2    0.03                           _0749_ (net)
                  0.16    0.00    2.68 ^ _1633_/A (sky130_fd_sc_hd__clkbuf_1)
                  0.05    0.10    2.79 ^ _1633_/X (sky130_fd_sc_hd__clkbuf_1)
     1    0.00                           net94 (net)
                  0.05    0.00    2.79 ^ output94/A (sky130_fd_sc_hd__clkbuf_4)
                  0.11    0.18    2.96 ^ output94/X (sky130_fd_sc_hd__clkbuf_4)
     1    0.03                           data_out[3] (net)
                  0.11    0.00    2.96 ^ data_out[3] (out)
                                  2.96   data arrival time

                  0.00    0.00    0.00   clock __VIRTUAL_CLK__ (rise edge)
                          0.00    0.00   clock network delay (ideal)
                          0.25    0.25   clock uncertainty
                          0.00    0.25   clock reconvergence pessimism
                         -2.00   -1.75   output external delay
                                 -1.75   data required time
-----------------------------------------------------------------------------
                                 -1.75   data required time
                                 -2.96   data arrival time
-----------------------------------------------------------------------------
                                  4.71   slack (MET)


Startpoint: data_in2[31] (input port clocked by __VIRTUAL_CLK__)
Endpoint: data_out[31] (output port clocked by __VIRTUAL_CLK__)
Path Group: __VIRTUAL_CLK__
Path Type: min

Fanout     Cap    Slew   Delay    Time   Description
-----------------------------------------------------------------------------
                  0.00    0.00    0.00   clock __VIRTUAL_CLK__ (rise edge)
                          0.00    0.00   clock network delay (ideal)
                          2.00    2.00 ^ input external delay
                  0.02    0.01    2.01 ^ data_in2[31] (in)
     1    0.00                           data_in2[31] (net)
                  0.02    0.00    2.01 ^ input61/A (sky130_fd_sc_hd__dlymetal6s2s_1)
                  0.23    0.20    2.21 ^ input61/X (sky130_fd_sc_hd__dlymetal6s2s_1)
     4    0.02                           net61 (net)
                  0.23    0.00    2.21 ^ _1229_/B (sky130_fd_sc_hd__and2_1)
                  0.08    0.18    2.39 ^ _1229_/X (sky130_fd_sc_hd__and2_1)
     2    0.01                           _0349_ (net)
                  0.08    0.00    2.39 ^ _2314_/A1 (sky130_fd_sc_hd__a211o_1)
                  0.06    0.13    2.52 ^ _2314_/X (sky130_fd_sc_hd__a211o_1)
     1    0.01                           _0287_ (net)
                  0.06    0.00    2.52 ^ _2315_/B2 (sky130_fd_sc_hd__o32a_1)
                  0.21    0.23    2.75 ^ _2315_/X (sky130_fd_sc_hd__o32a_1)
     1    0.02                           net93 (net)
                  0.21    0.00    2.75 ^ output93/A (sky130_fd_sc_hd__clkbuf_4)
                  0.11    0.23    2.99 ^ output93/X (sky130_fd_sc_hd__clkbuf_4)
     1    0.03                           data_out[31] (net)
                  0.11    0.00    2.99 ^ data_out[31] (out)
                                  2.99   data arrival time

                  0.00    0.00    0.00   clock __VIRTUAL_CLK__ (rise edge)
                          0.00    0.00   clock network delay (ideal)
                          0.25    0.25   clock uncertainty
                          0.00    0.25   clock reconvergence pessimism
                         -2.00   -1.75   output external delay
                                 -1.75   data required time
-----------------------------------------------------------------------------
                                 -1.75   data required time
                                 -2.99   data arrival time
-----------------------------------------------------------------------------
                                  4.74   slack (MET)


Startpoint: data_in1[20] (input port clocked by __VIRTUAL_CLK__)
Endpoint: data_out[21] (output port clocked by __VIRTUAL_CLK__)
Path Group: __VIRTUAL_CLK__
Path Type: min

Fanout     Cap    Slew   Delay    Time   Description
-----------------------------------------------------------------------------
                  0.00    0.00    0.00   clock __VIRTUAL_CLK__ (rise edge)
                          0.00    0.00   clock network delay (ideal)
                          2.00    2.00 v input external delay
                  0.01    0.01    2.01 v data_in1[20] (in)
     1    0.00                           data_in1[20] (net)
                  0.01    0.00    2.01 v input17/A (sky130_fd_sc_hd__buf_4)
                  0.09    0.18    2.18 v input17/X (sky130_fd_sc_hd__buf_4)
     8    0.07                           net17 (net)
                  0.10    0.01    2.19 v _2086_/A (sky130_fd_sc_hd__nand2_1)
                  0.05    0.07    2.26 ^ _2086_/Y (sky130_fd_sc_hd__nand2_1)
     1    0.00                           _0046_ (net)
                  0.05    0.00    2.26 ^ _2087_/B1 (sky130_fd_sc_hd__o21a_1)
                  0.06    0.12    2.38 ^ _2087_/X (sky130_fd_sc_hd__o21a_1)
     1    0.01                           _0047_ (net)
                  0.06    0.00    2.38 ^ _2088_/B (sky130_fd_sc_hd__xnor2_1)
                  0.12    0.12    2.50 v _2088_/Y (sky130_fd_sc_hd__xnor2_1)
     1    0.02                           _0048_ (net)
                  0.12    0.00    2.50 v _2099_/A2 (sky130_fd_sc_hd__a21o_1)
                  0.13    0.28    2.78 v _2099_/X (sky130_fd_sc_hd__a21o_1)
     1    0.03                           net82 (net)
                  0.13    0.00    2.78 v output82/A (sky130_fd_sc_hd__clkbuf_4)
                  0.08    0.21    2.99 v output82/X (sky130_fd_sc_hd__clkbuf_4)
     1    0.03                           data_out[21] (net)
                  0.08    0.00    2.99 v data_out[21] (out)
                                  2.99   data arrival time

                  0.00    0.00    0.00   clock __VIRTUAL_CLK__ (rise edge)
                          0.00    0.00   clock network delay (ideal)
                          0.25    0.25   clock uncertainty
                          0.00    0.25   clock reconvergence pessimism
                         -2.00   -1.75   output external delay
                                 -1.75   data required time
-----------------------------------------------------------------------------
                                 -1.75   data required time
                                 -2.99   data arrival time
-----------------------------------------------------------------------------
                                  4.74   slack (MET)


Startpoint: data_in1[6] (input port clocked by __VIRTUAL_CLK__)
Endpoint: data_out[6] (output port clocked by __VIRTUAL_CLK__)
Path Group: __VIRTUAL_CLK__
Path Type: min

Fanout     Cap    Slew   Delay    Time   Description
-----------------------------------------------------------------------------
                  0.00    0.00    0.00   clock __VIRTUAL_CLK__ (rise edge)
                          0.00    0.00   clock network delay (ideal)
                          2.00    2.00 ^ input external delay
                  0.02    0.01    2.01 ^ data_in1[6] (in)
     1    0.00                           data_in1[6] (net)
                  0.02    0.00    2.01 ^ input33/A (sky130_fd_sc_hd__buf_4)
                  0.19    0.19    2.20 ^ input33/X (sky130_fd_sc_hd__buf_4)
     8    0.07                           net33 (net)
                  0.19    0.01    2.21 ^ _1700_/A (sky130_fd_sc_hd__xnor2_2)
                  0.09    0.13    2.34 v _1700_/Y (sky130_fd_sc_hd__xnor2_2)
     5    0.02                           _0814_ (net)
                  0.09    0.00    2.34 v _1704_/A1 (sky130_fd_sc_hd__a21oi_1)
                  0.13    0.16    2.50 ^ _1704_/Y (sky130_fd_sc_hd__a21oi_1)
     1    0.01                           _0818_ (net)
                  0.13    0.00    2.50 ^ _1726_/A (sky130_fd_sc_hd__or4_1)
                  0.16    0.20    2.70 ^ _1726_/X (sky130_fd_sc_hd__or4_1)
     1    0.02                           _0840_ (net)
                  0.16    0.00    2.70 ^ _1727_/A (sky130_fd_sc_hd__clkbuf_1)
                  0.05    0.11    2.81 ^ _1727_/X (sky130_fd_sc_hd__clkbuf_1)
     1    0.00                           net97 (net)
                  0.05    0.00    2.81 ^ output97/A (sky130_fd_sc_hd__clkbuf_4)
                  0.11    0.18    2.99 ^ output97/X (sky130_fd_sc_hd__clkbuf_4)
     1    0.03                           data_out[6] (net)
                  0.11    0.00    2.99 ^ data_out[6] (out)
                                  2.99   data arrival time

                  0.00    0.00    0.00   clock __VIRTUAL_CLK__ (rise edge)
                          0.00    0.00   clock network delay (ideal)
                          0.25    0.25   clock uncertainty
                          0.00    0.25   clock reconvergence pessimism
                         -2.00   -1.75   output external delay
                                 -1.75   data required time
-----------------------------------------------------------------------------
                                 -1.75   data required time
                                 -2.99   data arrival time
-----------------------------------------------------------------------------
                                  4.74   slack (MET)


Startpoint: data_in2[7] (input port clocked by __VIRTUAL_CLK__)
Endpoint: data_out[7] (output port clocked by __VIRTUAL_CLK__)
Path Group: __VIRTUAL_CLK__
Path Type: min

Fanout     Cap    Slew   Delay    Time   Description
-----------------------------------------------------------------------------
                  0.00    0.00    0.00   clock __VIRTUAL_CLK__ (rise edge)
                          0.00    0.00   clock network delay (ideal)
                          2.00    2.00 ^ input external delay
                  0.02    0.01    2.01 ^ data_in2[7] (in)
     1    0.00                           data_in2[7] (net)
                  0.02    0.00    2.01 ^ input66/A (sky130_fd_sc_hd__buf_4)
                  0.13    0.16    2.17 ^ input66/X (sky130_fd_sc_hd__buf_4)
     8    0.04                           net66 (net)
                  0.13    0.00    2.17 ^ _1755_/A2 (sky130_fd_sc_hd__o22a_1)
                  0.06    0.15    2.32 ^ _1755_/X (sky130_fd_sc_hd__o22a_1)
     1    0.01                           _0868_ (net)
                  0.06    0.00    2.32 ^ _1756_/B1 (sky130_fd_sc_hd__a21o_1)
                  0.24    0.22    2.54 ^ _1756_/X (sky130_fd_sc_hd__a21o_1)
     1    0.03                           _0869_ (net)
                  0.24    0.00    2.54 ^ _1757_/D (sky130_fd_sc_hd__or4_1)
                  0.06    0.15    2.69 ^ _1757_/X (sky130_fd_sc_hd__or4_1)
     1    0.01                           _0870_ (net)
                  0.06    0.00    2.69 ^ _1758_/A (sky130_fd_sc_hd__clkbuf_1)
                  0.10    0.12    2.81 ^ _1758_/X (sky130_fd_sc_hd__clkbuf_1)
     1    0.01                           net98 (net)
                  0.10    0.00    2.81 ^ output98/A (sky130_fd_sc_hd__clkbuf_4)
                  0.11    0.20    3.01 ^ output98/X (sky130_fd_sc_hd__clkbuf_4)
     1    0.03                           data_out[7] (net)
                  0.11    0.00    3.01 ^ data_out[7] (out)
                                  3.01   data arrival time

                  0.00    0.00    0.00   clock __VIRTUAL_CLK__ (rise edge)
                          0.00    0.00   clock network delay (ideal)
                          0.25    0.25   clock uncertainty
                          0.00    0.25   clock reconvergence pessimism
                         -2.00   -1.75   output external delay
                                 -1.75   data required time
-----------------------------------------------------------------------------
                                 -1.75   data required time
                                 -3.01   data arrival time
-----------------------------------------------------------------------------
                                  4.76   slack (MET)


Startpoint: data_in1[8] (input port clocked by __VIRTUAL_CLK__)
Endpoint: data_out[9] (output port clocked by __VIRTUAL_CLK__)
Path Group: __VIRTUAL_CLK__
Path Type: min

Fanout     Cap    Slew   Delay    Time   Description
-----------------------------------------------------------------------------
                  0.00    0.00    0.00   clock __VIRTUAL_CLK__ (rise edge)
                          0.00    0.00   clock network delay (ideal)
                          2.00    2.00 v input external delay
                  0.01    0.01    2.01 v data_in1[8] (in)
     1    0.00                           data_in1[8] (net)
                  0.01    0.00    2.01 v input35/A (sky130_fd_sc_hd__buf_4)
                  0.09    0.18    2.18 v input35/X (sky130_fd_sc_hd__buf_4)
     8    0.07                           net35 (net)
                  0.09    0.00    2.19 v _1762_/A (sky130_fd_sc_hd__nand2_1)
                  0.09    0.10    2.29 ^ _1762_/Y (sky130_fd_sc_hd__nand2_1)
     3    0.01                           _0874_ (net)
                  0.09    0.00    2.29 ^ _1810_/A (sky130_fd_sc_hd__and2_1)
                  0.09    0.15    2.44 ^ _1810_/X (sky130_fd_sc_hd__and2_1)
     2    0.01                           _0921_ (net)
                  0.09    0.00    2.44 ^ _1817_/A (sky130_fd_sc_hd__xor2_1)
                  0.04    0.07    2.51 v _1817_/X (sky130_fd_sc_hd__xor2_1)
     1    0.00                           _0928_ (net)
                  0.04    0.00    2.51 v _1818_/B1 (sky130_fd_sc_hd__o22a_1)
                  0.16    0.28    2.80 v _1818_/X (sky130_fd_sc_hd__o22a_1)
     1    0.03                           net100 (net)
                  0.16    0.00    2.80 v output100/A (sky130_fd_sc_hd__buf_2)
                  0.09    0.22    3.02 v output100/X (sky130_fd_sc_hd__buf_2)
     1    0.03                           data_out[9] (net)
                  0.09    0.00    3.02 v data_out[9] (out)
                                  3.02   data arrival time

                  0.00    0.00    0.00   clock __VIRTUAL_CLK__ (rise edge)
                          0.00    0.00   clock network delay (ideal)
                          0.25    0.25   clock uncertainty
                          0.00    0.25   clock reconvergence pessimism
                         -2.00   -1.75   output external delay
                                 -1.75   data required time
-----------------------------------------------------------------------------
                                 -1.75   data required time
                                 -3.02   data arrival time
-----------------------------------------------------------------------------
                                  4.77   slack (MET)


Startpoint: data_in1[4] (input port clocked by __VIRTUAL_CLK__)
Endpoint: data_out[4] (output port clocked by __VIRTUAL_CLK__)
Path Group: __VIRTUAL_CLK__
Path Type: min

Fanout     Cap    Slew   Delay    Time   Description
-----------------------------------------------------------------------------
                  0.00    0.00    0.00   clock __VIRTUAL_CLK__ (rise edge)
                          0.00    0.00   clock network delay (ideal)
                          2.00    2.00 v input external delay
                  0.01    0.00    2.00 v data_in1[4] (in)
     1    0.00                           data_in1[4] (net)
                  0.01    0.00    2.00 v input31/A (sky130_fd_sc_hd__clkbuf_4)
                  0.11    0.18    2.18 v input31/X (sky130_fd_sc_hd__clkbuf_4)
     7    0.05                           net31 (net)
                  0.11    0.00    2.19 v _1636_/B1 (sky130_fd_sc_hd__o21ai_2)
                  0.12    0.13    2.32 ^ _1636_/Y (sky130_fd_sc_hd__o21ai_2)
     5    0.02                           _0752_ (net)
                  0.12    0.00    2.32 ^ _1638_/A (sky130_fd_sc_hd__and2_1)
                  0.06    0.14    2.46 ^ _1638_/X (sky130_fd_sc_hd__and2_1)
     2    0.00                           _0754_ (net)
                  0.06    0.00    2.46 ^ _1641_/A (sky130_fd_sc_hd__or2_1)
                  0.04    0.09    2.55 ^ _1641_/X (sky130_fd_sc_hd__or2_1)
     1    0.00                           _0757_ (net)
                  0.04    0.00    2.55 ^ _1666_/A2 (sky130_fd_sc_hd__a31o_2)
                  0.18    0.24    2.79 ^ _1666_/X (sky130_fd_sc_hd__a31o_2)
     1    0.03                           net95 (net)
                  0.18    0.00    2.79 ^ output95/A (sky130_fd_sc_hd__clkbuf_4)
                  0.11    0.22    3.02 ^ output95/X (sky130_fd_sc_hd__clkbuf_4)
     1    0.03                           data_out[4] (net)
                  0.11    0.00    3.02 ^ data_out[4] (out)
                                  3.02   data arrival time

                  0.00    0.00    0.00   clock __VIRTUAL_CLK__ (rise edge)
                          0.00    0.00   clock network delay (ideal)
                          0.25    0.25   clock uncertainty
                          0.00    0.25   clock reconvergence pessimism
                         -2.00   -1.75   output external delay
                                 -1.75   data required time
-----------------------------------------------------------------------------
                                 -1.75   data required time
                                 -3.02   data arrival time
-----------------------------------------------------------------------------
                                  4.77   slack (MET)


Startpoint: data_in1[13] (input port clocked by __VIRTUAL_CLK__)
Endpoint: data_out[13] (output port clocked by __VIRTUAL_CLK__)
Path Group: __VIRTUAL_CLK__
Path Type: min

Fanout     Cap    Slew   Delay    Time   Description
-----------------------------------------------------------------------------
                  0.00    0.00    0.00   clock __VIRTUAL_CLK__ (rise edge)
                          0.00    0.00   clock network delay (ideal)
                          2.00    2.00 ^ input external delay
                  0.02    0.01    2.01 ^ data_in1[13] (in)
     1    0.00                           data_in1[13] (net)
                  0.02    0.00    2.01 ^ input9/A (sky130_fd_sc_hd__buf_4)
                  0.24    0.23    2.24 ^ input9/X (sky130_fd_sc_hd__buf_4)
     8    0.09                           net9 (net)
                  0.24    0.01    2.25 ^ _1899_/A (sky130_fd_sc_hd__xnor2_2)
                  0.06    0.12    2.37 v _1899_/Y (sky130_fd_sc_hd__xnor2_2)
     3    0.01                           _1006_ (net)
                  0.06    0.00    2.37 v rebuffer15/A (sky130_fd_sc_hd__clkbuf_1)
                  0.04    0.10    2.47 v rebuffer15/X (sky130_fd_sc_hd__clkbuf_1)
     1    0.01                           net115 (net)
                  0.04    0.00    2.47 v _1901_/A (sky130_fd_sc_hd__xnor2_1)
                  0.05    0.14    2.61 ^ _1901_/Y (sky130_fd_sc_hd__xnor2_1)
     1    0.00                           _1008_ (net)
                  0.05    0.00    2.61 ^ _1916_/A2 (sky130_fd_sc_hd__a211o_1)
                  0.17    0.20    2.81 ^ _1916_/X (sky130_fd_sc_hd__a211o_1)
     1    0.02                           net73 (net)
                  0.17    0.00    2.81 ^ output73/A (sky130_fd_sc_hd__clkbuf_4)
                  0.12    0.22    3.03 ^ output73/X (sky130_fd_sc_hd__clkbuf_4)
     1    0.04                           data_out[13] (net)
                  0.12    0.00    3.03 ^ data_out[13] (out)
                                  3.03   data arrival time

                  0.00    0.00    0.00   clock __VIRTUAL_CLK__ (rise edge)
                          0.00    0.00   clock network delay (ideal)
                          0.25    0.25   clock uncertainty
                          0.00    0.25   clock reconvergence pessimism
                         -2.00   -1.75   output external delay
                                 -1.75   data required time
-----------------------------------------------------------------------------
                                 -1.75   data required time
                                 -3.03   data arrival time
-----------------------------------------------------------------------------
                                  4.78   slack (MET)


Startpoint: data_in1[12] (input port clocked by __VIRTUAL_CLK__)
Endpoint: data_out[12] (output port clocked by __VIRTUAL_CLK__)
Path Group: __VIRTUAL_CLK__
Path Type: min

Fanout     Cap    Slew   Delay    Time   Description
-----------------------------------------------------------------------------
                  0.00    0.00    0.00   clock __VIRTUAL_CLK__ (rise edge)
                          0.00    0.00   clock network delay (ideal)
                          2.00    2.00 ^ input external delay
                  0.02    0.01    2.01 ^ data_in1[12] (in)
     1    0.00                           data_in1[12] (net)
                  0.02    0.00    2.01 ^ input8/A (sky130_fd_sc_hd__clkbuf_4)
                  0.23    0.24    2.25 ^ input8/X (sky130_fd_sc_hd__clkbuf_4)
     7    0.08                           net8 (net)
                  0.23    0.00    2.26 ^ _1869_/A (sky130_fd_sc_hd__nand2_1)
                  0.08    0.13    2.39 v _1869_/Y (sky130_fd_sc_hd__nand2_1)
     4    0.01                           _0977_ (net)
                  0.08    0.00    2.39 v _1871_/A (sky130_fd_sc_hd__and2_1)
                  0.08    0.19    2.58 v _1871_/X (sky130_fd_sc_hd__and2_1)
     4    0.01                           _0979_ (net)
                  0.08    0.00    2.58 v _1879_/A (sky130_fd_sc_hd__nand2_1)
                  0.05    0.07    2.65 ^ _1879_/Y (sky130_fd_sc_hd__nand2_1)
     1    0.00                           _0987_ (net)
                  0.05    0.00    2.65 ^ _1895_/A3 (sky130_fd_sc_hd__a311o_1)
                  0.19    0.26    2.91 ^ _1895_/X (sky130_fd_sc_hd__a311o_1)
     1    0.02                           net72 (net)
                  0.19    0.00    2.91 ^ output72/A (sky130_fd_sc_hd__clkbuf_4)
                  0.11    0.23    3.13 ^ output72/X (sky130_fd_sc_hd__clkbuf_4)
     1    0.03                           data_out[12] (net)
                  0.11    0.00    3.13 ^ data_out[12] (out)
                                  3.13   data arrival time

                  0.00    0.00    0.00   clock __VIRTUAL_CLK__ (rise edge)
                          0.00    0.00   clock network delay (ideal)
                          0.25    0.25   clock uncertainty
                          0.00    0.25   clock reconvergence pessimism
                         -2.00   -1.75   output external delay
                                 -1.75   data required time
-----------------------------------------------------------------------------
                                 -1.75   data required time
                                 -3.13   data arrival time
-----------------------------------------------------------------------------
                                  4.88   slack (MET)


Startpoint: data_in1[1] (input port clocked by __VIRTUAL_CLK__)
Endpoint: data_out[1] (output port clocked by __VIRTUAL_CLK__)
Path Group: __VIRTUAL_CLK__
Path Type: min

Fanout     Cap    Slew   Delay    Time   Description
-----------------------------------------------------------------------------
                  0.00    0.00    0.00   clock __VIRTUAL_CLK__ (rise edge)
                          0.00    0.00   clock network delay (ideal)
                          2.00    2.00 ^ input external delay
                  0.02    0.01    2.01 ^ data_in1[1] (in)
     1    0.00                           data_in1[1] (net)
                  0.02    0.00    2.01 ^ input16/A (sky130_fd_sc_hd__clkbuf_4)
                  0.16    0.20    2.21 ^ input16/X (sky130_fd_sc_hd__clkbuf_4)
     8    0.05                           net16 (net)
                  0.16    0.00    2.22 ^ _1160_/A (sky130_fd_sc_hd__or2_1)
                  0.07    0.14    2.36 ^ _1160_/X (sky130_fd_sc_hd__or2_1)
     2    0.01                           _0209_ (net)
                  0.07    0.00    2.36 ^ _1543_/B2 (sky130_fd_sc_hd__a22o_1)
                  0.27    0.27    2.63 ^ _1543_/X (sky130_fd_sc_hd__a22o_1)
     1    0.03                           _0662_ (net)
                  0.27    0.00    2.64 ^ _1544_/D (sky130_fd_sc_hd__or4_1)
                  0.07    0.17    2.80 ^ _1544_/X (sky130_fd_sc_hd__or4_1)
     1    0.01                           _0663_ (net)
                  0.07    0.00    2.80 ^ _1545_/A (sky130_fd_sc_hd__buf_1)
                  0.18    0.18    2.98 ^ _1545_/X (sky130_fd_sc_hd__buf_1)
     1    0.02                           net80 (net)
                  0.18    0.00    2.98 ^ output80/A (sky130_fd_sc_hd__clkbuf_4)
                  0.11    0.22    3.20 ^ output80/X (sky130_fd_sc_hd__clkbuf_4)
     1    0.03                           data_out[1] (net)
                  0.11    0.00    3.20 ^ data_out[1] (out)
                                  3.20   data arrival time

                  0.00    0.00    0.00   clock __VIRTUAL_CLK__ (rise edge)
                          0.00    0.00   clock network delay (ideal)
                          0.25    0.25   clock uncertainty
                          0.00    0.25   clock reconvergence pessimism
                         -2.00   -1.75   output external delay
                                 -1.75   data required time
-----------------------------------------------------------------------------
                                 -1.75   data required time
                                 -3.20   data arrival time
-----------------------------------------------------------------------------
                                  4.95   slack (MET)


Startpoint: data_in2[20] (input port clocked by __VIRTUAL_CLK__)
Endpoint: data_out[20] (output port clocked by __VIRTUAL_CLK__)
Path Group: __VIRTUAL_CLK__
Path Type: min

Fanout     Cap    Slew   Delay    Time   Description
-----------------------------------------------------------------------------
                  0.00    0.00    0.00   clock __VIRTUAL_CLK__ (rise edge)
                          0.00    0.00   clock network delay (ideal)
                          2.00    2.00 ^ input external delay
                  0.02    0.01    2.01 ^ data_in2[20] (in)
     1    0.00                           data_in2[20] (net)
                  0.02    0.00    2.01 ^ input49/A (sky130_fd_sc_hd__clkbuf_4)
                  0.16    0.20    2.21 ^ input49/X (sky130_fd_sc_hd__clkbuf_4)
     8    0.05                           net49 (net)
                  0.16    0.01    2.21 ^ _1219_/B (sky130_fd_sc_hd__or2_1)
                  0.06    0.13    2.34 ^ _1219_/X (sky130_fd_sc_hd__or2_1)
     2    0.01                           _0339_ (net)
                  0.06    0.00    2.34 ^ _2062_/B1_N (sky130_fd_sc_hd__a21boi_1)
                  0.16    0.20    2.54 ^ _2062_/Y (sky130_fd_sc_hd__a21boi_1)
     1    0.01                           _0021_ (net)
                  0.16    0.00    2.54 ^ _2080_/B (sky130_fd_sc_hd__or3_2)
                  0.15    0.22    2.76 ^ _2080_/X (sky130_fd_sc_hd__or3_2)
     1    0.03                           _0040_ (net)
                  0.15    0.00    2.76 ^ _2081_/A (sky130_fd_sc_hd__buf_1)
                  0.21    0.21    2.97 ^ _2081_/X (sky130_fd_sc_hd__buf_1)
     1    0.02                           net81 (net)
                  0.21    0.00    2.97 ^ output81/A (sky130_fd_sc_hd__clkbuf_4)
                  0.12    0.23    3.20 ^ output81/X (sky130_fd_sc_hd__clkbuf_4)
     1    0.03                           data_out[20] (net)
                  0.12    0.00    3.20 ^ data_out[20] (out)
                                  3.20   data arrival time

                  0.00    0.00    0.00   clock __VIRTUAL_CLK__ (rise edge)
                          0.00    0.00   clock network delay (ideal)
                          0.25    0.25   clock uncertainty
                          0.00    0.25   clock reconvergence pessimism
                         -2.00   -1.75   output external delay
                                 -1.75   data required time
-----------------------------------------------------------------------------
                                 -1.75   data required time
                                 -3.20   data arrival time
-----------------------------------------------------------------------------
                                  4.95   slack (MET)


Startpoint: data_in2[5] (input port clocked by __VIRTUAL_CLK__)
Endpoint: data_out[5] (output port clocked by __VIRTUAL_CLK__)
Path Group: __VIRTUAL_CLK__
Path Type: min

Fanout     Cap    Slew   Delay    Time   Description
-----------------------------------------------------------------------------
                  0.00    0.00    0.00   clock __VIRTUAL_CLK__ (rise edge)
                          0.00    0.00   clock network delay (ideal)
                          2.00    2.00 ^ input external delay
                  0.02    0.01    2.01 ^ data_in2[5] (in)
     1    0.00                           data_in2[5] (net)
                  0.02    0.00    2.01 ^ input64/A (sky130_fd_sc_hd__clkbuf_2)
                  0.18    0.18    2.19 ^ input64/X (sky130_fd_sc_hd__clkbuf_2)
     5    0.03                           net64 (net)
                  0.18    0.00    2.20 ^ _1179_/B (sky130_fd_sc_hd__or2_1)
                  0.07    0.14    2.34 ^ _1179_/X (sky130_fd_sc_hd__or2_1)
     2    0.01                           _0299_ (net)
                  0.07    0.00    2.34 ^ _1682_/A1_N (sky130_fd_sc_hd__o2bb2a_1)
                  0.12    0.28    2.62 v _1682_/X (sky130_fd_sc_hd__o2bb2a_1)
     1    0.02                           _0797_ (net)
                  0.12    0.00    2.62 v _1683_/B1 (sky130_fd_sc_hd__o21ai_1)
                  0.12    0.13    2.75 ^ _1683_/Y (sky130_fd_sc_hd__o21ai_1)
     1    0.01                           _0798_ (net)
                  0.12    0.00    2.75 ^ _1696_/B (sky130_fd_sc_hd__or3_1)
                  0.13    0.18    2.93 ^ _1696_/X (sky130_fd_sc_hd__or3_1)
     1    0.01                           _0811_ (net)
                  0.13    0.00    2.93 ^ _1697_/A (sky130_fd_sc_hd__clkbuf_1)
                  0.05    0.10    3.03 ^ _1697_/X (sky130_fd_sc_hd__clkbuf_1)
     1    0.00                           net96 (net)
                  0.05    0.00    3.03 ^ output96/A (sky130_fd_sc_hd__clkbuf_4)
                  0.11    0.18    3.21 ^ output96/X (sky130_fd_sc_hd__clkbuf_4)
     1    0.03                           data_out[5] (net)
                  0.11    0.00    3.21 ^ data_out[5] (out)
                                  3.21   data arrival time

                  0.00    0.00    0.00   clock __VIRTUAL_CLK__ (rise edge)
                          0.00    0.00   clock network delay (ideal)
                          0.25    0.25   clock uncertainty
                          0.00    0.25   clock reconvergence pessimism
                         -2.00   -1.75   output external delay
                                 -1.75   data required time
-----------------------------------------------------------------------------
                                 -1.75   data required time
                                 -3.21   data arrival time
-----------------------------------------------------------------------------
                                  4.96   slack (MET)



