Instance name,  X location,  Y location,  Voltage 
FILLER_0_64_359, 175.44, 187.68, 1.8
input55, 175.44, 187.68, 1.8
FILLER_0_62_357, 175.44, 182.24, 1.8
FILLER_0_60_357, 175.44, 176.8, 1.8
FILLER_0_58_357, 175.44, 171.36, 1.8
FILLER_0_56_357, 175.44, 165.92, 1.8
FILLER_0_54_357, 175.44, 160.48, 1.8
FILLER_0_52_357, 175.44, 155.04, 1.8
FILLER_0_50_357, 175.44, 149.6, 1.8
FILLER_0_48_357, 175.44, 144.16, 1.8
FILLER_0_46_357, 175.44, 138.72, 1.8
FILLER_0_44_361, 175.44, 133.28, 1.8
FILLER_0_42_357, 175.44, 127.84, 1.8
FILLER_0_40_360, 175.44, 122.4, 1.8
FILLER_0_38_360, 175.44, 116.96, 1.8
FILLER_0_34_359, 175.44, 106.08, 1.8
FILLER_0_30_357, 175.44, 95.2, 1.8
FILLER_0_24_357, 175.44, 78.88, 1.8
FILLER_0_18_357, 175.44, 62.56, 1.8
FILLER_0_16_357, 175.44, 57.12, 1.8
FILLER_0_14_357, 175.44, 51.68, 1.8
FILLER_0_12_357, 175.44, 46.24, 1.8
FILLER_0_10_357, 175.44, 40.8, 1.8
FILLER_0_8_357, 175.44, 35.36, 1.8
FILLER_0_6_357, 175.44, 29.92, 1.8
FILLER_0_4_357, 175.44, 24.48, 1.8
FILLER_0_2_357, 175.44, 19.04, 1.8
FILLER_0_0_357, 175.44, 13.6, 1.8
FILLER_0_0_371, 175.44, 13.6, 1.8
input13, 175.44, 13.6, 1.8
input59, 175.44, 13.6, 1.8
FILLER_0_64_35, 21.84, 187.68, 1.8
input2, 21.84, 187.68, 1.8
input65, 21.84, 182.24, 1.8
FILLER_0_47_45, 21.84, 138.72, 1.8
FILLER_0_41_45, 21.84, 122.4, 1.8
FILLER_0_37_48, 21.84, 111.52, 1.8
FILLER_0_35_45, 21.84, 106.08, 1.8
FILLER_0_29_45, 21.84, 89.76, 1.8
FILLER_0_25_27, 21.84, 78.88, 1.8
FILLER_0_25_35, 21.84, 78.88, 1.8
FILLER_0_25_45, 21.84, 78.88, 1.8
FILLER_0_26_41, 21.84, 78.88, 1.8
_1761_, 21.84, 78.88, 1.8
FILLER_0_18_41, 21.84, 57.12, 1.8
_2025_, 21.84, 57.12, 1.8
FILLER_0_13_39, 21.84, 46.24, 1.8
FILLER_0_14_41, 21.84, 46.24, 1.8
_1253_, 21.84, 46.24, 1.8
_2044_, 21.84, 46.24, 1.8
FILLER_0_11_45, 21.84, 40.8, 1.8
FILLER_0_5_45, 21.84, 24.48, 1.8
FILLER_0_0_29, 21.84, 13.6, 1.8
input12, 21.84, 13.6, 1.8
PHY_128, 5.52, 187.68, 1.8
PHY_129, 194.12, 187.68, 1.8
input46, 194.12, 187.68, 1.8
output95, 13.68, 187.68, 1.8
FILLER_0_64_51, 34.64, 187.68, 1.8
FILLER_0_64_57, 34.64, 187.68, 1.8
FILLER_0_64_91, 47.44, 187.68, 1.8
output96, 47.44, 187.68, 1.8
FILLER_0_64_107, 60.24, 187.68, 1.8
input17, 60.24, 187.68, 1.8
FILLER_0_64_133, 73.04, 187.68, 1.8
FILLER_0_64_141, 73.04, 187.68, 1.8
FILLER_0_64_165, 85.84, 187.68, 1.8
input27, 85.84, 187.68, 1.8
FILLER_0_64_191, 98.64, 187.68, 1.8
output76, 98.64, 187.68, 1.8
FILLER_0_64_219, 111.44, 187.68, 1.8
FILLER_0_64_225, 111.44, 187.68, 1.8
input34, 124.24, 187.68, 1.8
FILLER_0_64_275, 137.04, 187.68, 1.8
output82, 137.04, 187.68, 1.8
FILLER_0_64_301, 149.84, 187.68, 1.8
input28, 149.84, 187.68, 1.8
output93, 162.64, 187.68, 1.8
output84, 184.78, 187.68, 1.8
PHY_124, 5.52, 182.24, 1.8
PHY_126, 5.52, 182.24, 1.8
input18, 5.52, 182.24, 1.8
output78, 5.52, 182.24, 1.8
FILLER_0_62_401, 194.12, 182.24, 1.8
PHY_125, 194.12, 182.24, 1.8
PHY_127, 194.12, 182.24, 1.8
input32, 194.12, 182.24, 1.8
input37, 13.68, 182.24, 1.8
FILLER_0_63_69, 34.64, 182.24, 1.8
input1, 34.64, 182.24, 1.8
_1697_, 47.44, 182.24, 1.8
input53, 47.44, 182.24, 1.8
FILLER_0_63_106, 60.24, 182.24, 1.8
FILLER_0_64_121, 60.24, 182.24, 1.8
input43, 60.24, 182.24, 1.8
FILLER_0_62_133, 73.04, 182.24, 1.8
input26, 73.04, 182.24, 1.8
FILLER_0_63_161, 85.84, 182.24, 1.8
FILLER_0_64_175, 85.84, 182.24, 1.8
input35, 85.84, 182.24, 1.8
FILLER_0_62_189, 98.64, 182.24, 1.8
FILLER_0_64_205, 98.64, 182.24, 1.8
_2081_, 98.64, 182.24, 1.8
input42, 98.64, 182.24, 1.8
FILLER_0_63_220, 111.44, 182.24, 1.8
FILLER_0_63_237, 111.44, 182.24, 1.8
FILLER_0_64_240, 111.44, 182.24, 1.8
input6, 111.44, 182.24, 1.8
FILLER_0_62_245, 124.24, 182.24, 1.8
FILLER_0_63_245, 124.24, 182.24, 1.8
FILLER_0_64_265, 124.24, 182.24, 1.8
_1154_, 124.24, 182.24, 1.8
input24, 124.24, 182.24, 1.8
FILLER_0_63_293, 137.04, 182.24, 1.8
ANTENNA_1, 149.84, 182.24, 1.8
FILLER_0_62_301, 149.84, 182.24, 1.8
FILLER_0_63_301, 149.84, 182.24, 1.8
FILLER_0_64_315, 149.84, 182.24, 1.8
_1633_, 149.84, 182.24, 1.8
output94, 149.84, 182.24, 1.8
FILLER_0_64_343, 162.64, 182.24, 1.8
input15, 162.64, 182.24, 1.8
FILLER_0_63_385, 184.78, 182.24, 1.8
input30, 184.78, 182.24, 1.8
output81, 184.78, 182.24, 1.8
PHY_120, 5.52, 176.8, 1.8
PHY_122, 5.52, 176.8, 1.8
output99, 5.52, 176.8, 1.8
PHY_121, 194.12, 176.8, 1.8
PHY_123, 194.12, 176.8, 1.8
input22, 194.12, 176.8, 1.8
FILLER_0_62_21, 13.68, 176.8, 1.8
FILLER_0_61_51, 34.64, 176.8, 1.8
FILLER_0_62_77, 34.64, 176.8, 1.8
FILLER_0_61_105, 47.44, 176.8, 1.8
FILLER_0_60_133, 73.04, 176.8, 1.8
FILLER_0_61_161, 85.84, 176.8, 1.8
FILLER_0_60_189, 98.64, 176.8, 1.8
FILLER_0_61_217, 111.44, 176.8, 1.8
FILLER_0_60_245, 124.24, 176.8, 1.8
FILLER_0_61_273, 137.04, 176.8, 1.8
FILLER_0_60_301, 149.84, 176.8, 1.8
FILLER_0_61_329, 162.64, 176.8, 1.8
FILLER_0_61_385, 184.78, 176.8, 1.8
PHY_116, 5.52, 171.36, 1.8
PHY_118, 5.52, 171.36, 1.8
input63, 5.52, 171.36, 1.8
FILLER_0_58_401, 194.12, 171.36, 1.8
PHY_117, 194.12, 171.36, 1.8
PHY_119, 194.12, 171.36, 1.8
FILLER_0_60_77, 34.64, 171.36, 1.8
FILLER_0_58_91, 47.44, 171.36, 1.8
FILLER_0_59_105, 47.44, 171.36, 1.8
_1474_, 47.44, 171.36, 1.8
_1471_, 60.24, 171.36, 1.8
FILLER_0_59_137, 73.04, 171.36, 1.8
FILLER_0_59_156, 73.04, 171.36, 1.8
_1384_, 73.04, 171.36, 1.8
_2182_, 73.04, 171.36, 1.8
_2205_, 73.04, 171.36, 1.8
_1305_, 85.84, 171.36, 1.8
_1413_, 85.84, 171.36, 1.8
_1414_, 85.84, 171.36, 1.8
_1416_, 85.84, 171.36, 1.8
_1469_, 85.84, 171.36, 1.8
FILLER_0_59_211, 98.64, 171.36, 1.8
_1404_, 98.64, 171.36, 1.8
_1407_, 98.64, 171.36, 1.8
_1408_, 98.64, 171.36, 1.8
_1409_, 98.64, 171.36, 1.8
_1415_, 98.64, 171.36, 1.8
FILLER_0_58_229, 111.44, 171.36, 1.8
_1397_, 111.44, 171.36, 1.8
_1406_, 111.44, 171.36, 1.8
_1412_, 111.44, 171.36, 1.8
_1559_, 111.44, 171.36, 1.8
_2063_, 111.44, 171.36, 1.8
FILLER_0_58_249, 124.24, 171.36, 1.8
_1163_, 124.24, 171.36, 1.8
_1164_, 124.24, 171.36, 1.8
_1400_, 124.24, 171.36, 1.8
FILLER_0_59_275, 137.04, 171.36, 1.8
FILLER_0_58_303, 149.84, 171.36, 1.8
FILLER_0_59_329, 162.64, 171.36, 1.8
FILLER_0_59_385, 184.78, 171.36, 1.8
PHY_112, 5.52, 165.92, 1.8
PHY_114, 5.52, 165.92, 1.8
FILLER_0_56_401, 194.12, 165.92, 1.8
PHY_113, 194.12, 165.92, 1.8
PHY_115, 194.12, 165.92, 1.8
input31, 194.12, 165.92, 1.8
FILLER_0_57_51, 34.64, 165.92, 1.8
FILLER_0_57_69, 34.64, 165.92, 1.8
FILLER_0_58_77, 34.64, 165.92, 1.8
_1470_, 47.44, 165.92, 1.8
_1472_, 47.44, 165.92, 1.8
_1473_, 47.44, 165.92, 1.8
_1475_, 47.44, 165.92, 1.8
_1476_, 47.44, 165.92, 1.8
_1482_, 47.44, 165.92, 1.8
_1494_, 47.44, 165.92, 1.8
_1594_, 47.44, 165.92, 1.8
_1599_, 47.44, 165.92, 1.8
_2052_, 47.44, 165.92, 1.8
FILLER_0_56_111, 60.24, 165.92, 1.8
FILLER_0_57_113, 60.24, 165.92, 1.8
FILLER_0_57_127, 60.24, 165.92, 1.8
_1479_, 60.24, 165.92, 1.8
_1480_, 60.24, 165.92, 1.8
_1481_, 60.24, 165.92, 1.8
_1595_, 60.24, 165.92, 1.8
_2089_, 60.24, 165.92, 1.8
_2126_, 60.24, 165.92, 1.8
FILLER_0_56_141, 73.04, 165.92, 1.8
FILLER_0_57_137, 73.04, 165.92, 1.8
_1349_, 73.04, 165.92, 1.8
_1464_, 73.04, 165.92, 1.8
_1465_, 73.04, 165.92, 1.8
_1466_, 73.04, 165.92, 1.8
_1477_, 73.04, 165.92, 1.8
_1478_, 73.04, 165.92, 1.8
_1378_, 85.84, 165.92, 1.8
_1411_, 85.84, 165.92, 1.8
_1417_, 85.84, 165.92, 1.8
_1557_, 85.84, 165.92, 1.8
_2162_, 85.84, 165.92, 1.8
FILLER_0_56_197, 98.64, 165.92, 1.8
FILLER_0_57_196, 98.64, 165.92, 1.8
FILLER_0_57_216, 98.64, 165.92, 1.8
FILLER_0_58_216, 98.64, 165.92, 1.8
_1403_, 98.64, 165.92, 1.8
_1405_, 98.64, 165.92, 1.8
_1463_, 98.64, 165.92, 1.8
_1560_, 98.64, 165.92, 1.8
_2108_, 98.64, 165.92, 1.8
rebuffer4, 98.64, 165.92, 1.8
split11, 98.64, 165.92, 1.8
FILLER_0_56_221, 111.44, 165.92, 1.8
FILLER_0_57_225, 111.44, 165.92, 1.8
FILLER_0_57_239, 111.44, 165.92, 1.8
FILLER_0_58_241, 111.44, 165.92, 1.8
_1388_, 111.44, 165.92, 1.8
_1396_, 111.44, 165.92, 1.8
_1398_, 111.44, 165.92, 1.8
_1402_, 111.44, 165.92, 1.8
_2034_, 111.44, 165.92, 1.8
FILLER_0_56_253, 124.24, 165.92, 1.8
FILLER_0_57_257, 124.24, 165.92, 1.8
_1304_, 124.24, 165.92, 1.8
_1323_, 124.24, 165.92, 1.8
_1351_, 124.24, 165.92, 1.8
_1353_, 124.24, 165.92, 1.8
_1399_, 124.24, 165.92, 1.8
_1401_, 124.24, 165.92, 1.8
FILLER_0_57_272, 137.04, 165.92, 1.8
FILLER_0_57_329, 162.64, 165.92, 1.8
FILLER_0_57_385, 184.78, 165.92, 1.8
FILLER_0_57_393, 184.78, 165.92, 1.8
PHY_108, 5.52, 160.48, 1.8
PHY_110, 5.52, 160.48, 1.8
input14, 5.52, 160.48, 1.8
PHY_109, 194.12, 160.48, 1.8
PHY_111, 194.12, 160.48, 1.8
input11, 194.12, 160.48, 1.8
FILLER_0_56_21, 13.68, 160.48, 1.8
FILLER_0_55_51, 34.64, 160.48, 1.8
FILLER_0_55_81, 47.44, 160.48, 1.8
FILLER_0_55_92, 47.44, 160.48, 1.8
_1493_, 47.44, 160.48, 1.8
_1495_, 47.44, 160.48, 1.8
_1497_, 47.44, 160.48, 1.8
_1499_, 47.44, 160.48, 1.8
_2009_, 47.44, 160.48, 1.8
FILLER_0_54_108, 60.24, 160.48, 1.8
FILLER_0_55_106, 60.24, 160.48, 1.8
FILLER_0_55_113, 60.24, 160.48, 1.8
FILLER_0_56_119, 60.24, 160.48, 1.8
_2090_, 60.24, 160.48, 1.8
_2127_, 60.24, 160.48, 1.8
_2181_, 60.24, 160.48, 1.8
_2183_, 60.24, 160.48, 1.8
FILLER_0_55_154, 73.04, 160.48, 1.8
_1462_, 73.04, 160.48, 1.8
_1591_, 73.04, 160.48, 1.8
_2225_, 73.04, 160.48, 1.8
FILLER_0_56_182, 85.84, 160.48, 1.8
_1232_, 85.84, 160.48, 1.8
_1306_, 85.84, 160.48, 1.8
_1418_, 85.84, 160.48, 1.8
_1419_, 85.84, 160.48, 1.8
_1455_, 85.84, 160.48, 1.8
_1456_, 85.84, 160.48, 1.8
_2223_, 85.84, 160.48, 1.8
FILLER_0_55_201, 98.64, 160.48, 1.8
FILLER_0_55_214, 98.64, 160.48, 1.8
_1322_, 98.64, 160.48, 1.8
_1367_, 98.64, 160.48, 1.8
_2163_, 98.64, 160.48, 1.8
_2206_, 98.64, 160.48, 1.8
_2255_, 98.64, 160.48, 1.8
_2256_, 98.64, 160.48, 1.8
FILLER_0_55_225, 111.44, 160.48, 1.8
FILLER_0_55_233, 111.44, 160.48, 1.8
FILLER_0_56_243, 111.44, 160.48, 1.8
_1358_, 111.44, 160.48, 1.8
_1564_, 111.44, 160.48, 1.8
_1565_, 111.44, 160.48, 1.8
FILLER_0_54_253, 124.24, 160.48, 1.8
FILLER_0_55_245, 124.24, 160.48, 1.8
FILLER_0_55_269, 124.24, 160.48, 1.8
_1352_, 124.24, 160.48, 1.8
_1354_, 124.24, 160.48, 1.8
_1356_, 124.24, 160.48, 1.8
_1933_, 124.24, 160.48, 1.8
_1993_, 124.24, 160.48, 1.8
_1375_, 137.04, 160.48, 1.8
FILLER_0_55_329, 162.64, 160.48, 1.8
FILLER_0_55_385, 184.78, 160.48, 1.8
PHY_104, 5.52, 155.04, 1.8
PHY_106, 5.52, 155.04, 1.8
FILLER_0_52_401, 194.12, 155.04, 1.8
PHY_105, 194.12, 155.04, 1.8
PHY_107, 194.12, 155.04, 1.8
FILLER_0_53_51, 34.64, 155.04, 1.8
FILLER_0_53_57, 34.64, 155.04, 1.8
_1490_, 34.64, 155.04, 1.8
FILLER_0_52_81, 47.44, 155.04, 1.8
FILLER_0_52_90, 47.44, 155.04, 1.8
FILLER_0_53_91, 47.44, 155.04, 1.8
_1385_, 47.44, 155.04, 1.8
_1488_, 47.44, 155.04, 1.8
_1496_, 47.44, 155.04, 1.8
_1498_, 47.44, 155.04, 1.8
_1507_, 47.44, 155.04, 1.8
_1598_, 47.44, 155.04, 1.8
_1957_, 47.44, 155.04, 1.8
FILLER_0_53_131, 60.24, 155.04, 1.8
FILLER_0_54_130, 60.24, 155.04, 1.8
_1906_, 60.24, 155.04, 1.8
_1958_, 60.24, 155.04, 1.8
_2053_, 60.24, 155.04, 1.8
_2184_, 60.24, 155.04, 1.8
FILLER_0_52_136, 73.04, 155.04, 1.8
FILLER_0_53_156, 73.04, 155.04, 1.8
FILLER_0_54_151, 73.04, 155.04, 1.8
_1457_, 73.04, 155.04, 1.8
_2224_, 73.04, 155.04, 1.8
_2269_, 73.04, 155.04, 1.8
_2270_, 73.04, 155.04, 1.8
_2271_, 73.04, 155.04, 1.8
_2272_, 73.04, 155.04, 1.8
_2310_, 73.04, 155.04, 1.8
FILLER_0_53_165, 85.84, 155.04, 1.8
FILLER_0_53_172, 85.84, 155.04, 1.8
FILLER_0_54_179, 85.84, 155.04, 1.8
_1420_, 85.84, 155.04, 1.8
_2222_, 85.84, 155.04, 1.8
_2292_, 85.84, 155.04, 1.8
_2293_, 85.84, 155.04, 1.8
FILLER_0_53_195, 98.64, 155.04, 1.8
FILLER_0_54_205, 98.64, 155.04, 1.8
_1422_, 98.64, 155.04, 1.8
_1561_, 98.64, 155.04, 1.8
_1710_, 98.64, 155.04, 1.8
_2257_, 98.64, 155.04, 1.8
FILLER_0_52_228, 111.44, 155.04, 1.8
FILLER_0_53_220, 111.44, 155.04, 1.8
FILLER_0_53_242, 111.44, 155.04, 1.8
FILLER_0_54_231, 111.44, 155.04, 1.8
FILLER_0_54_244, 111.44, 155.04, 1.8
_1563_, 111.44, 155.04, 1.8
_1566_, 111.44, 155.04, 1.8
_1711_, 111.44, 155.04, 1.8
_1343_, 124.24, 155.04, 1.8
_1345_, 124.24, 155.04, 1.8
_1348_, 124.24, 155.04, 1.8
_1357_, 124.24, 155.04, 1.8
_1837_, 124.24, 155.04, 1.8
_2064_, 124.24, 155.04, 1.8
FILLER_0_53_273, 137.04, 155.04, 1.8
_1158_, 137.04, 155.04, 1.8
_1888_, 137.04, 155.04, 1.8
FILLER_0_52_302, 149.84, 155.04, 1.8
FILLER_0_53_329, 162.64, 155.04, 1.8
FILLER_0_53_385, 184.78, 155.04, 1.8
PHY_100, 5.52, 149.6, 1.8
PHY_102, 5.52, 149.6, 1.8
input52, 5.52, 149.6, 1.8
FILLER_0_50_401, 194.12, 149.6, 1.8
PHY_101, 194.12, 149.6, 1.8
PHY_103, 194.12, 149.6, 1.8
input45, 194.12, 149.6, 1.8
FILLER_0_52_21, 13.68, 149.6, 1.8
FILLER_0_50_53, 34.64, 149.6, 1.8
FILLER_0_51_51, 34.64, 149.6, 1.8
FILLER_0_51_57, 34.64, 149.6, 1.8
FILLER_0_52_65, 34.64, 149.6, 1.8
_1486_, 34.64, 149.6, 1.8
_1489_, 34.64, 149.6, 1.8
_1491_, 34.64, 149.6, 1.8
_1492_, 34.64, 149.6, 1.8
_1502_, 34.64, 149.6, 1.8
_1860_, 34.64, 149.6, 1.8
FILLER_0_50_80, 47.44, 149.6, 1.8
FILLER_0_50_85, 47.44, 149.6, 1.8
FILLER_0_52_103, 47.44, 149.6, 1.8
_1487_, 47.44, 149.6, 1.8
_1506_, 47.44, 149.6, 1.8
FILLER_0_51_106, 60.24, 149.6, 1.8
FILLER_0_52_120, 60.24, 149.6, 1.8
_1381_, 60.24, 149.6, 1.8
_1907_, 60.24, 149.6, 1.8
_2010_, 60.24, 149.6, 1.8
FILLER_0_51_154, 73.04, 149.6, 1.8
_1504_, 73.04, 149.6, 1.8
_1512_, 73.04, 149.6, 1.8
_1602_, 73.04, 149.6, 1.8
_1622_, 73.04, 149.6, 1.8
_2309_, 73.04, 149.6, 1.8
FILLER_0_51_169, 85.84, 149.6, 1.8
FILLER_0_51_180, 85.84, 149.6, 1.8
FILLER_0_52_187, 85.84, 149.6, 1.8
_1377_, 85.84, 149.6, 1.8
_1386_, 85.84, 149.6, 1.8
_1421_, 85.84, 149.6, 1.8
_1509_, 85.84, 149.6, 1.8
_1519_, 85.84, 149.6, 1.8
FILLER_0_51_202, 98.64, 149.6, 1.8
FILLER_0_51_210, 98.64, 149.6, 1.8
FILLER_0_51_216, 98.64, 149.6, 1.8
_1342_, 98.64, 149.6, 1.8
_1387_, 98.64, 149.6, 1.8
_1389_, 98.64, 149.6, 1.8
_1390_, 98.64, 149.6, 1.8
_1712_, 98.64, 149.6, 1.8
_1713_, 98.64, 149.6, 1.8
FILLER_0_50_226, 111.44, 149.6, 1.8
FILLER_0_51_238, 111.44, 149.6, 1.8
_1346_, 111.44, 149.6, 1.8
_1347_, 111.44, 149.6, 1.8
_1350_, 111.44, 149.6, 1.8
_1368_, 111.44, 149.6, 1.8
_1371_, 111.44, 149.6, 1.8
_1568_, 111.44, 149.6, 1.8
_2161_, 111.44, 149.6, 1.8
FILLER_0_50_248, 124.24, 149.6, 1.8
FILLER_0_51_248, 124.24, 149.6, 1.8
_1344_, 124.24, 149.6, 1.8
_1355_, 124.24, 149.6, 1.8
_1365_, 124.24, 149.6, 1.8
_1369_, 124.24, 149.6, 1.8
_1780_, 124.24, 149.6, 1.8
_1364_, 137.04, 149.6, 1.8
FILLER_0_50_300, 149.84, 149.6, 1.8
FILLER_0_51_329, 162.64, 149.6, 1.8
FILLER_0_51_385, 184.78, 149.6, 1.8
FILLER_0_51_393, 184.78, 149.6, 1.8
PHY_96, 5.52, 144.16, 1.8
PHY_98, 5.52, 144.16, 1.8
input29, 5.52, 144.16, 1.8
FILLER_0_48_401, 194.12, 144.16, 1.8
PHY_97, 194.12, 144.16, 1.8
PHY_99, 194.12, 144.16, 1.8
input39, 194.12, 144.16, 1.8
FILLER_0_50_21, 13.68, 144.16, 1.8
FILLER_0_49_51, 34.64, 144.16, 1.8
_1503_, 34.64, 144.16, 1.8
_1508_, 34.64, 144.16, 1.8
_1800_, 34.64, 144.16, 1.8
FILLER_0_48_81, 47.44, 144.16, 1.8
_1501_, 47.44, 144.16, 1.8
_1505_, 47.44, 144.16, 1.8
_1601_, 47.44, 144.16, 1.8
_1738_, 47.44, 144.16, 1.8
_1801_, 47.44, 144.16, 1.8
_1861_, 47.44, 144.16, 1.8
FILLER_0_50_127, 60.24, 144.16, 1.8
_1376_, 60.24, 144.16, 1.8
_1677_, 60.24, 144.16, 1.8
_1739_, 60.24, 144.16, 1.8
_2185_, 60.24, 144.16, 1.8
FILLER_0_48_133, 73.04, 144.16, 1.8
FILLER_0_50_153, 73.04, 144.16, 1.8
_1514_, 73.04, 144.16, 1.8
_1515_, 73.04, 144.16, 1.8
_1520_, 73.04, 144.16, 1.8
_1623_, 73.04, 144.16, 1.8
_1678_, 73.04, 144.16, 1.8
FILLER_0_48_165, 85.84, 144.16, 1.8
FILLER_0_49_178, 85.84, 144.16, 1.8
_1379_, 85.84, 144.16, 1.8
_1438_, 85.84, 144.16, 1.8
_1510_, 85.84, 144.16, 1.8
_1511_, 85.84, 144.16, 1.8
_1513_, 85.84, 144.16, 1.8
_1526_, 85.84, 144.16, 1.8
_1572_, 85.84, 144.16, 1.8
FILLER_0_48_197, 98.64, 144.16, 1.8
FILLER_0_49_190, 98.64, 144.16, 1.8
FILLER_0_49_203, 98.64, 144.16, 1.8
_1567_, 98.64, 144.16, 1.8
_1569_, 98.64, 144.16, 1.8
FILLER_0_48_227, 111.44, 144.16, 1.8
FILLER_0_49_235, 111.44, 144.16, 1.8
_1370_, 111.44, 144.16, 1.8
_1657_, 111.44, 144.16, 1.8
_2109_, 111.44, 144.16, 1.8
_2204_, 111.44, 144.16, 1.8
_2207_, 111.44, 144.16, 1.8
_1366_, 124.24, 144.16, 1.8
_1716_, 124.24, 144.16, 1.8
FILLER_0_49_275, 137.04, 144.16, 1.8
FILLER_0_48_300, 149.84, 144.16, 1.8
FILLER_0_49_329, 162.64, 144.16, 1.8
FILLER_0_49_385, 184.78, 144.16, 1.8
FILLER_0_49_393, 184.78, 144.16, 1.8
PHY_92, 5.52, 138.72, 1.8
PHY_94, 5.52, 138.72, 1.8
input3, 5.52, 138.72, 1.8
FILLER_0_46_401, 194.12, 138.72, 1.8
PHY_93, 194.12, 138.72, 1.8
PHY_95, 194.12, 138.72, 1.8
FILLER_0_46_53, 34.64, 138.72, 1.8
FILLER_0_47_53, 34.64, 138.72, 1.8
FILLER_0_48_65, 34.64, 138.72, 1.8
_1500_, 34.64, 138.72, 1.8
_1603_, 34.64, 138.72, 1.8
_1735_, 34.64, 138.72, 1.8
FILLER_0_46_85, 47.44, 138.72, 1.8
FILLER_0_47_105, 47.44, 138.72, 1.8
FILLER_0_47_78, 47.44, 138.72, 1.8
_1373_, 47.44, 138.72, 1.8
_1600_, 47.44, 138.72, 1.8
_1733_, 47.44, 138.72, 1.8
_1802_, 47.44, 138.72, 1.8
FILLER_0_46_108, 60.24, 138.72, 1.8
FILLER_0_47_113, 60.24, 138.72, 1.8
_2054_, 60.24, 138.72, 1.8
_2128_, 60.24, 138.72, 1.8
FILLER_0_46_137, 73.04, 138.72, 1.8
FILLER_0_47_145, 73.04, 138.72, 1.8
FILLER_0_47_156, 73.04, 138.72, 1.8
_1340_, 73.04, 138.72, 1.8
_1459_, 73.04, 138.72, 1.8
_1527_, 73.04, 138.72, 1.8
_1679_, 73.04, 138.72, 1.8
_2227_, 73.04, 138.72, 1.8
FILLER_0_46_169, 85.84, 138.72, 1.8
FILLER_0_47_162, 85.84, 138.72, 1.8
_1423_, 85.84, 138.72, 1.8
_1424_, 85.84, 138.72, 1.8
_1437_, 85.84, 138.72, 1.8
_1444_, 85.84, 138.72, 1.8
_1556_, 85.84, 138.72, 1.8
_1380_, 98.64, 138.72, 1.8
_1410_, 98.64, 138.72, 1.8
_1707_, 98.64, 138.72, 1.8
_1884_, 98.64, 138.72, 1.8
_1885_, 98.64, 138.72, 1.8
_2164_, 98.64, 138.72, 1.8
_2294_, 98.64, 138.72, 1.8
FILLER_0_47_237, 111.44, 138.72, 1.8
_1362_, 111.44, 138.72, 1.8
_1574_, 111.44, 138.72, 1.8
_1647_, 111.44, 138.72, 1.8
_1717_, 111.44, 138.72, 1.8
_1573_, 124.24, 138.72, 1.8
_1934_, 124.24, 138.72, 1.8
_2035_, 124.24, 138.72, 1.8
FILLER_0_46_302, 149.84, 138.72, 1.8
FILLER_0_47_329, 162.64, 138.72, 1.8
FILLER_0_47_385, 184.78, 138.72, 1.8
PHY_88, 5.52, 133.28, 1.8
PHY_90, 5.52, 133.28, 1.8
FILLER_0_44_401, 194.12, 133.28, 1.8
PHY_89, 194.12, 133.28, 1.8
PHY_91, 194.12, 133.28, 1.8
output69, 194.12, 133.28, 1.8
FILLER_0_45_51, 34.64, 133.28, 1.8
FILLER_0_45_57, 34.64, 133.28, 1.8
FILLER_0_45_65, 34.64, 133.28, 1.8
_1516_, 34.64, 133.28, 1.8
_1604_, 34.64, 133.28, 1.8
_1673_, 34.64, 133.28, 1.8
_1734_, 34.64, 133.28, 1.8
FILLER_0_44_80, 47.44, 133.28, 1.8
FILLER_0_44_85, 47.44, 133.28, 1.8
FILLER_0_45_87, 47.44, 133.28, 1.8
_1425_, 47.44, 133.28, 1.8
_1577_, 47.44, 133.28, 1.8
_1803_, 47.44, 133.28, 1.8
_1954_, 47.44, 133.28, 1.8
_1959_, 47.44, 133.28, 1.8
FILLER_0_44_115, 60.24, 133.28, 1.8
FILLER_0_45_123, 60.24, 133.28, 1.8
_1528_, 60.24, 133.28, 1.8
_1596_, 60.24, 133.28, 1.8
_1862_, 60.24, 133.28, 1.8
_2129_, 60.24, 133.28, 1.8
_2226_, 60.24, 133.28, 1.8
FILLER_0_45_137, 73.04, 133.28, 1.8
FILLER_0_45_146, 73.04, 133.28, 1.8
_1435_, 73.04, 133.28, 1.8
_1458_, 73.04, 133.28, 1.8
_1460_, 73.04, 133.28, 1.8
_2308_, 73.04, 133.28, 1.8
_2311_, 73.04, 133.28, 1.8
FILLER_0_44_165, 85.84, 133.28, 1.8
FILLER_0_45_161, 85.84, 133.28, 1.8
FILLER_0_45_181, 85.84, 133.28, 1.8
_1439_, 85.84, 133.28, 1.8
_1441_, 85.84, 133.28, 1.8
_1442_, 85.84, 133.28, 1.8
_1582_, 85.84, 133.28, 1.8
FILLER_0_44_192, 98.64, 133.28, 1.8
FILLER_0_44_197, 98.64, 133.28, 1.8
FILLER_0_45_215, 98.64, 133.28, 1.8
_1339_, 98.64, 133.28, 1.8
_1374_, 98.64, 133.28, 1.8
_1644_, 98.64, 133.28, 1.8
_1929_, 98.64, 133.28, 1.8
_1930_, 98.64, 133.28, 1.8
FILLER_0_46_242, 111.44, 133.28, 1.8
_1360_, 111.44, 133.28, 1.8
_1372_, 111.44, 133.28, 1.8
_1646_, 111.44, 133.28, 1.8
_1648_, 111.44, 133.28, 1.8
_1828_, 111.44, 133.28, 1.8
FILLER_0_44_253, 124.24, 133.28, 1.8
FILLER_0_45_248, 124.24, 133.28, 1.8
_1838_, 124.24, 133.28, 1.8
_1994_, 124.24, 133.28, 1.8
FILLER_0_45_276, 137.04, 133.28, 1.8
FILLER_0_45_286, 137.04, 133.28, 1.8
FILLER_0_45_294, 137.04, 133.28, 1.8
_1156_, 137.04, 133.28, 1.8
_1165_, 137.04, 133.28, 1.8
_1171_, 137.04, 133.28, 1.8
_1324_, 137.04, 133.28, 1.8
_1440_, 137.04, 133.28, 1.8
FILLER_0_44_304, 149.84, 133.28, 1.8
FILLER_0_45_326, 149.84, 133.28, 1.8
_1168_, 149.84, 133.28, 1.8
FILLER_0_45_385, 184.78, 133.28, 1.8
FILLER_0_45_393, 184.78, 133.28, 1.8
PHY_84, 5.52, 127.84, 1.8
PHY_86, 5.52, 127.84, 1.8
input19, 5.52, 127.84, 1.8
PHY_85, 194.12, 127.84, 1.8
PHY_87, 194.12, 127.84, 1.8
input5, 194.12, 127.84, 1.8
FILLER_0_44_21, 13.68, 127.84, 1.8
FILLER_0_43_51, 34.64, 127.84, 1.8
FILLER_0_43_69, 34.64, 127.84, 1.8
FILLER_0_44_65, 34.64, 127.84, 1.8
_1483_, 34.64, 127.84, 1.8
_1672_, 34.64, 127.84, 1.8
FILLER_0_42_85, 47.44, 127.84, 1.8
FILLER_0_43_102, 47.44, 127.84, 1.8
FILLER_0_44_93, 47.44, 127.84, 1.8
_1361_, 47.44, 127.84, 1.8
_1521_, 47.44, 127.84, 1.8
_1667_, 47.44, 127.84, 1.8
_1902_, 47.44, 127.84, 1.8
_1955_, 47.44, 127.84, 1.8
FILLER_0_43_122, 60.24, 127.84, 1.8
FILLER_0_44_131, 60.24, 127.84, 1.8
_1625_, 60.24, 127.84, 1.8
_1730_, 60.24, 127.84, 1.8
_1731_, 60.24, 127.84, 1.8
_1740_, 60.24, 127.84, 1.8
_2056_, 60.24, 127.84, 1.8
FILLER_0_42_141, 73.04, 127.84, 1.8
FILLER_0_43_141, 73.04, 127.84, 1.8
FILLER_0_44_157, 73.04, 127.84, 1.8
_1461_, 73.04, 127.84, 1.8
_1467_, 73.04, 127.84, 1.8
_1468_, 73.04, 127.84, 1.8
_1592_, 73.04, 127.84, 1.8
_1624_, 73.04, 127.84, 1.8
FILLER_0_43_183, 85.84, 127.84, 1.8
_1426_, 85.84, 127.84, 1.8
_1558_, 85.84, 127.84, 1.8
_1590_, 85.84, 127.84, 1.8
_1643_, 85.84, 127.84, 1.8
_1705_, 85.84, 127.84, 1.8
FILLER_0_44_204, 98.64, 127.84, 1.8
FILLER_0_44_214, 98.64, 127.84, 1.8
_1583_, 98.64, 127.84, 1.8
_1782_, 98.64, 127.84, 1.8
_1783_, 98.64, 127.84, 1.8
_1829_, 98.64, 127.84, 1.8
_1995_, 98.64, 127.84, 1.8
FILLER_0_43_230, 111.44, 127.84, 1.8
FILLER_0_44_238, 111.44, 127.84, 1.8
_1658_, 111.44, 127.84, 1.8
_1659_, 111.44, 127.84, 1.8
_1781_, 111.44, 127.84, 1.8
_2110_, 111.44, 127.84, 1.8
_2165_, 111.44, 127.84, 1.8
_2208_, 111.44, 127.84, 1.8
FILLER_0_42_253, 124.24, 127.84, 1.8
FILLER_0_43_264, 124.24, 127.84, 1.8
_1359_, 124.24, 127.84, 1.8
_1575_, 124.24, 127.84, 1.8
_1889_, 124.24, 127.84, 1.8
FILLER_0_42_274, 137.04, 127.84, 1.8
FILLER_0_43_275, 137.04, 127.84, 1.8
FILLER_0_43_281, 137.04, 127.84, 1.8
FILLER_0_43_289, 137.04, 127.84, 1.8
FILLER_0_44_295, 137.04, 127.84, 1.8
_1172_, 137.04, 127.84, 1.8
_1288_, 137.04, 127.84, 1.8
_1289_, 137.04, 127.84, 1.8
_1290_, 137.04, 127.84, 1.8
_1311_, 137.04, 127.84, 1.8
FILLER_0_43_307, 149.84, 127.84, 1.8
FILLER_0_43_325, 149.84, 127.84, 1.8
_1159_, 149.84, 127.84, 1.8
_1166_, 149.84, 127.84, 1.8
_1167_, 149.84, 127.84, 1.8
FILLER_0_43_333, 162.64, 127.84, 1.8
FILLER_0_44_353, 162.64, 127.84, 1.8
FILLER_0_43_385, 184.78, 127.84, 1.8
PHY_80, 5.52, 122.4, 1.8
PHY_82, 5.52, 122.4, 1.8
output71, 5.52, 122.4, 1.8
FILLER_0_40_401, 194.12, 122.4, 1.8
PHY_81, 194.12, 122.4, 1.8
PHY_83, 194.12, 122.4, 1.8
FILLER_0_41_53, 34.64, 122.4, 1.8
FILLER_0_41_69, 34.64, 122.4, 1.8
_1674_, 34.64, 122.4, 1.8
_1795_, 34.64, 122.4, 1.8
FILLER_0_40_85, 47.44, 122.4, 1.8
FILLER_0_41_90, 47.44, 122.4, 1.8
FILLER_0_42_104, 47.44, 122.4, 1.8
_1341_, 47.44, 122.4, 1.8
_1427_, 47.44, 122.4, 1.8
_1522_, 47.44, 122.4, 1.8
_1685_, 47.44, 122.4, 1.8
_1794_, 47.44, 122.4, 1.8
_1903_, 47.44, 122.4, 1.8
_1960_, 47.44, 122.4, 1.8
FILLER_0_40_110, 60.24, 122.4, 1.8
_1852_, 60.24, 122.4, 1.8
_1863_, 60.24, 122.4, 1.8
_2091_, 60.24, 122.4, 1.8
_2130_, 60.24, 122.4, 1.8
_2131_, 60.24, 122.4, 1.8
FILLER_0_40_137, 73.04, 122.4, 1.8
_1593_, 73.04, 122.4, 1.8
_1608_, 73.04, 122.4, 1.8
_1609_, 73.04, 122.4, 1.8
_1668_, 73.04, 122.4, 1.8
_1669_, 73.04, 122.4, 1.8
_1908_, 73.04, 122.4, 1.8
FILLER_0_41_162, 85.84, 122.4, 1.8
_1706_, 85.84, 122.4, 1.8
_1881_, 85.84, 122.4, 1.8
FILLER_0_40_193, 98.64, 122.4, 1.8
FILLER_0_41_203, 98.64, 122.4, 1.8
FILLER_0_41_211, 98.64, 122.4, 1.8
FILLER_0_42_206, 98.64, 122.4, 1.8
_1484_, 98.64, 122.4, 1.8
_1661_, 98.64, 122.4, 1.8
_1662_, 98.64, 122.4, 1.8
_2051_, 98.64, 122.4, 1.8
_2065_, 98.64, 122.4, 1.8
FILLER_0_41_234, 111.44, 122.4, 1.8
FILLER_0_42_234, 111.44, 122.4, 1.8
_1383_, 111.44, 122.4, 1.8
_1832_, 111.44, 122.4, 1.8
_1839_, 111.44, 122.4, 1.8
_1935_, 111.44, 122.4, 1.8
_2055_, 111.44, 122.4, 1.8
FILLER_0_40_249, 124.24, 122.4, 1.8
FILLER_0_40_253, 124.24, 122.4, 1.8
_1250_, 124.24, 122.4, 1.8
_1589_, 124.24, 122.4, 1.8
_2036_, 124.24, 122.4, 1.8
FILLER_0_41_273, 137.04, 122.4, 1.8
_1160_, 137.04, 122.4, 1.8
_1161_, 137.04, 122.4, 1.8
_1162_, 137.04, 122.4, 1.8
_1310_, 137.04, 122.4, 1.8
_1541_, 137.04, 122.4, 1.8
_1542_, 137.04, 122.4, 1.8
FILLER_0_40_302, 149.84, 122.4, 1.8
FILLER_0_40_309, 149.84, 122.4, 1.8
_1551_, 162.64, 122.4, 1.8
FILLER_0_41_385, 184.78, 122.4, 1.8
PHY_76, 5.52, 116.96, 1.8
PHY_78, 5.52, 116.96, 1.8
FILLER_0_38_401, 194.12, 116.96, 1.8
PHY_77, 194.12, 116.96, 1.8
PHY_79, 194.12, 116.96, 1.8
output91, 194.12, 116.96, 1.8
FILLER_0_38_53, 34.64, 116.96, 1.8
FILLER_0_39_51, 34.64, 116.96, 1.8
FILLER_0_39_57, 34.64, 116.96, 1.8
FILLER_0_39_68, 34.64, 116.96, 1.8
FILLER_0_40_77, 34.64, 116.96, 1.8
_1523_, 34.64, 116.96, 1.8
_1524_, 34.64, 116.96, 1.8
_1544_, 34.64, 116.96, 1.8
FILLER_0_39_87, 47.44, 116.96, 1.8
_1485_, 47.44, 116.96, 1.8
_1670_, 47.44, 116.96, 1.8
_1671_, 47.44, 116.96, 1.8
_1686_, 47.44, 116.96, 1.8
FILLER_0_39_121, 60.24, 116.96, 1.8
_1597_, 60.24, 116.96, 1.8
_1732_, 60.24, 116.96, 1.8
_1743_, 60.24, 116.96, 1.8
_1793_, 60.24, 116.96, 1.8
_1997_, 60.24, 116.96, 1.8
FILLER_0_38_141, 73.04, 116.96, 1.8
FILLER_0_39_153, 73.04, 116.96, 1.8
_1632_, 73.04, 116.96, 1.8
_1728_, 73.04, 116.96, 1.8
_1913_, 73.04, 116.96, 1.8
FILLER_0_39_184, 85.84, 116.96, 1.8
FILLER_0_40_185, 85.84, 116.96, 1.8
_1443_, 85.84, 116.96, 1.8
_1630_, 85.84, 116.96, 1.8
_1645_, 85.84, 116.96, 1.8
_1729_, 85.84, 116.96, 1.8
_1742_, 85.84, 116.96, 1.8
_1788_, 85.84, 116.96, 1.8
_1880_, 85.84, 116.96, 1.8
FILLER_0_38_189, 98.64, 116.96, 1.8
_1562_, 98.64, 116.96, 1.8
_1584_, 98.64, 116.96, 1.8
_1708_, 98.64, 116.96, 1.8
_1709_, 98.64, 116.96, 1.8
_1721_, 98.64, 116.96, 1.8
_1722_, 98.64, 116.96, 1.8
_1827_, 98.64, 116.96, 1.8
FILLER_0_39_219, 111.44, 116.96, 1.8
FILLER_0_39_225, 111.44, 116.96, 1.8
FILLER_0_39_233, 111.44, 116.96, 1.8
_1445_, 111.44, 116.96, 1.8
_1446_, 111.44, 116.96, 1.8
_1586_, 111.44, 116.96, 1.8
_1629_, 111.44, 116.96, 1.8
_1890_, 111.44, 116.96, 1.8
FILLER_0_38_246, 124.24, 116.96, 1.8
FILLER_0_38_253, 124.24, 116.96, 1.8
FILLER_0_39_256, 124.24, 116.96, 1.8
_1571_, 124.24, 116.96, 1.8
_1576_, 124.24, 116.96, 1.8
_1578_, 124.24, 116.96, 1.8
_1579_, 124.24, 116.96, 1.8
_1580_, 124.24, 116.96, 1.8
_1628_, 124.24, 116.96, 1.8
FILLER_0_39_287, 137.04, 116.96, 1.8
_1157_, 137.04, 116.96, 1.8
_1170_, 137.04, 116.96, 1.8
_1302_, 137.04, 116.96, 1.8
_1382_, 137.04, 116.96, 1.8
_1539_, 137.04, 116.96, 1.8
_1540_, 137.04, 116.96, 1.8
_1543_, 137.04, 116.96, 1.8
FILLER_0_39_304, 149.84, 116.96, 1.8
FILLER_0_39_323, 149.84, 116.96, 1.8
_1169_, 149.84, 116.96, 1.8
_1550_, 149.84, 116.96, 1.8
_1552_, 149.84, 116.96, 1.8
_1614_, 149.84, 116.96, 1.8
_1615_, 149.84, 116.96, 1.8
_1617_, 149.84, 116.96, 1.8
_1618_, 149.84, 116.96, 1.8
_1619_, 149.84, 116.96, 1.8
_1555_, 162.64, 116.96, 1.8
_1588_, 162.64, 116.96, 1.8
_1620_, 162.64, 116.96, 1.8
_1640_, 162.64, 116.96, 1.8
FILLER_0_39_388, 184.78, 116.96, 1.8
FILLER_0_39_393, 184.78, 116.96, 1.8
PHY_72, 5.52, 111.52, 1.8
PHY_74, 5.52, 111.52, 1.8
input50, 5.52, 111.52, 1.8
PHY_73, 194.12, 111.52, 1.8
PHY_75, 194.12, 111.52, 1.8
output87, 194.12, 111.52, 1.8
_1545_, 13.68, 111.52, 1.8
FILLER_0_37_57, 34.64, 111.52, 1.8
FILLER_0_37_77, 34.64, 111.52, 1.8
FILLER_0_38_76, 34.64, 111.52, 1.8
_1517_, 34.64, 111.52, 1.8
_1518_, 34.64, 111.52, 1.8
_1525_, 34.64, 111.52, 1.8
_1531_, 34.64, 111.52, 1.8
FILLER_0_36_79, 47.44, 111.52, 1.8
_1432_, 47.44, 111.52, 1.8
_1805_, 47.44, 111.52, 1.8
_2011_, 47.44, 111.52, 1.8
_2014_, 47.44, 111.52, 1.8
_2021_, 47.44, 111.52, 1.8
_2022_, 47.44, 111.52, 1.8
FILLER_0_36_112, 60.24, 111.52, 1.8
FILLER_0_37_109, 60.24, 111.52, 1.8
_1610_, 60.24, 111.52, 1.8
_1626_, 60.24, 111.52, 1.8
_1853_, 60.24, 111.52, 1.8
_1855_, 60.24, 111.52, 1.8
_2012_, 60.24, 111.52, 1.8
_2013_, 60.24, 111.52, 1.8
_2058_, 60.24, 111.52, 1.8
FILLER_0_36_134, 73.04, 111.52, 1.8
FILLER_0_38_153, 73.04, 111.52, 1.8
_1605_, 73.04, 111.52, 1.8
_1606_, 73.04, 111.52, 1.8
_1631_, 73.04, 111.52, 1.8
_2057_, 73.04, 111.52, 1.8
FILLER_0_36_165, 85.84, 111.52, 1.8
FILLER_0_37_169, 85.84, 111.52, 1.8
_1428_, 85.84, 111.52, 1.8
_1773_, 85.84, 111.52, 1.8
_1928_, 85.84, 111.52, 1.8
FILLER_0_37_201, 98.64, 111.52, 1.8
FILLER_0_38_205, 98.64, 111.52, 1.8
FILLER_0_38_213, 98.64, 111.52, 1.8
_1363_, 98.64, 111.52, 1.8
_1585_, 98.64, 111.52, 1.8
_1649_, 98.64, 111.52, 1.8
_1663_, 98.64, 111.52, 1.8
_1723_, 98.64, 111.52, 1.8
_2067_, 98.64, 111.52, 1.8
FILLER_0_37_233, 111.44, 111.52, 1.8
_1570_, 111.44, 111.52, 1.8
_1664_, 111.44, 111.52, 1.8
_2030_, 111.44, 111.52, 1.8
_2037_, 111.44, 111.52, 1.8
_2038_, 111.44, 111.52, 1.8
FILLER_0_36_249, 124.24, 111.52, 1.8
FILLER_0_37_246, 124.24, 111.52, 1.8
FILLER_0_37_263, 124.24, 111.52, 1.8
_1530_, 124.24, 111.52, 1.8
_1587_, 124.24, 111.52, 1.8
_1627_, 124.24, 111.52, 1.8
_1650_, 124.24, 111.52, 1.8
_1660_, 124.24, 111.52, 1.8
FILLER_0_38_287, 137.04, 111.52, 1.8
_1330_, 137.04, 111.52, 1.8
_1534_, 137.04, 111.52, 1.8
_1535_, 137.04, 111.52, 1.8
_1536_, 137.04, 111.52, 1.8
_1537_, 137.04, 111.52, 1.8
_1538_, 137.04, 111.52, 1.8
_1553_, 137.04, 111.52, 1.8
_1613_, 137.04, 111.52, 1.8
FILLER_0_36_300, 149.84, 111.52, 1.8
FILLER_0_37_323, 149.84, 111.52, 1.8
_1548_, 149.84, 111.52, 1.8
_1616_, 149.84, 111.52, 1.8
_1639_, 149.84, 111.52, 1.8
_1554_, 162.64, 111.52, 1.8
_1621_, 162.64, 111.52, 1.8
PHY_68, 5.52, 106.08, 1.8
PHY_70, 5.52, 106.08, 1.8
input25, 5.52, 106.08, 1.8
FILLER_0_34_401, 194.12, 106.08, 1.8
PHY_69, 194.12, 106.08, 1.8
PHY_71, 194.12, 106.08, 1.8
FILLER_0_34_53, 34.64, 106.08, 1.8
FILLER_0_35_53, 34.64, 106.08, 1.8
FILLER_0_35_57, 34.64, 106.08, 1.8
FILLER_0_35_73, 34.64, 106.08, 1.8
FILLER_0_36_65, 34.64, 106.08, 1.8
_1675_, 34.64, 106.08, 1.8
_1676_, 34.64, 106.08, 1.8
_1744_, 34.64, 106.08, 1.8
FILLER_0_35_101, 47.44, 106.08, 1.8
FILLER_0_36_92, 47.44, 106.08, 1.8
_1684_, 47.44, 106.08, 1.8
_1687_, 47.44, 106.08, 1.8
_1695_, 47.44, 106.08, 1.8
_1696_, 47.44, 106.08, 1.8
_1804_, 47.44, 106.08, 1.8
_2097_, 47.44, 106.08, 1.8
FILLER_0_35_109, 60.24, 106.08, 1.8
_2015_, 60.24, 106.08, 1.8
_2132_, 60.24, 106.08, 1.8
_2133_, 60.24, 106.08, 1.8
FILLER_0_35_135, 73.04, 106.08, 1.8
FILLER_0_35_152, 73.04, 106.08, 1.8
_1612_, 73.04, 106.08, 1.8
_1683_, 73.04, 106.08, 1.8
_2092_, 73.04, 106.08, 1.8
_2098_, 73.04, 106.08, 1.8
_2099_, 73.04, 106.08, 1.8
FILLER_0_34_165, 85.84, 106.08, 1.8
FILLER_0_35_176, 85.84, 106.08, 1.8
FILLER_0_36_181, 85.84, 106.08, 1.8
_1393_, 85.84, 106.08, 1.8
_1436_, 85.84, 106.08, 1.8
_1447_, 85.84, 106.08, 1.8
_1448_, 85.84, 106.08, 1.8
_1449_, 85.84, 106.08, 1.8
_1996_, 85.84, 106.08, 1.8
FILLER_0_34_193, 98.64, 106.08, 1.8
_1714_, 98.64, 106.08, 1.8
_1715_, 98.64, 106.08, 1.8
_1724_, 98.64, 106.08, 1.8
_2066_, 98.64, 106.08, 1.8
_2111_, 98.64, 106.08, 1.8
FILLER_0_34_222, 111.44, 106.08, 1.8
FILLER_0_34_228, 111.44, 106.08, 1.8
FILLER_0_35_237, 111.44, 106.08, 1.8
FILLER_0_36_238, 111.44, 106.08, 1.8
_1529_, 111.44, 106.08, 1.8
_1779_, 111.44, 106.08, 1.8
_2200_, 111.44, 106.08, 1.8
FILLER_0_34_248, 124.24, 106.08, 1.8
FILLER_0_35_248, 124.24, 106.08, 1.8
FILLER_0_35_269, 124.24, 106.08, 1.8
FILLER_0_36_270, 124.24, 106.08, 1.8
_1329_, 124.24, 106.08, 1.8
_1431_, 124.24, 106.08, 1.8
_1532_, 124.24, 106.08, 1.8
_1665_, 124.24, 106.08, 1.8
FILLER_0_35_277, 137.04, 106.08, 1.8
FILLER_0_35_293, 137.04, 106.08, 1.8
FILLER_0_35_299, 137.04, 106.08, 1.8
_1303_, 137.04, 106.08, 1.8
_1332_, 137.04, 106.08, 1.8
_1333_, 137.04, 106.08, 1.8
_1453_, 137.04, 106.08, 1.8
_1720_, 137.04, 106.08, 1.8
FILLER_0_34_303, 149.84, 106.08, 1.8
FILLER_0_35_324, 149.84, 106.08, 1.8
FILLER_0_36_321, 149.84, 106.08, 1.8
_1331_, 149.84, 106.08, 1.8
_1634_, 149.84, 106.08, 1.8
_1641_, 149.84, 106.08, 1.8
_1666_, 149.84, 106.08, 1.8
FILLER_0_36_355, 162.64, 106.08, 1.8
_1638_, 162.64, 106.08, 1.8
_1642_, 162.64, 106.08, 1.8
_1693_, 162.64, 106.08, 1.8
_1694_, 162.64, 106.08, 1.8
FILLER_0_35_388, 184.78, 106.08, 1.8
PHY_64, 5.52, 100.64, 1.8
PHY_66, 5.52, 100.64, 1.8
PHY_65, 194.12, 100.64, 1.8
PHY_67, 194.12, 100.64, 1.8
input16, 194.12, 100.64, 1.8
_1758_, 13.68, 100.64, 1.8
FILLER_0_32_53, 34.64, 100.64, 1.8
FILLER_0_32_61, 34.64, 100.64, 1.8
FILLER_0_33_51, 34.64, 100.64, 1.8
FILLER_0_34_76, 34.64, 100.64, 1.8
_1736_, 34.64, 100.64, 1.8
_1737_, 34.64, 100.64, 1.8
_1741_, 34.64, 100.64, 1.8
_1745_, 34.64, 100.64, 1.8
_1757_, 34.64, 100.64, 1.8
FILLER_0_32_85, 47.44, 100.64, 1.8
FILLER_0_33_82, 47.44, 100.64, 1.8
FILLER_0_34_93, 47.44, 100.64, 1.8
_1392_, 47.44, 100.64, 1.8
_1395_, 47.44, 100.64, 1.8
_1581_, 47.44, 100.64, 1.8
_1798_, 47.44, 100.64, 1.8
_2188_, 47.44, 100.64, 1.8
_2189_, 47.44, 100.64, 1.8
FILLER_0_33_108, 60.24, 100.64, 1.8
FILLER_0_34_130, 60.24, 100.64, 1.8
_1611_, 60.24, 100.64, 1.8
_2125_, 60.24, 100.64, 1.8
_2137_, 60.24, 100.64, 1.8
_2138_, 60.24, 100.64, 1.8
_2186_, 60.24, 100.64, 1.8
_2190_, 60.24, 100.64, 1.8
FILLER_0_32_136, 73.04, 100.64, 1.8
FILLER_0_32_141, 73.04, 100.64, 1.8
FILLER_0_33_156, 73.04, 100.64, 1.8
FILLER_0_34_149, 73.04, 100.64, 1.8
_1607_, 73.04, 100.64, 1.8
_1789_, 73.04, 100.64, 1.8
_1992_, 73.04, 100.64, 1.8
_1998_, 73.04, 100.64, 1.8
_1999_, 73.04, 100.64, 1.8
_2228_, 73.04, 100.64, 1.8
_1429_, 85.84, 100.64, 1.8
_1450_, 85.84, 100.64, 1.8
_1991_, 85.84, 100.64, 1.8
_2112_, 85.84, 100.64, 1.8
FILLER_0_34_214, 98.64, 100.64, 1.8
_1725_, 98.64, 100.64, 1.8
_1941_, 98.64, 100.64, 1.8
FILLER_0_32_220, 111.44, 100.64, 1.8
FILLER_0_34_235, 111.44, 100.64, 1.8
_1337_, 111.44, 100.64, 1.8
_1391_, 111.44, 100.64, 1.8
_1833_, 111.44, 100.64, 1.8
_2156_, 111.44, 100.64, 1.8
_2157_, 111.44, 100.64, 1.8
_2209_, 111.44, 100.64, 1.8
_2210_, 111.44, 100.64, 1.8
_2211_, 111.44, 100.64, 1.8
_2212_, 111.44, 100.64, 1.8
FILLER_0_32_245, 124.24, 100.64, 1.8
FILLER_0_32_253, 124.24, 100.64, 1.8
FILLER_0_33_247, 124.24, 100.64, 1.8
_1278_, 124.24, 100.64, 1.8
_1286_, 124.24, 100.64, 1.8
_1533_, 124.24, 100.64, 1.8
_1726_, 124.24, 100.64, 1.8
_2203_, 124.24, 100.64, 1.8
FILLER_0_32_282, 137.04, 100.64, 1.8
FILLER_0_33_276, 137.04, 100.64, 1.8
_1291_, 137.04, 100.64, 1.8
_1295_, 137.04, 100.64, 1.8
_1301_, 137.04, 100.64, 1.8
_1334_, 137.04, 100.64, 1.8
_1454_, 137.04, 100.64, 1.8
_2201_, 137.04, 100.64, 1.8
FILLER_0_33_304, 149.84, 100.64, 1.8
_1635_, 149.84, 100.64, 1.8
_1636_, 149.84, 100.64, 1.8
_1637_, 149.84, 100.64, 1.8
_1704_, 149.84, 100.64, 1.8
_2213_, 149.84, 100.64, 1.8
FILLER_0_33_332, 162.64, 100.64, 1.8
_1702_, 162.64, 100.64, 1.8
PHY_60, 5.52, 95.2, 1.8
PHY_62, 5.52, 95.2, 1.8
input58, 5.52, 95.2, 1.8
PHY_61, 194.12, 95.2, 1.8
PHY_63, 194.12, 95.2, 1.8
output100, 194.12, 95.2, 1.8
FILLER_0_32_24, 13.68, 95.2, 1.8
FILLER_0_30_53, 34.64, 95.2, 1.8
FILLER_0_31_51, 34.64, 95.2, 1.8
FILLER_0_32_76, 34.64, 95.2, 1.8
_1338_, 34.64, 95.2, 1.8
_1394_, 34.64, 95.2, 1.8
_1792_, 34.64, 95.2, 1.8
FILLER_0_31_99, 47.44, 95.2, 1.8
FILLER_0_32_101, 47.44, 95.2, 1.8
FILLER_0_32_93, 47.44, 95.2, 1.8
_1791_, 47.44, 95.2, 1.8
_1796_, 47.44, 95.2, 1.8
_1797_, 47.44, 95.2, 1.8
_1799_, 47.44, 95.2, 1.8
_1808_, 47.44, 95.2, 1.8
_1809_, 47.44, 95.2, 1.8
_2187_, 47.44, 95.2, 1.8
FILLER_0_31_106, 60.24, 95.2, 1.8
FILLER_0_31_125, 60.24, 95.2, 1.8
FILLER_0_32_125, 60.24, 95.2, 1.8
_1854_, 60.24, 95.2, 1.8
_1856_, 60.24, 95.2, 1.8
_2229_, 60.24, 95.2, 1.8
FILLER_0_30_137, 73.04, 95.2, 1.8
FILLER_0_31_135, 73.04, 95.2, 1.8
_1772_, 73.04, 95.2, 1.8
_1790_, 73.04, 95.2, 1.8
_2232_, 73.04, 95.2, 1.8
_2273_, 73.04, 95.2, 1.8
_2312_, 73.04, 95.2, 1.8
_2313_, 73.04, 95.2, 1.8
FILLER_0_30_169, 85.84, 95.2, 1.8
FILLER_0_31_162, 85.84, 95.2, 1.8
_1775_, 85.84, 95.2, 1.8
_1830_, 85.84, 95.2, 1.8
_1882_, 85.84, 95.2, 1.8
_2154_, 85.84, 95.2, 1.8
_2155_, 85.84, 95.2, 1.8
_2230_, 85.84, 95.2, 1.8
FILLER_0_31_199, 98.64, 95.2, 1.8
FILLER_0_32_207, 98.64, 95.2, 1.8
_1784_, 98.64, 95.2, 1.8
_1834_, 98.64, 95.2, 1.8
_1931_, 98.64, 95.2, 1.8
_1940_, 98.64, 95.2, 1.8
_2258_, 98.64, 95.2, 1.8
_2296_, 98.64, 95.2, 1.8
FILLER_0_31_221, 111.44, 95.2, 1.8
FILLER_0_31_225, 111.44, 95.2, 1.8
_1434_, 111.44, 95.2, 1.8
_2160_, 111.44, 95.2, 1.8
_2166_, 111.44, 95.2, 1.8
_2167_, 111.44, 95.2, 1.8
FILLER_0_31_252, 124.24, 95.2, 1.8
FILLER_0_32_264, 124.24, 95.2, 1.8
_1984_, 124.24, 95.2, 1.8
_2158_, 124.24, 95.2, 1.8
_2159_, 124.24, 95.2, 1.8
_2202_, 124.24, 95.2, 1.8
FILLER_0_31_275, 137.04, 95.2, 1.8
FILLER_0_32_298, 137.04, 95.2, 1.8
_1292_, 137.04, 95.2, 1.8
_1297_, 137.04, 95.2, 1.8
_1298_, 137.04, 95.2, 1.8
_1299_, 137.04, 95.2, 1.8
_1300_, 137.04, 95.2, 1.8
_1307_, 137.04, 95.2, 1.8
_1308_, 137.04, 95.2, 1.8
FILLER_0_30_303, 149.84, 95.2, 1.8
FILLER_0_30_309, 149.84, 95.2, 1.8
FILLER_0_31_315, 149.84, 95.2, 1.8
FILLER_0_32_319, 149.84, 95.2, 1.8
_1173_, 149.84, 95.2, 1.8
_1700_, 149.84, 95.2, 1.8
_1703_, 149.84, 95.2, 1.8
_1765_, 149.84, 95.2, 1.8
_1769_, 149.84, 95.2, 1.8
FILLER_0_30_332, 162.64, 95.2, 1.8
FILLER_0_31_331, 162.64, 95.2, 1.8
_1691_, 162.64, 95.2, 1.8
_1692_, 162.64, 95.2, 1.8
_1701_, 162.64, 95.2, 1.8
_1750_, 162.64, 95.2, 1.8
_1768_, 162.64, 95.2, 1.8
PHY_56, 5.52, 89.76, 1.8
PHY_58, 5.52, 89.76, 1.8
input21, 5.52, 89.76, 1.8
FILLER_0_28_401, 194.12, 89.76, 1.8
PHY_57, 194.12, 89.76, 1.8
PHY_59, 194.12, 89.76, 1.8
FILLER_0_28_53, 34.64, 89.76, 1.8
FILLER_0_28_62, 34.64, 89.76, 1.8
FILLER_0_29_53, 34.64, 89.76, 1.8
FILLER_0_30_72, 34.64, 89.76, 1.8
_1770_, 34.64, 89.76, 1.8
_1771_, 34.64, 89.76, 1.8
_1810_, 34.64, 89.76, 1.8
_1817_, 34.64, 89.76, 1.8
_1818_, 34.64, 89.76, 1.8
FILLER_0_28_81, 47.44, 89.76, 1.8
FILLER_0_29_82, 47.44, 89.76, 1.8
FILLER_0_30_97, 47.44, 89.76, 1.8
_1965_, 47.44, 89.76, 1.8
_1966_, 47.44, 89.76, 1.8
FILLER_0_29_121, 60.24, 89.76, 1.8
FILLER_0_30_121, 60.24, 89.76, 1.8
_1786_, 60.24, 89.76, 1.8
_1787_, 60.24, 89.76, 1.8
_1857_, 60.24, 89.76, 1.8
_1865_, 60.24, 89.76, 1.8
_1914_, 60.24, 89.76, 1.8
_2231_, 60.24, 89.76, 1.8
FILLER_0_28_145, 73.04, 89.76, 1.8
FILLER_0_29_134, 73.04, 89.76, 1.8
_1905_, 73.04, 89.76, 1.8
_2274_, 73.04, 89.76, 1.8
_2275_, 73.04, 89.76, 1.8
FILLER_0_28_162, 85.84, 89.76, 1.8
FILLER_0_29_161, 85.84, 89.76, 1.8
FILLER_0_30_186, 85.84, 89.76, 1.8
_1774_, 85.84, 89.76, 1.8
_1785_, 85.84, 89.76, 1.8
_1887_, 85.84, 89.76, 1.8
FILLER_0_28_197, 98.64, 89.76, 1.8
FILLER_0_29_193, 98.64, 89.76, 1.8
FILLER_0_29_207, 98.64, 89.76, 1.8
FILLER_0_29_213, 98.64, 89.76, 1.8
FILLER_0_30_215, 98.64, 89.76, 1.8
_1932_, 98.64, 89.76, 1.8
_1936_, 98.64, 89.76, 1.8
_2259_, 98.64, 89.76, 1.8
_2291_, 98.64, 89.76, 1.8
_2295_, 98.64, 89.76, 1.8
FILLER_0_28_221, 111.44, 89.76, 1.8
_1336_, 111.44, 89.76, 1.8
_1893_, 111.44, 89.76, 1.8
_1985_, 111.44, 89.76, 1.8
_2016_, 111.44, 89.76, 1.8
_2017_, 111.44, 89.76, 1.8
_2039_, 111.44, 89.76, 1.8
FILLER_0_28_249, 124.24, 89.76, 1.8
FILLER_0_28_253, 124.24, 89.76, 1.8
FILLER_0_29_251, 124.24, 89.76, 1.8
_1296_, 124.24, 89.76, 1.8
_1325_, 124.24, 89.76, 1.8
_1326_, 124.24, 89.76, 1.8
_1335_, 124.24, 89.76, 1.8
_1430_, 124.24, 89.76, 1.8
_1309_, 137.04, 89.76, 1.8
_1451_, 137.04, 89.76, 1.8
_1651_, 137.04, 89.76, 1.8
_1653_, 137.04, 89.76, 1.8
_1756_, 137.04, 89.76, 1.8
FILLER_0_29_300, 149.84, 89.76, 1.8
_1328_, 149.84, 89.76, 1.8
_1699_, 149.84, 89.76, 1.8
_1690_, 162.64, 89.76, 1.8
_1749_, 162.64, 89.76, 1.8
_1751_, 162.64, 89.76, 1.8
_1767_, 162.64, 89.76, 1.8
FILLER_0_29_388, 184.78, 89.76, 1.8
PHY_52, 5.52, 84.32, 1.8
PHY_54, 5.52, 84.32, 1.8
FILLER_0_26_401, 194.12, 84.32, 1.8
PHY_53, 194.12, 84.32, 1.8
PHY_55, 194.12, 84.32, 1.8
input60, 194.12, 84.32, 1.8
FILLER_0_27_51, 34.64, 84.32, 1.8
_1762_, 34.64, 84.32, 1.8
_1763_, 34.64, 84.32, 1.8
_1764_, 34.64, 84.32, 1.8
_1819_, 34.64, 84.32, 1.8
_1866_, 34.64, 84.32, 1.8
rebuffer20, 34.64, 84.32, 1.8
FILLER_0_27_96, 47.44, 84.32, 1.8
FILLER_0_28_104, 47.44, 84.32, 1.8
_1851_, 47.44, 84.32, 1.8
_1953_, 47.44, 84.32, 1.8
_1956_, 47.44, 84.32, 1.8
_1963_, 47.44, 84.32, 1.8
_1964_, 47.44, 84.32, 1.8
_1967_, 47.44, 84.32, 1.8
FILLER_0_26_109, 60.24, 84.32, 1.8
FILLER_0_27_109, 60.24, 84.32, 1.8
FILLER_0_28_120, 60.24, 84.32, 1.8
_1904_, 60.24, 84.32, 1.8
_1912_, 60.24, 84.32, 1.8
_1915_, 60.24, 84.32, 1.8
_1916_, 60.24, 84.32, 1.8
_2059_, 60.24, 84.32, 1.8
FILLER_0_26_134, 73.04, 84.32, 1.8
FILLER_0_26_141, 73.04, 84.32, 1.8
FILLER_0_27_157, 73.04, 84.32, 1.8
_1883_, 73.04, 84.32, 1.8
_1894_, 73.04, 84.32, 1.8
_1895_, 73.04, 84.32, 1.8
_1911_, 73.04, 84.32, 1.8
FILLER_0_27_165, 85.84, 84.32, 1.8
FILLER_0_27_169, 85.84, 84.32, 1.8
FILLER_0_27_182, 85.84, 84.32, 1.8
FILLER_0_28_185, 85.84, 84.32, 1.8
_1831_, 85.84, 84.32, 1.8
_1886_, 85.84, 84.32, 1.8
_1952_, 85.84, 84.32, 1.8
_2238_, 85.84, 84.32, 1.8
_2279_, 85.84, 84.32, 1.8
FILLER_0_26_190, 98.64, 84.32, 1.8
FILLER_0_27_214, 98.64, 84.32, 1.8
_1942_, 98.64, 84.32, 1.8
_1943_, 98.64, 84.32, 1.8
_2305_, 98.64, 84.32, 1.8
FILLER_0_26_222, 111.44, 84.32, 1.8
FILLER_0_27_237, 111.44, 84.32, 1.8
_1938_, 111.44, 84.32, 1.8
_1939_, 111.44, 84.32, 1.8
_2031_, 111.44, 84.32, 1.8
_2032_, 111.44, 84.32, 1.8
_2033_, 111.44, 84.32, 1.8
FILLER_0_26_246, 124.24, 84.32, 1.8
FILLER_0_26_253, 124.24, 84.32, 1.8
FILLER_0_27_246, 124.24, 84.32, 1.8
FILLER_0_27_260, 124.24, 84.32, 1.8
_1181_, 124.24, 84.32, 1.8
_2289_, 124.24, 84.32, 1.8
_2290_, 124.24, 84.32, 1.8
FILLER_0_27_273, 137.04, 84.32, 1.8
FILLER_0_27_292, 137.04, 84.32, 1.8
_1179_, 137.04, 84.32, 1.8
_1327_, 137.04, 84.32, 1.8
_1752_, 137.04, 84.32, 1.8
_1753_, 137.04, 84.32, 1.8
_1755_, 137.04, 84.32, 1.8
FILLER_0_27_314, 149.84, 84.32, 1.8
FILLER_0_28_321, 149.84, 84.32, 1.8
_1180_, 149.84, 84.32, 1.8
_1187_, 149.84, 84.32, 1.8
_1688_, 149.84, 84.32, 1.8
_1698_, 149.84, 84.32, 1.8
_1746_, 149.84, 84.32, 1.8
_1748_, 149.84, 84.32, 1.8
_1766_, 149.84, 84.32, 1.8
_1689_, 162.64, 84.32, 1.8
FILLER_0_27_385, 184.78, 84.32, 1.8
FILLER_0_27_393, 184.78, 84.32, 1.8
PHY_48, 5.52, 78.88, 1.8
PHY_50, 5.52, 78.88, 1.8
input67, 5.52, 78.88, 1.8
PHY_49, 194.12, 78.88, 1.8
PHY_51, 194.12, 78.88, 1.8
input41, 194.12, 78.88, 1.8
FILLER_0_26_19, 13.68, 78.88, 1.8
FILLER_0_26_76, 34.64, 78.88, 1.8
_1814_, 34.64, 78.88, 1.8
_1815_, 34.64, 78.88, 1.8
_1816_, 34.64, 78.88, 1.8
_1824_, 34.64, 78.88, 1.8
_1825_, 34.64, 78.88, 1.8
_1850_, 34.64, 78.88, 1.8
_1872_, 34.64, 78.88, 1.8
_1874_, 34.64, 78.88, 1.8
_1876_, 34.64, 78.88, 1.8
rebuffer19, 34.64, 78.88, 1.8
FILLER_0_24_81, 47.44, 78.88, 1.8
FILLER_0_25_84, 47.44, 78.88, 1.8
FILLER_0_25_95, 47.44, 78.88, 1.8
_1826_, 47.44, 78.88, 1.8
_1847_, 47.44, 78.88, 1.8
_1848_, 47.44, 78.88, 1.8
_1901_, 47.44, 78.88, 1.8
FILLER_0_25_125, 60.24, 78.88, 1.8
FILLER_0_26_119, 60.24, 78.88, 1.8
_1864_, 60.24, 78.88, 1.8
_1879_, 60.24, 78.88, 1.8
_1900_, 60.24, 78.88, 1.8
_1924_, 60.24, 78.88, 1.8
FILLER_0_25_159, 73.04, 78.88, 1.8
_1143_, 73.04, 78.88, 1.8
_1144_, 73.04, 78.88, 1.8
_1145_, 73.04, 78.88, 1.8
_1433_, 73.04, 78.88, 1.8
_1858_, 73.04, 78.88, 1.8
_1859_, 73.04, 78.88, 1.8
_1878_, 73.04, 78.88, 1.8
FILLER_0_26_176, 85.84, 78.88, 1.8
_1760_, 85.84, 78.88, 1.8
_1812_, 85.84, 78.88, 1.8
_1821_, 85.84, 78.88, 1.8
_1842_, 85.84, 78.88, 1.8
_2278_, 85.84, 78.88, 1.8
FILLER_0_26_204, 98.64, 78.88, 1.8
_1150_, 98.64, 78.88, 1.8
_1777_, 98.64, 78.88, 1.8
_1778_, 98.64, 78.88, 1.8
_1835_, 98.64, 78.88, 1.8
_1836_, 98.64, 78.88, 1.8
_1840_, 98.64, 78.88, 1.8
_1841_, 98.64, 78.88, 1.8
FILLER_0_25_221, 111.44, 78.88, 1.8
FILLER_0_25_243, 111.44, 78.88, 1.8
_1153_, 111.44, 78.88, 1.8
_1193_, 111.44, 78.88, 1.8
_1937_, 111.44, 78.88, 1.8
_2276_, 111.44, 78.88, 1.8
_2277_, 111.44, 78.88, 1.8
FILLER_0_25_251, 124.24, 78.88, 1.8
FILLER_0_25_260, 124.24, 78.88, 1.8
_1149_, 124.24, 78.88, 1.8
_1680_, 124.24, 78.88, 1.8
_1682_, 124.24, 78.88, 1.8
_1776_, 124.24, 78.88, 1.8
_1806_, 124.24, 78.88, 1.8
_2288_, 124.24, 78.88, 1.8
FILLER_0_25_277, 137.04, 78.88, 1.8
FILLER_0_25_291, 137.04, 78.88, 1.8
FILLER_0_26_298, 137.04, 78.88, 1.8
_1182_, 137.04, 78.88, 1.8
_1754_, 137.04, 78.88, 1.8
_1759_, 137.04, 78.88, 1.8
FILLER_0_26_315, 149.84, 78.88, 1.8
_1174_, 149.84, 78.88, 1.8
_1175_, 149.84, 78.88, 1.8
_1185_, 149.84, 78.88, 1.8
_1186_, 149.84, 78.88, 1.8
_1188_, 149.84, 78.88, 1.8
_1747_, 149.84, 78.88, 1.8
FILLER_0_25_331, 162.64, 78.88, 1.8
FILLER_0_25_385, 184.78, 78.88, 1.8
PHY_44, 5.52, 73.44, 1.8
PHY_46, 5.52, 73.44, 1.8
FILLER_0_22_401, 194.12, 73.44, 1.8
PHY_45, 194.12, 73.44, 1.8
PHY_47, 194.12, 73.44, 1.8
_2281_, 13.68, 73.44, 1.8
FILLER_0_23_51, 34.64, 73.44, 1.8
FILLER_0_23_57, 34.64, 73.44, 1.8
_1823_, 34.64, 73.44, 1.8
_1849_, 34.64, 73.44, 1.8
_1873_, 34.64, 73.44, 1.8
_1875_, 34.64, 73.44, 1.8
FILLER_0_23_105, 47.44, 73.44, 1.8
FILLER_0_24_105, 47.44, 73.44, 1.8
_1822_, 47.44, 73.44, 1.8
_1843_, 47.44, 73.44, 1.8
_1871_, 47.44, 73.44, 1.8
_1877_, 47.44, 73.44, 1.8
FILLER_0_22_107, 60.24, 73.44, 1.8
FILLER_0_22_118, 60.24, 73.44, 1.8
_1899_, 60.24, 73.44, 1.8
_1923_, 60.24, 73.44, 1.8
_1925_, 60.24, 73.44, 1.8
rebuffer14, 60.24, 73.44, 1.8
rebuffer15, 60.24, 73.44, 1.8
rebuffer18, 60.24, 73.44, 1.8
FILLER_0_23_146, 73.04, 73.44, 1.8
FILLER_0_23_160, 73.04, 73.44, 1.8
FILLER_0_24_153, 73.04, 73.44, 1.8
_1845_, 73.04, 73.44, 1.8
_1846_, 73.04, 73.44, 1.8
_1920_, 73.04, 73.44, 1.8
FILLER_0_23_169, 85.84, 73.44, 1.8
FILLER_0_24_177, 85.84, 73.44, 1.8
FILLER_0_24_185, 85.84, 73.44, 1.8
_1151_, 85.84, 73.44, 1.8
_1315_, 85.84, 73.44, 1.8
_1813_, 85.84, 73.44, 1.8
_1820_, 85.84, 73.44, 1.8
FILLER_0_22_197, 98.64, 73.44, 1.8
_1152_, 98.64, 73.44, 1.8
_1196_, 98.64, 73.44, 1.8
_1197_, 98.64, 73.44, 1.8
_1200_, 98.64, 73.44, 1.8
FILLER_0_22_220, 111.44, 73.44, 1.8
FILLER_0_24_231, 111.44, 73.44, 1.8
_1147_, 111.44, 73.44, 1.8
_1194_, 111.44, 73.44, 1.8
_1195_, 111.44, 73.44, 1.8
_1198_, 111.44, 73.44, 1.8
_1807_, 111.44, 73.44, 1.8
FILLER_0_22_253, 124.24, 73.44, 1.8
FILLER_0_23_248, 124.24, 73.44, 1.8
FILLER_0_23_260, 124.24, 73.44, 1.8
_1148_, 124.24, 73.44, 1.8
_1199_, 124.24, 73.44, 1.8
_1654_, 124.24, 73.44, 1.8
_1655_, 124.24, 73.44, 1.8
_1656_, 124.24, 73.44, 1.8
_1681_, 124.24, 73.44, 1.8
FILLER_0_22_284, 137.04, 73.44, 1.8
FILLER_0_23_281, 137.04, 73.44, 1.8
FILLER_0_23_293, 137.04, 73.44, 1.8
FILLER_0_24_289, 137.04, 73.44, 1.8
FILLER_0_24_296, 137.04, 73.44, 1.8
_1142_, 137.04, 73.44, 1.8
_1287_, 137.04, 73.44, 1.8
_1718_, 137.04, 73.44, 1.8
_1719_, 137.04, 73.44, 1.8
FILLER_0_23_327, 149.84, 73.44, 1.8
_1155_, 149.84, 73.44, 1.8
_1178_, 149.84, 73.44, 1.8
_1183_, 149.84, 73.44, 1.8
_1184_, 149.84, 73.44, 1.8
_1189_, 149.84, 73.44, 1.8
_1191_, 149.84, 73.44, 1.8
_1192_, 149.84, 73.44, 1.8
FILLER_0_23_385, 184.78, 73.44, 1.8
PHY_40, 5.52, 68, 1.8
PHY_42, 5.52, 68, 1.8
output90, 5.52, 68, 1.8
FILLER_0_20_401, 194.12, 68, 1.8
PHY_41, 194.12, 68, 1.8
PHY_43, 194.12, 68, 1.8
input66, 194.12, 68, 1.8
FILLER_0_20_53, 34.64, 68, 1.8
FILLER_0_20_63, 34.64, 68, 1.8
FILLER_0_21_51, 34.64, 68, 1.8
FILLER_0_21_57, 34.64, 68, 1.8
FILLER_0_21_65, 34.64, 68, 1.8
FILLER_0_22_77, 34.64, 68, 1.8
_1254_, 34.64, 68, 1.8
_2040_, 34.64, 68, 1.8
FILLER_0_20_79, 47.44, 68, 1.8
FILLER_0_20_91, 47.44, 68, 1.8
FILLER_0_21_87, 47.44, 68, 1.8
_1975_, 47.44, 68, 1.8
_1976_, 47.44, 68, 1.8
_1977_, 47.44, 68, 1.8
_2023_, 47.44, 68, 1.8
FILLER_0_21_122, 60.24, 68, 1.8
_1870_, 60.24, 68, 1.8
_1926_, 60.24, 68, 1.8
_1927_, 60.24, 68, 1.8
_1949_, 60.24, 68, 1.8
_1950_, 60.24, 68, 1.8
_1974_, 60.24, 68, 1.8
_1979_, 60.24, 68, 1.8
rebuffer17, 60.24, 68, 1.8
FILLER_0_20_141, 73.04, 68, 1.8
FILLER_0_21_136, 73.04, 68, 1.8
FILLER_0_21_147, 73.04, 68, 1.8
FILLER_0_21_157, 73.04, 68, 1.8
FILLER_0_22_160, 73.04, 68, 1.8
_1868_, 73.04, 68, 1.8
_1897_, 73.04, 68, 1.8
_1898_, 73.04, 68, 1.8
rebuffer23, 73.04, 68, 1.8
rebuffer7, 73.04, 68, 1.8
FILLER_0_22_183, 85.84, 68, 1.8
_1811_, 85.84, 68, 1.8
_1844_, 85.84, 68, 1.8
_1867_, 85.84, 68, 1.8
_1962_, 85.84, 68, 1.8
rebuffer10, 85.84, 68, 1.8
rebuffer11, 85.84, 68, 1.8
rebuffer3, 85.84, 68, 1.8
rebuffer8, 85.84, 68, 1.8
FILLER_0_21_215, 98.64, 68, 1.8
_1146_, 98.64, 68, 1.8
_1202_, 98.64, 68, 1.8
_1217_, 98.64, 68, 1.8
_1910_, 98.64, 68, 1.8
_1961_, 98.64, 68, 1.8
FILLER_0_20_224, 111.44, 68, 1.8
FILLER_0_21_237, 111.44, 68, 1.8
_1205_, 111.44, 68, 1.8
FILLER_0_20_256, 124.24, 68, 1.8
FILLER_0_22_268, 124.24, 68, 1.8
_1207_, 124.24, 68, 1.8
_1208_, 124.24, 68, 1.8
_1209_, 124.24, 68, 1.8
_1652_, 124.24, 68, 1.8
_1891_, 124.24, 68, 1.8
_1892_, 124.24, 68, 1.8
FILLER_0_21_281, 137.04, 68, 1.8
_1176_, 137.04, 68, 1.8
_1177_, 137.04, 68, 1.8
_1211_, 137.04, 68, 1.8
_1249_, 137.04, 68, 1.8
_1285_, 137.04, 68, 1.8
_1293_, 137.04, 68, 1.8
_1320_, 137.04, 68, 1.8
_1190_, 149.84, 68, 1.8
_1549_, 149.84, 68, 1.8
FILLER_0_21_329, 162.64, 68, 1.8
FILLER_0_22_355, 162.64, 68, 1.8
FILLER_0_21_385, 184.78, 68, 1.8
FILLER_0_21_393, 184.78, 68, 1.8
PHY_36, 5.52, 62.56, 1.8
PHY_38, 5.52, 62.56, 1.8
output77, 5.52, 62.56, 1.8
FILLER_0_18_401, 194.12, 62.56, 1.8
PHY_37, 194.12, 62.56, 1.8
PHY_39, 194.12, 62.56, 1.8
FILLER_0_20_21, 13.68, 62.56, 1.8
FILLER_0_19_51, 34.64, 62.56, 1.8
FILLER_0_19_57, 34.64, 62.56, 1.8
_1240_, 34.64, 62.56, 1.8
_1255_, 34.64, 62.56, 1.8
_2024_, 34.64, 62.56, 1.8
_2026_, 34.64, 62.56, 1.8
FILLER_0_19_78, 47.44, 62.56, 1.8
_1256_, 47.44, 62.56, 1.8
_1258_, 47.44, 62.56, 1.8
_1259_, 47.44, 62.56, 1.8
_1869_, 47.44, 62.56, 1.8
_1951_, 47.44, 62.56, 1.8
_1922_, 60.24, 62.56, 1.8
_1947_, 60.24, 62.56, 1.8
FILLER_0_19_133, 73.04, 62.56, 1.8
FILLER_0_19_140, 73.04, 62.56, 1.8
_1318_, 73.04, 62.56, 1.8
_1917_, 73.04, 62.56, 1.8
_1918_, 73.04, 62.56, 1.8
_1945_, 73.04, 62.56, 1.8
_1946_, 73.04, 62.56, 1.8
_1948_, 73.04, 62.56, 1.8
rebuffer13, 73.04, 62.56, 1.8
rebuffer9, 73.04, 62.56, 1.8
FILLER_0_18_161, 85.84, 62.56, 1.8
FILLER_0_20_185, 85.84, 62.56, 1.8
_1319_, 85.84, 62.56, 1.8
_1896_, 85.84, 62.56, 1.8
_1944_, 85.84, 62.56, 1.8
_1968_, 85.84, 62.56, 1.8
_2280_, 85.84, 62.56, 1.8
rebuffer21, 85.84, 62.56, 1.8
rebuffer24, 85.84, 62.56, 1.8
FILLER_0_19_214, 98.64, 62.56, 1.8
_1201_, 98.64, 62.56, 1.8
_1203_, 98.64, 62.56, 1.8
_1204_, 98.64, 62.56, 1.8
_1909_, 98.64, 62.56, 1.8
FILLER_0_18_222, 111.44, 62.56, 1.8
_1206_, 111.44, 62.56, 1.8
_1210_, 111.44, 62.56, 1.8
_1213_, 111.44, 62.56, 1.8
_1214_, 111.44, 62.56, 1.8
_1215_, 111.44, 62.56, 1.8
_1216_, 111.44, 62.56, 1.8
_1218_, 111.44, 62.56, 1.8
_2268_, 111.44, 62.56, 1.8
FILLER_0_18_253, 124.24, 62.56, 1.8
FILLER_0_19_252, 124.24, 62.56, 1.8
FILLER_0_20_267, 124.24, 62.56, 1.8
_1212_, 124.24, 62.56, 1.8
_1228_, 124.24, 62.56, 1.8
_2306_, 124.24, 62.56, 1.8
_2314_, 124.24, 62.56, 1.8
FILLER_0_19_277, 137.04, 62.56, 1.8
FILLER_0_19_281, 137.04, 62.56, 1.8
_1229_, 137.04, 62.56, 1.8
_1284_, 137.04, 62.56, 1.8
_1294_, 137.04, 62.56, 1.8
_2315_, 137.04, 62.56, 1.8
FILLER_0_19_329, 162.64, 62.56, 1.8
FILLER_0_19_385, 184.78, 62.56, 1.8
PHY_32, 5.52, 57.12, 1.8
PHY_34, 5.52, 57.12, 1.8
FILLER_0_16_401, 194.12, 57.12, 1.8
PHY_33, 194.12, 57.12, 1.8
PHY_35, 194.12, 57.12, 1.8
input4, 194.12, 57.12, 1.8
FILLER_0_16_53, 34.64, 57.12, 1.8
FILLER_0_17_51, 34.64, 57.12, 1.8
FILLER_0_17_57, 34.64, 57.12, 1.8
FILLER_0_18_75, 34.64, 57.12, 1.8
_2028_, 34.64, 57.12, 1.8
_2029_, 34.64, 57.12, 1.8
_2041_, 34.64, 57.12, 1.8
rebuffer16, 34.64, 57.12, 1.8
rebuffer25, 34.64, 57.12, 1.8
FILLER_0_17_79, 47.44, 57.12, 1.8
_1237_, 47.44, 57.12, 1.8
_1238_, 47.44, 57.12, 1.8
_1239_, 47.44, 57.12, 1.8
_1241_, 47.44, 57.12, 1.8
_1257_, 47.44, 57.12, 1.8
_1260_, 47.44, 57.12, 1.8
_2020_, 47.44, 57.12, 1.8
_2050_, 47.44, 57.12, 1.8
FILLER_0_18_130, 60.24, 57.12, 1.8
_1978_, 60.24, 57.12, 1.8
_2018_, 60.24, 57.12, 1.8
_2019_, 60.24, 57.12, 1.8
_2048_, 60.24, 57.12, 1.8
_2049_, 60.24, 57.12, 1.8
_2096_, 60.24, 57.12, 1.8
FILLER_0_18_151, 73.04, 57.12, 1.8
_1919_, 73.04, 57.12, 1.8
_1921_, 73.04, 57.12, 1.8
_2061_, 73.04, 57.12, 1.8
_2062_, 73.04, 57.12, 1.8
FILLER_0_16_164, 85.84, 57.12, 1.8
FILLER_0_16_172, 85.84, 57.12, 1.8
FILLER_0_17_161, 85.84, 57.12, 1.8
FILLER_0_17_169, 85.84, 57.12, 1.8
FILLER_0_17_183, 85.84, 57.12, 1.8
_1321_, 85.84, 57.12, 1.8
_2116_, 85.84, 57.12, 1.8
rebuffer22, 85.84, 57.12, 1.8
rebuffer26, 85.84, 57.12, 1.8
FILLER_0_17_207, 98.64, 57.12, 1.8
FILLER_0_18_209, 98.64, 57.12, 1.8
_2079_, 98.64, 57.12, 1.8
_2080_, 98.64, 57.12, 1.8
_2266_, 98.64, 57.12, 1.8
_2297_, 98.64, 57.12, 1.8
FILLER_0_17_241, 111.44, 57.12, 1.8
FILLER_0_18_243, 111.44, 57.12, 1.8
_2267_, 111.44, 57.12, 1.8
_2300_, 111.44, 57.12, 1.8
rebuffer6, 111.44, 57.12, 1.8
FILLER_0_16_248, 124.24, 57.12, 1.8
FILLER_0_17_251, 124.24, 57.12, 1.8
FILLER_0_17_259, 124.24, 57.12, 1.8
FILLER_0_17_270, 124.24, 57.12, 1.8
FILLER_0_18_271, 124.24, 57.12, 1.8
_1230_, 124.24, 57.12, 1.8
_1277_, 124.24, 57.12, 1.8
_1280_, 124.24, 57.12, 1.8
_1281_, 124.24, 57.12, 1.8
_2307_, 124.24, 57.12, 1.8
FILLER_0_17_281, 137.04, 57.12, 1.8
FILLER_0_17_289, 137.04, 57.12, 1.8
_1282_, 137.04, 57.12, 1.8
_1283_, 137.04, 57.12, 1.8
_1546_, 137.04, 57.12, 1.8
_2303_, 137.04, 57.12, 1.8
FILLER_0_16_301, 149.84, 57.12, 1.8
FILLER_0_17_333, 162.64, 57.12, 1.8
FILLER_0_17_385, 184.78, 57.12, 1.8
FILLER_0_17_393, 184.78, 57.12, 1.8
PHY_28, 5.52, 51.68, 1.8
PHY_30, 5.52, 51.68, 1.8
output98, 5.52, 51.68, 1.8
FILLER_0_14_401, 194.12, 51.68, 1.8
PHY_29, 194.12, 51.68, 1.8
PHY_31, 194.12, 51.68, 1.8
FILLER_0_16_21, 13.68, 51.68, 1.8
FILLER_0_15_51, 34.64, 51.68, 1.8
FILLER_0_16_66, 34.64, 51.68, 1.8
FILLER_0_16_74, 34.64, 51.68, 1.8
_2043_, 34.64, 51.68, 1.8
_2045_, 34.64, 51.68, 1.8
_2047_, 34.64, 51.68, 1.8
_2060_, 34.64, 51.68, 1.8
FILLER_0_14_85, 47.44, 51.68, 1.8
FILLER_0_15_104, 47.44, 51.68, 1.8
FILLER_0_16_98, 47.44, 51.68, 1.8
_1236_, 47.44, 51.68, 1.8
_1261_, 47.44, 51.68, 1.8
_1317_, 47.44, 51.68, 1.8
_2042_, 47.44, 51.68, 1.8
FILLER_0_14_106, 60.24, 51.68, 1.8
FILLER_0_14_115, 60.24, 51.68, 1.8
FILLER_0_15_113, 60.24, 51.68, 1.8
FILLER_0_15_129, 60.24, 51.68, 1.8
_1223_, 60.24, 51.68, 1.8
_1983_, 60.24, 51.68, 1.8
_2134_, 60.24, 51.68, 1.8
_2135_, 60.24, 51.68, 1.8
_2136_, 60.24, 51.68, 1.8
FILLER_0_14_137, 73.04, 51.68, 1.8
FILLER_0_14_144, 73.04, 51.68, 1.8
_1219_, 73.04, 51.68, 1.8
_1220_, 73.04, 51.68, 1.8
_2093_, 73.04, 51.68, 1.8
_2094_, 73.04, 51.68, 1.8
_2095_, 73.04, 51.68, 1.8
_2114_, 73.04, 51.68, 1.8
FILLER_0_16_186, 85.84, 51.68, 1.8
_1986_, 85.84, 51.68, 1.8
_2113_, 85.84, 51.68, 1.8
_2115_, 85.84, 51.68, 1.8
_2240_, 85.84, 51.68, 1.8
_2261_, 85.84, 51.68, 1.8
FILLER_0_14_197, 98.64, 51.68, 1.8
FILLER_0_15_194, 98.64, 51.68, 1.8
_2239_, 98.64, 51.68, 1.8
_2260_, 98.64, 51.68, 1.8
_2265_, 98.64, 51.68, 1.8
_2286_, 98.64, 51.68, 1.8
_2298_, 98.64, 51.68, 1.8
FILLER_0_15_231, 111.44, 51.68, 1.8
FILLER_0_15_242, 111.44, 51.68, 1.8
_1233_, 111.44, 51.68, 1.8
_2250_, 111.44, 51.68, 1.8
_2252_, 111.44, 51.68, 1.8
_2253_, 111.44, 51.68, 1.8
_2285_, 111.44, 51.68, 1.8
FILLER_0_15_256, 124.24, 51.68, 1.8
FILLER_0_15_264, 124.24, 51.68, 1.8
FILLER_0_16_267, 124.24, 51.68, 1.8
_1227_, 124.24, 51.68, 1.8
_1231_, 124.24, 51.68, 1.8
_1234_, 124.24, 51.68, 1.8
_1279_, 124.24, 51.68, 1.8
FILLER_0_14_277, 137.04, 51.68, 1.8
FILLER_0_15_274, 137.04, 51.68, 1.8
FILLER_0_15_281, 137.04, 51.68, 1.8
FILLER_0_16_287, 137.04, 51.68, 1.8
_2284_, 137.04, 51.68, 1.8
_2302_, 137.04, 51.68, 1.8
_2304_, 137.04, 51.68, 1.8
FILLER_0_14_302, 149.84, 51.68, 1.8
FILLER_0_15_307, 149.84, 51.68, 1.8
_1547_, 149.84, 51.68, 1.8
FILLER_0_15_331, 162.64, 51.68, 1.8
FILLER_0_15_385, 184.78, 51.68, 1.8
FILLER_0_15_393, 184.78, 51.68, 1.8
input61, 184.78, 51.68, 1.8
PHY_24, 5.52, 46.24, 1.8
PHY_26, 5.52, 46.24, 1.8
output86, 5.52, 46.24, 1.8
PHY_25, 194.12, 46.24, 1.8
PHY_27, 194.12, 46.24, 1.8
input33, 194.12, 46.24, 1.8
FILLER_0_14_21, 13.68, 46.24, 1.8
FILLER_0_13_50, 34.64, 46.24, 1.8
FILLER_0_13_57, 34.64, 46.24, 1.8
FILLER_0_13_71, 34.64, 46.24, 1.8
FILLER_0_14_77, 34.64, 46.24, 1.8
_2046_, 34.64, 46.24, 1.8
_2071_, 34.64, 46.24, 1.8
_2074_, 34.64, 46.24, 1.8
_2075_, 34.64, 46.24, 1.8
rebuffer12, 34.64, 46.24, 1.8
FILLER_0_13_104, 47.44, 46.24, 1.8
FILLER_0_13_79, 47.44, 46.24, 1.8
FILLER_0_13_92, 47.44, 46.24, 1.8
_1980_, 47.44, 46.24, 1.8
_2004_, 47.44, 46.24, 1.8
_2007_, 47.44, 46.24, 1.8
_2072_, 47.44, 46.24, 1.8
FILLER_0_13_132, 60.24, 46.24, 1.8
FILLER_0_14_129, 60.24, 46.24, 1.8
_1221_, 60.24, 46.24, 1.8
_1222_, 60.24, 46.24, 1.8
_1263_, 60.24, 46.24, 1.8
_1268_, 60.24, 46.24, 1.8
_1981_, 60.24, 46.24, 1.8
_1982_, 60.24, 46.24, 1.8
FILLER_0_12_133, 73.04, 46.24, 1.8
FILLER_0_13_145, 73.04, 46.24, 1.8
FILLER_0_13_158, 73.04, 46.24, 1.8
FILLER_0_14_154, 73.04, 46.24, 1.8
_1226_, 73.04, 46.24, 1.8
_1269_, 73.04, 46.24, 1.8
_1990_, 73.04, 46.24, 1.8
_2000_, 73.04, 46.24, 1.8
FILLER_0_12_172, 85.84, 46.24, 1.8
FILLER_0_13_181, 85.84, 46.24, 1.8
_1313_, 85.84, 46.24, 1.8
_1316_, 85.84, 46.24, 1.8
_1987_, 85.84, 46.24, 1.8
_1988_, 85.84, 46.24, 1.8
_2241_, 85.84, 46.24, 1.8
FILLER_0_12_192, 98.64, 46.24, 1.8
FILLER_0_12_197, 98.64, 46.24, 1.8
FILLER_0_13_202, 98.64, 46.24, 1.8
FILLER_0_14_211, 98.64, 46.24, 1.8
_2254_, 98.64, 46.24, 1.8
_2287_, 98.64, 46.24, 1.8
FILLER_0_12_219, 111.44, 46.24, 1.8
FILLER_0_12_227, 111.44, 46.24, 1.8
FILLER_0_14_242, 111.44, 46.24, 1.8
_2251_, 111.44, 46.24, 1.8
_2263_, 111.44, 46.24, 1.8
_2264_, 111.44, 46.24, 1.8
FILLER_0_12_245, 124.24, 46.24, 1.8
FILLER_0_12_253, 124.24, 46.24, 1.8
_1235_, 124.24, 46.24, 1.8
_1247_, 124.24, 46.24, 1.8
_1248_, 124.24, 46.24, 1.8
_1276_, 124.24, 46.24, 1.8
_1312_, 124.24, 46.24, 1.8
FILLER_0_12_280, 137.04, 46.24, 1.8
FILLER_0_13_272, 137.04, 46.24, 1.8
_2282_, 137.04, 46.24, 1.8
_2283_, 137.04, 46.24, 1.8
_2299_, 137.04, 46.24, 1.8
_2301_, 137.04, 46.24, 1.8
FILLER_0_12_305, 149.84, 46.24, 1.8
FILLER_0_13_329, 162.64, 46.24, 1.8
FILLER_0_13_385, 184.78, 46.24, 1.8
FILLER_0_12_3, 5.52, 40.8, 1.8
PHY_20, 5.52, 40.8, 1.8
PHY_22, 5.52, 40.8, 1.8
_2192_, 5.52, 40.8, 1.8
output75, 5.52, 40.8, 1.8
FILLER_0_10_401, 194.12, 40.8, 1.8
PHY_21, 194.12, 40.8, 1.8
PHY_23, 194.12, 40.8, 1.8
FILLER_0_12_23, 13.68, 40.8, 1.8
FILLER_0_10_53, 34.64, 40.8, 1.8
FILLER_0_11_53, 34.64, 40.8, 1.8
FILLER_0_11_71, 34.64, 40.8, 1.8
_1969_, 34.64, 40.8, 1.8
_2001_, 34.64, 40.8, 1.8
_2002_, 34.64, 40.8, 1.8
_2003_, 34.64, 40.8, 1.8
_2027_, 34.64, 40.8, 1.8
_2076_, 34.64, 40.8, 1.8
FILLER_0_10_81, 47.44, 40.8, 1.8
_1971_, 47.44, 40.8, 1.8
_1973_, 47.44, 40.8, 1.8
_2005_, 47.44, 40.8, 1.8
_2006_, 47.44, 40.8, 1.8
_2008_, 47.44, 40.8, 1.8
_2073_, 47.44, 40.8, 1.8
_2077_, 47.44, 40.8, 1.8
_2141_, 47.44, 40.8, 1.8
FILLER_0_11_113, 60.24, 40.8, 1.8
_1225_, 60.24, 40.8, 1.8
_1262_, 60.24, 40.8, 1.8
_1267_, 60.24, 40.8, 1.8
_2145_, 60.24, 40.8, 1.8
FILLER_0_10_141, 73.04, 40.8, 1.8
FILLER_0_11_156, 73.04, 40.8, 1.8
FILLER_0_12_151, 73.04, 40.8, 1.8
_1224_, 73.04, 40.8, 1.8
_1252_, 73.04, 40.8, 1.8
_1266_, 73.04, 40.8, 1.8
_1989_, 73.04, 40.8, 1.8
FILLER_0_10_172, 85.84, 40.8, 1.8
_1314_, 85.84, 40.8, 1.8
_2082_, 85.84, 40.8, 1.8
_2117_, 85.84, 40.8, 1.8
_2179_, 85.84, 40.8, 1.8
_2180_, 85.84, 40.8, 1.8
_2191_, 85.84, 40.8, 1.8
_2193_, 85.84, 40.8, 1.8
FILLER_0_10_193, 98.64, 40.8, 1.8
FILLER_0_10_197, 98.64, 40.8, 1.8
FILLER_0_11_198, 98.64, 40.8, 1.8
FILLER_0_12_212, 98.64, 40.8, 1.8
_2153_, 98.64, 40.8, 1.8
_2175_, 98.64, 40.8, 1.8
_2176_, 98.64, 40.8, 1.8
_2178_, 98.64, 40.8, 1.8
_2243_, 98.64, 40.8, 1.8
rebuffer1, 98.64, 40.8, 1.8
rebuffer2, 98.64, 40.8, 1.8
FILLER_0_10_227, 111.44, 40.8, 1.8
_2168_, 111.44, 40.8, 1.8
_2235_, 111.44, 40.8, 1.8
_2248_, 111.44, 40.8, 1.8
_2249_, 111.44, 40.8, 1.8
rebuffer5, 111.44, 40.8, 1.8
FILLER_0_10_253, 124.24, 40.8, 1.8
FILLER_0_11_257, 124.24, 40.8, 1.8
FILLER_0_11_270, 124.24, 40.8, 1.8
_1251_, 124.24, 40.8, 1.8
_2214_, 124.24, 40.8, 1.8
_2233_, 124.24, 40.8, 1.8
_2234_, 124.24, 40.8, 1.8
FILLER_0_11_281, 137.04, 40.8, 1.8
FILLER_0_12_288, 137.04, 40.8, 1.8
FILLER_0_12_297, 137.04, 40.8, 1.8
_1452_, 137.04, 40.8, 1.8
_2194_, 137.04, 40.8, 1.8
_2195_, 137.04, 40.8, 1.8
_2218_, 137.04, 40.8, 1.8
_2220_, 137.04, 40.8, 1.8
_2242_, 137.04, 40.8, 1.8
_2199_, 149.84, 40.8, 1.8
FILLER_0_11_332, 162.64, 40.8, 1.8
FILLER_0_11_385, 184.78, 40.8, 1.8
PHY_16, 5.52, 35.36, 1.8
PHY_18, 5.52, 35.36, 1.8
FILLER_0_8_401, 194.12, 35.36, 1.8
PHY_17, 194.12, 35.36, 1.8
PHY_19, 194.12, 35.36, 1.8
input49, 194.12, 35.36, 1.8
FILLER_0_9_51, 34.64, 35.36, 1.8
FILLER_0_9_57, 34.64, 35.36, 1.8
FILLER_0_9_68, 34.64, 35.36, 1.8
_1970_, 34.64, 35.36, 1.8
FILLER_0_10_100, 47.44, 35.36, 1.8
FILLER_0_8_85, 47.44, 35.36, 1.8
_1972_, 47.44, 35.36, 1.8
_2120_, 47.44, 35.36, 1.8
FILLER_0_10_125, 60.24, 35.36, 1.8
FILLER_0_9_107, 60.24, 35.36, 1.8
FILLER_0_9_128, 60.24, 35.36, 1.8
_2139_, 60.24, 35.36, 1.8
_2144_, 60.24, 35.36, 1.8
FILLER_0_8_137, 73.04, 35.36, 1.8
FILLER_0_9_149, 73.04, 35.36, 1.8
_1264_, 73.04, 35.36, 1.8
_1265_, 73.04, 35.36, 1.8
_2100_, 73.04, 35.36, 1.8
_2103_, 73.04, 35.36, 1.8
_2118_, 73.04, 35.36, 1.8
_2119_, 73.04, 35.36, 1.8
FILLER_0_10_181, 85.84, 35.36, 1.8
_2068_, 85.84, 35.36, 1.8
_2084_, 85.84, 35.36, 1.8
_2237_, 85.84, 35.36, 1.8
FILLER_0_8_197, 98.64, 35.36, 1.8
FILLER_0_9_199, 98.64, 35.36, 1.8
_2152_, 98.64, 35.36, 1.8
_2177_, 98.64, 35.36, 1.8
_2198_, 98.64, 35.36, 1.8
_2236_, 98.64, 35.36, 1.8
_2246_, 98.64, 35.36, 1.8
FILLER_0_10_234, 111.44, 35.36, 1.8
FILLER_0_10_244, 111.44, 35.36, 1.8
FILLER_0_9_220, 111.44, 35.36, 1.8
_2174_, 111.44, 35.36, 1.8
_2247_, 111.44, 35.36, 1.8
FILLER_0_10_266, 124.24, 35.36, 1.8
FILLER_0_8_247, 124.24, 35.36, 1.8
FILLER_0_9_261, 124.24, 35.36, 1.8
_1242_, 124.24, 35.36, 1.8
_2215_, 124.24, 35.36, 1.8
_2216_, 124.24, 35.36, 1.8
_2244_, 124.24, 35.36, 1.8
FILLER_0_10_286, 137.04, 35.36, 1.8
FILLER_0_9_288, 137.04, 35.36, 1.8
_2196_, 137.04, 35.36, 1.8
_2217_, 137.04, 35.36, 1.8
_2219_, 137.04, 35.36, 1.8
_2221_, 137.04, 35.36, 1.8
_2245_, 137.04, 35.36, 1.8
FILLER_0_8_301, 149.84, 35.36, 1.8
FILLER_0_9_385, 184.78, 35.36, 1.8
FILLER_0_9_393, 184.78, 35.36, 1.8
PHY_12, 5.52, 29.92, 1.8
PHY_14, 5.52, 29.92, 1.8
input47, 5.52, 29.92, 1.8
PHY_13, 194.12, 29.92, 1.8
PHY_15, 194.12, 29.92, 1.8
input23, 194.12, 29.92, 1.8
FILLER_0_8_77, 34.64, 29.92, 1.8
FILLER_0_7_93, 47.44, 29.92, 1.8
_2101_, 47.44, 29.92, 1.8
_2102_, 47.44, 29.92, 1.8
FILLER_0_8_124, 60.24, 29.92, 1.8
_2105_, 60.24, 29.92, 1.8
_2106_, 60.24, 29.92, 1.8
_2107_, 60.24, 29.92, 1.8
_2124_, 60.24, 29.92, 1.8
_2140_, 60.24, 29.92, 1.8
_2142_, 60.24, 29.92, 1.8
_2143_, 60.24, 29.92, 1.8
FILLER_0_6_135, 73.04, 29.92, 1.8
FILLER_0_6_141, 73.04, 29.92, 1.8
FILLER_0_8_156, 73.04, 29.92, 1.8
_2085_, 73.04, 29.92, 1.8
_2088_, 73.04, 29.92, 1.8
_2104_, 73.04, 29.92, 1.8
FILLER_0_7_169, 85.84, 29.92, 1.8
FILLER_0_7_187, 85.84, 29.92, 1.8
FILLER_0_8_188, 85.84, 29.92, 1.8
_2069_, 85.84, 29.92, 1.8
_2078_, 85.84, 29.92, 1.8
_2083_, 85.84, 29.92, 1.8
_2146_, 85.84, 29.92, 1.8
FILLER_0_6_197, 98.64, 29.92, 1.8
FILLER_0_8_205, 98.64, 29.92, 1.8
FILLER_0_8_211, 98.64, 29.92, 1.8
_2147_, 98.64, 29.92, 1.8
_2148_, 98.64, 29.92, 1.8
_2149_, 98.64, 29.92, 1.8
_2151_, 98.64, 29.92, 1.8
_2169_, 98.64, 29.92, 1.8
_2170_, 98.64, 29.92, 1.8
_2172_, 98.64, 29.92, 1.8
_2173_, 98.64, 29.92, 1.8
FILLER_0_6_228, 111.44, 29.92, 1.8
FILLER_0_7_225, 111.44, 29.92, 1.8
FILLER_0_7_242, 111.44, 29.92, 1.8
_1244_, 111.44, 29.92, 1.8
_1245_, 111.44, 29.92, 1.8
_1274_, 111.44, 29.92, 1.8
_2197_, 111.44, 29.92, 1.8
FILLER_0_8_263, 124.24, 29.92, 1.8
_1243_, 124.24, 29.92, 1.8
_1246_, 124.24, 29.92, 1.8
_1270_, 124.24, 29.92, 1.8
_1271_, 124.24, 29.92, 1.8
_1272_, 124.24, 29.92, 1.8
_1275_, 124.24, 29.92, 1.8
FILLER_0_7_276, 137.04, 29.92, 1.8
FILLER_0_7_329, 162.64, 29.92, 1.8
FILLER_0_7_385, 184.78, 29.92, 1.8
PHY_10, 5.52, 24.48, 1.8
PHY_8, 5.52, 24.48, 1.8
input36, 5.52, 24.48, 1.8
FILLER_0_4_401, 194.12, 24.48, 1.8
PHY_11, 194.12, 24.48, 1.8
PHY_9, 194.12, 24.48, 1.8
FILLER_0_5_53, 34.64, 24.48, 1.8
FILLER_0_6_77, 34.64, 24.48, 1.8
FILLER_0_5_105, 47.44, 24.48, 1.8
FILLER_0_6_97, 47.44, 24.48, 1.8
_2122_, 47.44, 24.48, 1.8
_2121_, 60.24, 24.48, 1.8
_2123_, 60.24, 24.48, 1.8
FILLER_0_4_133, 73.04, 24.48, 1.8
FILLER_0_5_150, 73.04, 24.48, 1.8
FILLER_0_5_157, 73.04, 24.48, 1.8
_2070_, 73.04, 24.48, 1.8
_2086_, 73.04, 24.48, 1.8
_2087_, 73.04, 24.48, 1.8
FILLER_0_5_165, 85.84, 24.48, 1.8
FILLER_0_6_183, 85.84, 24.48, 1.8
FILLER_0_4_189, 98.64, 24.48, 1.8
FILLER_0_6_205, 98.64, 24.48, 1.8
_2150_, 98.64, 24.48, 1.8
_2171_, 98.64, 24.48, 1.8
FILLER_0_5_217, 111.44, 24.48, 1.8
FILLER_0_6_242, 111.44, 24.48, 1.8
_1273_, 111.44, 24.48, 1.8
FILLER_0_4_245, 124.24, 24.48, 1.8
FILLER_0_5_273, 137.04, 24.48, 1.8
FILLER_0_4_301, 149.84, 24.48, 1.8
FILLER_0_5_329, 162.64, 24.48, 1.8
FILLER_0_5_385, 184.78, 24.48, 1.8
PHY_4, 5.52, 19.04, 1.8
PHY_6, 5.52, 19.04, 1.8
PHY_5, 194.12, 19.04, 1.8
PHY_7, 194.12, 19.04, 1.8
output85, 194.12, 19.04, 1.8
FILLER_0_3_51, 34.64, 19.04, 1.8
FILLER_0_4_77, 34.64, 19.04, 1.8
FILLER_0_3_105, 47.44, 19.04, 1.8
FILLER_0_2_133, 73.04, 19.04, 1.8
FILLER_0_3_161, 85.84, 19.04, 1.8
FILLER_0_2_189, 98.64, 19.04, 1.8
FILLER_0_3_217, 111.44, 19.04, 1.8
FILLER_0_2_245, 124.24, 19.04, 1.8
FILLER_0_3_273, 137.04, 19.04, 1.8
FILLER_0_2_301, 149.84, 19.04, 1.8
FILLER_0_3_329, 162.64, 19.04, 1.8
FILLER_0_3_385, 184.78, 19.04, 1.8
PHY_0, 5.52, 13.6, 1.8
PHY_2, 5.52, 13.6, 1.8
output73, 5.52, 13.6, 1.8
output80, 5.52, 13.6, 1.8
PHY_1, 194.12, 13.6, 1.8
PHY_3, 194.12, 13.6, 1.8
input20, 194.12, 13.6, 1.8
input64, 194.12, 13.6, 1.8
FILLER_0_0_23, 13.68, 13.6, 1.8
input10, 13.68, 13.6, 1.8
input51, 13.68, 13.6, 1.8
input57, 13.68, 13.6, 1.8
FILLER_0_0_63, 34.64, 13.6, 1.8
FILLER_0_1_51, 34.64, 13.6, 1.8
FILLER_0_2_77, 34.64, 13.6, 1.8
output79, 34.64, 13.6, 1.8
output88, 34.64, 13.6, 1.8
FILLER_0_0_79, 47.44, 13.6, 1.8
FILLER_0_0_93, 47.44, 13.6, 1.8
FILLER_0_1_105, 47.44, 13.6, 1.8
input38, 47.44, 13.6, 1.8
input7, 47.44, 13.6, 1.8
FILLER_0_0_107, 60.24, 13.6, 1.8
FILLER_0_0_113, 60.24, 13.6, 1.8
_2262_, 60.24, 13.6, 1.8
output89, 60.24, 13.6, 1.8
FILLER_0_0_147, 73.04, 13.6, 1.8
input48, 73.04, 13.6, 1.8
input8, 73.04, 13.6, 1.8
FILLER_0_0_163, 85.84, 13.6, 1.8
FILLER_0_1_165, 85.84, 13.6, 1.8
output83, 85.84, 13.6, 1.8
FILLER_0_0_189, 98.64, 13.6, 1.8
FILLER_0_0_203, 98.64, 13.6, 1.8
output70, 98.64, 13.6, 1.8
output72, 98.64, 13.6, 1.8
FILLER_0_0_231, 111.44, 13.6, 1.8
FILLER_0_1_217, 111.44, 13.6, 1.8
output74, 111.44, 13.6, 1.8
output92, 111.44, 13.6, 1.8
FILLER_0_0_247, 124.24, 13.6, 1.8
FILLER_0_0_271, 124.24, 13.6, 1.8
FILLER_0_1_261, 124.24, 13.6, 1.8
_1727_, 124.24, 13.6, 1.8
input56, 124.24, 13.6, 1.8
FILLER_0_0_287, 137.04, 13.6, 1.8
FILLER_0_0_296, 137.04, 13.6, 1.8
FILLER_0_1_272, 137.04, 13.6, 1.8
input62, 137.04, 13.6, 1.8
output97, 137.04, 13.6, 1.8
FILLER_0_0_321, 149.84, 13.6, 1.8
input54, 149.84, 13.6, 1.8
input68, 149.84, 13.6, 1.8
FILLER_0_0_329, 162.64, 13.6, 1.8
FILLER_0_1_329, 162.64, 13.6, 1.8
input9, 162.64, 13.6, 1.8
FILLER_0_1_385, 184.78, 13.6, 1.8
input40, 184.78, 13.6, 1.8
input44, 184.78, 13.6, 1.8

