OpenROAD v2.0-8236-g9a713f0e8 
This program is licensed under the BSD-3 license. See the LICENSE file for details.
Components of this program may be licensed under more restrictive licenses which must be honored.
[INFO ODB-0222] Reading LEF file: /headless/Desktop/FINAL_PROJECT/OPENLANE_digital_flow/alu/runs/alu_flow/tmp/merged.min.lef
[WARNING ODB-0220] WARNING (LEFPARS-2036): SOURCE statement is obsolete in version 5.6 and later.
The LEF parser will ignore this statement.
To avoid this warning in the future, remove this statement from the LEF file with version 5.6 or later. See file /headless/Desktop/FINAL_PROJECT/OPENLANE_digital_flow/alu/runs/alu_flow/tmp/merged.min.lef at line 930.

[INFO ODB-0223]     Created 13 technology layers
[INFO ODB-0224]     Created 25 technology vias
[INFO ODB-0225]     Created 441 library cells
[INFO ODB-0226] Finished LEF file:  /headless/Desktop/FINAL_PROJECT/OPENLANE_digital_flow/alu/runs/alu_flow/tmp/merged.min.lef
[INFO ODB-0127] Reading DEF file: /headless/Desktop/FINAL_PROJECT/OPENLANE_digital_flow/alu/runs/alu_flow/results/routing/alu.def
[INFO ODB-0128] Design: alu
[INFO ODB-0130]     Created 102 pins.
[INFO ODB-0131]     Created 4420 components and 21416 component-terminals.
[INFO ODB-0132]     Created 2 special nets and 16742 connections.
[INFO ODB-0133]     Created 1369 nets and 4674 connections.
[INFO ODB-0134] Finished DEF file: /headless/Desktop/FINAL_PROJECT/OPENLANE_digital_flow/alu/runs/alu_flow/results/routing/alu.def
define_corners Typical
read_liberty -corner Typical /foss/pdks/sky130A/libs.ref/sky130_fd_sc_hd/lib/sky130_fd_sc_hd__tt_025C_1v80.lib
Using RCX ruleset '/foss/pdks/sky130A/libs.tech/openlane/rules.openrcx.sky130A.min.calibre'...
[INFO RCX-0431] Defined process_corner X with ext_model_index 0
[INFO RCX-0029] Defined extraction corner X
[INFO RCX-0008] extracting parasitics of alu ...
[INFO RCX-0435] Reading extraction model file /foss/pdks/sky130A/libs.tech/openlane/rules.openrcx.sky130A.min.calibre ...
[INFO RCX-0436] RC segment generation alu (max_merge_res 50.0) ...
[INFO RCX-0040] Final 5554 rc segments
[INFO RCX-0439] Coupling Cap extraction alu ...
[INFO RCX-0440] Coupling threshhold is 0.1000 fF, coupling capacitance less than 0.1000 fF will be grounded.
[INFO RCX-0043] 11262 wires to be extracted
[INFO RCX-0442] 51% completion -- 5745 wires have been extracted
[INFO RCX-0442] 100% completion -- 11262 wires have been extracted
[INFO RCX-0045] Extract 1369 nets, 6923 rsegs, 6923 caps, 14506 ccs
[INFO RCX-0015] Finished extracting alu.
Writing result to /headless/Desktop/FINAL_PROJECT/OPENLANE_digital_flow/alu/runs/alu_flow/results/routing/mca/process_corner_min/alu.spef...
Setting global connections for newly added cells…
[WARNING] Did not save OpenROAD database!
Writing extracted parasitics to '/headless/Desktop/FINAL_PROJECT/OPENLANE_digital_flow/alu/runs/alu_flow/results/routing/mca/process_corner_min/alu.spef'…
[INFO RCX-0016] Writing SPEF ...
[INFO RCX-0443] 1369 nets finished
[INFO RCX-0017] Finished writing SPEF ...
