
===========================================================================
 report_power
============================================================================
======================= Fastest Corner ===================================

Group                  Internal  Switching    Leakage      Total
                          Power      Power      Power      Power (Watts)
----------------------------------------------------------------
Sequential             1.82e-03   1.55e-04   1.59e-08   1.97e-03  41.1%
Combinational          1.47e-03   1.35e-03   6.90e-08   2.82e-03  58.9%
Macro                  0.00e+00   0.00e+00   0.00e+00   0.00e+00   0.0%
Pad                    0.00e+00   0.00e+00   0.00e+00   0.00e+00   0.0%
----------------------------------------------------------------
Total                  3.28e-03   1.51e-03   8.49e-08   4.79e-03 100.0%
                          68.5%      31.5%       0.0%

======================= Slowest Corner ===================================

Group                  Internal  Switching    Leakage      Total
                          Power      Power      Power      Power (Watts)
----------------------------------------------------------------
Sequential             1.22e-03   1.01e-04   1.60e-05   1.34e-03  40.6%
Combinational          1.04e-03   8.83e-04   3.28e-05   1.96e-03  59.4%
Macro                  0.00e+00   0.00e+00   0.00e+00   0.00e+00   0.0%
Pad                    0.00e+00   0.00e+00   0.00e+00   0.00e+00   0.0%
----------------------------------------------------------------
Total                  2.26e-03   9.84e-04   4.87e-05   3.29e-03 100.0%
                          68.6%      29.9%       1.5%

======================= Typical Corner ===================================

Group                  Internal  Switching    Leakage      Total
                          Power      Power      Power      Power (Watts)
----------------------------------------------------------------
Sequential             1.56e-03   1.30e-04   9.19e-09   1.69e-03  41.1%
Combinational          1.29e-03   1.14e-03   3.12e-08   2.43e-03  58.9%
Macro                  0.00e+00   0.00e+00   0.00e+00   0.00e+00   0.0%
Pad                    0.00e+00   0.00e+00   0.00e+00   0.00e+00   0.0%
----------------------------------------------------------------
Total                  2.85e-03   1.27e-03   4.04e-08   4.12e-03 100.0%
                          69.2%      30.8%       0.0%

