
===========================================================================
report_checks -unconstrained
===========================================================================
======================= Typical Corner ===================================

Startpoint: addition[3] (input port clocked by clk)
Endpoint: _183_ (rising edge-triggered flip-flop clocked by clk)
Path Group: clk
Path Type: max

Fanout     Cap    Slew   Delay    Time   Description
-----------------------------------------------------------------------------
                          0.00    0.00   clock clk (rise edge)
                          0.00    0.00   clock network delay (propagated)
                          6.00    6.00 v input external delay
                  0.01    0.01    6.01 v addition[3] (in)
     1    0.00                           addition[3] (net)
                  0.01    0.00    6.01 v input6/A (sky130_fd_sc_hd__clkbuf_2)
                  0.09    0.15    6.16 v input6/X (sky130_fd_sc_hd__clkbuf_2)
     3    0.02                           net6 (net)
                  0.09    0.00    6.16 v _115_/B (sky130_fd_sc_hd__or2_1)
                  0.06    0.25    6.41 v _115_/X (sky130_fd_sc_hd__or2_1)
     2    0.01                           _059_ (net)
                  0.06    0.00    6.41 v _116_/C (sky130_fd_sc_hd__and3_1)
                  0.04    0.19    6.61 v _116_/X (sky130_fd_sc_hd__and3_1)
     1    0.00                           _060_ (net)
                  0.04    0.00    6.61 v _117_/C1 (sky130_fd_sc_hd__a311o_1)
                  0.09    0.32    6.93 v _117_/X (sky130_fd_sc_hd__a311o_1)
     3    0.01                           _061_ (net)
                  0.09    0.00    6.93 v _124_/B (sky130_fd_sc_hd__and2b_1)
                  0.06    0.21    7.14 v _124_/X (sky130_fd_sc_hd__and2b_1)
     3    0.01                           _067_ (net)
                  0.06    0.00    7.14 v _130_/A1 (sky130_fd_sc_hd__o211a_1)
                  0.06    0.26    7.40 v _130_/X (sky130_fd_sc_hd__o211a_1)
     3    0.01                           _072_ (net)
                  0.06    0.00    7.40 v _137_/C1 (sky130_fd_sc_hd__a211o_1)
                  0.04    0.23    7.63 v _137_/X (sky130_fd_sc_hd__a211o_1)
     1    0.00                           _078_ (net)
                  0.04    0.00    7.63 v _139_/B (sky130_fd_sc_hd__and3_1)
                  0.03    0.16    7.79 v _139_/X (sky130_fd_sc_hd__and3_1)
     1    0.00                           _080_ (net)
                  0.03    0.00    7.79 v _140_/A (sky130_fd_sc_hd__clkbuf_1)
                  0.02    0.08    7.87 v _140_/X (sky130_fd_sc_hd__clkbuf_1)
     1    0.00                           _007_ (net)
                  0.02    0.00    7.87 v _183_/D (sky130_fd_sc_hd__dfxtp_1)
                                  7.87   data arrival time

                         30.00   30.00   clock clk (rise edge)
                          0.00   30.00   clock source latency
                  0.04    0.03   30.03 ^ clk (in)
     1    0.01                           clk (net)
                  0.04    0.00   30.03 ^ clkbuf_0_clk/A (sky130_fd_sc_hd__clkbuf_16)
                  0.04    0.12   30.14 ^ clkbuf_0_clk/X (sky130_fd_sc_hd__clkbuf_16)
     2    0.02                           clknet_0_clk (net)
                  0.04    0.00   30.14 ^ clkbuf_1_0__f_clk/A (sky130_fd_sc_hd__clkbuf_16)
                  0.04    0.12   30.26 ^ clkbuf_1_0__f_clk/X (sky130_fd_sc_hd__clkbuf_16)
     7    0.02                           clknet_1_0__leaf_clk (net)
                  0.04    0.00   30.26 ^ _183_/CLK (sky130_fd_sc_hd__dfxtp_1)
                         -0.25   30.01   clock uncertainty
                          0.00   30.01   clock reconvergence pessimism
                         -0.10   29.91   library setup time
                                 29.91   data required time
-----------------------------------------------------------------------------
                                 29.91   data required time
                                 -7.87   data arrival time
-----------------------------------------------------------------------------
                                 22.04   slack (MET)




===========================================================================
report_checks --slack_max -0.01
============================================================================
======================= Typical Corner ===================================

No paths found.


===========================================================================
 report_check_types -max_slew -max_cap -max_fanout -violators
============================================================================
======================= Typical Corner ===================================



===========================================================================
report_parasitic_annotation -report_unannotated
============================================================================
Found 144 unannotated drivers.
 addition[0]
 addition[10]
 addition[11]
 addition[1]
 addition[2]
 addition[3]
 addition[4]
 addition[5]
 addition[6]
 addition[7]
 addition[8]
 addition[9]
 clk
 reset
 _088_/X
 _089_/X
 _090_/Y
 _091_/X
 _092_/X
 _093_/Y
 _094_/X
 _095_/Y
 _096_/X
 _097_/X
 _098_/X
 _099_/X
 _100_/X
 _101_/X
 _102_/Y
 _103_/X
 _104_/X
 _105_/Y
 _106_/X
 _107_/X
 _108_/Y
 _109_/X
 _110_/Y
 _111_/X
 _112_/X
 _113_/X
 _114_/Y
 _115_/X
 _116_/X
 _117_/X
 _118_/Y
 _119_/X
 _120_/X
 _121_/X
 _122_/Y
 _123_/X
 _124_/X
 _125_/X
 _126_/Y
 _127_/X
 _128_/X
 _129_/X
 _130_/X
 _131_/X
 _132_/Y
 _133_/Y
 _134_/X
 _135_/Y
 _136_/X
 _137_/X
 _138_/Y
 _139_/X
 _140_/X
 _141_/X
 _142_/X
 _143_/X
 _144_/X
 _145_/X
 _146_/X
 _147_/Y
 _148_/X
 _149_/X
 _150_/Y
 _151_/X
 _152_/X
 _153_/Y
 _154_/X
 _155_/Y
 _156_/Y
 _157_/X
 _158_/X
 _159_/X
 _160_/Y
 _161_/X
 _162_/Y
 _163_/Y
 _164_/X
 _165_/X
 _166_/Y
 _167_/Y
 _168_/X
 _169_/Y
 _170_/Y
 _171_/X
 _172_/Y
 _173_/X
 _174_/X
 _175_/Y
 _176_/Q
 _177_/Q
 _178_/Q
 _179_/Q
 _180_/Q
 _181_/Q
 _182_/Q
 _183_/Q
 _184_/Q
 _185_/Q
 _186_/Q
 _187_/Q
 _188_/Q
 clkbuf_0_clk/X
 clkbuf_1_0__f_clk/X
 clkbuf_1_1__f_clk/X
 hold1/X
 input1/X
 input10/X
 input11/X
 input12/X
 input13/X
 input2/X
 input3/X
 input4/X
 input5/X
 input6/X
 input7/X
 input8/X
 input9/X
 output14/X
 output15/X
 output16/X
 output17/X
 output18/X
 output19/X
 output20/X
 output21/X
 output22/X
 output23/X
 output24/X
 output25/X
Found 0 partially unannotated drivers.

===========================================================================
max slew violation count 0
max fanout violation count 0
max cap violation count 0
============================================================================

===========================================================================
check_setup -verbose -unconstrained_endpoints -multiple_clock -no_clock -no_input_delay -loops -generated_clocks
===========================================================================
