
===========================================================================
report_checks -unconstrained
===========================================================================
======================= Typical Corner ===================================

Startpoint: addition[1] (input port clocked by clk)
Endpoint: _183_ (rising edge-triggered flip-flop clocked by clk)
Path Group: clk
Path Type: max

Fanout     Cap    Slew   Delay    Time   Description
-----------------------------------------------------------------------------
                          0.00    0.00   clock clk (rise edge)
                          0.00    0.00   clock network delay (propagated)
                          6.00    6.00 v input external delay
                  0.01    0.01    6.01 v addition[1] (in)
     1    0.00                           addition[1] (net)
                  0.01    0.00    6.01 v input4/A (sky130_fd_sc_hd__clkbuf_2)
                  0.12    0.17    6.17 v input4/X (sky130_fd_sc_hd__clkbuf_2)
     3    0.03                           net4 (net)
                  0.12    0.00    6.18 v _099_/B (sky130_fd_sc_hd__or2_1)
                  0.05    0.24    6.42 v _099_/X (sky130_fd_sc_hd__or2_1)
     1    0.00                           _045_ (net)
                  0.05    0.00    6.42 v _100_/A3 (sky130_fd_sc_hd__a31o_1)
                  0.06    0.25    6.67 v _100_/X (sky130_fd_sc_hd__a31o_1)
     3    0.01                           _046_ (net)
                  0.06    0.00    6.67 v _117_/A1 (sky130_fd_sc_hd__a311o_1)
                  0.09    0.33    7.00 v _117_/X (sky130_fd_sc_hd__a311o_1)
     3    0.01                           _061_ (net)
                  0.09    0.00    7.00 v _124_/B (sky130_fd_sc_hd__and2b_1)
                  0.07    0.22    7.21 v _124_/X (sky130_fd_sc_hd__and2b_1)
     3    0.01                           _067_ (net)
                  0.07    0.00    7.21 v _130_/A1 (sky130_fd_sc_hd__o211a_1)
                  0.07    0.28    7.49 v _130_/X (sky130_fd_sc_hd__o211a_1)
     3    0.01                           _072_ (net)
                  0.07    0.00    7.49 v _137_/C1 (sky130_fd_sc_hd__a211o_1)
                  0.04    0.23    7.73 v _137_/X (sky130_fd_sc_hd__a211o_1)
     1    0.00                           _078_ (net)
                  0.04    0.00    7.73 v _139_/B (sky130_fd_sc_hd__and3_1)
                  0.04    0.18    7.90 v _139_/X (sky130_fd_sc_hd__and3_1)
     1    0.00                           _080_ (net)
                  0.04    0.00    7.90 v _140_/A (sky130_fd_sc_hd__clkbuf_1)
                  0.03    0.10    8.00 v _140_/X (sky130_fd_sc_hd__clkbuf_1)
     1    0.00                           _007_ (net)
                  0.03    0.00    8.00 v _183_/D (sky130_fd_sc_hd__dfxtp_1)
                                  8.00   data arrival time

                         30.00   30.00   clock clk (rise edge)
                          0.00   30.00   clock source latency
                  0.06    0.04   30.04 ^ clk (in)
     1    0.01                           clk (net)
                  0.06    0.00   30.04 ^ clkbuf_0_clk/A (sky130_fd_sc_hd__clkbuf_16)
                  0.04    0.12   30.16 ^ clkbuf_0_clk/X (sky130_fd_sc_hd__clkbuf_16)
     2    0.02                           clknet_0_clk (net)
                  0.04    0.00   30.16 ^ clkbuf_1_0__f_clk/A (sky130_fd_sc_hd__clkbuf_16)
                  0.04    0.12   30.28 ^ clkbuf_1_0__f_clk/X (sky130_fd_sc_hd__clkbuf_16)
     7    0.02                           clknet_1_0__leaf_clk (net)
                  0.04    0.00   30.28 ^ _183_/CLK (sky130_fd_sc_hd__dfxtp_1)
                         -0.25   30.03   clock uncertainty
                          0.00   30.03   clock reconvergence pessimism
                         -0.11   29.92   library setup time
                                 29.92   data required time
-----------------------------------------------------------------------------
                                 29.92   data required time
                                 -8.00   data arrival time
-----------------------------------------------------------------------------
                                 21.92   slack (MET)




===========================================================================
report_checks --slack_max -0.01
============================================================================
======================= Typical Corner ===================================

No paths found.


===========================================================================
 report_check_types -max_slew -max_cap -max_fanout -violators
============================================================================
======================= Typical Corner ===================================



===========================================================================
report_parasitic_annotation -report_unannotated
============================================================================
Found 0 unannotated drivers.
Found 0 partially unannotated drivers.

===========================================================================
max slew violation count 0
max fanout violation count 0
max cap violation count 0
============================================================================

===========================================================================
check_setup -verbose -unconstrained_endpoints -multiple_clock -no_clock -no_input_delay -loops -generated_clocks
===========================================================================
