
===========================================================================
report_checks -path_delay max (Setup)
============================================================================
======================= Typical Corner ===================================

Startpoint: addition[1] (input port clocked by clk)
Endpoint: _183_ (rising edge-triggered flip-flop clocked by clk)
Path Group: clk
Path Type: max

Fanout     Cap    Slew   Delay    Time   Description
-----------------------------------------------------------------------------
                          0.00    0.00   clock clk (rise edge)
                          0.00    0.00   clock network delay (propagated)
                          6.00    6.00 v input external delay
                  0.01    0.01    6.01 v addition[1] (in)
     1    0.00                           addition[1] (net)
                  0.01    0.00    6.01 v input4/A (sky130_fd_sc_hd__clkbuf_2)
                  0.12    0.17    6.17 v input4/X (sky130_fd_sc_hd__clkbuf_2)
     3    0.03                           net4 (net)
                  0.12    0.00    6.18 v _099_/B (sky130_fd_sc_hd__or2_1)
                  0.05    0.24    6.42 v _099_/X (sky130_fd_sc_hd__or2_1)
     1    0.00                           _045_ (net)
                  0.05    0.00    6.42 v _100_/A3 (sky130_fd_sc_hd__a31o_1)
                  0.06    0.25    6.67 v _100_/X (sky130_fd_sc_hd__a31o_1)
     3    0.01                           _046_ (net)
                  0.06    0.00    6.67 v _117_/A1 (sky130_fd_sc_hd__a311o_1)
                  0.09    0.33    7.00 v _117_/X (sky130_fd_sc_hd__a311o_1)
     3    0.01                           _061_ (net)
                  0.09    0.00    7.00 v _124_/B (sky130_fd_sc_hd__and2b_1)
                  0.07    0.22    7.21 v _124_/X (sky130_fd_sc_hd__and2b_1)
     3    0.01                           _067_ (net)
                  0.07    0.00    7.21 v _130_/A1 (sky130_fd_sc_hd__o211a_1)
                  0.07    0.28    7.49 v _130_/X (sky130_fd_sc_hd__o211a_1)
     3    0.01                           _072_ (net)
                  0.07    0.00    7.49 v _137_/C1 (sky130_fd_sc_hd__a211o_1)
                  0.04    0.23    7.73 v _137_/X (sky130_fd_sc_hd__a211o_1)
     1    0.00                           _078_ (net)
                  0.04    0.00    7.73 v _139_/B (sky130_fd_sc_hd__and3_1)
                  0.04    0.18    7.90 v _139_/X (sky130_fd_sc_hd__and3_1)
     1    0.00                           _080_ (net)
                  0.04    0.00    7.90 v _140_/A (sky130_fd_sc_hd__clkbuf_1)
                  0.03    0.10    8.00 v _140_/X (sky130_fd_sc_hd__clkbuf_1)
     1    0.00                           _007_ (net)
                  0.03    0.00    8.00 v _183_/D (sky130_fd_sc_hd__dfxtp_1)
                                  8.00   data arrival time

                         30.00   30.00   clock clk (rise edge)
                          0.00   30.00   clock source latency
                  0.06    0.04   30.04 ^ clk (in)
     1    0.01                           clk (net)
                  0.06    0.00   30.04 ^ clkbuf_0_clk/A (sky130_fd_sc_hd__clkbuf_16)
                  0.04    0.12   30.16 ^ clkbuf_0_clk/X (sky130_fd_sc_hd__clkbuf_16)
     2    0.02                           clknet_0_clk (net)
                  0.04    0.00   30.16 ^ clkbuf_1_0__f_clk/A (sky130_fd_sc_hd__clkbuf_16)
                  0.04    0.12   30.28 ^ clkbuf_1_0__f_clk/X (sky130_fd_sc_hd__clkbuf_16)
     7    0.02                           clknet_1_0__leaf_clk (net)
                  0.04    0.00   30.28 ^ _183_/CLK (sky130_fd_sc_hd__dfxtp_1)
                         -0.25   30.03   clock uncertainty
                          0.00   30.03   clock reconvergence pessimism
                         -0.11   29.92   library setup time
                                 29.92   data required time
-----------------------------------------------------------------------------
                                 29.92   data required time
                                 -8.00   data arrival time
-----------------------------------------------------------------------------
                                 21.92   slack (MET)


Startpoint: addition[1] (input port clocked by clk)
Endpoint: _187_ (rising edge-triggered flip-flop clocked by clk)
Path Group: clk
Path Type: max

Fanout     Cap    Slew   Delay    Time   Description
-----------------------------------------------------------------------------
                          0.00    0.00   clock clk (rise edge)
                          0.00    0.00   clock network delay (propagated)
                          6.00    6.00 v input external delay
                  0.01    0.01    6.01 v addition[1] (in)
     1    0.00                           addition[1] (net)
                  0.01    0.00    6.01 v input4/A (sky130_fd_sc_hd__clkbuf_2)
                  0.12    0.17    6.17 v input4/X (sky130_fd_sc_hd__clkbuf_2)
     3    0.03                           net4 (net)
                  0.12    0.00    6.18 v _099_/B (sky130_fd_sc_hd__or2_1)
                  0.05    0.24    6.42 v _099_/X (sky130_fd_sc_hd__or2_1)
     1    0.00                           _045_ (net)
                  0.05    0.00    6.42 v _100_/A3 (sky130_fd_sc_hd__a31o_1)
                  0.06    0.25    6.67 v _100_/X (sky130_fd_sc_hd__a31o_1)
     3    0.01                           _046_ (net)
                  0.06    0.00    6.67 v _117_/A1 (sky130_fd_sc_hd__a311o_1)
                  0.09    0.33    7.00 v _117_/X (sky130_fd_sc_hd__a311o_1)
     3    0.01                           _061_ (net)
                  0.09    0.00    7.00 v _145_/A1 (sky130_fd_sc_hd__a21o_1)
                  0.06    0.21    7.21 v _145_/X (sky130_fd_sc_hd__a21o_1)
     3    0.01                           _085_ (net)
                  0.06    0.00    7.21 v _165_/A1 (sky130_fd_sc_hd__a31o_1)
                  0.08    0.24    7.44 v _165_/X (sky130_fd_sc_hd__a31o_1)
     4    0.01                           _028_ (net)
                  0.08    0.00    7.44 v _173_/A2 (sky130_fd_sc_hd__a211o_1)
                  0.05    0.31    7.76 v _173_/X (sky130_fd_sc_hd__a211o_1)
     1    0.00                           _035_ (net)
                  0.05    0.00    7.76 v _174_/B1 (sky130_fd_sc_hd__o311a_1)
                  0.06    0.14    7.89 v _174_/X (sky130_fd_sc_hd__o311a_1)
     1    0.01                           _011_ (net)
                  0.06    0.00    7.89 v _187_/D (sky130_fd_sc_hd__dfxtp_2)
                                  7.89   data arrival time

                         30.00   30.00   clock clk (rise edge)
                          0.00   30.00   clock source latency
                  0.06    0.04   30.04 ^ clk (in)
     1    0.01                           clk (net)
                  0.06    0.00   30.04 ^ clkbuf_0_clk/A (sky130_fd_sc_hd__clkbuf_16)
                  0.04    0.12   30.16 ^ clkbuf_0_clk/X (sky130_fd_sc_hd__clkbuf_16)
     2    0.02                           clknet_0_clk (net)
                  0.04    0.00   30.16 ^ clkbuf_1_1__f_clk/A (sky130_fd_sc_hd__clkbuf_16)
                  0.04    0.11   30.27 ^ clkbuf_1_1__f_clk/X (sky130_fd_sc_hd__clkbuf_16)
     6    0.02                           clknet_1_1__leaf_clk (net)
                  0.04    0.00   30.27 ^ _187_/CLK (sky130_fd_sc_hd__dfxtp_2)
                         -0.25   30.02   clock uncertainty
                          0.00   30.02   clock reconvergence pessimism
                         -0.12   29.90   library setup time
                                 29.90   data required time
-----------------------------------------------------------------------------
                                 29.90   data required time
                                 -7.89   data arrival time
-----------------------------------------------------------------------------
                                 22.01   slack (MET)


Startpoint: addition[1] (input port clocked by clk)
Endpoint: _185_ (rising edge-triggered flip-flop clocked by clk)
Path Group: clk
Path Type: max

Fanout     Cap    Slew   Delay    Time   Description
-----------------------------------------------------------------------------
                          0.00    0.00   clock clk (rise edge)
                          0.00    0.00   clock network delay (propagated)
                          6.00    6.00 v input external delay
                  0.01    0.01    6.01 v addition[1] (in)
     1    0.00                           addition[1] (net)
                  0.01    0.00    6.01 v input4/A (sky130_fd_sc_hd__clkbuf_2)
                  0.12    0.17    6.17 v input4/X (sky130_fd_sc_hd__clkbuf_2)
     3    0.03                           net4 (net)
                  0.12    0.00    6.18 v _099_/B (sky130_fd_sc_hd__or2_1)
                  0.05    0.24    6.42 v _099_/X (sky130_fd_sc_hd__or2_1)
     1    0.00                           _045_ (net)
                  0.05    0.00    6.42 v _100_/A3 (sky130_fd_sc_hd__a31o_1)
                  0.06    0.25    6.67 v _100_/X (sky130_fd_sc_hd__a31o_1)
     3    0.01                           _046_ (net)
                  0.06    0.00    6.67 v _117_/A1 (sky130_fd_sc_hd__a311o_1)
                  0.09    0.33    7.00 v _117_/X (sky130_fd_sc_hd__a311o_1)
     3    0.01                           _061_ (net)
                  0.09    0.00    7.00 v _145_/A1 (sky130_fd_sc_hd__a21o_1)
                  0.06    0.21    7.21 v _145_/X (sky130_fd_sc_hd__a21o_1)
     3    0.01                           _085_ (net)
                  0.06    0.00    7.21 v _150_/A (sky130_fd_sc_hd__nand2_1)
                  0.11    0.11    7.32 ^ _150_/Y (sky130_fd_sc_hd__nand2_1)
     3    0.01                           _015_ (net)
                  0.11    0.00    7.32 ^ _155_/C1 (sky130_fd_sc_hd__o211ai_1)
                  0.08    0.11    7.42 v _155_/Y (sky130_fd_sc_hd__o211ai_1)
     1    0.00                           _019_ (net)
                  0.08    0.00    7.42 v _158_/B (sky130_fd_sc_hd__and3_1)
                  0.04    0.18    7.61 v _158_/X (sky130_fd_sc_hd__and3_1)
     1    0.00                           _022_ (net)
                  0.04    0.00    7.61 v _159_/A (sky130_fd_sc_hd__clkbuf_1)
                  0.03    0.09    7.70 v _159_/X (sky130_fd_sc_hd__clkbuf_1)
     1    0.00                           _009_ (net)
                  0.03    0.00    7.70 v _185_/D (sky130_fd_sc_hd__dfxtp_2)
                                  7.70   data arrival time

                         30.00   30.00   clock clk (rise edge)
                          0.00   30.00   clock source latency
                  0.06    0.04   30.04 ^ clk (in)
     1    0.01                           clk (net)
                  0.06    0.00   30.04 ^ clkbuf_0_clk/A (sky130_fd_sc_hd__clkbuf_16)
                  0.04    0.12   30.16 ^ clkbuf_0_clk/X (sky130_fd_sc_hd__clkbuf_16)
     2    0.02                           clknet_0_clk (net)
                  0.04    0.00   30.16 ^ clkbuf_1_1__f_clk/A (sky130_fd_sc_hd__clkbuf_16)
                  0.04    0.11   30.27 ^ clkbuf_1_1__f_clk/X (sky130_fd_sc_hd__clkbuf_16)
     6    0.02                           clknet_1_1__leaf_clk (net)
                  0.04    0.00   30.27 ^ _185_/CLK (sky130_fd_sc_hd__dfxtp_2)
                         -0.25   30.02   clock uncertainty
                          0.00   30.02   clock reconvergence pessimism
                         -0.11   29.92   library setup time
                                 29.92   data required time
-----------------------------------------------------------------------------
                                 29.92   data required time
                                 -7.70   data arrival time
-----------------------------------------------------------------------------
                                 22.22   slack (MET)


Startpoint: addition[1] (input port clocked by clk)
Endpoint: _184_ (rising edge-triggered flip-flop clocked by clk)
Path Group: clk
Path Type: max

Fanout     Cap    Slew   Delay    Time   Description
-----------------------------------------------------------------------------
                          0.00    0.00   clock clk (rise edge)
                          0.00    0.00   clock network delay (propagated)
                          6.00    6.00 v input external delay
                  0.01    0.01    6.01 v addition[1] (in)
     1    0.00                           addition[1] (net)
                  0.01    0.00    6.01 v input4/A (sky130_fd_sc_hd__clkbuf_2)
                  0.12    0.17    6.17 v input4/X (sky130_fd_sc_hd__clkbuf_2)
     3    0.03                           net4 (net)
                  0.12    0.00    6.18 v _099_/B (sky130_fd_sc_hd__or2_1)
                  0.05    0.24    6.42 v _099_/X (sky130_fd_sc_hd__or2_1)
     1    0.00                           _045_ (net)
                  0.05    0.00    6.42 v _100_/A3 (sky130_fd_sc_hd__a31o_1)
                  0.06    0.25    6.67 v _100_/X (sky130_fd_sc_hd__a31o_1)
     3    0.01                           _046_ (net)
                  0.06    0.00    6.67 v _117_/A1 (sky130_fd_sc_hd__a311o_1)
                  0.09    0.33    7.00 v _117_/X (sky130_fd_sc_hd__a311o_1)
     3    0.01                           _061_ (net)
                  0.09    0.00    7.00 v _145_/A1 (sky130_fd_sc_hd__a21o_1)
                  0.06    0.21    7.21 v _145_/X (sky130_fd_sc_hd__a21o_1)
     3    0.01                           _085_ (net)
                  0.06    0.00    7.21 v _149_/A (sky130_fd_sc_hd__or2_1)
                  0.05    0.23    7.44 v _149_/X (sky130_fd_sc_hd__or2_1)
     1    0.00                           _014_ (net)
                  0.05    0.00    7.44 v _151_/B (sky130_fd_sc_hd__and3_1)
                  0.03    0.16    7.60 v _151_/X (sky130_fd_sc_hd__and3_1)
     1    0.00                           _016_ (net)
                  0.03    0.00    7.60 v _152_/A (sky130_fd_sc_hd__clkbuf_1)
                  0.03    0.09    7.69 v _152_/X (sky130_fd_sc_hd__clkbuf_1)
     1    0.00                           _008_ (net)
                  0.03    0.00    7.69 v _184_/D (sky130_fd_sc_hd__dfxtp_2)
                                  7.69   data arrival time

                         30.00   30.00   clock clk (rise edge)
                          0.00   30.00   clock source latency
                  0.06    0.04   30.04 ^ clk (in)
     1    0.01                           clk (net)
                  0.06    0.00   30.04 ^ clkbuf_0_clk/A (sky130_fd_sc_hd__clkbuf_16)
                  0.04    0.12   30.16 ^ clkbuf_0_clk/X (sky130_fd_sc_hd__clkbuf_16)
     2    0.02                           clknet_0_clk (net)
                  0.04    0.00   30.16 ^ clkbuf_1_1__f_clk/A (sky130_fd_sc_hd__clkbuf_16)
                  0.04    0.11   30.27 ^ clkbuf_1_1__f_clk/X (sky130_fd_sc_hd__clkbuf_16)
     6    0.02                           clknet_1_1__leaf_clk (net)
                  0.04    0.00   30.27 ^ _184_/CLK (sky130_fd_sc_hd__dfxtp_2)
                         -0.25   30.02   clock uncertainty
                          0.00   30.02   clock reconvergence pessimism
                         -0.11   29.91   library setup time
                                 29.91   data required time
-----------------------------------------------------------------------------
                                 29.91   data required time
                                 -7.69   data arrival time
-----------------------------------------------------------------------------
                                 22.22   slack (MET)


Startpoint: addition[1] (input port clocked by clk)
Endpoint: _186_ (rising edge-triggered flip-flop clocked by clk)
Path Group: clk
Path Type: max

Fanout     Cap    Slew   Delay    Time   Description
-----------------------------------------------------------------------------
                          0.00    0.00   clock clk (rise edge)
                          0.00    0.00   clock network delay (propagated)
                          6.00    6.00 v input external delay
                  0.01    0.01    6.01 v addition[1] (in)
     1    0.00                           addition[1] (net)
                  0.01    0.00    6.01 v input4/A (sky130_fd_sc_hd__clkbuf_2)
                  0.12    0.17    6.17 v input4/X (sky130_fd_sc_hd__clkbuf_2)
     3    0.03                           net4 (net)
                  0.12    0.00    6.18 v _099_/B (sky130_fd_sc_hd__or2_1)
                  0.05    0.24    6.42 v _099_/X (sky130_fd_sc_hd__or2_1)
     1    0.00                           _045_ (net)
                  0.05    0.00    6.42 v _100_/A3 (sky130_fd_sc_hd__a31o_1)
                  0.06    0.25    6.67 v _100_/X (sky130_fd_sc_hd__a31o_1)
     3    0.01                           _046_ (net)
                  0.06    0.00    6.67 v _117_/A1 (sky130_fd_sc_hd__a311o_1)
                  0.09    0.33    7.00 v _117_/X (sky130_fd_sc_hd__a311o_1)
     3    0.01                           _061_ (net)
                  0.09    0.00    7.00 v _145_/A1 (sky130_fd_sc_hd__a21o_1)
                  0.06    0.21    7.21 v _145_/X (sky130_fd_sc_hd__a21o_1)
     3    0.01                           _085_ (net)
                  0.06    0.00    7.21 v _165_/A1 (sky130_fd_sc_hd__a31o_1)
                  0.08    0.24    7.44 v _165_/X (sky130_fd_sc_hd__a31o_1)
     4    0.01                           _028_ (net)
                  0.08    0.00    7.44 v _166_/A2 (sky130_fd_sc_hd__o21ai_1)
                  0.10    0.13    7.57 ^ _166_/Y (sky130_fd_sc_hd__o21ai_1)
     1    0.00                           _029_ (net)
                  0.10    0.00    7.57 ^ _167_/B1 (sky130_fd_sc_hd__a21oi_1)
                  0.08    0.07    7.64 v _167_/Y (sky130_fd_sc_hd__a21oi_1)
     1    0.01                           _010_ (net)
                  0.08    0.00    7.64 v _186_/D (sky130_fd_sc_hd__dfxtp_2)
                                  7.64   data arrival time

                         30.00   30.00   clock clk (rise edge)
                          0.00   30.00   clock source latency
                  0.06    0.04   30.04 ^ clk (in)
     1    0.01                           clk (net)
                  0.06    0.00   30.04 ^ clkbuf_0_clk/A (sky130_fd_sc_hd__clkbuf_16)
                  0.04    0.12   30.16 ^ clkbuf_0_clk/X (sky130_fd_sc_hd__clkbuf_16)
     2    0.02                           clknet_0_clk (net)
                  0.04    0.00   30.16 ^ clkbuf_1_1__f_clk/A (sky130_fd_sc_hd__clkbuf_16)
                  0.04    0.11   30.27 ^ clkbuf_1_1__f_clk/X (sky130_fd_sc_hd__clkbuf_16)
     6    0.02                           clknet_1_1__leaf_clk (net)
                  0.04    0.00   30.27 ^ _186_/CLK (sky130_fd_sc_hd__dfxtp_2)
                         -0.25   30.02   clock uncertainty
                          0.00   30.02   clock reconvergence pessimism
                         -0.13   29.90   library setup time
                                 29.90   data required time
-----------------------------------------------------------------------------
                                 29.90   data required time
                                 -7.64   data arrival time
-----------------------------------------------------------------------------
                                 22.26   slack (MET)


Startpoint: addition[1] (input port clocked by clk)
Endpoint: _181_ (rising edge-triggered flip-flop clocked by clk)
Path Group: clk
Path Type: max

Fanout     Cap    Slew   Delay    Time   Description
-----------------------------------------------------------------------------
                          0.00    0.00   clock clk (rise edge)
                          0.00    0.00   clock network delay (propagated)
                          6.00    6.00 v input external delay
                  0.01    0.01    6.01 v addition[1] (in)
     1    0.00                           addition[1] (net)
                  0.01    0.00    6.01 v input4/A (sky130_fd_sc_hd__clkbuf_2)
                  0.12    0.17    6.17 v input4/X (sky130_fd_sc_hd__clkbuf_2)
     3    0.03                           net4 (net)
                  0.12    0.00    6.18 v _099_/B (sky130_fd_sc_hd__or2_1)
                  0.05    0.24    6.42 v _099_/X (sky130_fd_sc_hd__or2_1)
     1    0.00                           _045_ (net)
                  0.05    0.00    6.42 v _100_/A3 (sky130_fd_sc_hd__a31o_1)
                  0.06    0.25    6.67 v _100_/X (sky130_fd_sc_hd__a31o_1)
     3    0.01                           _046_ (net)
                  0.06    0.00    6.67 v _117_/A1 (sky130_fd_sc_hd__a311o_1)
                  0.09    0.33    7.00 v _117_/X (sky130_fd_sc_hd__a311o_1)
     3    0.01                           _061_ (net)
                  0.09    0.00    7.00 v _124_/B (sky130_fd_sc_hd__and2b_1)
                  0.07    0.22    7.21 v _124_/X (sky130_fd_sc_hd__and2b_1)
     3    0.01                           _067_ (net)
                  0.07    0.00    7.21 v _125_/B1 (sky130_fd_sc_hd__a21o_1)
                  0.04    0.18    7.39 v _125_/X (sky130_fd_sc_hd__a21o_1)
     2    0.01                           _068_ (net)
                  0.04    0.00    7.39 v _126_/A2 (sky130_fd_sc_hd__a21boi_1)
                  0.11    0.15    7.54 ^ _126_/Y (sky130_fd_sc_hd__a21boi_1)
     1    0.00                           _069_ (net)
                  0.11    0.00    7.54 ^ _127_/B1 (sky130_fd_sc_hd__o21a_1)
                  0.05    0.15    7.69 ^ _127_/X (sky130_fd_sc_hd__o21a_1)
     1    0.00                           _005_ (net)
                  0.05    0.00    7.69 ^ _181_/D (sky130_fd_sc_hd__dfxtp_2)
                                  7.69   data arrival time

                         30.00   30.00   clock clk (rise edge)
                          0.00   30.00   clock source latency
                  0.06    0.04   30.04 ^ clk (in)
     1    0.01                           clk (net)
                  0.06    0.00   30.04 ^ clkbuf_0_clk/A (sky130_fd_sc_hd__clkbuf_16)
                  0.04    0.12   30.16 ^ clkbuf_0_clk/X (sky130_fd_sc_hd__clkbuf_16)
     2    0.02                           clknet_0_clk (net)
                  0.04    0.00   30.16 ^ clkbuf_1_0__f_clk/A (sky130_fd_sc_hd__clkbuf_16)
                  0.04    0.12   30.28 ^ clkbuf_1_0__f_clk/X (sky130_fd_sc_hd__clkbuf_16)
     7    0.02                           clknet_1_0__leaf_clk (net)
                  0.04    0.00   30.28 ^ _181_/CLK (sky130_fd_sc_hd__dfxtp_2)
                         -0.25   30.03   clock uncertainty
                          0.00   30.03   clock reconvergence pessimism
                         -0.06   29.96   library setup time
                                 29.96   data required time
-----------------------------------------------------------------------------
                                 29.96   data required time
                                 -7.69   data arrival time
-----------------------------------------------------------------------------
                                 22.28   slack (MET)


Startpoint: addition[1] (input port clocked by clk)
Endpoint: _182_ (rising edge-triggered flip-flop clocked by clk)
Path Group: clk
Path Type: max

Fanout     Cap    Slew   Delay    Time   Description
-----------------------------------------------------------------------------
                          0.00    0.00   clock clk (rise edge)
                          0.00    0.00   clock network delay (propagated)
                          6.00    6.00 v input external delay
                  0.01    0.01    6.01 v addition[1] (in)
     1    0.00                           addition[1] (net)
                  0.01    0.00    6.01 v input4/A (sky130_fd_sc_hd__clkbuf_2)
                  0.12    0.17    6.17 v input4/X (sky130_fd_sc_hd__clkbuf_2)
     3    0.03                           net4 (net)
                  0.12    0.00    6.18 v _099_/B (sky130_fd_sc_hd__or2_1)
                  0.05    0.24    6.42 v _099_/X (sky130_fd_sc_hd__or2_1)
     1    0.00                           _045_ (net)
                  0.05    0.00    6.42 v _100_/A3 (sky130_fd_sc_hd__a31o_1)
                  0.06    0.25    6.67 v _100_/X (sky130_fd_sc_hd__a31o_1)
     3    0.01                           _046_ (net)
                  0.06    0.00    6.67 v _117_/A1 (sky130_fd_sc_hd__a311o_1)
                  0.09    0.33    7.00 v _117_/X (sky130_fd_sc_hd__a311o_1)
     3    0.01                           _061_ (net)
                  0.09    0.00    7.00 v _124_/B (sky130_fd_sc_hd__and2b_1)
                  0.07    0.22    7.21 v _124_/X (sky130_fd_sc_hd__and2b_1)
     3    0.01                           _067_ (net)
                  0.07    0.00    7.21 v _131_/A1 (sky130_fd_sc_hd__o21a_1)
                  0.04    0.20    7.41 v _131_/X (sky130_fd_sc_hd__o21a_1)
     1    0.00                           _073_ (net)
                  0.04    0.00    7.41 v _132_/A2 (sky130_fd_sc_hd__o21ai_1)
                  0.13    0.14    7.55 ^ _132_/Y (sky130_fd_sc_hd__o21ai_1)
     1    0.00                           _074_ (net)
                  0.13    0.00    7.55 ^ _133_/B (sky130_fd_sc_hd__nor2_1)
                  0.05    0.07    7.62 v _133_/Y (sky130_fd_sc_hd__nor2_1)
     1    0.00                           _006_ (net)
                  0.05    0.00    7.62 v _182_/D (sky130_fd_sc_hd__dfxtp_2)
                                  7.62   data arrival time

                         30.00   30.00   clock clk (rise edge)
                          0.00   30.00   clock source latency
                  0.06    0.04   30.04 ^ clk (in)
     1    0.01                           clk (net)
                  0.06    0.00   30.04 ^ clkbuf_0_clk/A (sky130_fd_sc_hd__clkbuf_16)
                  0.04    0.12   30.16 ^ clkbuf_0_clk/X (sky130_fd_sc_hd__clkbuf_16)
     2    0.02                           clknet_0_clk (net)
                  0.04    0.00   30.16 ^ clkbuf_1_0__f_clk/A (sky130_fd_sc_hd__clkbuf_16)
                  0.04    0.12   30.28 ^ clkbuf_1_0__f_clk/X (sky130_fd_sc_hd__clkbuf_16)
     7    0.02                           clknet_1_0__leaf_clk (net)
                  0.04    0.00   30.28 ^ _182_/CLK (sky130_fd_sc_hd__dfxtp_2)
                         -0.25   30.03   clock uncertainty
                          0.00   30.03   clock reconvergence pessimism
                         -0.11   29.91   library setup time
                                 29.91   data required time
-----------------------------------------------------------------------------
                                 29.91   data required time
                                 -7.62   data arrival time
-----------------------------------------------------------------------------
                                 22.29   slack (MET)


Startpoint: addition[1] (input port clocked by clk)
Endpoint: _180_ (rising edge-triggered flip-flop clocked by clk)
Path Group: clk
Path Type: max

Fanout     Cap    Slew   Delay    Time   Description
-----------------------------------------------------------------------------
                          0.00    0.00   clock clk (rise edge)
                          0.00    0.00   clock network delay (propagated)
                          6.00    6.00 v input external delay
                  0.01    0.01    6.01 v addition[1] (in)
     1    0.00                           addition[1] (net)
                  0.01    0.00    6.01 v input4/A (sky130_fd_sc_hd__clkbuf_2)
                  0.12    0.17    6.17 v input4/X (sky130_fd_sc_hd__clkbuf_2)
     3    0.03                           net4 (net)
                  0.12    0.00    6.18 v _099_/B (sky130_fd_sc_hd__or2_1)
                  0.05    0.24    6.42 v _099_/X (sky130_fd_sc_hd__or2_1)
     1    0.00                           _045_ (net)
                  0.05    0.00    6.42 v _100_/A3 (sky130_fd_sc_hd__a31o_1)
                  0.06    0.25    6.67 v _100_/X (sky130_fd_sc_hd__a31o_1)
     3    0.01                           _046_ (net)
                  0.06    0.00    6.67 v _117_/A1 (sky130_fd_sc_hd__a311o_1)
                  0.09    0.33    7.00 v _117_/X (sky130_fd_sc_hd__a311o_1)
     3    0.01                           _061_ (net)
                  0.09    0.00    7.00 v _118_/B (sky130_fd_sc_hd__xnor2_1)
                  0.06    0.14    7.14 v _118_/Y (sky130_fd_sc_hd__xnor2_1)
     1    0.00                           _062_ (net)
                  0.06    0.00    7.14 v _119_/B (sky130_fd_sc_hd__and2_1)
                  0.03    0.16    7.30 v _119_/X (sky130_fd_sc_hd__and2_1)
     1    0.00                           _063_ (net)
                  0.03    0.00    7.30 v _120_/A (sky130_fd_sc_hd__clkbuf_1)
                  0.06    0.12    7.42 v _120_/X (sky130_fd_sc_hd__clkbuf_1)
     1    0.01                           _004_ (net)
                  0.06    0.00    7.42 v _180_/D (sky130_fd_sc_hd__dfxtp_2)
                                  7.42   data arrival time

                         30.00   30.00   clock clk (rise edge)
                          0.00   30.00   clock source latency
                  0.06    0.04   30.04 ^ clk (in)
     1    0.01                           clk (net)
                  0.06    0.00   30.04 ^ clkbuf_0_clk/A (sky130_fd_sc_hd__clkbuf_16)
                  0.04    0.12   30.16 ^ clkbuf_0_clk/X (sky130_fd_sc_hd__clkbuf_16)
     2    0.02                           clknet_0_clk (net)
                  0.04    0.00   30.16 ^ clkbuf_1_1__f_clk/A (sky130_fd_sc_hd__clkbuf_16)
                  0.04    0.11   30.27 ^ clkbuf_1_1__f_clk/X (sky130_fd_sc_hd__clkbuf_16)
     6    0.02                           clknet_1_1__leaf_clk (net)
                  0.04    0.00   30.27 ^ _180_/CLK (sky130_fd_sc_hd__dfxtp_2)
                         -0.25   30.02   clock uncertainty
                          0.00   30.02   clock reconvergence pessimism
                         -0.12   29.90   library setup time
                                 29.90   data required time
-----------------------------------------------------------------------------
                                 29.90   data required time
                                 -7.42   data arrival time
-----------------------------------------------------------------------------
                                 22.48   slack (MET)


Startpoint: addition[1] (input port clocked by clk)
Endpoint: _179_ (rising edge-triggered flip-flop clocked by clk)
Path Group: clk
Path Type: max

Fanout     Cap    Slew   Delay    Time   Description
-----------------------------------------------------------------------------
                          0.00    0.00   clock clk (rise edge)
                          0.00    0.00   clock network delay (propagated)
                          6.00    6.00 ^ input external delay
                  0.02    0.01    6.01 ^ addition[1] (in)
     1    0.00                           addition[1] (net)
                  0.02    0.00    6.01 ^ input4/A (sky130_fd_sc_hd__clkbuf_2)
                  0.17    0.19    6.21 ^ input4/X (sky130_fd_sc_hd__clkbuf_2)
     3    0.03                           net4 (net)
                  0.17    0.00    6.21 ^ _094_/B (sky130_fd_sc_hd__and2_1)
                  0.11    0.20    6.42 ^ _094_/X (sky130_fd_sc_hd__and2_1)
     3    0.01                           _041_ (net)
                  0.11    0.00    6.42 ^ _100_/B1 (sky130_fd_sc_hd__a31o_1)
                  0.10    0.16    6.57 ^ _100_/X (sky130_fd_sc_hd__a31o_1)
     3    0.01                           _046_ (net)
                  0.10    0.00    6.57 ^ _105_/A (sky130_fd_sc_hd__nand2_1)
                  0.07    0.10    6.67 v _105_/Y (sky130_fd_sc_hd__nand2_1)
     3    0.01                           _051_ (net)
                  0.07    0.00    6.67 v _111_/A2 (sky130_fd_sc_hd__a211o_1)
                  0.04    0.30    6.98 v _111_/X (sky130_fd_sc_hd__a211o_1)
     1    0.00                           _056_ (net)
                  0.04    0.00    6.98 v _112_/C (sky130_fd_sc_hd__and3_1)
                  0.05    0.19    7.17 v _112_/X (sky130_fd_sc_hd__and3_1)
     1    0.01                           _057_ (net)
                  0.05    0.00    7.17 v _113_/A (sky130_fd_sc_hd__clkbuf_1)
                  0.03    0.10    7.27 v _113_/X (sky130_fd_sc_hd__clkbuf_1)
     1    0.00                           _003_ (net)
                  0.03    0.00    7.27 v _179_/D (sky130_fd_sc_hd__dfxtp_2)
                                  7.27   data arrival time

                         30.00   30.00   clock clk (rise edge)
                          0.00   30.00   clock source latency
                  0.06    0.04   30.04 ^ clk (in)
     1    0.01                           clk (net)
                  0.06    0.00   30.04 ^ clkbuf_0_clk/A (sky130_fd_sc_hd__clkbuf_16)
                  0.04    0.12   30.16 ^ clkbuf_0_clk/X (sky130_fd_sc_hd__clkbuf_16)
     2    0.02                           clknet_0_clk (net)
                  0.04    0.00   30.16 ^ clkbuf_1_0__f_clk/A (sky130_fd_sc_hd__clkbuf_16)
                  0.04    0.12   30.28 ^ clkbuf_1_0__f_clk/X (sky130_fd_sc_hd__clkbuf_16)
     7    0.02                           clknet_1_0__leaf_clk (net)
                  0.04    0.00   30.28 ^ _179_/CLK (sky130_fd_sc_hd__dfxtp_2)
                         -0.25   30.03   clock uncertainty
                          0.00   30.03   clock reconvergence pessimism
                         -0.11   29.92   library setup time
                                 29.92   data required time
-----------------------------------------------------------------------------
                                 29.92   data required time
                                 -7.27   data arrival time
-----------------------------------------------------------------------------
                                 22.65   slack (MET)


Startpoint: _178_ (rising edge-triggered flip-flop clocked by clk)
Endpoint: count[2] (output port clocked by clk)
Path Group: clk
Path Type: max

Fanout     Cap    Slew   Delay    Time   Description
-----------------------------------------------------------------------------
                          0.00    0.00   clock clk (rise edge)
                          0.00    0.00   clock source latency
                  0.06    0.04    0.04 ^ clk (in)
     1    0.01                           clk (net)
                  0.06    0.00    0.04 ^ clkbuf_0_clk/A (sky130_fd_sc_hd__clkbuf_16)
                  0.04    0.14    0.18 ^ clkbuf_0_clk/X (sky130_fd_sc_hd__clkbuf_16)
     2    0.02                           clknet_0_clk (net)
                  0.04    0.00    0.18 ^ clkbuf_1_0__f_clk/A (sky130_fd_sc_hd__clkbuf_16)
                  0.04    0.13    0.30 ^ clkbuf_1_0__f_clk/X (sky130_fd_sc_hd__clkbuf_16)
     7    0.02                           clknet_1_0__leaf_clk (net)
                  0.04    0.00    0.31 ^ _178_/CLK (sky130_fd_sc_hd__dfxtp_1)
                  0.24    0.47    0.77 ^ _178_/Q (sky130_fd_sc_hd__dfxtp_1)
     4    0.03                           net18 (net)
                  0.24    0.00    0.77 ^ output18/A (sky130_fd_sc_hd__clkbuf_4)
                  0.11    0.27    1.04 ^ output18/X (sky130_fd_sc_hd__clkbuf_4)
     1    0.03                           count[2] (net)
                  0.11    0.00    1.04 ^ count[2] (out)
                                  1.04   data arrival time

                         30.00   30.00   clock clk (rise edge)
                          0.00   30.00   clock network delay (propagated)
                         -0.25   29.75   clock uncertainty
                          0.00   29.75   clock reconvergence pessimism
                         -6.00   23.75   output external delay
                                 23.75   data required time
-----------------------------------------------------------------------------
                                 23.75   data required time
                                 -1.04   data arrival time
-----------------------------------------------------------------------------
                                 22.71   slack (MET)


Startpoint: _181_ (rising edge-triggered flip-flop clocked by clk)
Endpoint: count[5] (output port clocked by clk)
Path Group: clk
Path Type: max

Fanout     Cap    Slew   Delay    Time   Description
-----------------------------------------------------------------------------
                          0.00    0.00   clock clk (rise edge)
                          0.00    0.00   clock source latency
                  0.06    0.04    0.04 ^ clk (in)
     1    0.01                           clk (net)
                  0.06    0.00    0.04 ^ clkbuf_0_clk/A (sky130_fd_sc_hd__clkbuf_16)
                  0.04    0.14    0.18 ^ clkbuf_0_clk/X (sky130_fd_sc_hd__clkbuf_16)
     2    0.02                           clknet_0_clk (net)
                  0.04    0.00    0.18 ^ clkbuf_1_0__f_clk/A (sky130_fd_sc_hd__clkbuf_16)
                  0.04    0.13    0.30 ^ clkbuf_1_0__f_clk/X (sky130_fd_sc_hd__clkbuf_16)
     7    0.02                           clknet_1_0__leaf_clk (net)
                  0.04    0.00    0.31 ^ _181_/CLK (sky130_fd_sc_hd__dfxtp_2)
                  0.21    0.46    0.76 ^ _181_/Q (sky130_fd_sc_hd__dfxtp_2)
     4    0.04                           net21 (net)
                  0.21    0.01    0.77 ^ output21/A (sky130_fd_sc_hd__clkbuf_4)
                  0.11    0.25    1.02 ^ output21/X (sky130_fd_sc_hd__clkbuf_4)
     1    0.03                           count[5] (net)
                  0.11    0.00    1.02 ^ count[5] (out)
                                  1.02   data arrival time

                         30.00   30.00   clock clk (rise edge)
                          0.00   30.00   clock network delay (propagated)
                         -0.25   29.75   clock uncertainty
                          0.00   29.75   clock reconvergence pessimism
                         -6.00   23.75   output external delay
                                 23.75   data required time
-----------------------------------------------------------------------------
                                 23.75   data required time
                                 -1.02   data arrival time
-----------------------------------------------------------------------------
                                 22.73   slack (MET)


Startpoint: _185_ (rising edge-triggered flip-flop clocked by clk)
Endpoint: count[9] (output port clocked by clk)
Path Group: clk
Path Type: max

Fanout     Cap    Slew   Delay    Time   Description
-----------------------------------------------------------------------------
                          0.00    0.00   clock clk (rise edge)
                          0.00    0.00   clock source latency
                  0.06    0.04    0.04 ^ clk (in)
     1    0.01                           clk (net)
                  0.06    0.00    0.04 ^ clkbuf_0_clk/A (sky130_fd_sc_hd__clkbuf_16)
                  0.04    0.14    0.18 ^ clkbuf_0_clk/X (sky130_fd_sc_hd__clkbuf_16)
     2    0.02                           clknet_0_clk (net)
                  0.04    0.00    0.18 ^ clkbuf_1_1__f_clk/A (sky130_fd_sc_hd__clkbuf_16)
                  0.04    0.13    0.30 ^ clkbuf_1_1__f_clk/X (sky130_fd_sc_hd__clkbuf_16)
     6    0.02                           clknet_1_1__leaf_clk (net)
                  0.04    0.00    0.30 ^ _185_/CLK (sky130_fd_sc_hd__dfxtp_2)
                  0.20    0.45    0.76 ^ _185_/Q (sky130_fd_sc_hd__dfxtp_2)
     3    0.04                           net25 (net)
                  0.20    0.01    0.76 ^ output25/A (sky130_fd_sc_hd__clkbuf_4)
                  0.11    0.25    1.02 ^ output25/X (sky130_fd_sc_hd__clkbuf_4)
     1    0.03                           count[9] (net)
                  0.11    0.00    1.02 ^ count[9] (out)
                                  1.02   data arrival time

                         30.00   30.00   clock clk (rise edge)
                          0.00   30.00   clock network delay (propagated)
                         -0.25   29.75   clock uncertainty
                          0.00   29.75   clock reconvergence pessimism
                         -6.00   23.75   output external delay
                                 23.75   data required time
-----------------------------------------------------------------------------
                                 23.75   data required time
                                 -1.02   data arrival time
-----------------------------------------------------------------------------
                                 22.73   slack (MET)


Startpoint: addition[1] (input port clocked by clk)
Endpoint: _178_ (rising edge-triggered flip-flop clocked by clk)
Path Group: clk
Path Type: max

Fanout     Cap    Slew   Delay    Time   Description
-----------------------------------------------------------------------------
                          0.00    0.00   clock clk (rise edge)
                          0.00    0.00   clock network delay (propagated)
                          6.00    6.00 v input external delay
                  0.01    0.01    6.01 v addition[1] (in)
     1    0.00                           addition[1] (net)
                  0.01    0.00    6.01 v input4/A (sky130_fd_sc_hd__clkbuf_2)
                  0.12    0.17    6.17 v input4/X (sky130_fd_sc_hd__clkbuf_2)
     3    0.03                           net4 (net)
                  0.12    0.00    6.18 v _099_/B (sky130_fd_sc_hd__or2_1)
                  0.05    0.24    6.42 v _099_/X (sky130_fd_sc_hd__or2_1)
     1    0.00                           _045_ (net)
                  0.05    0.00    6.42 v _100_/A3 (sky130_fd_sc_hd__a31o_1)
                  0.06    0.25    6.67 v _100_/X (sky130_fd_sc_hd__a31o_1)
     3    0.01                           _046_ (net)
                  0.06    0.00    6.67 v _104_/A (sky130_fd_sc_hd__or2_1)
                  0.05    0.24    6.91 v _104_/X (sky130_fd_sc_hd__or2_1)
     1    0.00                           _050_ (net)
                  0.05    0.00    6.91 v _106_/B (sky130_fd_sc_hd__and3_1)
                  0.05    0.18    7.09 v _106_/X (sky130_fd_sc_hd__and3_1)
     1    0.01                           _052_ (net)
                  0.05    0.00    7.09 v _107_/A (sky130_fd_sc_hd__clkbuf_1)
                  0.03    0.10    7.18 v _107_/X (sky130_fd_sc_hd__clkbuf_1)
     1    0.00                           _002_ (net)
                  0.03    0.00    7.18 v _178_/D (sky130_fd_sc_hd__dfxtp_1)
                                  7.18   data arrival time

                         30.00   30.00   clock clk (rise edge)
                          0.00   30.00   clock source latency
                  0.06    0.04   30.04 ^ clk (in)
     1    0.01                           clk (net)
                  0.06    0.00   30.04 ^ clkbuf_0_clk/A (sky130_fd_sc_hd__clkbuf_16)
                  0.04    0.12   30.16 ^ clkbuf_0_clk/X (sky130_fd_sc_hd__clkbuf_16)
     2    0.02                           clknet_0_clk (net)
                  0.04    0.00   30.16 ^ clkbuf_1_0__f_clk/A (sky130_fd_sc_hd__clkbuf_16)
                  0.04    0.12   30.28 ^ clkbuf_1_0__f_clk/X (sky130_fd_sc_hd__clkbuf_16)
     7    0.02                           clknet_1_0__leaf_clk (net)
                  0.04    0.00   30.28 ^ _178_/CLK (sky130_fd_sc_hd__dfxtp_1)
                         -0.25   30.03   clock uncertainty
                          0.00   30.03   clock reconvergence pessimism
                         -0.11   29.92   library setup time
                                 29.92   data required time
-----------------------------------------------------------------------------
                                 29.92   data required time
                                 -7.18   data arrival time
-----------------------------------------------------------------------------
                                 22.74   slack (MET)


Startpoint: _184_ (rising edge-triggered flip-flop clocked by clk)
Endpoint: count[8] (output port clocked by clk)
Path Group: clk
Path Type: max

Fanout     Cap    Slew   Delay    Time   Description
-----------------------------------------------------------------------------
                          0.00    0.00   clock clk (rise edge)
                          0.00    0.00   clock source latency
                  0.06    0.04    0.04 ^ clk (in)
     1    0.01                           clk (net)
                  0.06    0.00    0.04 ^ clkbuf_0_clk/A (sky130_fd_sc_hd__clkbuf_16)
                  0.04    0.14    0.18 ^ clkbuf_0_clk/X (sky130_fd_sc_hd__clkbuf_16)
     2    0.02                           clknet_0_clk (net)
                  0.04    0.00    0.18 ^ clkbuf_1_1__f_clk/A (sky130_fd_sc_hd__clkbuf_16)
                  0.04    0.13    0.30 ^ clkbuf_1_1__f_clk/X (sky130_fd_sc_hd__clkbuf_16)
     6    0.02                           clknet_1_1__leaf_clk (net)
                  0.04    0.00    0.30 ^ _184_/CLK (sky130_fd_sc_hd__dfxtp_2)
                  0.19    0.44    0.75 ^ _184_/Q (sky130_fd_sc_hd__dfxtp_2)
     4    0.04                           net24 (net)
                  0.19    0.00    0.75 ^ output24/A (sky130_fd_sc_hd__clkbuf_4)
                  0.11    0.25    1.00 ^ output24/X (sky130_fd_sc_hd__clkbuf_4)
     1    0.03                           count[8] (net)
                  0.11    0.00    1.00 ^ count[8] (out)
                                  1.00   data arrival time

                         30.00   30.00   clock clk (rise edge)
                          0.00   30.00   clock network delay (propagated)
                         -0.25   29.75   clock uncertainty
                          0.00   29.75   clock reconvergence pessimism
                         -6.00   23.75   output external delay
                                 23.75   data required time
-----------------------------------------------------------------------------
                                 23.75   data required time
                                 -1.00   data arrival time
-----------------------------------------------------------------------------
                                 22.75   slack (MET)


Startpoint: _187_ (rising edge-triggered flip-flop clocked by clk)
Endpoint: count[11] (output port clocked by clk)
Path Group: clk
Path Type: max

Fanout     Cap    Slew   Delay    Time   Description
-----------------------------------------------------------------------------
                          0.00    0.00   clock clk (rise edge)
                          0.00    0.00   clock source latency
                  0.06    0.04    0.04 ^ clk (in)
     1    0.01                           clk (net)
                  0.06    0.00    0.04 ^ clkbuf_0_clk/A (sky130_fd_sc_hd__clkbuf_16)
                  0.04    0.14    0.18 ^ clkbuf_0_clk/X (sky130_fd_sc_hd__clkbuf_16)
     2    0.02                           clknet_0_clk (net)
                  0.04    0.00    0.18 ^ clkbuf_1_1__f_clk/A (sky130_fd_sc_hd__clkbuf_16)
                  0.04    0.13    0.30 ^ clkbuf_1_1__f_clk/X (sky130_fd_sc_hd__clkbuf_16)
     6    0.02                           clknet_1_1__leaf_clk (net)
                  0.04    0.00    0.30 ^ _187_/CLK (sky130_fd_sc_hd__dfxtp_2)
                  0.18    0.44    0.74 ^ _187_/Q (sky130_fd_sc_hd__dfxtp_2)
     3    0.04                           net16 (net)
                  0.18    0.00    0.75 ^ output16/A (sky130_fd_sc_hd__clkbuf_4)
                  0.11    0.25    0.99 ^ output16/X (sky130_fd_sc_hd__clkbuf_4)
     1    0.03                           count[11] (net)
                  0.11    0.00    0.99 ^ count[11] (out)
                                  0.99   data arrival time

                         30.00   30.00   clock clk (rise edge)
                          0.00   30.00   clock network delay (propagated)
                         -0.25   29.75   clock uncertainty
                          0.00   29.75   clock reconvergence pessimism
                         -6.00   23.75   output external delay
                                 23.75   data required time
-----------------------------------------------------------------------------
                                 23.75   data required time
                                 -0.99   data arrival time
-----------------------------------------------------------------------------
                                 22.76   slack (MET)


Startpoint: _177_ (rising edge-triggered flip-flop clocked by clk)
Endpoint: count[1] (output port clocked by clk)
Path Group: clk
Path Type: max

Fanout     Cap    Slew   Delay    Time   Description
-----------------------------------------------------------------------------
                          0.00    0.00   clock clk (rise edge)
                          0.00    0.00   clock source latency
                  0.06    0.04    0.04 ^ clk (in)
     1    0.01                           clk (net)
                  0.06    0.00    0.04 ^ clkbuf_0_clk/A (sky130_fd_sc_hd__clkbuf_16)
                  0.04    0.14    0.18 ^ clkbuf_0_clk/X (sky130_fd_sc_hd__clkbuf_16)
     2    0.02                           clknet_0_clk (net)
                  0.04    0.00    0.18 ^ clkbuf_1_0__f_clk/A (sky130_fd_sc_hd__clkbuf_16)
                  0.04    0.13    0.30 ^ clkbuf_1_0__f_clk/X (sky130_fd_sc_hd__clkbuf_16)
     7    0.02                           clknet_1_0__leaf_clk (net)
                  0.04    0.00    0.31 ^ _177_/CLK (sky130_fd_sc_hd__dfxtp_1)
                  0.19    0.43    0.73 ^ _177_/Q (sky130_fd_sc_hd__dfxtp_1)
     4    0.02                           net17 (net)
                  0.19    0.00    0.73 ^ output17/A (sky130_fd_sc_hd__buf_2)
                  0.17    0.26    0.99 ^ output17/X (sky130_fd_sc_hd__buf_2)
     1    0.03                           count[1] (net)
                  0.17    0.00    0.99 ^ count[1] (out)
                                  0.99   data arrival time

                         30.00   30.00   clock clk (rise edge)
                          0.00   30.00   clock network delay (propagated)
                         -0.25   29.75   clock uncertainty
                          0.00   29.75   clock reconvergence pessimism
                         -6.00   23.75   output external delay
                                 23.75   data required time
-----------------------------------------------------------------------------
                                 23.75   data required time
                                 -0.99   data arrival time
-----------------------------------------------------------------------------
                                 22.76   slack (MET)


Startpoint: _182_ (rising edge-triggered flip-flop clocked by clk)
Endpoint: count[6] (output port clocked by clk)
Path Group: clk
Path Type: max

Fanout     Cap    Slew   Delay    Time   Description
-----------------------------------------------------------------------------
                          0.00    0.00   clock clk (rise edge)
                          0.00    0.00   clock source latency
                  0.06    0.04    0.04 ^ clk (in)
     1    0.01                           clk (net)
                  0.06    0.00    0.04 ^ clkbuf_0_clk/A (sky130_fd_sc_hd__clkbuf_16)
                  0.04    0.14    0.18 ^ clkbuf_0_clk/X (sky130_fd_sc_hd__clkbuf_16)
     2    0.02                           clknet_0_clk (net)
                  0.04    0.00    0.18 ^ clkbuf_1_0__f_clk/A (sky130_fd_sc_hd__clkbuf_16)
                  0.04    0.13    0.30 ^ clkbuf_1_0__f_clk/X (sky130_fd_sc_hd__clkbuf_16)
     7    0.02                           clknet_1_0__leaf_clk (net)
                  0.04    0.00    0.31 ^ _182_/CLK (sky130_fd_sc_hd__dfxtp_2)
                  0.18    0.43    0.74 ^ _182_/Q (sky130_fd_sc_hd__dfxtp_2)
     3    0.03                           net22 (net)
                  0.18    0.00    0.74 ^ output22/A (sky130_fd_sc_hd__clkbuf_4)
                  0.11    0.24    0.99 ^ output22/X (sky130_fd_sc_hd__clkbuf_4)
     1    0.03                           count[6] (net)
                  0.11    0.00    0.99 ^ count[6] (out)
                                  0.99   data arrival time

                         30.00   30.00   clock clk (rise edge)
                          0.00   30.00   clock network delay (propagated)
                         -0.25   29.75   clock uncertainty
                          0.00   29.75   clock reconvergence pessimism
                         -6.00   23.75   output external delay
                                 23.75   data required time
-----------------------------------------------------------------------------
                                 23.75   data required time
                                 -0.99   data arrival time
-----------------------------------------------------------------------------
                                 22.76   slack (MET)


Startpoint: _180_ (rising edge-triggered flip-flop clocked by clk)
Endpoint: count[4] (output port clocked by clk)
Path Group: clk
Path Type: max

Fanout     Cap    Slew   Delay    Time   Description
-----------------------------------------------------------------------------
                          0.00    0.00   clock clk (rise edge)
                          0.00    0.00   clock source latency
                  0.06    0.04    0.04 ^ clk (in)
     1    0.01                           clk (net)
                  0.06    0.00    0.04 ^ clkbuf_0_clk/A (sky130_fd_sc_hd__clkbuf_16)
                  0.04    0.14    0.18 ^ clkbuf_0_clk/X (sky130_fd_sc_hd__clkbuf_16)
     2    0.02                           clknet_0_clk (net)
                  0.04    0.00    0.18 ^ clkbuf_1_1__f_clk/A (sky130_fd_sc_hd__clkbuf_16)
                  0.04    0.13    0.30 ^ clkbuf_1_1__f_clk/X (sky130_fd_sc_hd__clkbuf_16)
     6    0.02                           clknet_1_1__leaf_clk (net)
                  0.04    0.00    0.30 ^ _180_/CLK (sky130_fd_sc_hd__dfxtp_2)
                  0.16    0.42    0.72 ^ _180_/Q (sky130_fd_sc_hd__dfxtp_2)
     4    0.03                           net20 (net)
                  0.16    0.00    0.73 ^ output20/A (sky130_fd_sc_hd__buf_2)
                  0.17    0.25    0.97 ^ output20/X (sky130_fd_sc_hd__buf_2)
     1    0.03                           count[4] (net)
                  0.17    0.00    0.97 ^ count[4] (out)
                                  0.97   data arrival time

                         30.00   30.00   clock clk (rise edge)
                          0.00   30.00   clock network delay (propagated)
                         -0.25   29.75   clock uncertainty
                          0.00   29.75   clock reconvergence pessimism
                         -6.00   23.75   output external delay
                                 23.75   data required time
-----------------------------------------------------------------------------
                                 23.75   data required time
                                 -0.97   data arrival time
-----------------------------------------------------------------------------
                                 22.78   slack (MET)


Startpoint: _176_ (rising edge-triggered flip-flop clocked by clk)
Endpoint: count[0] (output port clocked by clk)
Path Group: clk
Path Type: max

Fanout     Cap    Slew   Delay    Time   Description
-----------------------------------------------------------------------------
                          0.00    0.00   clock clk (rise edge)
                          0.00    0.00   clock source latency
                  0.06    0.04    0.04 ^ clk (in)
     1    0.01                           clk (net)
                  0.06    0.00    0.04 ^ clkbuf_0_clk/A (sky130_fd_sc_hd__clkbuf_16)
                  0.04    0.14    0.18 ^ clkbuf_0_clk/X (sky130_fd_sc_hd__clkbuf_16)
     2    0.02                           clknet_0_clk (net)
                  0.04    0.00    0.18 ^ clkbuf_1_0__f_clk/A (sky130_fd_sc_hd__clkbuf_16)
                  0.04    0.13    0.30 ^ clkbuf_1_0__f_clk/X (sky130_fd_sc_hd__clkbuf_16)
     7    0.02                           clknet_1_0__leaf_clk (net)
                  0.04    0.00    0.31 ^ _176_/CLK (sky130_fd_sc_hd__dfxtp_2)
                  0.16    0.42    0.73 ^ _176_/Q (sky130_fd_sc_hd__dfxtp_2)
     4    0.03                           net14 (net)
                  0.16    0.00    0.73 ^ output14/A (sky130_fd_sc_hd__clkbuf_4)
                  0.11    0.24    0.97 ^ output14/X (sky130_fd_sc_hd__clkbuf_4)
     1    0.03                           count[0] (net)
                  0.11    0.00    0.97 ^ count[0] (out)
                                  0.97   data arrival time

                         30.00   30.00   clock clk (rise edge)
                          0.00   30.00   clock network delay (propagated)
                         -0.25   29.75   clock uncertainty
                          0.00   29.75   clock reconvergence pessimism
                         -6.00   23.75   output external delay
                                 23.75   data required time
-----------------------------------------------------------------------------
                                 23.75   data required time
                                 -0.97   data arrival time
-----------------------------------------------------------------------------
                                 22.78   slack (MET)


Startpoint: _179_ (rising edge-triggered flip-flop clocked by clk)
Endpoint: count[3] (output port clocked by clk)
Path Group: clk
Path Type: max

Fanout     Cap    Slew   Delay    Time   Description
-----------------------------------------------------------------------------
                          0.00    0.00   clock clk (rise edge)
                          0.00    0.00   clock source latency
                  0.06    0.04    0.04 ^ clk (in)
     1    0.01                           clk (net)
                  0.06    0.00    0.04 ^ clkbuf_0_clk/A (sky130_fd_sc_hd__clkbuf_16)
                  0.04    0.14    0.18 ^ clkbuf_0_clk/X (sky130_fd_sc_hd__clkbuf_16)
     2    0.02                           clknet_0_clk (net)
                  0.04    0.00    0.18 ^ clkbuf_1_0__f_clk/A (sky130_fd_sc_hd__clkbuf_16)
                  0.04    0.13    0.30 ^ clkbuf_1_0__f_clk/X (sky130_fd_sc_hd__clkbuf_16)
     7    0.02                           clknet_1_0__leaf_clk (net)
                  0.04    0.00    0.31 ^ _179_/CLK (sky130_fd_sc_hd__dfxtp_2)
                  0.15    0.41    0.72 ^ _179_/Q (sky130_fd_sc_hd__dfxtp_2)
     4    0.03                           net19 (net)
                  0.15    0.00    0.72 ^ output19/A (sky130_fd_sc_hd__clkbuf_4)
                  0.11    0.23    0.96 ^ output19/X (sky130_fd_sc_hd__clkbuf_4)
     1    0.03                           count[3] (net)
                  0.11    0.00    0.96 ^ count[3] (out)
                                  0.96   data arrival time

                         30.00   30.00   clock clk (rise edge)
                          0.00   30.00   clock network delay (propagated)
                         -0.25   29.75   clock uncertainty
                          0.00   29.75   clock reconvergence pessimism
                         -6.00   23.75   output external delay
                                 23.75   data required time
-----------------------------------------------------------------------------
                                 23.75   data required time
                                 -0.96   data arrival time
-----------------------------------------------------------------------------
                                 22.79   slack (MET)


Startpoint: _186_ (rising edge-triggered flip-flop clocked by clk)
Endpoint: count[10] (output port clocked by clk)
Path Group: clk
Path Type: max

Fanout     Cap    Slew   Delay    Time   Description
-----------------------------------------------------------------------------
                          0.00    0.00   clock clk (rise edge)
                          0.00    0.00   clock source latency
                  0.06    0.04    0.04 ^ clk (in)
     1    0.01                           clk (net)
                  0.06    0.00    0.04 ^ clkbuf_0_clk/A (sky130_fd_sc_hd__clkbuf_16)
                  0.04    0.14    0.18 ^ clkbuf_0_clk/X (sky130_fd_sc_hd__clkbuf_16)
     2    0.02                           clknet_0_clk (net)
                  0.04    0.00    0.18 ^ clkbuf_1_1__f_clk/A (sky130_fd_sc_hd__clkbuf_16)
                  0.04    0.13    0.30 ^ clkbuf_1_1__f_clk/X (sky130_fd_sc_hd__clkbuf_16)
     6    0.02                           clknet_1_1__leaf_clk (net)
                  0.04    0.00    0.30 ^ _186_/CLK (sky130_fd_sc_hd__dfxtp_2)
                  0.15    0.41    0.72 ^ _186_/Q (sky130_fd_sc_hd__dfxtp_2)
     4    0.03                           net15 (net)
                  0.15    0.00    0.72 ^ output15/A (sky130_fd_sc_hd__clkbuf_4)
                  0.11    0.23    0.95 ^ output15/X (sky130_fd_sc_hd__clkbuf_4)
     1    0.03                           count[10] (net)
                  0.11    0.00    0.95 ^ count[10] (out)
                                  0.95   data arrival time

                         30.00   30.00   clock clk (rise edge)
                          0.00   30.00   clock network delay (propagated)
                         -0.25   29.75   clock uncertainty
                          0.00   29.75   clock reconvergence pessimism
                         -6.00   23.75   output external delay
                                 23.75   data required time
-----------------------------------------------------------------------------
                                 23.75   data required time
                                 -0.95   data arrival time
-----------------------------------------------------------------------------
                                 22.80   slack (MET)


Startpoint: _183_ (rising edge-triggered flip-flop clocked by clk)
Endpoint: count[7] (output port clocked by clk)
Path Group: clk
Path Type: max

Fanout     Cap    Slew   Delay    Time   Description
-----------------------------------------------------------------------------
                          0.00    0.00   clock clk (rise edge)
                          0.00    0.00   clock source latency
                  0.06    0.04    0.04 ^ clk (in)
     1    0.01                           clk (net)
                  0.06    0.00    0.04 ^ clkbuf_0_clk/A (sky130_fd_sc_hd__clkbuf_16)
                  0.04    0.14    0.18 ^ clkbuf_0_clk/X (sky130_fd_sc_hd__clkbuf_16)
     2    0.02                           clknet_0_clk (net)
                  0.04    0.00    0.18 ^ clkbuf_1_0__f_clk/A (sky130_fd_sc_hd__clkbuf_16)
                  0.04    0.13    0.30 ^ clkbuf_1_0__f_clk/X (sky130_fd_sc_hd__clkbuf_16)
     7    0.02                           clknet_1_0__leaf_clk (net)
                  0.04    0.00    0.31 ^ _183_/CLK (sky130_fd_sc_hd__dfxtp_1)
                  0.14    0.39    0.70 ^ _183_/Q (sky130_fd_sc_hd__dfxtp_1)
     3    0.01                           net23 (net)
                  0.14    0.00    0.70 ^ output23/A (sky130_fd_sc_hd__clkbuf_4)
                  0.11    0.23    0.93 ^ output23/X (sky130_fd_sc_hd__clkbuf_4)
     1    0.03                           count[7] (net)
                  0.11    0.00    0.93 ^ count[7] (out)
                                  0.93   data arrival time

                         30.00   30.00   clock clk (rise edge)
                          0.00   30.00   clock network delay (propagated)
                         -0.25   29.75   clock uncertainty
                          0.00   29.75   clock reconvergence pessimism
                         -6.00   23.75   output external delay
                                 23.75   data required time
-----------------------------------------------------------------------------
                                 23.75   data required time
                                 -0.93   data arrival time
-----------------------------------------------------------------------------
                                 22.82   slack (MET)


Startpoint: addition[1] (input port clocked by clk)
Endpoint: _177_ (rising edge-triggered flip-flop clocked by clk)
Path Group: clk
Path Type: max

Fanout     Cap    Slew   Delay    Time   Description
-----------------------------------------------------------------------------
                          0.00    0.00   clock clk (rise edge)
                          0.00    0.00   clock network delay (propagated)
                          6.00    6.00 v input external delay
                  0.01    0.01    6.01 v addition[1] (in)
     1    0.00                           addition[1] (net)
                  0.01    0.00    6.01 v input4/A (sky130_fd_sc_hd__clkbuf_2)
                  0.12    0.17    6.17 v input4/X (sky130_fd_sc_hd__clkbuf_2)
     3    0.03                           net4 (net)
                  0.12    0.00    6.18 v _094_/B (sky130_fd_sc_hd__and2_1)
                  0.06    0.22    6.40 v _094_/X (sky130_fd_sc_hd__and2_1)
     3    0.01                           _041_ (net)
                  0.06    0.00    6.40 v _096_/C (sky130_fd_sc_hd__or3_1)
                  0.06    0.31    6.71 v _096_/X (sky130_fd_sc_hd__or3_1)
     1    0.00                           _043_ (net)
                  0.06    0.00    6.71 v _097_/C (sky130_fd_sc_hd__and3_1)
                  0.04    0.20    6.91 v _097_/X (sky130_fd_sc_hd__and3_1)
     1    0.00                           _044_ (net)
                  0.04    0.00    6.91 v _098_/A (sky130_fd_sc_hd__clkbuf_1)
                  0.03    0.10    7.01 v _098_/X (sky130_fd_sc_hd__clkbuf_1)
     1    0.00                           _001_ (net)
                  0.03    0.00    7.01 v _177_/D (sky130_fd_sc_hd__dfxtp_1)
                                  7.01   data arrival time

                         30.00   30.00   clock clk (rise edge)
                          0.00   30.00   clock source latency
                  0.06    0.04   30.04 ^ clk (in)
     1    0.01                           clk (net)
                  0.06    0.00   30.04 ^ clkbuf_0_clk/A (sky130_fd_sc_hd__clkbuf_16)
                  0.04    0.12   30.16 ^ clkbuf_0_clk/X (sky130_fd_sc_hd__clkbuf_16)
     2    0.02                           clknet_0_clk (net)
                  0.04    0.00   30.16 ^ clkbuf_1_0__f_clk/A (sky130_fd_sc_hd__clkbuf_16)
                  0.04    0.12   30.28 ^ clkbuf_1_0__f_clk/X (sky130_fd_sc_hd__clkbuf_16)
     7    0.02                           clknet_1_0__leaf_clk (net)
                  0.04    0.00   30.28 ^ _177_/CLK (sky130_fd_sc_hd__dfxtp_1)
                         -0.25   30.03   clock uncertainty
                          0.00   30.03   clock reconvergence pessimism
                         -0.11   29.92   library setup time
                                 29.92   data required time
-----------------------------------------------------------------------------
                                 29.92   data required time
                                 -7.01   data arrival time
-----------------------------------------------------------------------------
                                 22.91   slack (MET)


Startpoint: addition[0] (input port clocked by clk)
Endpoint: _176_ (rising edge-triggered flip-flop clocked by clk)
Path Group: clk
Path Type: max

Fanout     Cap    Slew   Delay    Time   Description
-----------------------------------------------------------------------------
                          0.00    0.00   clock clk (rise edge)
                          0.00    0.00   clock network delay (propagated)
                          6.00    6.00 v input external delay
                  0.01    0.00    6.00 v addition[0] (in)
     1    0.00                           addition[0] (net)
                  0.01    0.00    6.00 v input1/A (sky130_fd_sc_hd__clkbuf_2)
                  0.09    0.15    6.15 v input1/X (sky130_fd_sc_hd__clkbuf_2)
     3    0.02                           net1 (net)
                  0.09    0.00    6.15 v _089_/B (sky130_fd_sc_hd__or2_1)
                  0.04    0.22    6.38 v _089_/X (sky130_fd_sc_hd__or2_1)
     1    0.00                           _037_ (net)
                  0.04    0.00    6.38 v _091_/B (sky130_fd_sc_hd__and3_1)
                  0.04    0.18    6.55 v _091_/X (sky130_fd_sc_hd__and3_1)
     1    0.00                           _039_ (net)
                  0.04    0.00    6.55 v _092_/A (sky130_fd_sc_hd__clkbuf_1)
                  0.03    0.10    6.65 v _092_/X (sky130_fd_sc_hd__clkbuf_1)
     1    0.00                           _000_ (net)
                  0.03    0.00    6.65 v _176_/D (sky130_fd_sc_hd__dfxtp_2)
                                  6.65   data arrival time

                         30.00   30.00   clock clk (rise edge)
                          0.00   30.00   clock source latency
                  0.06    0.04   30.04 ^ clk (in)
     1    0.01                           clk (net)
                  0.06    0.00   30.04 ^ clkbuf_0_clk/A (sky130_fd_sc_hd__clkbuf_16)
                  0.04    0.12   30.16 ^ clkbuf_0_clk/X (sky130_fd_sc_hd__clkbuf_16)
     2    0.02                           clknet_0_clk (net)
                  0.04    0.00   30.16 ^ clkbuf_1_0__f_clk/A (sky130_fd_sc_hd__clkbuf_16)
                  0.04    0.12   30.28 ^ clkbuf_1_0__f_clk/X (sky130_fd_sc_hd__clkbuf_16)
     7    0.02                           clknet_1_0__leaf_clk (net)
                  0.04    0.00   30.28 ^ _176_/CLK (sky130_fd_sc_hd__dfxtp_2)
                         -0.25   30.03   clock uncertainty
                          0.00   30.03   clock reconvergence pessimism
                         -0.11   29.92   library setup time
                                 29.92   data required time
-----------------------------------------------------------------------------
                                 29.92   data required time
                                 -6.65   data arrival time
-----------------------------------------------------------------------------
                                 23.27   slack (MET)


Startpoint: reset (input port clocked by clk)
Endpoint: _188_ (rising edge-triggered flip-flop clocked by clk)
Path Group: clk
Path Type: max

Fanout     Cap    Slew   Delay    Time   Description
-----------------------------------------------------------------------------
                          0.00    0.00   clock clk (rise edge)
                          0.00    0.00   clock network delay (propagated)
                          6.00    6.00 ^ input external delay
                  0.02    0.01    6.01 ^ reset (in)
     1    0.00                           reset (net)
                  0.02    0.00    6.01 ^ input13/A (sky130_fd_sc_hd__buf_1)
                  0.14    0.15    6.16 ^ input13/X (sky130_fd_sc_hd__buf_1)
     1    0.01                           net13 (net)
                  0.14    0.00    6.16 ^ _175_/A (sky130_fd_sc_hd__inv_2)
                  0.04    0.05    6.21 v _175_/Y (sky130_fd_sc_hd__inv_2)
     1    0.00                           _012_ (net)
                  0.04    0.00    6.21 v _188_/D (sky130_fd_sc_hd__dfxtp_1)
                                  6.21   data arrival time

                         30.00   30.00   clock clk (rise edge)
                          0.00   30.00   clock source latency
                  0.06    0.04   30.04 ^ clk (in)
     1    0.01                           clk (net)
                  0.06    0.00   30.04 ^ clkbuf_0_clk/A (sky130_fd_sc_hd__clkbuf_16)
                  0.04    0.12   30.16 ^ clkbuf_0_clk/X (sky130_fd_sc_hd__clkbuf_16)
     2    0.02                           clknet_0_clk (net)
                  0.04    0.00   30.16 ^ clkbuf_1_1__f_clk/A (sky130_fd_sc_hd__clkbuf_16)
                  0.04    0.11   30.27 ^ clkbuf_1_1__f_clk/X (sky130_fd_sc_hd__clkbuf_16)
     6    0.02                           clknet_1_1__leaf_clk (net)
                  0.04    0.00   30.27 ^ _188_/CLK (sky130_fd_sc_hd__dfxtp_1)
                         -0.25   30.02   clock uncertainty
                          0.00   30.02   clock reconvergence pessimism
                         -0.11   29.92   library setup time
                                 29.92   data required time
-----------------------------------------------------------------------------
                                 29.92   data required time
                                 -6.21   data arrival time
-----------------------------------------------------------------------------
                                 23.71   slack (MET)



