
Cell sky130_fd_sc_hd__tapvpwrvgnd_1 (0) disconnected node: VGND
Cell sky130_fd_sc_hd__tapvpwrvgnd_1 (0) disconnected node: VPWR
Warning: Equate pins:  cell sky130_fd_sc_hd__tapvpwrvgnd_1 is a placeholder, treated as a black box.

Subcircuit pins:
Circuit 1: sky130_fd_sc_hd__tapvpwrvgnd_1  |Circuit 2: sky130_fd_sc_hd__tapvpwrvgnd_1  
-------------------------------------------|-------------------------------------------
VGND                                       |VGND                                       
VPWR                                       |VPWR                                       
---------------------------------------------------------------------------------------
Cell pin lists are equivalent.
Device classes sky130_fd_sc_hd__tapvpwrvgnd_1 and sky130_fd_sc_hd__tapvpwrvgnd_1 are equivalent.

Cell sky130_ef_sc_hd__decap_12 (0) disconnected node: VGND
Cell sky130_ef_sc_hd__decap_12 (0) disconnected node: VNB
Cell sky130_ef_sc_hd__decap_12 (0) disconnected node: VPB
Cell sky130_ef_sc_hd__decap_12 (0) disconnected node: VPWR
Warning: Equate pins:  cell sky130_ef_sc_hd__decap_12 is a placeholder, treated as a black box.

Subcircuit pins:
Circuit 1: sky130_ef_sc_hd__decap_12       |Circuit 2: sky130_ef_sc_hd__decap_12       
-------------------------------------------|-------------------------------------------
VGND                                       |VGND                                       
VNB                                        |VNB                                        
VPB                                        |VPB                                        
VPWR                                       |VPWR                                       
---------------------------------------------------------------------------------------
Cell pin lists are equivalent.
Device classes sky130_ef_sc_hd__decap_12 and sky130_ef_sc_hd__decap_12 are equivalent.

Cell sky130_fd_sc_hd__fill_1 (0) disconnected node: VGND
Cell sky130_fd_sc_hd__fill_1 (0) disconnected node: VNB
Cell sky130_fd_sc_hd__fill_1 (0) disconnected node: VPB
Cell sky130_fd_sc_hd__fill_1 (0) disconnected node: VPWR
Warning: Equate pins:  cell sky130_fd_sc_hd__fill_1 is a placeholder, treated as a black box.

Subcircuit pins:
Circuit 1: sky130_fd_sc_hd__fill_1         |Circuit 2: sky130_fd_sc_hd__fill_1         
-------------------------------------------|-------------------------------------------
VGND                                       |VGND                                       
VNB                                        |VNB                                        
VPB                                        |VPB                                        
VPWR                                       |VPWR                                       
---------------------------------------------------------------------------------------
Cell pin lists are equivalent.
Device classes sky130_fd_sc_hd__fill_1 and sky130_fd_sc_hd__fill_1 are equivalent.

Cell sky130_fd_sc_hd__decap_8 (0) disconnected node: VGND
Cell sky130_fd_sc_hd__decap_8 (0) disconnected node: VNB
Cell sky130_fd_sc_hd__decap_8 (0) disconnected node: VPB
Cell sky130_fd_sc_hd__decap_8 (0) disconnected node: VPWR
Warning: Equate pins:  cell sky130_fd_sc_hd__decap_8 is a placeholder, treated as a black box.

Subcircuit pins:
Circuit 1: sky130_fd_sc_hd__decap_8        |Circuit 2: sky130_fd_sc_hd__decap_8        
-------------------------------------------|-------------------------------------------
VGND                                       |VGND                                       
VNB                                        |VNB                                        
VPB                                        |VPB                                        
VPWR                                       |VPWR                                       
---------------------------------------------------------------------------------------
Cell pin lists are equivalent.
Device classes sky130_fd_sc_hd__decap_8 and sky130_fd_sc_hd__decap_8 are equivalent.

Cell sky130_fd_sc_hd__decap_6 (0) disconnected node: VGND
Cell sky130_fd_sc_hd__decap_6 (0) disconnected node: VNB
Cell sky130_fd_sc_hd__decap_6 (0) disconnected node: VPB
Cell sky130_fd_sc_hd__decap_6 (0) disconnected node: VPWR
Warning: Equate pins:  cell sky130_fd_sc_hd__decap_6 is a placeholder, treated as a black box.

Subcircuit pins:
Circuit 1: sky130_fd_sc_hd__decap_6        |Circuit 2: sky130_fd_sc_hd__decap_6        
-------------------------------------------|-------------------------------------------
VGND                                       |VGND                                       
VNB                                        |VNB                                        
VPB                                        |VPB                                        
VPWR                                       |VPWR                                       
---------------------------------------------------------------------------------------
Cell pin lists are equivalent.
Device classes sky130_fd_sc_hd__decap_6 and sky130_fd_sc_hd__decap_6 are equivalent.

Cell sky130_fd_sc_hd__decap_4 (0) disconnected node: VGND
Cell sky130_fd_sc_hd__decap_4 (0) disconnected node: VNB
Cell sky130_fd_sc_hd__decap_4 (0) disconnected node: VPB
Cell sky130_fd_sc_hd__decap_4 (0) disconnected node: VPWR
Warning: Equate pins:  cell sky130_fd_sc_hd__decap_4 is a placeholder, treated as a black box.

Subcircuit pins:
Circuit 1: sky130_fd_sc_hd__decap_4        |Circuit 2: sky130_fd_sc_hd__decap_4        
-------------------------------------------|-------------------------------------------
VGND                                       |VGND                                       
VNB                                        |VNB                                        
VPB                                        |VPB                                        
VPWR                                       |VPWR                                       
---------------------------------------------------------------------------------------
Cell pin lists are equivalent.
Device classes sky130_fd_sc_hd__decap_4 and sky130_fd_sc_hd__decap_4 are equivalent.

Cell sky130_fd_sc_hd__clkbuf_1 (0) disconnected node: A
Cell sky130_fd_sc_hd__clkbuf_1 (0) disconnected node: VGND
Cell sky130_fd_sc_hd__clkbuf_1 (0) disconnected node: VNB
Cell sky130_fd_sc_hd__clkbuf_1 (0) disconnected node: VPB
Cell sky130_fd_sc_hd__clkbuf_1 (0) disconnected node: VPWR
Cell sky130_fd_sc_hd__clkbuf_1 (0) disconnected node: X
Warning: Equate pins:  cell sky130_fd_sc_hd__clkbuf_1 is a placeholder, treated as a black box.

Subcircuit pins:
Circuit 1: sky130_fd_sc_hd__clkbuf_1       |Circuit 2: sky130_fd_sc_hd__clkbuf_1       
-------------------------------------------|-------------------------------------------
A                                          |A                                          
VGND                                       |VGND                                       
VNB                                        |VNB                                        
VPB                                        |VPB                                        
VPWR                                       |VPWR                                       
X                                          |X                                          
---------------------------------------------------------------------------------------
Cell pin lists are equivalent.
Device classes sky130_fd_sc_hd__clkbuf_1 and sky130_fd_sc_hd__clkbuf_1 are equivalent.

Cell sky130_fd_sc_hd__fill_2 (0) disconnected node: VGND
Cell sky130_fd_sc_hd__fill_2 (0) disconnected node: VNB
Cell sky130_fd_sc_hd__fill_2 (0) disconnected node: VPB
Cell sky130_fd_sc_hd__fill_2 (0) disconnected node: VPWR
Warning: Equate pins:  cell sky130_fd_sc_hd__fill_2 is a placeholder, treated as a black box.

Subcircuit pins:
Circuit 1: sky130_fd_sc_hd__fill_2         |Circuit 2: sky130_fd_sc_hd__fill_2         
-------------------------------------------|-------------------------------------------
VGND                                       |VGND                                       
VNB                                        |VNB                                        
VPB                                        |VPB                                        
VPWR                                       |VPWR                                       
---------------------------------------------------------------------------------------
Cell pin lists are equivalent.
Device classes sky130_fd_sc_hd__fill_2 and sky130_fd_sc_hd__fill_2 are equivalent.

Cell sky130_fd_sc_hd__clkbuf_4 (0) disconnected node: A
Cell sky130_fd_sc_hd__clkbuf_4 (0) disconnected node: VGND
Cell sky130_fd_sc_hd__clkbuf_4 (0) disconnected node: VNB
Cell sky130_fd_sc_hd__clkbuf_4 (0) disconnected node: VPB
Cell sky130_fd_sc_hd__clkbuf_4 (0) disconnected node: VPWR
Cell sky130_fd_sc_hd__clkbuf_4 (0) disconnected node: X
Warning: Equate pins:  cell sky130_fd_sc_hd__clkbuf_4 is a placeholder, treated as a black box.

Subcircuit pins:
Circuit 1: sky130_fd_sc_hd__clkbuf_4       |Circuit 2: sky130_fd_sc_hd__clkbuf_4       
-------------------------------------------|-------------------------------------------
A                                          |A                                          
VGND                                       |VGND                                       
VNB                                        |VNB                                        
VPB                                        |VPB                                        
VPWR                                       |VPWR                                       
X                                          |X                                          
---------------------------------------------------------------------------------------
Cell pin lists are equivalent.
Device classes sky130_fd_sc_hd__clkbuf_4 and sky130_fd_sc_hd__clkbuf_4 are equivalent.

Cell sky130_fd_sc_hd__clkbuf_2 (0) disconnected node: A
Cell sky130_fd_sc_hd__clkbuf_2 (0) disconnected node: VGND
Cell sky130_fd_sc_hd__clkbuf_2 (0) disconnected node: VNB
Cell sky130_fd_sc_hd__clkbuf_2 (0) disconnected node: VPB
Cell sky130_fd_sc_hd__clkbuf_2 (0) disconnected node: VPWR
Cell sky130_fd_sc_hd__clkbuf_2 (0) disconnected node: X
Warning: Equate pins:  cell sky130_fd_sc_hd__clkbuf_2 is a placeholder, treated as a black box.

Subcircuit pins:
Circuit 1: sky130_fd_sc_hd__clkbuf_2       |Circuit 2: sky130_fd_sc_hd__clkbuf_2       
-------------------------------------------|-------------------------------------------
A                                          |A                                          
VGND                                       |VGND                                       
VNB                                        |VNB                                        
VPB                                        |VPB                                        
VPWR                                       |VPWR                                       
X                                          |X                                          
---------------------------------------------------------------------------------------
Cell pin lists are equivalent.
Device classes sky130_fd_sc_hd__clkbuf_2 and sky130_fd_sc_hd__clkbuf_2 are equivalent.

Cell sky130_fd_sc_hd__decap_3 (0) disconnected node: VGND
Cell sky130_fd_sc_hd__decap_3 (0) disconnected node: VNB
Cell sky130_fd_sc_hd__decap_3 (0) disconnected node: VPB
Cell sky130_fd_sc_hd__decap_3 (0) disconnected node: VPWR
Warning: Equate pins:  cell sky130_fd_sc_hd__decap_3 is a placeholder, treated as a black box.

Subcircuit pins:
Circuit 1: sky130_fd_sc_hd__decap_3        |Circuit 2: sky130_fd_sc_hd__decap_3        
-------------------------------------------|-------------------------------------------
VGND                                       |VGND                                       
VNB                                        |VNB                                        
VPB                                        |VPB                                        
VPWR                                       |VPWR                                       
---------------------------------------------------------------------------------------
Cell pin lists are equivalent.
Device classes sky130_fd_sc_hd__decap_3 and sky130_fd_sc_hd__decap_3 are equivalent.

Cell sky130_fd_sc_hd__buf_1 (0) disconnected node: A
Cell sky130_fd_sc_hd__buf_1 (0) disconnected node: VGND
Cell sky130_fd_sc_hd__buf_1 (0) disconnected node: VNB
Cell sky130_fd_sc_hd__buf_1 (0) disconnected node: VPB
Cell sky130_fd_sc_hd__buf_1 (0) disconnected node: VPWR
Cell sky130_fd_sc_hd__buf_1 (0) disconnected node: X
Warning: Equate pins:  cell sky130_fd_sc_hd__buf_1 is a placeholder, treated as a black box.

Subcircuit pins:
Circuit 1: sky130_fd_sc_hd__buf_1          |Circuit 2: sky130_fd_sc_hd__buf_1          
-------------------------------------------|-------------------------------------------
A                                          |A                                          
VGND                                       |VGND                                       
VNB                                        |VNB                                        
VPB                                        |VPB                                        
VPWR                                       |VPWR                                       
X                                          |X                                          
---------------------------------------------------------------------------------------
Cell pin lists are equivalent.
Device classes sky130_fd_sc_hd__buf_1 and sky130_fd_sc_hd__buf_1 are equivalent.

Cell sky130_fd_sc_hd__buf_2 (0) disconnected node: A
Cell sky130_fd_sc_hd__buf_2 (0) disconnected node: VGND
Cell sky130_fd_sc_hd__buf_2 (0) disconnected node: VNB
Cell sky130_fd_sc_hd__buf_2 (0) disconnected node: VPB
Cell sky130_fd_sc_hd__buf_2 (0) disconnected node: VPWR
Cell sky130_fd_sc_hd__buf_2 (0) disconnected node: X
Warning: Equate pins:  cell sky130_fd_sc_hd__buf_2 is a placeholder, treated as a black box.

Subcircuit pins:
Circuit 1: sky130_fd_sc_hd__buf_2          |Circuit 2: sky130_fd_sc_hd__buf_2          
-------------------------------------------|-------------------------------------------
A                                          |A                                          
VGND                                       |VGND                                       
VNB                                        |VNB                                        
VPB                                        |VPB                                        
VPWR                                       |VPWR                                       
X                                          |X                                          
---------------------------------------------------------------------------------------
Cell pin lists are equivalent.
Device classes sky130_fd_sc_hd__buf_2 and sky130_fd_sc_hd__buf_2 are equivalent.

Cell sky130_fd_sc_hd__dlymetal6s2s_1 (0) disconnected node: A
Cell sky130_fd_sc_hd__dlymetal6s2s_1 (0) disconnected node: VGND
Cell sky130_fd_sc_hd__dlymetal6s2s_1 (0) disconnected node: VNB
Cell sky130_fd_sc_hd__dlymetal6s2s_1 (0) disconnected node: VPB
Cell sky130_fd_sc_hd__dlymetal6s2s_1 (0) disconnected node: VPWR
Cell sky130_fd_sc_hd__dlymetal6s2s_1 (0) disconnected node: X
Warning: Equate pins:  cell sky130_fd_sc_hd__dlymetal6s2s_1 is a placeholder, treated as a black box.

Subcircuit pins:
Circuit 1: sky130_fd_sc_hd__dlymetal6s2s_1 |Circuit 2: sky130_fd_sc_hd__dlymetal6s2s_1 
-------------------------------------------|-------------------------------------------
A                                          |A                                          
VGND                                       |VGND                                       
VNB                                        |VNB                                        
VPB                                        |VPB                                        
VPWR                                       |VPWR                                       
X                                          |X                                          
---------------------------------------------------------------------------------------
Cell pin lists are equivalent.
Device classes sky130_fd_sc_hd__dlymetal6s2s_1 and sky130_fd_sc_hd__dlymetal6s2s_1 are equivalent.

Class instruction_coder (0):  Merged 3419 parallel devices.
Class instruction_coder (1):  Merged 3419 parallel devices.
Subcircuit summary:
Circuit 1: instruction_coder               |Circuit 2: instruction_coder               
-------------------------------------------|-------------------------------------------
sky130_fd_sc_hd__tapvpwrvgnd_1 (469->1)    |sky130_fd_sc_hd__tapvpwrvgnd_1 (469->1)    
sky130_ef_sc_hd__decap_12 (1774->1)        |sky130_ef_sc_hd__decap_12 (1774->1)        
sky130_fd_sc_hd__fill_1 (445->1)           |sky130_fd_sc_hd__fill_1 (445->1)           
sky130_fd_sc_hd__decap_8 (66->1)           |sky130_fd_sc_hd__decap_8 (66->1)           
sky130_fd_sc_hd__decap_6 (393->1)          |sky130_fd_sc_hd__decap_6 (393->1)          
sky130_fd_sc_hd__decap_4 (54->1)           |sky130_fd_sc_hd__decap_4 (54->1)           
sky130_fd_sc_hd__clkbuf_1 (53)             |sky130_fd_sc_hd__clkbuf_1 (53)             
sky130_fd_sc_hd__fill_2 (66->1)            |sky130_fd_sc_hd__fill_2 (66->1)            
sky130_fd_sc_hd__clkbuf_4 (64)             |sky130_fd_sc_hd__clkbuf_4 (64)             
sky130_fd_sc_hd__clkbuf_2 (14)             |sky130_fd_sc_hd__clkbuf_2 (14)             
sky130_fd_sc_hd__decap_3 (160->1)          |sky130_fd_sc_hd__decap_3 (160->1)          
sky130_fd_sc_hd__buf_1 (25)                |sky130_fd_sc_hd__buf_1 (25)                
sky130_fd_sc_hd__buf_2 (10)                |sky130_fd_sc_hd__buf_2 (10)                
sky130_fd_sc_hd__dlymetal6s2s_1 (2)        |sky130_fd_sc_hd__dlymetal6s2s_1 (2)        
Number of devices: 176                     |Number of devices: 176                     
Number of nets: 202                        |Number of nets: 202                        
---------------------------------------------------------------------------------------
Resolving symmetries by property value.
Resolving symmetries by pin name.
Netlists match uniquely.

Subcircuit pins:
Circuit 1: instruction_coder               |Circuit 2: instruction_coder               
-------------------------------------------|-------------------------------------------
data_in[18]                                |data_in[18]                                
data_in[21]                                |data_in[21]                                
data_in[22]                                |data_in[22]                                
data_in[23]                                |data_in[23]                                
data_in[24]                                |data_in[24]                                
data_in[20]                                |data_in[20]                                
data_in[25]                                |data_in[25]                                
data_in[26]                                |data_in[26]                                
data_in[10]                                |data_in[10]                                
data_in[27]                                |data_in[27]                                
data_in[28]                                |data_in[28]                                
data_in[30]                                |data_in[30]                                
data_in[29]                                |data_in[29]                                
data_in[31]                                |data_in[31]                                
data_in[11]                                |data_in[11]                                
data_in[7]                                 |data_in[7]                                 
data_in[8]                                 |data_in[8]                                 
data_in[9]                                 |data_in[9]                                 
data_in[12]                                |data_in[12]                                
data_in[1]                                 |data_in[1]                                 
data_in[3]                                 |data_in[3]                                 
data_in[5]                                 |data_in[5]                                 
data_in[14]                                |data_in[14]                                
data_in[16]                                |data_in[16]                                
data_in[6]                                 |data_in[6]                                 
data_in[0]                                 |data_in[0]                                 
data_in[19]                                |data_in[19]                                
data_in[2]                                 |data_in[2]                                 
data_in[4]                                 |data_in[4]                                 
data_in[13]                                |data_in[13]                                
data_in[15]                                |data_in[15]                                
data_in[17]                                |data_in[17]                                
opcode[6]                                  |opcode[6]                                  
immediateI[3]                              |immediateI[3]                              
rs2[4]                                     |rs2[4]                                     
immediateI[4]                              |immediateI[4]                              
immediateS[11]                             |immediateS[11]                             
funct3[0]                                  |funct3[0]                                  
rs2[0]                                     |rs2[0]                                     
rs1[3]                                     |rs1[3]                                     
funct3[2]                                  |funct3[2]                                  
opcode[1]                                  |opcode[1]                                  
opcode[3]                                  |opcode[3]                                  
opcode[5]                                  |opcode[5]                                  
rs1[1]                                     |rs1[1]                                     
funct3[1]                                  |funct3[1]                                  
opcode[0]                                  |opcode[0]                                  
opcode[2]                                  |opcode[2]                                  
opcode[4]                                  |opcode[4]                                  
rs1[0]                                     |rs1[0]                                     
rs1[2]                                     |rs1[2]                                     
rs1[4]                                     |rs1[4]                                     
immediateB[3]                              |immediateB[3]                              
immediateS[1]                              |immediateS[1]                              
rd[2]                                      |rd[2]                                      
immediateI[0]                              |immediateI[0]                              
immediateI[1]                              |immediateI[1]                              
immediateI[2]                              |immediateI[2]                              
funct7[3]                                  |funct7[3]                                  
immediateS[7]                              |immediateS[7]                              
immediateB[10]                             |immediateB[10]                             
immediateS[0]                              |immediateS[0]                              
rd[0]                                      |rd[0]                                      
immediateB[0]                              |immediateB[0]                              
immediateB[1]                              |immediateB[1]                              
immediateS[2]                              |immediateS[2]                              
rd[1]                                      |rd[1]                                      
immediateB[2]                              |immediateB[2]                              
immediateS[3]                              |immediateS[3]                              
rd[3]                                      |rd[3]                                      
immediateS[4]                              |immediateS[4]                              
rd[4]                                      |rd[4]                                      
rs2[1]                                     |rs2[1]                                     
rs2[2]                                     |rs2[2]                                     
rs2[3]                                     |rs2[3]                                     
immediateB[4]                              |immediateB[4]                              
funct7[4]                                  |funct7[4]                                  
immediateI[11]                             |immediateI[11]                             
immediateS[6]                              |immediateS[6]                              
funct7[1]                                  |funct7[1]                                  
immediateB[5]                              |immediateB[5]                              
immediateI[6]                              |immediateI[6]                              
funct7[5]                                  |funct7[5]                                  
immediateB[9]                              |immediateB[9]                              
immediateI[10]                             |immediateI[10]                             
immediateS[10]                             |immediateS[10]                             
funct7[0]                                  |funct7[0]                                  
immediateI[5]                              |immediateI[5]                              
immediateS[5]                              |immediateS[5]                              
funct7[2]                                  |funct7[2]                                  
immediateB[6]                              |immediateB[6]                              
immediateB[7]                              |immediateB[7]                              
immediateI[7]                              |immediateI[7]                              
immediateI[8]                              |immediateI[8]                              
immediateS[8]                              |immediateS[8]                              
immediateB[8]                              |immediateB[8]                              
immediateI[9]                              |immediateI[9]                              
immediateS[9]                              |immediateS[9]                              
funct7[6]                                  |funct7[6]                                  
immediateB[11]                             |immediateB[11]                             
VGND                                       |VGND                                       
VPWR                                       |VPWR                                       
---------------------------------------------------------------------------------------
Cell pin lists are equivalent.
Device classes instruction_coder and instruction_coder are equivalent.

Final result: Circuits match uniquely.
.
