OpenROAD v2.0-8236-g9a713f0e8 
This program is licensed under the BSD-3 license. See the LICENSE file for details.
Components of this program may be licensed under more restrictive licenses which must be honored.
[INFO]: Reading ODB at '/headless/Desktop/FINAL_PROJECT/OPENLANE_digital_flow/instruction_coder/runs/instruction_coder_flow/results/routing/instruction_coder.odb'…
define_corners Typical
read_liberty -corner Typical /foss/pdks/sky130A/libs.ref/sky130_fd_sc_hd/lib/sky130_fd_sc_hd__tt_025C_1v80.lib
Net: net17
  Pin: _08_/A (sky130_fd_sc_hd__clkbuf_1)
    Layer: met2
      Partial area ratio:   33.65
      Required ratio:    0.00 (Gate area) 
      Partial area ratio:  168.75
      Required ratio: 2753.36 (Side area) 
      Cumulative area ratio:  126.17
      Required ratio:    0.00 (Cumulative area) 
      Cumulative area ratio:  631.85
      Required ratio:    0.00 (Cumulative side area) 

    Layer: met1
      Partial area ratio:    0.00
      Required ratio:    0.00 (Gate area) 
      Partial area ratio:    0.00
      Required ratio:  400.00 (Side area) 
      Cumulative area ratio:    0.00
      Required ratio:    0.00 (Cumulative area) 
      Cumulative area ratio:    0.00
      Required ratio:    0.00 (Cumulative side area) 

    Layer: li1
      Partial area ratio:    0.00
      Required ratio:    0.00 (Gate area) 
      Partial area ratio:    0.00
      Required ratio:   75.00 (Side area) 
      Cumulative area ratio:    0.00
      Required ratio:    0.00 (Cumulative area) 
      Cumulative area ratio:    0.00
      Required ratio:    0.00 (Cumulative side area) 

    Via: M1M2_PR
      Partial area ratio:    0.11
      Required ratio:    6.00 (Gate area) 
      Cumulative area ratio:    0.26
      Required ratio:    0.00 (Cumulative area) 

    Via: L1M1_PR_MR
      Partial area ratio:    0.15
      Required ratio:    3.00 (Gate area) 
      Cumulative area ratio:    0.15
      Required ratio:    0.00 (Cumulative area) 

  Pin: _49_/A (sky130_fd_sc_hd__clkbuf_1)
    Layer: met2
      Partial area ratio:   33.65
      Required ratio:    0.00 (Gate area) 
      Partial area ratio:  168.75
      Required ratio: 2753.36 (Side area) 
      Cumulative area ratio:  126.17
      Required ratio:    0.00 (Cumulative area) 
      Cumulative area ratio:  631.85
      Required ratio:    0.00 (Cumulative side area) 

    Layer: met1
      Partial area ratio:   92.52
      Required ratio:    0.00 (Gate area) 
      Partial area ratio:  463.10
      Required ratio:  400.00 (Side area) (VIOLATED)
      Cumulative area ratio:   92.52
      Required ratio:    0.00 (Cumulative area) 
      Cumulative area ratio:  463.10
      Required ratio:    0.00 (Cumulative side area) 

    Layer: li1
      Partial area ratio:    0.00
      Required ratio:    0.00 (Gate area) 
      Partial area ratio:    0.00
      Required ratio:   75.00 (Side area) 
      Cumulative area ratio:    0.00
      Required ratio:    0.00 (Cumulative area) 
      Cumulative area ratio:    0.00
      Required ratio:    0.00 (Cumulative side area) 

    Via: M1M2_PR
      Partial area ratio:    0.23
      Required ratio:    6.00 (Gate area) 
      Cumulative area ratio:    0.38
      Required ratio:    0.00 (Cumulative area) 

    Via: L1M1_PR_MR
      Partial area ratio:    0.15
      Required ratio:    3.00 (Gate area) 
      Cumulative area ratio:    0.15
      Required ratio:    0.00 (Cumulative area) 


Net: net30
  Pin: _02_/A (sky130_fd_sc_hd__clkbuf_1)
    Layer: met2
      Partial area ratio:   40.92
      Required ratio:    0.00 (Gate area) 
      Partial area ratio:  205.43
      Required ratio: 2918.08 (Side area) 
      Cumulative area ratio:   41.35
      Required ratio:    0.00 (Cumulative area) 
      Cumulative area ratio:  208.06
      Required ratio:    0.00 (Cumulative side area) 

    Layer: met1
      Partial area ratio:    0.43
      Required ratio:    0.00 (Gate area) 
      Partial area ratio:    2.64
      Required ratio:  400.00 (Side area) 
      Cumulative area ratio:    0.43
      Required ratio:    0.00 (Cumulative area) 
      Cumulative area ratio:    2.64
      Required ratio:    0.00 (Cumulative side area) 

    Layer: li1
      Partial area ratio:    0.00
      Required ratio:    0.00 (Gate area) 
      Partial area ratio:    0.00
      Required ratio:   75.00 (Side area) 
      Cumulative area ratio:    0.00
      Required ratio:    0.00 (Cumulative area) 
      Cumulative area ratio:    0.00
      Required ratio:    0.00 (Cumulative side area) 

    Via: M1M2_PR
      Partial area ratio:    0.11
      Required ratio:    6.00 (Gate area) 
      Cumulative area ratio:    0.26
      Required ratio:    0.00 (Cumulative area) 

    Via: L1M1_PR_MR
      Partial area ratio:    0.15
      Required ratio:    3.00 (Gate area) 
      Cumulative area ratio:    0.15
      Required ratio:    0.00 (Cumulative area) 

  Pin: _16_/A (sky130_fd_sc_hd__clkbuf_1)
    Layer: met2
      Partial area ratio:   40.92
      Required ratio:    0.00 (Gate area) 
      Partial area ratio:  205.43
      Required ratio: 2918.08 (Side area) 
      Cumulative area ratio:  157.37
      Required ratio:    0.00 (Cumulative area) 
      Cumulative area ratio:  788.16
      Required ratio:    0.00 (Cumulative side area) 

    Layer: met1
      Partial area ratio:    0.00
      Required ratio:    0.00 (Gate area) 
      Partial area ratio:    0.00
      Required ratio:  400.00 (Side area) 
      Cumulative area ratio:    0.00
      Required ratio:    0.00 (Cumulative area) 
      Cumulative area ratio:    0.00
      Required ratio:    0.00 (Cumulative side area) 

    Layer: li1
      Partial area ratio:    0.00
      Required ratio:    0.00 (Gate area) 
      Partial area ratio:    0.00
      Required ratio:   75.00 (Side area) 
      Cumulative area ratio:    0.00
      Required ratio:    0.00 (Cumulative area) 
      Cumulative area ratio:    0.00
      Required ratio:    0.00 (Cumulative side area) 

    Via: M1M2_PR
      Partial area ratio:    0.11
      Required ratio:    6.00 (Gate area) 
      Cumulative area ratio:    0.26
      Required ratio:    0.00 (Cumulative area) 

    Via: L1M1_PR_MR
      Partial area ratio:    0.15
      Required ratio:    3.00 (Gate area) 
      Cumulative area ratio:    0.15
      Required ratio:    0.00 (Cumulative area) 

  Pin: _35_/A (sky130_fd_sc_hd__clkbuf_1)
    Layer: met2
      Partial area ratio:   40.92
      Required ratio:    0.00 (Gate area) 
      Partial area ratio:  205.43
      Required ratio: 2918.08 (Side area) 
      Cumulative area ratio:  157.37
      Required ratio:    0.00 (Cumulative area) 
      Cumulative area ratio:  788.16
      Required ratio:    0.00 (Cumulative side area) 

    Layer: met1
      Partial area ratio:  116.45
      Required ratio:    0.00 (Gate area) 
      Partial area ratio:  582.73
      Required ratio:  400.00 (Side area) (VIOLATED)
      Cumulative area ratio:  116.45
      Required ratio:    0.00 (Cumulative area) 
      Cumulative area ratio:  582.73
      Required ratio:    0.00 (Cumulative side area) 

    Layer: li1
      Partial area ratio:    0.00
      Required ratio:    0.00 (Gate area) 
      Partial area ratio:    0.00
      Required ratio:   75.00 (Side area) 
      Cumulative area ratio:    0.00
      Required ratio:    0.00 (Cumulative area) 
      Cumulative area ratio:    0.00
      Required ratio:    0.00 (Cumulative side area) 

    Via: M1M2_PR
      Partial area ratio:    0.23
      Required ratio:    6.00 (Gate area) 
      Cumulative area ratio:    0.38
      Required ratio:    0.00 (Cumulative area) 

    Via: L1M1_PR_MR
      Partial area ratio:    0.15
      Required ratio:    3.00 (Gate area) 
      Cumulative area ratio:    0.15
      Required ratio:    0.00 (Cumulative area) 


Net: net32
  Pin: _18_/A (sky130_fd_sc_hd__clkbuf_1)
    Layer: met2
      Partial area ratio:   16.25
      Required ratio:    0.00 (Gate area) 
      Partial area ratio:   81.74
      Required ratio: 2753.36 (Side area) 
      Cumulative area ratio:  110.51
      Required ratio:    0.00 (Cumulative area) 
      Cumulative area ratio:  554.04
      Required ratio:    0.00 (Cumulative side area) 

    Layer: met1
      Partial area ratio:    0.00
      Required ratio:    0.00 (Gate area) 
      Partial area ratio:    0.00
      Required ratio:  400.00 (Side area) 
      Cumulative area ratio:    0.00
      Required ratio:    0.00 (Cumulative area) 
      Cumulative area ratio:    0.00
      Required ratio:    0.00 (Cumulative side area) 

    Layer: li1
      Partial area ratio:    0.00
      Required ratio:    0.00 (Gate area) 
      Partial area ratio:    0.00
      Required ratio:   75.00 (Side area) 
      Cumulative area ratio:    0.00
      Required ratio:    0.00 (Cumulative area) 
      Cumulative area ratio:    0.00
      Required ratio:    0.00 (Cumulative side area) 

    Via: M1M2_PR
      Partial area ratio:    0.11
      Required ratio:    6.00 (Gate area) 
      Cumulative area ratio:    0.26
      Required ratio:    0.00 (Cumulative area) 

    Via: L1M1_PR_MR
      Partial area ratio:    0.15
      Required ratio:    3.00 (Gate area) 
      Cumulative area ratio:    0.15
      Required ratio:    0.00 (Cumulative area) 

  Pin: _37_/A (sky130_fd_sc_hd__buf_1)
    Layer: met2
      Partial area ratio:   16.25
      Required ratio:    0.00 (Gate area) 
      Partial area ratio:   81.74
      Required ratio: 2753.36 (Side area) 
      Cumulative area ratio:  110.51
      Required ratio:    0.00 (Cumulative area) 
      Cumulative area ratio:  554.04
      Required ratio:    0.00 (Cumulative side area) 

    Layer: met1
      Partial area ratio:   94.26
      Required ratio:    0.00 (Gate area) 
      Partial area ratio:  472.30
      Required ratio:  400.00 (Side area) (VIOLATED)
      Cumulative area ratio:   94.26
      Required ratio:    0.00 (Cumulative area) 
      Cumulative area ratio:  472.30
      Required ratio:    0.00 (Cumulative side area) 

    Layer: li1
      Partial area ratio:    0.00
      Required ratio:    0.00 (Gate area) 
      Partial area ratio:    0.00
      Required ratio:   75.00 (Side area) 
      Cumulative area ratio:    0.00
      Required ratio:    0.00 (Cumulative area) 
      Cumulative area ratio:    0.00
      Required ratio:    0.00 (Cumulative side area) 

    Via: M1M2_PR
      Partial area ratio:    0.23
      Required ratio:    6.00 (Gate area) 
      Cumulative area ratio:    0.38
      Required ratio:    0.00 (Cumulative area) 

    Via: L1M1_PR_MR
      Partial area ratio:    0.15
      Required ratio:    3.00 (Gate area) 
      Cumulative area ratio:    0.15
      Required ratio:    0.00 (Cumulative area) 

  Pin: _61_/A (sky130_fd_sc_hd__clkbuf_1)
    Layer: met2
      Partial area ratio:   16.25
      Required ratio:    0.00 (Gate area) 
      Partial area ratio:   81.74
      Required ratio: 2753.36 (Side area) 
      Cumulative area ratio:   16.25
      Required ratio:    0.00 (Cumulative area) 
      Cumulative area ratio:   81.74
      Required ratio:    0.00 (Cumulative side area) 

    Layer: met1
      Partial area ratio:    0.00
      Required ratio:    0.00 (Gate area) 
      Partial area ratio:    0.00
      Required ratio:  400.00 (Side area) 
      Cumulative area ratio:    0.00
      Required ratio:    0.00 (Cumulative area) 
      Cumulative area ratio:    0.00
      Required ratio:    0.00 (Cumulative side area) 

    Layer: li1
      Partial area ratio:    0.00
      Required ratio:    0.00 (Gate area) 
      Partial area ratio:    0.00
      Required ratio:   75.00 (Side area) 
      Cumulative area ratio:    0.00
      Required ratio:    0.00 (Cumulative area) 
      Cumulative area ratio:    0.00
      Required ratio:    0.00 (Cumulative side area) 

    Via: M1M2_PR
      Partial area ratio:    0.11
      Required ratio:    6.00 (Gate area) 
      Cumulative area ratio:    0.26
      Required ratio:    0.00 (Cumulative area) 

    Via: L1M1_PR_MR
      Partial area ratio:    0.15
      Required ratio:    3.00 (Gate area) 
      Cumulative area ratio:    0.15
      Required ratio:    0.00 (Cumulative area) 


Net: net39
  Pin: output39/A (sky130_fd_sc_hd__clkbuf_4)
    Layer: met2
      Partial area ratio:    1.66
      Required ratio:    0.00 (Gate area) 
      Partial area ratio:    8.74
      Required ratio: 2753.36 (Side area) 
      Cumulative area ratio:  107.87
      Required ratio:    0.00 (Cumulative area) 
      Cumulative area ratio:  540.28
      Required ratio:    0.00 (Cumulative side area) 

    Layer: met1
      Partial area ratio:  106.22
      Required ratio:    0.00 (Gate area) 
      Partial area ratio:  531.54
      Required ratio:  400.00 (Side area) (VIOLATED)
      Cumulative area ratio:  106.22
      Required ratio:    0.00 (Cumulative area) 
      Cumulative area ratio:  531.54
      Required ratio:    0.00 (Cumulative side area) 

    Layer: li1
      Partial area ratio:    0.00
      Required ratio:    0.00 (Gate area) 
      Partial area ratio:    0.00
      Required ratio:   75.00 (Side area) 
      Cumulative area ratio:    0.00
      Required ratio:    0.00 (Cumulative area) 
      Cumulative area ratio:    0.00
      Required ratio:    0.00 (Cumulative side area) 

    Via: M1M2_PR
      Partial area ratio:    0.11
      Required ratio:    6.00 (Gate area) 
      Cumulative area ratio:    0.24
      Required ratio:    0.00 (Cumulative area) 

    Via: L1M1_PR_MR
      Partial area ratio:    0.14
      Required ratio:    3.00 (Gate area) 
      Cumulative area ratio:    0.14
      Required ratio:    0.00 (Cumulative area) 


[INFO ANT-0002] Found 4 net violations.
[INFO ANT-0001] Found 4 pin violations.
