
===========================================================================
 report_power
============================================================================
======================= Fastest Corner ===================================

Group                  Internal  Switching    Leakage      Total
                          Power      Power      Power      Power (Watts)
----------------------------------------------------------------
Sequential             5.47e-06   3.75e-06   4.50e-08   9.26e-06  30.5%
Combinational          7.42e-06   1.37e-05   2.51e-09   2.11e-05  69.5%
Macro                  0.00e+00   0.00e+00   0.00e+00   0.00e+00   0.0%
Pad                    0.00e+00   0.00e+00   0.00e+00   0.00e+00   0.0%
----------------------------------------------------------------
Total                  1.29e-05   1.74e-05   4.75e-08   3.03e-05 100.0%
                          42.5%      57.4%       0.2%

======================= Slowest Corner ===================================

Group                  Internal  Switching    Leakage      Total
                          Power      Power      Power      Power (Watts)
----------------------------------------------------------------
Sequential             3.82e-06   2.51e-06   1.79e-07   6.51e-06  30.4%
Combinational          5.53e-06   8.99e-06   4.11e-07   1.49e-05  69.6%
Macro                  0.00e+00   0.00e+00   0.00e+00   0.00e+00   0.0%
Pad                    0.00e+00   0.00e+00   0.00e+00   0.00e+00   0.0%
----------------------------------------------------------------
Total                  9.35e-06   1.15e-05   5.91e-07   2.14e-05 100.0%
                          43.6%      53.7%       2.8%

======================= Typical Corner ===================================

Group                  Internal  Switching    Leakage      Total
                          Power      Power      Power      Power (Watts)
----------------------------------------------------------------
Sequential             4.75e-06   3.18e-06   4.49e-08   7.98e-06  30.4%
Combinational          6.75e-06   1.15e-05   2.27e-09   1.83e-05  69.6%
Macro                  0.00e+00   0.00e+00   0.00e+00   0.00e+00   0.0%
Pad                    0.00e+00   0.00e+00   0.00e+00   0.00e+00   0.0%
----------------------------------------------------------------
Total                  1.15e-05   1.47e-05   4.72e-08   2.62e-05 100.0%
                          43.8%      56.0%       0.2%

