
===========================================================================
report_checks -unconstrained
===========================================================================
======================= Typical Corner ===================================

Startpoint: data_in[6] (input port clocked by __VIRTUAL_CLK__)
Endpoint: opcode[6] (output port clocked by __VIRTUAL_CLK__)
Path Group: __VIRTUAL_CLK__
Path Type: max

Fanout     Cap    Slew   Delay    Time   Description
-----------------------------------------------------------------------------
                  0.00    0.00    0.00   clock __VIRTUAL_CLK__ (rise edge)
                          0.00    0.00   clock network delay (ideal)
                          2.00    2.00 ^ input external delay
                  0.02    0.01    2.01 ^ data_in[6] (in)
     1    0.00                           data_in[6] (net)
                  0.02    0.00    2.01 ^ input29/A (sky130_fd_sc_hd__buf_1)
                  0.28    0.25    2.26 ^ input29/X (sky130_fd_sc_hd__buf_1)
     1    0.02                           net29 (net)
                  0.28    0.00    2.26 ^ _34_/A (sky130_fd_sc_hd__clkbuf_2)
                  0.14    0.25    2.52 ^ _34_/X (sky130_fd_sc_hd__clkbuf_2)
     1    0.02                           net85 (net)
                  0.14    0.00    2.52 ^ output85/A (sky130_fd_sc_hd__buf_2)
                  0.17    0.24    2.76 ^ output85/X (sky130_fd_sc_hd__buf_2)
     1    0.03                           opcode[6] (net)
                  0.17    0.00    2.76 ^ opcode[6] (out)
                                  2.76   data arrival time

                  0.00   10.00   10.00   clock __VIRTUAL_CLK__ (rise edge)
                          0.00   10.00   clock network delay (ideal)
                         -0.25    9.75   clock uncertainty
                          0.00    9.75   clock reconvergence pessimism
                         -2.00    7.75   output external delay
                                  7.75   data required time
-----------------------------------------------------------------------------
                                  7.75   data required time
                                 -2.76   data arrival time
-----------------------------------------------------------------------------
                                  4.99   slack (MET)




===========================================================================
report_checks --slack_max -0.01
============================================================================
======================= Typical Corner ===================================

No paths found.


===========================================================================
 report_check_types -max_slew -max_cap -max_fanout -violators
============================================================================
======================= Typical Corner ===================================



===========================================================================
report_parasitic_annotation -report_unannotated
============================================================================
Found 0 unannotated drivers.
Found 0 partially unannotated drivers.

===========================================================================
max slew violation count 0
max fanout violation count 0
max cap violation count 0
============================================================================

===========================================================================
check_setup -verbose -unconstrained_endpoints -multiple_clock -no_clock -no_input_delay -loops -generated_clocks
===========================================================================
