Instance name,  X location,  Y location,  Voltage 
output55, 175.44, 187.68, 1.8
FILLER_0_62_357, 175.44, 182.24, 1.8
FILLER_0_63_376, 175.44, 182.24, 1.8
_04_, 175.44, 182.24, 1.8
FILLER_0_60_357, 175.44, 176.8, 1.8
FILLER_0_58_357, 175.44, 171.36, 1.8
FILLER_0_56_357, 175.44, 165.92, 1.8
FILLER_0_54_357, 175.44, 160.48, 1.8
FILLER_0_52_357, 175.44, 155.04, 1.8
FILLER_0_50_357, 175.44, 149.6, 1.8
_03_, 175.44, 149.6, 1.8
FILLER_0_48_357, 175.44, 144.16, 1.8
FILLER_0_46_357, 175.44, 138.72, 1.8
FILLER_0_44_357, 175.44, 133.28, 1.8
_27_, 175.44, 133.28, 1.8
FILLER_0_42_357, 175.44, 127.84, 1.8
FILLER_0_40_357, 175.44, 122.4, 1.8
FILLER_0_38_357, 175.44, 116.96, 1.8
FILLER_0_36_357, 175.44, 111.52, 1.8
FILLER_0_34_357, 175.44, 106.08, 1.8
FILLER_0_32_360, 175.44, 100.64, 1.8
FILLER_0_33_373, 175.44, 100.64, 1.8
FILLER_0_30_357, 175.44, 95.2, 1.8
FILLER_0_28_357, 175.44, 89.76, 1.8
FILLER_0_26_357, 175.44, 84.32, 1.8
FILLER_0_24_357, 175.44, 78.88, 1.8
FILLER_0_22_357, 175.44, 73.44, 1.8
FILLER_0_20_357, 175.44, 68, 1.8
FILLER_0_18_357, 175.44, 62.56, 1.8
FILLER_0_16_359, 175.44, 57.12, 1.8
FILLER_0_14_357, 175.44, 51.68, 1.8
_06_, 175.44, 51.68, 1.8
FILLER_0_12_357, 175.44, 46.24, 1.8
FILLER_0_10_357, 175.44, 40.8, 1.8
FILLER_0_8_357, 175.44, 35.36, 1.8
FILLER_0_6_357, 175.44, 29.92, 1.8
FILLER_0_4_357, 175.44, 24.48, 1.8
FILLER_0_2_357, 175.44, 19.04, 1.8
FILLER_0_0_365, 175.44, 13.6, 1.8
input13, 175.44, 13.6, 1.8
output59, 175.44, 13.6, 1.8
FILLER_0_64_35, 21.84, 187.68, 1.8
input2, 21.84, 187.68, 1.8
output65, 21.84, 182.24, 1.8
FILLER_0_59_45, 21.84, 171.36, 1.8
FILLER_0_57_49, 21.84, 165.92, 1.8
_12_, 21.84, 155.04, 1.8
FILLER_0_47_49, 21.84, 138.72, 1.8
FILLER_0_48_41, 21.84, 138.72, 1.8
_56_, 21.84, 138.72, 1.8
FILLER_0_41_45, 21.84, 122.4, 1.8
FILLER_0_37_48, 21.84, 111.52, 1.8
_16_, 21.84, 78.88, 1.8
_35_, 21.84, 46.24, 1.8
FILLER_0_11_45, 21.84, 40.8, 1.8
FILLER_0_5_45, 21.84, 24.48, 1.8
FILLER_0_0_29, 21.84, 13.6, 1.8
FILLER_0_1_46, 21.84, 13.6, 1.8
input12, 21.84, 13.6, 1.8
PHY_128, 5.52, 187.68, 1.8
PHY_129, 194.12, 187.68, 1.8
output46, 194.12, 187.68, 1.8
output95, 13.68, 187.68, 1.8
FILLER_0_64_51, 34.64, 187.68, 1.8
FILLER_0_64_57, 34.64, 187.68, 1.8
FILLER_0_64_81, 47.44, 187.68, 1.8
FILLER_0_64_91, 47.44, 187.68, 1.8
output96, 47.44, 187.68, 1.8
FILLER_0_64_107, 60.24, 187.68, 1.8
input17, 60.24, 187.68, 1.8
FILLER_0_64_135, 73.04, 187.68, 1.8
FILLER_0_64_141, 73.04, 187.68, 1.8
FILLER_0_64_161, 85.84, 187.68, 1.8
input27, 85.84, 187.68, 1.8
FILLER_0_64_191, 98.64, 187.68, 1.8
output76, 98.64, 187.68, 1.8
FILLER_0_64_219, 111.44, 187.68, 1.8
FILLER_0_64_225, 111.44, 187.68, 1.8
FILLER_0_64_249, 124.24, 187.68, 1.8
output34, 124.24, 187.68, 1.8
FILLER_0_64_273, 137.04, 187.68, 1.8
output82, 137.04, 187.68, 1.8
FILLER_0_64_301, 149.84, 187.68, 1.8
FILLER_0_64_309, 149.84, 187.68, 1.8
input28, 149.84, 187.68, 1.8
output93, 162.64, 187.68, 1.8
FILLER_0_64_385, 184.78, 187.68, 1.8
input32, 184.78, 187.68, 1.8
PHY_124, 5.52, 182.24, 1.8
PHY_126, 5.52, 182.24, 1.8
input18, 5.52, 182.24, 1.8
output37, 5.52, 182.24, 1.8
FILLER_0_62_401, 194.12, 182.24, 1.8
PHY_125, 194.12, 182.24, 1.8
PHY_127, 194.12, 182.24, 1.8
input30, 194.12, 182.24, 1.8
output78, 13.68, 182.24, 1.8
FILLER_0_63_51, 34.64, 182.24, 1.8
input1, 34.64, 182.24, 1.8
FILLER_0_63_105, 47.44, 182.24, 1.8
output53, 47.44, 182.24, 1.8
FILLER_0_64_119, 60.24, 182.24, 1.8
_00_, 60.24, 182.24, 1.8
_25_, 60.24, 182.24, 1.8
output43, 60.24, 182.24, 1.8
FILLER_0_62_133, 73.04, 182.24, 1.8
FILLER_0_63_157, 73.04, 182.24, 1.8
FILLER_0_64_153, 73.04, 182.24, 1.8
input26, 73.04, 182.24, 1.8
FILLER_0_63_165, 85.84, 182.24, 1.8
FILLER_0_64_181, 85.84, 182.24, 1.8
output35, 85.84, 182.24, 1.8
FILLER_0_62_189, 98.64, 182.24, 1.8
FILLER_0_63_193, 98.64, 182.24, 1.8
FILLER_0_64_205, 98.64, 182.24, 1.8
_31_, 98.64, 182.24, 1.8
_52_, 98.64, 182.24, 1.8
output42, 98.64, 182.24, 1.8
FILLER_0_63_220, 111.44, 182.24, 1.8
input6, 111.44, 182.24, 1.8
FILLER_0_62_245, 124.24, 182.24, 1.8
FILLER_0_64_259, 124.24, 182.24, 1.8
input24, 124.24, 182.24, 1.8
FILLER_0_63_273, 137.04, 182.24, 1.8
FILLER_0_62_301, 149.84, 182.24, 1.8
output94, 149.84, 182.24, 1.8
FILLER_0_63_333, 162.64, 182.24, 1.8
FILLER_0_63_352, 162.64, 182.24, 1.8
FILLER_0_64_343, 162.64, 182.24, 1.8
_33_, 162.64, 182.24, 1.8
_45_, 162.64, 182.24, 1.8
input15, 162.64, 182.24, 1.8
FILLER_0_63_388, 184.78, 182.24, 1.8
_61_, 184.78, 182.24, 1.8
output81, 184.78, 182.24, 1.8
output84, 184.78, 182.24, 1.8
PHY_120, 5.52, 176.8, 1.8
PHY_122, 5.52, 176.8, 1.8
output99, 5.52, 176.8, 1.8
PHY_121, 194.12, 176.8, 1.8
PHY_123, 194.12, 176.8, 1.8
input22, 194.12, 176.8, 1.8
FILLER_0_62_21, 13.68, 176.8, 1.8
FILLER_0_61_51, 34.64, 176.8, 1.8
FILLER_0_62_77, 34.64, 176.8, 1.8
FILLER_0_61_105, 47.44, 176.8, 1.8
FILLER_0_60_133, 73.04, 176.8, 1.8
FILLER_0_61_161, 85.84, 176.8, 1.8
FILLER_0_60_189, 98.64, 176.8, 1.8
FILLER_0_61_217, 111.44, 176.8, 1.8
FILLER_0_60_245, 124.24, 176.8, 1.8
FILLER_0_61_273, 137.04, 176.8, 1.8
FILLER_0_60_301, 149.84, 176.8, 1.8
FILLER_0_61_329, 162.64, 176.8, 1.8
FILLER_0_61_385, 184.78, 176.8, 1.8
PHY_116, 5.52, 171.36, 1.8
PHY_118, 5.52, 171.36, 1.8
output63, 5.52, 171.36, 1.8
FILLER_0_58_401, 194.12, 171.36, 1.8
PHY_117, 194.12, 171.36, 1.8
PHY_119, 194.12, 171.36, 1.8
FILLER_0_59_53, 34.64, 171.36, 1.8
FILLER_0_60_77, 34.64, 171.36, 1.8
FILLER_0_59_105, 47.44, 171.36, 1.8
FILLER_0_58_133, 73.04, 171.36, 1.8
FILLER_0_59_161, 85.84, 171.36, 1.8
FILLER_0_58_189, 98.64, 171.36, 1.8
FILLER_0_59_193, 98.64, 171.36, 1.8
FILLER_0_59_201, 98.64, 171.36, 1.8
_44_, 98.64, 171.36, 1.8
FILLER_0_59_219, 111.44, 171.36, 1.8
FILLER_0_58_245, 124.24, 171.36, 1.8
FILLER_0_59_273, 137.04, 171.36, 1.8
FILLER_0_58_301, 149.84, 171.36, 1.8
FILLER_0_59_329, 162.64, 171.36, 1.8
FILLER_0_59_385, 184.78, 171.36, 1.8
FILLER_0_57_3, 5.52, 165.92, 1.8
PHY_112, 5.52, 165.92, 1.8
PHY_114, 5.52, 165.92, 1.8
_54_, 5.52, 165.92, 1.8
FILLER_0_56_401, 194.12, 165.92, 1.8
PHY_113, 194.12, 165.92, 1.8
PHY_115, 194.12, 165.92, 1.8
input31, 194.12, 165.92, 1.8
_10_, 13.68, 165.92, 1.8
FILLER_0_58_77, 34.64, 165.92, 1.8
FILLER_0_57_105, 47.44, 165.92, 1.8
FILLER_0_56_133, 73.04, 165.92, 1.8
FILLER_0_57_161, 85.84, 165.92, 1.8
FILLER_0_58_177, 85.84, 165.92, 1.8
_60_, 85.84, 165.92, 1.8
FILLER_0_56_189, 98.64, 165.92, 1.8
FILLER_0_57_217, 111.44, 165.92, 1.8
FILLER_0_56_245, 124.24, 165.92, 1.8
FILLER_0_57_273, 137.04, 165.92, 1.8
FILLER_0_56_301, 149.84, 165.92, 1.8
FILLER_0_57_329, 162.64, 165.92, 1.8
FILLER_0_57_385, 184.78, 165.92, 1.8
FILLER_0_57_393, 184.78, 165.92, 1.8
PHY_108, 5.52, 160.48, 1.8
PHY_110, 5.52, 160.48, 1.8
input14, 5.52, 160.48, 1.8
FILLER_0_54_401, 194.12, 160.48, 1.8
PHY_109, 194.12, 160.48, 1.8
PHY_111, 194.12, 160.48, 1.8
input11, 194.12, 160.48, 1.8
FILLER_0_56_18, 13.68, 160.48, 1.8
FILLER_0_55_51, 34.64, 160.48, 1.8
FILLER_0_56_77, 34.64, 160.48, 1.8
FILLER_0_55_105, 47.44, 160.48, 1.8
FILLER_0_54_133, 73.04, 160.48, 1.8
FILLER_0_55_161, 85.84, 160.48, 1.8
FILLER_0_54_189, 98.64, 160.48, 1.8
FILLER_0_55_217, 111.44, 160.48, 1.8
FILLER_0_54_245, 124.24, 160.48, 1.8
FILLER_0_55_273, 137.04, 160.48, 1.8
FILLER_0_54_301, 149.84, 160.48, 1.8
FILLER_0_55_329, 162.64, 160.48, 1.8
FILLER_0_55_385, 184.78, 160.48, 1.8
PHY_104, 5.52, 155.04, 1.8
PHY_106, 5.52, 155.04, 1.8
FILLER_0_52_401, 194.12, 155.04, 1.8
PHY_105, 194.12, 155.04, 1.8
PHY_107, 194.12, 155.04, 1.8
_67_, 13.68, 155.04, 1.8
FILLER_0_54_77, 34.64, 155.04, 1.8
FILLER_0_53_105, 47.44, 155.04, 1.8
FILLER_0_52_133, 73.04, 155.04, 1.8
FILLER_0_53_161, 85.84, 155.04, 1.8
FILLER_0_52_189, 98.64, 155.04, 1.8
FILLER_0_53_217, 111.44, 155.04, 1.8
FILLER_0_52_245, 124.24, 155.04, 1.8
FILLER_0_53_273, 137.04, 155.04, 1.8
FILLER_0_52_301, 149.84, 155.04, 1.8
FILLER_0_53_329, 162.64, 155.04, 1.8
FILLER_0_53_385, 184.78, 155.04, 1.8
PHY_100, 5.52, 149.6, 1.8
PHY_102, 5.52, 149.6, 1.8
output52, 5.52, 149.6, 1.8
FILLER_0_50_401, 194.12, 149.6, 1.8
PHY_101, 194.12, 149.6, 1.8
PHY_103, 194.12, 149.6, 1.8
output45, 194.12, 149.6, 1.8
FILLER_0_52_24, 13.68, 149.6, 1.8
FILLER_0_51_51, 34.64, 149.6, 1.8
FILLER_0_52_77, 34.64, 149.6, 1.8
FILLER_0_51_105, 47.44, 149.6, 1.8
FILLER_0_50_133, 73.04, 149.6, 1.8
FILLER_0_51_161, 85.84, 149.6, 1.8
FILLER_0_50_189, 98.64, 149.6, 1.8
FILLER_0_51_217, 111.44, 149.6, 1.8
FILLER_0_50_249, 124.24, 149.6, 1.8
FILLER_0_51_273, 137.04, 149.6, 1.8
FILLER_0_50_301, 149.84, 149.6, 1.8
FILLER_0_51_329, 162.64, 149.6, 1.8
FILLER_0_51_385, 184.78, 149.6, 1.8
FILLER_0_51_393, 184.78, 149.6, 1.8
PHY_96, 5.52, 144.16, 1.8
PHY_98, 5.52, 144.16, 1.8
input29, 5.52, 144.16, 1.8
FILLER_0_48_401, 194.12, 144.16, 1.8
PHY_97, 194.12, 144.16, 1.8
PHY_99, 194.12, 144.16, 1.8
output39, 194.12, 144.16, 1.8
FILLER_0_50_18, 13.68, 144.16, 1.8
FILLER_0_49_51, 34.64, 144.16, 1.8
FILLER_0_50_77, 34.64, 144.16, 1.8
FILLER_0_49_105, 47.44, 144.16, 1.8
FILLER_0_48_133, 73.04, 144.16, 1.8
FILLER_0_49_161, 85.84, 144.16, 1.8
FILLER_0_48_189, 98.64, 144.16, 1.8
_59_, 98.64, 144.16, 1.8
FILLER_0_49_217, 111.44, 144.16, 1.8
FILLER_0_48_245, 124.24, 144.16, 1.8
FILLER_0_49_273, 137.04, 144.16, 1.8
FILLER_0_48_301, 149.84, 144.16, 1.8
FILLER_0_49_329, 162.64, 144.16, 1.8
FILLER_0_49_385, 184.78, 144.16, 1.8
FILLER_0_49_393, 184.78, 144.16, 1.8
PHY_92, 5.52, 138.72, 1.8
PHY_94, 5.52, 138.72, 1.8
input3, 5.52, 138.72, 1.8
FILLER_0_46_401, 194.12, 138.72, 1.8
PHY_93, 194.12, 138.72, 1.8
PHY_95, 194.12, 138.72, 1.8
FILLER_0_48_76, 34.64, 138.72, 1.8
FILLER_0_47_105, 47.44, 138.72, 1.8
FILLER_0_46_133, 73.04, 138.72, 1.8
FILLER_0_47_161, 85.84, 138.72, 1.8
FILLER_0_46_189, 98.64, 138.72, 1.8
FILLER_0_47_217, 111.44, 138.72, 1.8
FILLER_0_46_245, 124.24, 138.72, 1.8
FILLER_0_47_261, 124.24, 138.72, 1.8
FILLER_0_47_269, 124.24, 138.72, 1.8
FILLER_0_47_275, 137.04, 138.72, 1.8
_51_, 137.04, 138.72, 1.8
FILLER_0_46_301, 149.84, 138.72, 1.8
FILLER_0_47_329, 162.64, 138.72, 1.8
FILLER_0_47_385, 184.78, 138.72, 1.8
PHY_88, 5.52, 133.28, 1.8
PHY_90, 5.52, 133.28, 1.8
PHY_89, 194.12, 133.28, 1.8
PHY_91, 194.12, 133.28, 1.8
output69, 194.12, 133.28, 1.8
FILLER_0_45_51, 34.64, 133.28, 1.8
FILLER_0_46_77, 34.64, 133.28, 1.8
FILLER_0_45_105, 47.44, 133.28, 1.8
FILLER_0_44_133, 73.04, 133.28, 1.8
FILLER_0_45_161, 85.84, 133.28, 1.8
FILLER_0_44_189, 98.64, 133.28, 1.8
FILLER_0_45_217, 111.44, 133.28, 1.8
FILLER_0_44_245, 124.24, 133.28, 1.8
FILLER_0_45_273, 137.04, 133.28, 1.8
FILLER_0_44_301, 149.84, 133.28, 1.8
FILLER_0_45_329, 162.64, 133.28, 1.8
FILLER_0_45_385, 184.78, 133.28, 1.8
FILLER_0_45_393, 184.78, 133.28, 1.8
PHY_84, 5.52, 127.84, 1.8
PHY_86, 5.52, 127.84, 1.8
input19, 5.52, 127.84, 1.8
FILLER_0_42_401, 194.12, 127.84, 1.8
PHY_85, 194.12, 127.84, 1.8
PHY_87, 194.12, 127.84, 1.8
input5, 194.12, 127.84, 1.8
FILLER_0_44_18, 13.68, 127.84, 1.8
FILLER_0_43_51, 34.64, 127.84, 1.8
FILLER_0_44_77, 34.64, 127.84, 1.8
FILLER_0_43_105, 47.44, 127.84, 1.8
FILLER_0_42_133, 73.04, 127.84, 1.8
FILLER_0_43_161, 85.84, 127.84, 1.8
FILLER_0_42_189, 98.64, 127.84, 1.8
FILLER_0_43_217, 111.44, 127.84, 1.8
FILLER_0_42_245, 124.24, 127.84, 1.8
FILLER_0_43_273, 137.04, 127.84, 1.8
FILLER_0_42_301, 149.84, 127.84, 1.8
FILLER_0_43_329, 162.64, 127.84, 1.8
FILLER_0_43_385, 184.78, 127.84, 1.8
PHY_80, 5.52, 122.4, 1.8
PHY_82, 5.52, 122.4, 1.8
output71, 5.52, 122.4, 1.8
FILLER_0_40_401, 194.12, 122.4, 1.8
PHY_81, 194.12, 122.4, 1.8
PHY_83, 194.12, 122.4, 1.8
FILLER_0_41_53, 34.64, 122.4, 1.8
FILLER_0_42_77, 34.64, 122.4, 1.8
FILLER_0_41_93, 47.44, 122.4, 1.8
_18_, 47.44, 122.4, 1.8
FILLER_0_40_136, 73.04, 122.4, 1.8
FILLER_0_41_161, 85.84, 122.4, 1.8
FILLER_0_40_189, 98.64, 122.4, 1.8
FILLER_0_41_217, 111.44, 122.4, 1.8
FILLER_0_40_245, 124.24, 122.4, 1.8
FILLER_0_41_273, 137.04, 122.4, 1.8
FILLER_0_40_301, 149.84, 122.4, 1.8
FILLER_0_41_329, 162.64, 122.4, 1.8
FILLER_0_41_385, 184.78, 122.4, 1.8
PHY_76, 5.52, 116.96, 1.8
PHY_78, 5.52, 116.96, 1.8
FILLER_0_38_401, 194.12, 116.96, 1.8
PHY_77, 194.12, 116.96, 1.8
PHY_79, 194.12, 116.96, 1.8
output91, 194.12, 116.96, 1.8
FILLER_0_39_51, 34.64, 116.96, 1.8
FILLER_0_40_77, 34.64, 116.96, 1.8
FILLER_0_39_105, 47.44, 116.96, 1.8
_37_, 47.44, 116.96, 1.8
FILLER_0_38_133, 73.04, 116.96, 1.8
FILLER_0_39_161, 85.84, 116.96, 1.8
FILLER_0_38_189, 98.64, 116.96, 1.8
FILLER_0_39_217, 111.44, 116.96, 1.8
FILLER_0_38_245, 124.24, 116.96, 1.8
FILLER_0_39_273, 137.04, 116.96, 1.8
FILLER_0_38_301, 149.84, 116.96, 1.8
FILLER_0_39_329, 162.64, 116.96, 1.8
FILLER_0_39_385, 184.78, 116.96, 1.8
FILLER_0_39_393, 184.78, 116.96, 1.8
PHY_72, 5.52, 111.52, 1.8
PHY_74, 5.52, 111.52, 1.8
output50, 5.52, 111.52, 1.8
PHY_73, 194.12, 111.52, 1.8
PHY_75, 194.12, 111.52, 1.8
output87, 194.12, 111.52, 1.8
_65_, 13.68, 111.52, 1.8
FILLER_0_38_77, 34.64, 111.52, 1.8
FILLER_0_37_105, 47.44, 111.52, 1.8
FILLER_0_36_133, 73.04, 111.52, 1.8
FILLER_0_37_161, 85.84, 111.52, 1.8
FILLER_0_36_189, 98.64, 111.52, 1.8
FILLER_0_37_217, 111.44, 111.52, 1.8
FILLER_0_36_245, 124.24, 111.52, 1.8
FILLER_0_37_273, 137.04, 111.52, 1.8
FILLER_0_36_301, 149.84, 111.52, 1.8
FILLER_0_37_329, 162.64, 111.52, 1.8
FILLER_0_36_389, 184.78, 111.52, 1.8
FILLER_0_37_385, 184.78, 111.52, 1.8
FILLER_0_36_3, 5.52, 106.08, 1.8
PHY_68, 5.52, 106.08, 1.8
PHY_70, 5.52, 106.08, 1.8
_22_, 5.52, 106.08, 1.8
input25, 5.52, 106.08, 1.8
FILLER_0_34_401, 194.12, 106.08, 1.8
PHY_69, 194.12, 106.08, 1.8
PHY_71, 194.12, 106.08, 1.8
FILLER_0_36_22, 13.68, 106.08, 1.8
FILLER_0_36_77, 34.64, 106.08, 1.8
FILLER_0_35_105, 47.44, 106.08, 1.8
FILLER_0_34_133, 73.04, 106.08, 1.8
FILLER_0_35_161, 85.84, 106.08, 1.8
FILLER_0_34_192, 98.64, 106.08, 1.8
_17_, 98.64, 106.08, 1.8
FILLER_0_35_217, 111.44, 106.08, 1.8
FILLER_0_34_245, 124.24, 106.08, 1.8
FILLER_0_35_273, 137.04, 106.08, 1.8
FILLER_0_34_301, 149.84, 106.08, 1.8
FILLER_0_35_329, 162.64, 106.08, 1.8
FILLER_0_35_385, 184.78, 106.08, 1.8
_36_, 184.78, 106.08, 1.8
FILLER_0_33_3, 5.52, 100.64, 1.8
PHY_64, 5.52, 100.64, 1.8
PHY_66, 5.52, 100.64, 1.8
PHY_65, 194.12, 100.64, 1.8
PHY_67, 194.12, 100.64, 1.8
input16, 194.12, 100.64, 1.8
FILLER_0_33_11, 13.68, 100.64, 1.8
_05_, 13.68, 100.64, 1.8
_15_, 13.68, 100.64, 1.8
FILLER_0_32_53, 34.64, 100.64, 1.8
FILLER_0_33_53, 34.64, 100.64, 1.8
FILLER_0_34_77, 34.64, 100.64, 1.8
_28_, 34.64, 100.64, 1.8
FILLER_0_33_105, 47.44, 100.64, 1.8
FILLER_0_32_133, 73.04, 100.64, 1.8
FILLER_0_33_161, 85.84, 100.64, 1.8
_32_, 85.84, 100.64, 1.8
FILLER_0_32_193, 98.64, 100.64, 1.8
FILLER_0_32_197, 98.64, 100.64, 1.8
FILLER_0_33_217, 111.44, 100.64, 1.8
FILLER_0_33_273, 137.04, 100.64, 1.8
FILLER_0_32_301, 149.84, 100.64, 1.8
FILLER_0_33_329, 162.64, 100.64, 1.8
_42_, 162.64, 100.64, 1.8
FILLER_0_32_389, 184.78, 100.64, 1.8
FILLER_0_33_384, 184.78, 100.64, 1.8
_48_, 184.78, 100.64, 1.8
PHY_60, 5.52, 95.2, 1.8
PHY_62, 5.52, 95.2, 1.8
output58, 5.52, 95.2, 1.8
FILLER_0_31_402, 194.12, 95.2, 1.8
PHY_61, 194.12, 95.2, 1.8
PHY_63, 194.12, 95.2, 1.8
output100, 194.12, 95.2, 1.8
FILLER_0_32_24, 13.68, 95.2, 1.8
_46_, 34.64, 95.2, 1.8
FILLER_0_31_105, 47.44, 95.2, 1.8
FILLER_0_30_133, 73.04, 95.2, 1.8
FILLER_0_31_161, 85.84, 95.2, 1.8
FILLER_0_30_189, 98.64, 95.2, 1.8
_34_, 98.64, 95.2, 1.8
_40_, 98.64, 95.2, 1.8
_43_, 98.64, 95.2, 1.8
FILLER_0_31_217, 111.44, 95.2, 1.8
FILLER_0_30_245, 124.24, 95.2, 1.8
FILLER_0_31_273, 137.04, 95.2, 1.8
FILLER_0_30_301, 149.84, 95.2, 1.8
FILLER_0_31_329, 162.64, 95.2, 1.8
FILLER_0_30_389, 184.78, 95.2, 1.8
FILLER_0_31_385, 184.78, 95.2, 1.8
FILLER_0_31_393, 184.78, 95.2, 1.8
_07_, 184.78, 95.2, 1.8
_30_, 184.78, 95.2, 1.8
PHY_56, 5.52, 89.76, 1.8
PHY_58, 5.52, 89.76, 1.8
input21, 5.52, 89.76, 1.8
FILLER_0_28_401, 194.12, 89.76, 1.8
FILLER_0_29_402, 194.12, 89.76, 1.8
PHY_57, 194.12, 89.76, 1.8
PHY_59, 194.12, 89.76, 1.8
FILLER_0_30_77, 34.64, 89.76, 1.8
FILLER_0_29_105, 47.44, 89.76, 1.8
FILLER_0_28_133, 73.04, 89.76, 1.8
FILLER_0_29_161, 85.84, 89.76, 1.8
FILLER_0_28_189, 98.64, 89.76, 1.8
FILLER_0_29_217, 111.44, 89.76, 1.8
FILLER_0_28_245, 124.24, 89.76, 1.8
FILLER_0_29_273, 137.04, 89.76, 1.8
FILLER_0_28_301, 149.84, 89.76, 1.8
FILLER_0_29_329, 162.64, 89.76, 1.8
FILLER_0_29_385, 184.78, 89.76, 1.8
FILLER_0_29_393, 184.78, 89.76, 1.8
_08_, 184.78, 89.76, 1.8
_49_, 184.78, 89.76, 1.8
FILLER_0_28_3, 5.52, 84.32, 1.8
PHY_52, 5.52, 84.32, 1.8
PHY_54, 5.52, 84.32, 1.8
_24_, 5.52, 84.32, 1.8
FILLER_0_26_401, 194.12, 84.32, 1.8
PHY_53, 194.12, 84.32, 1.8
PHY_55, 194.12, 84.32, 1.8
output60, 194.12, 84.32, 1.8
FILLER_0_28_22, 13.68, 84.32, 1.8
FILLER_0_27_51, 34.64, 84.32, 1.8
FILLER_0_28_77, 34.64, 84.32, 1.8
FILLER_0_27_105, 47.44, 84.32, 1.8
FILLER_0_26_133, 73.04, 84.32, 1.8
FILLER_0_27_161, 85.84, 84.32, 1.8
FILLER_0_26_189, 98.64, 84.32, 1.8
FILLER_0_27_217, 111.44, 84.32, 1.8
FILLER_0_26_245, 124.24, 84.32, 1.8
FILLER_0_27_273, 137.04, 84.32, 1.8
FILLER_0_26_301, 149.84, 84.32, 1.8
FILLER_0_27_329, 162.64, 84.32, 1.8
FILLER_0_27_385, 184.78, 84.32, 1.8
FILLER_0_27_393, 184.78, 84.32, 1.8
PHY_48, 5.52, 78.88, 1.8
PHY_50, 5.52, 78.88, 1.8
output67, 5.52, 78.88, 1.8
PHY_49, 194.12, 78.88, 1.8
PHY_51, 194.12, 78.88, 1.8
output41, 194.12, 78.88, 1.8
FILLER_0_26_21, 13.68, 78.88, 1.8
FILLER_0_25_51, 34.64, 78.88, 1.8
FILLER_0_25_105, 47.44, 78.88, 1.8
FILLER_0_24_133, 73.04, 78.88, 1.8
FILLER_0_25_161, 85.84, 78.88, 1.8
FILLER_0_24_189, 98.64, 78.88, 1.8
FILLER_0_25_217, 111.44, 78.88, 1.8
FILLER_0_24_245, 124.24, 78.88, 1.8
FILLER_0_25_273, 137.04, 78.88, 1.8
FILLER_0_24_301, 149.84, 78.88, 1.8
FILLER_0_25_329, 162.64, 78.88, 1.8
FILLER_0_25_385, 184.78, 78.88, 1.8
PHY_44, 5.52, 73.44, 1.8
PHY_46, 5.52, 73.44, 1.8
FILLER_0_22_401, 194.12, 73.44, 1.8
PHY_45, 194.12, 73.44, 1.8
PHY_47, 194.12, 73.44, 1.8
_39_, 13.68, 73.44, 1.8
FILLER_0_23_51, 34.64, 73.44, 1.8
FILLER_0_24_77, 34.64, 73.44, 1.8
FILLER_0_23_105, 47.44, 73.44, 1.8
FILLER_0_22_133, 73.04, 73.44, 1.8
FILLER_0_23_161, 85.84, 73.44, 1.8
FILLER_0_22_189, 98.64, 73.44, 1.8
FILLER_0_23_217, 111.44, 73.44, 1.8
FILLER_0_22_245, 124.24, 73.44, 1.8
FILLER_0_23_273, 137.04, 73.44, 1.8
FILLER_0_22_301, 149.84, 73.44, 1.8
FILLER_0_23_317, 149.84, 73.44, 1.8
_58_, 149.84, 73.44, 1.8
FILLER_0_23_330, 162.64, 73.44, 1.8
FILLER_0_23_385, 184.78, 73.44, 1.8
PHY_40, 5.52, 68, 1.8
PHY_42, 5.52, 68, 1.8
output90, 5.52, 68, 1.8
FILLER_0_20_402, 194.12, 68, 1.8
PHY_41, 194.12, 68, 1.8
PHY_43, 194.12, 68, 1.8
output66, 194.12, 68, 1.8
FILLER_0_22_24, 13.68, 68, 1.8
FILLER_0_21_51, 34.64, 68, 1.8
FILLER_0_22_77, 34.64, 68, 1.8
FILLER_0_21_105, 47.44, 68, 1.8
FILLER_0_20_133, 73.04, 68, 1.8
FILLER_0_21_161, 85.84, 68, 1.8
FILLER_0_20_189, 98.64, 68, 1.8
FILLER_0_21_217, 111.44, 68, 1.8
FILLER_0_20_245, 124.24, 68, 1.8
FILLER_0_21_273, 137.04, 68, 1.8
FILLER_0_20_301, 149.84, 68, 1.8
FILLER_0_21_329, 162.64, 68, 1.8
FILLER_0_20_389, 184.78, 68, 1.8
FILLER_0_21_385, 184.78, 68, 1.8
FILLER_0_21_393, 184.78, 68, 1.8
PHY_36, 5.52, 62.56, 1.8
PHY_38, 5.52, 62.56, 1.8
output77, 5.52, 62.56, 1.8
FILLER_0_18_401, 194.12, 62.56, 1.8
FILLER_0_19_404, 194.12, 62.56, 1.8
PHY_37, 194.12, 62.56, 1.8
PHY_39, 194.12, 62.56, 1.8
FILLER_0_20_21, 13.68, 62.56, 1.8
FILLER_0_19_51, 34.64, 62.56, 1.8
FILLER_0_20_77, 34.64, 62.56, 1.8
FILLER_0_19_105, 47.44, 62.56, 1.8
FILLER_0_18_133, 73.04, 62.56, 1.8
FILLER_0_19_161, 85.84, 62.56, 1.8
FILLER_0_18_189, 98.64, 62.56, 1.8
FILLER_0_19_217, 111.44, 62.56, 1.8
FILLER_0_18_245, 124.24, 62.56, 1.8
FILLER_0_19_273, 137.04, 62.56, 1.8
FILLER_0_18_301, 149.84, 62.56, 1.8
FILLER_0_19_329, 162.64, 62.56, 1.8
FILLER_0_19_385, 184.78, 62.56, 1.8
FILLER_0_19_396, 184.78, 62.56, 1.8
_13_, 184.78, 62.56, 1.8
_57_, 184.78, 62.56, 1.8
PHY_32, 5.52, 57.12, 1.8
PHY_34, 5.52, 57.12, 1.8
FILLER_0_16_401, 194.12, 57.12, 1.8
FILLER_0_17_401, 194.12, 57.12, 1.8
PHY_33, 194.12, 57.12, 1.8
PHY_35, 194.12, 57.12, 1.8
input4, 194.12, 57.12, 1.8
FILLER_0_17_51, 34.64, 57.12, 1.8
FILLER_0_18_77, 34.64, 57.12, 1.8
FILLER_0_17_105, 47.44, 57.12, 1.8
FILLER_0_16_133, 73.04, 57.12, 1.8
FILLER_0_17_161, 85.84, 57.12, 1.8
FILLER_0_16_189, 98.64, 57.12, 1.8
FILLER_0_17_217, 111.44, 57.12, 1.8
FILLER_0_16_245, 124.24, 57.12, 1.8
FILLER_0_17_273, 137.04, 57.12, 1.8
FILLER_0_16_301, 149.84, 57.12, 1.8
FILLER_0_17_329, 162.64, 57.12, 1.8
_47_, 162.64, 57.12, 1.8
FILLER_0_17_385, 184.78, 57.12, 1.8
FILLER_0_17_393, 184.78, 57.12, 1.8
PHY_28, 5.52, 51.68, 1.8
PHY_30, 5.52, 51.68, 1.8
output98, 5.52, 51.68, 1.8
FILLER_0_14_401, 194.12, 51.68, 1.8
PHY_29, 194.12, 51.68, 1.8
PHY_31, 194.12, 51.68, 1.8
output61, 194.12, 51.68, 1.8
FILLER_0_16_21, 13.68, 51.68, 1.8
FILLER_0_15_51, 34.64, 51.68, 1.8
FILLER_0_16_77, 34.64, 51.68, 1.8
FILLER_0_15_105, 47.44, 51.68, 1.8
FILLER_0_14_133, 73.04, 51.68, 1.8
FILLER_0_15_161, 85.84, 51.68, 1.8
FILLER_0_14_189, 98.64, 51.68, 1.8
FILLER_0_15_217, 111.44, 51.68, 1.8
FILLER_0_14_245, 124.24, 51.68, 1.8
FILLER_0_15_273, 137.04, 51.68, 1.8
FILLER_0_14_301, 149.84, 51.68, 1.8
FILLER_0_16_321, 149.84, 51.68, 1.8
FILLER_0_15_329, 162.64, 51.68, 1.8
FILLER_0_15_349, 162.64, 51.68, 1.8
FILLER_0_15_384, 184.78, 51.68, 1.8
FILLER_0_15_393, 184.78, 51.68, 1.8
_50_, 184.78, 51.68, 1.8
PHY_24, 5.52, 46.24, 1.8
PHY_26, 5.52, 46.24, 1.8
output86, 5.52, 46.24, 1.8
PHY_25, 194.12, 46.24, 1.8
PHY_27, 194.12, 46.24, 1.8
output33, 194.12, 46.24, 1.8
FILLER_0_14_21, 13.68, 46.24, 1.8
FILLER_0_13_51, 34.64, 46.24, 1.8
FILLER_0_13_105, 47.44, 46.24, 1.8
FILLER_0_12_133, 73.04, 46.24, 1.8
FILLER_0_13_161, 85.84, 46.24, 1.8
FILLER_0_12_189, 98.64, 46.24, 1.8
FILLER_0_13_217, 111.44, 46.24, 1.8
FILLER_0_12_245, 124.24, 46.24, 1.8
FILLER_0_13_273, 137.04, 46.24, 1.8
FILLER_0_12_301, 149.84, 46.24, 1.8
FILLER_0_13_329, 162.64, 46.24, 1.8
FILLER_0_12_389, 184.78, 46.24, 1.8
FILLER_0_13_385, 184.78, 46.24, 1.8
PHY_20, 5.52, 40.8, 1.8
PHY_22, 5.52, 40.8, 1.8
output75, 5.52, 40.8, 1.8
FILLER_0_10_401, 194.12, 40.8, 1.8
PHY_21, 194.12, 40.8, 1.8
PHY_23, 194.12, 40.8, 1.8
FILLER_0_11_53, 34.64, 40.8, 1.8
FILLER_0_12_77, 34.64, 40.8, 1.8
FILLER_0_11_105, 47.44, 40.8, 1.8
FILLER_0_10_133, 73.04, 40.8, 1.8
FILLER_0_11_161, 85.84, 40.8, 1.8
FILLER_0_10_189, 98.64, 40.8, 1.8
FILLER_0_11_217, 111.44, 40.8, 1.8
FILLER_0_10_245, 124.24, 40.8, 1.8
FILLER_0_11_273, 137.04, 40.8, 1.8
FILLER_0_10_301, 149.84, 40.8, 1.8
FILLER_0_11_329, 162.64, 40.8, 1.8
FILLER_0_11_385, 184.78, 40.8, 1.8
_02_, 184.78, 40.8, 1.8
PHY_16, 5.52, 35.36, 1.8
PHY_18, 5.52, 35.36, 1.8
FILLER_0_8_401, 194.12, 35.36, 1.8
PHY_17, 194.12, 35.36, 1.8
PHY_19, 194.12, 35.36, 1.8
output49, 194.12, 35.36, 1.8
FILLER_0_10_77, 34.64, 35.36, 1.8
FILLER_0_9_51, 34.64, 35.36, 1.8
FILLER_0_9_105, 47.44, 35.36, 1.8
FILLER_0_8_133, 73.04, 35.36, 1.8
FILLER_0_9_161, 85.84, 35.36, 1.8
FILLER_0_8_189, 98.64, 35.36, 1.8
FILLER_0_9_217, 111.44, 35.36, 1.8
FILLER_0_8_245, 124.24, 35.36, 1.8
FILLER_0_9_273, 137.04, 35.36, 1.8
FILLER_0_8_305, 149.84, 35.36, 1.8
FILLER_0_9_329, 162.64, 35.36, 1.8
FILLER_0_9_385, 184.78, 35.36, 1.8
FILLER_0_9_393, 184.78, 35.36, 1.8
PHY_12, 5.52, 29.92, 1.8
PHY_14, 5.52, 29.92, 1.8
output47, 5.52, 29.92, 1.8
FILLER_0_6_401, 194.12, 29.92, 1.8
PHY_13, 194.12, 29.92, 1.8
PHY_15, 194.12, 29.92, 1.8
input23, 194.12, 29.92, 1.8
FILLER_0_7_21, 13.68, 29.92, 1.8
_62_, 13.68, 29.92, 1.8
FILLER_0_7_53, 34.64, 29.92, 1.8
FILLER_0_8_77, 34.64, 29.92, 1.8
FILLER_0_7_105, 47.44, 29.92, 1.8
FILLER_0_6_133, 73.04, 29.92, 1.8
FILLER_0_7_161, 85.84, 29.92, 1.8
FILLER_0_6_189, 98.64, 29.92, 1.8
FILLER_0_7_217, 111.44, 29.92, 1.8
FILLER_0_6_245, 124.24, 29.92, 1.8
FILLER_0_7_273, 137.04, 29.92, 1.8
FILLER_0_8_289, 137.04, 29.92, 1.8
FILLER_0_8_297, 137.04, 29.92, 1.8
_64_, 137.04, 29.92, 1.8
FILLER_0_6_301, 149.84, 29.92, 1.8
FILLER_0_7_329, 162.64, 29.92, 1.8
FILLER_0_7_385, 184.78, 29.92, 1.8
PHY_10, 5.52, 24.48, 1.8
PHY_8, 5.52, 24.48, 1.8
output36, 5.52, 24.48, 1.8
FILLER_0_4_401, 194.12, 24.48, 1.8
PHY_11, 194.12, 24.48, 1.8
PHY_9, 194.12, 24.48, 1.8
FILLER_0_5_53, 34.64, 24.48, 1.8
FILLER_0_6_77, 34.64, 24.48, 1.8
FILLER_0_5_105, 47.44, 24.48, 1.8
FILLER_0_4_133, 73.04, 24.48, 1.8
FILLER_0_5_161, 85.84, 24.48, 1.8
FILLER_0_4_189, 98.64, 24.48, 1.8
FILLER_0_5_193, 98.64, 24.48, 1.8
_23_, 98.64, 24.48, 1.8
FILLER_0_4_245, 124.24, 24.48, 1.8
FILLER_0_5_273, 137.04, 24.48, 1.8
FILLER_0_4_301, 149.84, 24.48, 1.8
FILLER_0_5_329, 162.64, 24.48, 1.8
FILLER_0_5_385, 184.78, 24.48, 1.8
FILLER_0_3_3, 5.52, 19.04, 1.8
FILLER_0_4_3, 5.52, 19.04, 1.8
PHY_4, 5.52, 19.04, 1.8
PHY_6, 5.52, 19.04, 1.8
_20_, 5.52, 19.04, 1.8
_53_, 5.52, 19.04, 1.8
PHY_5, 194.12, 19.04, 1.8
PHY_7, 194.12, 19.04, 1.8
output85, 194.12, 19.04, 1.8
FILLER_0_4_22, 13.68, 19.04, 1.8
_63_, 13.68, 19.04, 1.8
FILLER_0_3_50, 34.64, 19.04, 1.8
FILLER_0_4_77, 34.64, 19.04, 1.8
FILLER_0_3_105, 47.44, 19.04, 1.8
FILLER_0_2_133, 73.04, 19.04, 1.8
FILLER_0_3_161, 85.84, 19.04, 1.8
FILLER_0_2_189, 98.64, 19.04, 1.8
FILLER_0_3_217, 111.44, 19.04, 1.8
FILLER_0_2_245, 124.24, 19.04, 1.8
FILLER_0_3_273, 137.04, 19.04, 1.8
FILLER_0_2_301, 149.84, 19.04, 1.8
FILLER_0_3_329, 162.64, 19.04, 1.8
FILLER_0_2_389, 184.78, 19.04, 1.8
FILLER_0_3_385, 184.78, 19.04, 1.8
PHY_0, 5.52, 13.6, 1.8
PHY_2, 5.52, 13.6, 1.8
output51, 5.52, 13.6, 1.8
output80, 5.52, 13.6, 1.8
PHY_1, 194.12, 13.6, 1.8
PHY_3, 194.12, 13.6, 1.8
output44, 194.12, 13.6, 1.8
FILLER_0_0_23, 13.68, 13.6, 1.8
FILLER_0_1_13, 13.68, 13.6, 1.8
_29_, 13.68, 13.6, 1.8
input10, 13.68, 13.6, 1.8
output57, 13.68, 13.6, 1.8
output73, 13.68, 13.6, 1.8
FILLER_0_0_53, 34.64, 13.6, 1.8
FILLER_0_0_63, 34.64, 13.6, 1.8
FILLER_0_2_77, 34.64, 13.6, 1.8
output79, 34.64, 13.6, 1.8
output88, 34.64, 13.6, 1.8
FILLER_0_0_104, 47.44, 13.6, 1.8
FILLER_0_0_79, 47.44, 13.6, 1.8
FILLER_0_0_93, 47.44, 13.6, 1.8
FILLER_0_1_102, 47.44, 13.6, 1.8
FILLER_0_1_81, 47.44, 13.6, 1.8
_55_, 47.44, 13.6, 1.8
_66_, 47.44, 13.6, 1.8
input7, 47.44, 13.6, 1.8
output38, 47.44, 13.6, 1.8
FILLER_0_0_113, 60.24, 13.6, 1.8
FILLER_0_1_113, 60.24, 13.6, 1.8
_38_, 60.24, 13.6, 1.8
output89, 60.24, 13.6, 1.8
FILLER_0_0_147, 73.04, 13.6, 1.8
FILLER_0_0_160, 73.04, 13.6, 1.8
FILLER_0_1_158, 73.04, 13.6, 1.8
input8, 73.04, 13.6, 1.8
output48, 73.04, 13.6, 1.8
_19_, 85.84, 13.6, 1.8
output83, 85.84, 13.6, 1.8
FILLER_0_0_189, 98.64, 13.6, 1.8
FILLER_0_0_203, 98.64, 13.6, 1.8
FILLER_0_1_197, 98.64, 13.6, 1.8
_41_, 98.64, 13.6, 1.8
output70, 98.64, 13.6, 1.8
output72, 98.64, 13.6, 1.8
FILLER_0_0_231, 111.44, 13.6, 1.8
FILLER_0_1_220, 111.44, 13.6, 1.8
_21_, 111.44, 13.6, 1.8
output74, 111.44, 13.6, 1.8
output92, 111.44, 13.6, 1.8
FILLER_0_0_247, 124.24, 13.6, 1.8
FILLER_0_1_253, 124.24, 13.6, 1.8
_14_, 124.24, 13.6, 1.8
output56, 124.24, 13.6, 1.8
FILLER_0_0_273, 137.04, 13.6, 1.8
FILLER_0_0_287, 137.04, 13.6, 1.8
FILLER_0_1_276, 137.04, 13.6, 1.8
FILLER_0_1_281, 137.04, 13.6, 1.8
FILLER_0_1_291, 137.04, 13.6, 1.8
_09_, 137.04, 13.6, 1.8
output62, 137.04, 13.6, 1.8
output97, 137.04, 13.6, 1.8
FILLER_0_0_315, 149.84, 13.6, 1.8
FILLER_0_1_316, 149.84, 13.6, 1.8
_01_, 149.84, 13.6, 1.8
_26_, 149.84, 13.6, 1.8
output54, 149.84, 13.6, 1.8
output68, 149.84, 13.6, 1.8
FILLER_0_0_331, 162.64, 13.6, 1.8
FILLER_0_0_354, 162.64, 13.6, 1.8
input9, 162.64, 13.6, 1.8
FILLER_0_1_385, 184.78, 13.6, 1.8
FILLER_0_2_399, 184.78, 13.6, 1.8
_11_, 184.78, 13.6, 1.8
input20, 184.78, 13.6, 1.8
output40, 184.78, 13.6, 1.8
output64, 184.78, 13.6, 1.8

