CVC: Log output to /headless/Desktop/FINAL_PROJECT/OPENLANE_digital_flow/instruction_coder/runs/instruction_coder_flow/reports/signoff/instruction_coder.rpt
CVC: Error output to /headless/Desktop/FINAL_PROJECT/OPENLANE_digital_flow/instruction_coder/runs/instruction_coder_flow/reports/signoff/instruction_coder.rpt.error.gz
CVC: Debug output to /headless/Desktop/FINAL_PROJECT/OPENLANE_digital_flow/instruction_coder/runs/instruction_coder_flow/reports/signoff/instruction_coder.rpt.debug.gz
CVC: Circuit Validation Check  Version 1.1.4
CVC: Start: Wed Oct 18 11:28:38 2023

Using the following parameters for CVC (Circuit Validation Check) from /foss/pdks/sky130A/libs.tech/openlane/cvc/cvcrc
CVC_TOP = 'instruction_coder'
CVC_NETLIST = '/headless/Desktop/FINAL_PROJECT/OPENLANE_digital_flow/instruction_coder/runs/instruction_coder_flow/tmp/signoff/instruction_coder.cdl'
CVC_MODE = 'instruction_coder'
CVC_MODEL_FILE = '/foss/pdks/sky130A/libs.tech/openlane/cvc/models'
CVC_POWER_FILE = '/headless/Desktop/FINAL_PROJECT/OPENLANE_digital_flow/instruction_coder/runs/instruction_coder_flow/tmp/signoff/instruction_coder.power'
CVC_FUSE_FILE = ''
CVC_REPORT_FILE = '/headless/Desktop/FINAL_PROJECT/OPENLANE_digital_flow/instruction_coder/runs/instruction_coder_flow/reports/signoff/instruction_coder.rpt'
CVC_REPORT_TITLE = 'CVC $CVC_TOP'
CVC_CIRCUIT_ERROR_LIMIT = '100'
CVC_SEARCH_LIMIT = '100'
CVC_LEAK_LIMIT = '0.0002'
CVC_SOI = 'false'
CVC_SCRC = 'false'
CVC_VTH_GATES = 'false'
CVC_MIN_VTH_GATES = 'false'
CVC_IGNORE_VTH_FLOATING = 'false'
CVC_IGNORE_NO_LEAK_FLOATING = 'false'
CVC_LEAK_OVERVOLTAGE = 'true'
CVC_LOGIC_DIODES = 'false'
CVC_ANALOG_GATES = 'true'
CVC_BACKUP_RESULTS = 'false'
CVC_MOS_DIODE_ERROR_THRESHOLD = '0'
CVC_SHORT_ERROR_THRESHOLD = '0'
CVC_BIAS_ERROR_THRESHOLD = '0'
CVC_FORWARD_ERROR_THRESHOLD = '0'
CVC_FLOATING_ERROR_THRESHOLD = '0'
CVC_GATE_ERROR_THRESHOLD = '0'
CVC_LEAK?_ERROR_THRESHOLD = '0'
CVC_EXPECTED_ERROR_THRESHOLD = '0'
CVC_OVERVOLTAGE_ERROR_THRESHOLD = '0'
CVC_PARALLEL_CIRCUIT_PORT_LIMIT = '0'
CVC_CELL_ERROR_LIMIT_FILE = ''
CVC_CELL_CHECKSUM_FILE = ''
CVC_LARGE_CIRCUIT_SIZE = '10000000'
CVC_NET_CHECK_FILE = ''
CVC_MODEL_CHECK_FILE = ''
End of parameters

CVC: Reading device model settings...
CVC: Reading power settings...
CVC: Parsing netlist /headless/Desktop/FINAL_PROJECT/OPENLANE_digital_flow/instruction_coder/runs/instruction_coder_flow/tmp/signoff/instruction_coder.cdl
Cdl fixed data size 71167
Usage CDL: Time: 0  Memory: 11260  I/O: 8  Swap: 0
CVC: Counting and linking...
