OpenROAD v2.0-8236-g9a713f0e8 
This program is licensed under the BSD-3 license. See the LICENSE file for details.
Components of this program may be licensed under more restrictive licenses which must be honored.
[INFO ODB-0222] Reading LEF file: /headless/Desktop/FINAL_PROJECT/OPENLANE_digital_flow/control_unity/runs/control_unity_flow/tmp/merged.nom.lef
[WARNING ODB-0220] WARNING (LEFPARS-2036): SOURCE statement is obsolete in version 5.6 and later.
The LEF parser will ignore this statement.
To avoid this warning in the future, remove this statement from the LEF file with version 5.6 or later. See file /headless/Desktop/FINAL_PROJECT/OPENLANE_digital_flow/control_unity/runs/control_unity_flow/tmp/merged.nom.lef at line 930.

[INFO ODB-0223]     Created 13 technology layers
[INFO ODB-0224]     Created 25 technology vias
[INFO ODB-0225]     Created 441 library cells
[INFO ODB-0226] Finished LEF file:  /headless/Desktop/FINAL_PROJECT/OPENLANE_digital_flow/control_unity/runs/control_unity_flow/tmp/merged.nom.lef
[INFO ODB-0127] Reading DEF file: /headless/Desktop/FINAL_PROJECT/OPENLANE_digital_flow/control_unity/runs/control_unity_flow/results/routing/control_unity.def
[INFO ODB-0128] Design: control_unity
[INFO ODB-0130]     Created 33 pins.
[INFO ODB-0131]     Created 3510 components and 13405 component-terminals.
[INFO ODB-0132]     Created 2 special nets and 13102 connections.
[INFO ODB-0133]     Created 118 nets and 303 connections.
[INFO ODB-0134] Finished DEF file: /headless/Desktop/FINAL_PROJECT/OPENLANE_digital_flow/control_unity/runs/control_unity_flow/results/routing/control_unity.def
define_corners Typical
read_liberty -corner Typical /foss/pdks/sky130A/libs.ref/sky130_fd_sc_hd/lib/sky130_fd_sc_hd__tt_025C_1v80.lib
Using RCX ruleset '/foss/pdks/sky130A/libs.tech/openlane/rules.openrcx.sky130A.nom.calibre'...
[INFO RCX-0431] Defined process_corner X with ext_model_index 0
[INFO RCX-0029] Defined extraction corner X
[INFO RCX-0008] extracting parasitics of control_unity ...
[INFO RCX-0435] Reading extraction model file /foss/pdks/sky130A/libs.tech/openlane/rules.openrcx.sky130A.nom.calibre ...
[INFO RCX-0436] RC segment generation control_unity (max_merge_res 50.0) ...
[INFO RCX-0040] Final 391 rc segments
[INFO RCX-0439] Coupling Cap extraction control_unity ...
[INFO RCX-0440] Coupling threshhold is 0.1000 fF, coupling capacitance less than 0.1000 fF will be grounded.
[INFO RCX-0043] 808 wires to be extracted
[INFO RCX-0442] 65% completion -- 532 wires have been extracted
[INFO RCX-0442] 100% completion -- 808 wires have been extracted
[INFO RCX-0045] Extract 118 nets, 509 rsegs, 509 caps, 472 ccs
[INFO RCX-0015] Finished extracting control_unity.
Writing result to /headless/Desktop/FINAL_PROJECT/OPENLANE_digital_flow/control_unity/runs/control_unity_flow/results/routing/mca/process_corner_nom/control_unity.spef...
Setting global connections for newly added cells…
[WARNING] Did not save OpenROAD database!
Writing extracted parasitics to '/headless/Desktop/FINAL_PROJECT/OPENLANE_digital_flow/control_unity/runs/control_unity_flow/results/routing/mca/process_corner_nom/control_unity.spef'…
[INFO RCX-0016] Writing SPEF ...
[INFO RCX-0443] 118 nets finished
[INFO RCX-0017] Finished writing SPEF ...
