OpenSTA 2.4.0 555493cba6 Copyright (c) 2021, Parallax Software, Inc.
License GPLv3: GNU GPL version 3 <http://gnu.org/licenses/gpl.html>

This is free software, and you are free to change and redistribute it
under certain conditions; type `show_copying' for details. 
This program comes with ABSOLUTELY NO WARRANTY; for details type `show_warranty'.
define_corners Typical
read_liberty -corner Typical /foss/pdks/sky130A/libs.ref/sky130_fd_sc_hd/lib/sky130_fd_sc_hd__tt_025C_1v80.lib
Reading netlist '/headless/Desktop/FINAL_PROJECT/OPENLANE_digital_flow/control_unity/runs/control_unity_flow/results/routing/control_unity.nl.v'…
Warning: /headless/Desktop/FINAL_PROJECT/OPENLANE_digital_flow/control_unity/runs/control_unity_flow/results/routing/control_unity.nl.v line 485, module sky130_fd_sc_hd__tapvpwrvgnd_1 not found. Creating black box for TAP_130.
Warning: /headless/Desktop/FINAL_PROJECT/OPENLANE_digital_flow/control_unity/runs/control_unity_flow/results/routing/control_unity.nl.v line 1016, module sky130_ef_sc_hd__decap_12 not found. Creating black box for FILLER_0_0_9.
Warning: /headless/Desktop/FINAL_PROJECT/OPENLANE_digital_flow/control_unity/runs/control_unity_flow/results/routing/control_unity.nl.v line 1018, module sky130_fd_sc_hd__fill_1 not found. Creating black box for FILLER_0_0_27.
Warning: /headless/Desktop/FINAL_PROJECT/OPENLANE_digital_flow/control_unity/runs/control_unity_flow/results/routing/control_unity.nl.v line 1047, module sky130_fd_sc_hd__fill_2 not found. Creating black box for FILLER_0_0_278.
min_report

===========================================================================
report_checks -path_delay min (Hold)
============================================================================
======================= Typical Corner ===================================

No paths found.

min_report_end
max_report

===========================================================================
report_checks -path_delay max (Setup)
============================================================================
======================= Typical Corner ===================================

No paths found.

max_report_end
checks_report

===========================================================================
report_checks -unconstrained
===========================================================================
======================= Typical Corner ===================================

Startpoint: opcode[1] (input port clocked by __VIRTUAL_CLK__)
Endpoint: _112_ (negative level-sensitive latch)
Path Group: unconstrained
Path Type: max

Fanout     Cap    Slew   Delay    Time   Description
-----------------------------------------------------------------------------
                          2.00    2.00 ^ input external delay
                  0.02    0.01    2.01 ^ opcode[1] (in)
     1    0.00                           opcode[1] (net)
                  0.02    0.00    2.01 ^ input12/A (sky130_fd_sc_hd__buf_1)
                  0.18    0.18    2.19 ^ input12/X (sky130_fd_sc_hd__buf_1)
     1    0.01                           net12 (net)
                  0.18    0.00    2.19 ^ _059_/C_N (sky130_fd_sc_hd__or4bb_4)
                  0.12    0.63    2.82 v _059_/X (sky130_fd_sc_hd__or4bb_4)
     5    0.02                           _022_ (net)
                  0.12    0.00    2.82 v _078_/D (sky130_fd_sc_hd__or4_4)
                  0.12    0.51    3.34 v _078_/X (sky130_fd_sc_hd__or4_4)
     5    0.02                           _039_ (net)
                  0.12    0.00    3.34 v _079_/B1 (sky130_fd_sc_hd__a21oi_2)
                  0.18    0.21    3.55 ^ _079_/Y (sky130_fd_sc_hd__a21oi_2)
     3    0.01                           _040_ (net)
                  0.18    0.00    3.55 ^ _089_/B (sky130_fd_sc_hd__or2_1)
                  0.04    0.13    3.68 ^ _089_/X (sky130_fd_sc_hd__or2_1)
     1    0.00                           _045_ (net)
                  0.04    0.00    3.68 ^ _090_/A (sky130_fd_sc_hd__clkbuf_1)
                  0.07    0.10    3.78 ^ _090_/X (sky130_fd_sc_hd__clkbuf_1)
     2    0.01                           _013_ (net)
                  0.07    0.00    3.78 ^ _112_/D (sky130_fd_sc_hd__dlxtn_1)
                                  3.78   data arrival time
-----------------------------------------------------------------------------
(Path is unconstrained)




===========================================================================
report_checks --slack_max -0.01
============================================================================
======================= Typical Corner ===================================

No paths found.


===========================================================================
 report_check_types -max_slew -max_cap -max_fanout -violators
============================================================================
======================= Typical Corner ===================================



===========================================================================
report_parasitic_annotation -report_unannotated
============================================================================
Found 0 unannotated drivers.
Found 0 partially unannotated drivers.

===========================================================================
max slew violation count 0
max fanout violation count 0
max cap violation count 0
============================================================================

===========================================================================
check_setup -verbose -unconstrained_endpoints -multiple_clock -no_clock -no_input_delay -loops -generated_clocks
===========================================================================
Warning: There are 14 unclocked register/latch pins.
  _112_/GATE_N
  _113_/GATE_N
  _114_/GATE_N
  _115_/GATE_N
  _116_/GATE_N
  _117_/GATE_N
  _118_/GATE_N
  _119_/GATE_N
  _120_/GATE_N
  _121_/GATE_N
  _122_/GATE_N
  _123_/GATE_N
  _124_/GATE_N
  _125_/GATE_N
Warning: There are 28 unconstrained endpoints.
  alu_control[0]
  alu_control[1]
  alu_control[2]
  alu_control[3]
  alu_mux_in
  alu_mux_out
  br_enable
  br_mux_inv
  databus[0]
  databus[1]
  databus[2]
  imm_rd
  ram_w_enable
  register_w_enable
  _112_/D
  _113_/D
  _114_/D
  _115_/D
  _116_/D
  _117_/D
  _118_/D
  _119_/D
  _120_/D
  _121_/D
  _122_/D
  _123_/D
  _124_/D
  _125_/D
checks_report_end
power_report

===========================================================================
 report_power
============================================================================
======================= Typical Corner ===================================

Group                  Internal  Switching    Leakage      Total
                          Power      Power      Power      Power (Watts)
----------------------------------------------------------------
Sequential             4.75e-06   3.04e-06   1.14e-10   7.78e-06  30.4%
Combinational          6.75e-06   1.11e-05   2.29e-09   1.78e-05  69.6%
Macro                  0.00e+00   0.00e+00   0.00e+00   0.00e+00   0.0%
Pad                    0.00e+00   0.00e+00   0.00e+00   0.00e+00   0.0%
----------------------------------------------------------------
Total                  1.15e-05   1.41e-05   2.40e-09   2.56e-05 100.0%
                          44.8%      55.1%       0.0%

power_report_end
summary_report

===========================================================================
report_tns
============================================================================
tns 0.00

===========================================================================
report_wns
============================================================================
wns 0.00

===========================================================================
report_worst_slack -max (Setup)
============================================================================
worst slack INF

===========================================================================
report_worst_slack -min (Hold)
============================================================================
worst slack INF
summary_report_end
[WARNING] Did not save OpenROAD database!
Writing SDF to '/headless/Desktop/FINAL_PROJECT/OPENLANE_digital_flow/control_unity/runs/control_unity_flow/results/routing/mca/process_corner_nom/control_unity.sdf'…
Writing timing model to '/headless/Desktop/FINAL_PROJECT/OPENLANE_digital_flow/control_unity/runs/control_unity_flow/results/routing/mca/process_corner_nom/control_unity.lib'…
