
Magic 8.3 revision 394 - Compiled on Sat Jun  3 09:45:43 AM CEST 2023.
Starting magic under Tcl interpreter
Using the terminal as the console.
Using NULL graphics device.
Processing system .magicrc file
Sourcing design .magicrc for technology sky130A ...
2 Magic internal units = 1 Lambda
Input style sky130(): scaleFactor=2, multiplier=2
The following types are not handled by extraction and will be treated as non-electrical types:
    ubm 
Scaled tech values by 2 / 1 to match internal grid scaling
Loading sky130A Device Generator Menu ...
Using technology "sky130A", version 1.0.414-0-gaf34855
Warning: Calma reading is not undoable!  I hope that's OK.
Library written using GDS-II Release 3.0
Library name: control_unity
Reading "sky130_ef_sc_hd__decap_12".
Reading "sky130_fd_sc_hd__decap_3".
Reading "sky130_fd_sc_hd__clkbuf_4".
Reading "sky130_fd_sc_hd__decap_6".
Reading "sky130_fd_sc_hd__fill_1".
Reading "sky130_fd_sc_hd__decap_8".
Reading "sky130_fd_sc_hd__tapvpwrvgnd_1".
Reading "sky130_fd_sc_hd__dlymetal6s2s_1".
Reading "sky130_fd_sc_hd__decap_4".
Reading "sky130_fd_sc_hd__buf_1".
Reading "sky130_fd_sc_hd__buf_2".
Reading "sky130_fd_sc_hd__fill_2".
Reading "sky130_fd_sc_hd__clkbuf_2".
Reading "sky130_fd_sc_hd__dlxtn_1".
Reading "sky130_fd_sc_hd__nor2_1".
Reading "sky130_fd_sc_hd__or3b_1".
Reading "sky130_fd_sc_hd__inv_2".
Reading "sky130_fd_sc_hd__a21o_1".
Reading "sky130_fd_sc_hd__a22o_1".
Reading "sky130_fd_sc_hd__nor3_1".
Reading "sky130_fd_sc_hd__clkbuf_1".
Reading "sky130_fd_sc_hd__or4_1".
Reading "sky130_fd_sc_hd__or3_2".
Reading "sky130_fd_sc_hd__o32a_1".
Reading "sky130_fd_sc_hd__and4b_1".
Reading "sky130_fd_sc_hd__a21oi_2".
Reading "sky130_fd_sc_hd__nand3b_1".
Reading "sky130_fd_sc_hd__nand2_1".
Reading "sky130_fd_sc_hd__and4_1".
Reading "sky130_fd_sc_hd__and2_1".
Reading "sky130_fd_sc_hd__a32o_1".
Reading "sky130_fd_sc_hd__or3_1".
Reading "sky130_fd_sc_hd__or2_1".
Reading "sky130_fd_sc_hd__o21ai_2".
Reading "sky130_fd_sc_hd__o21ai_1".
Reading "sky130_fd_sc_hd__a21oi_1".
Reading "sky130_fd_sc_hd__o21a_1".
Reading "sky130_fd_sc_hd__a21bo_1".
Reading "sky130_fd_sc_hd__or2b_1".
Reading "sky130_fd_sc_hd__or4_4".
Reading "sky130_fd_sc_hd__a22oi_1".
Reading "sky130_fd_sc_hd__a2111oi_2".
Reading "sky130_fd_sc_hd__or3b_2".
Reading "sky130_fd_sc_hd__and3_1".
Reading "sky130_fd_sc_hd__or4bb_4".
Reading "control_unity".
[INFO]: Writing abstract LEF
Generating LEF output /headless/Desktop/FINAL_PROJECT/OPENLANE_digital_flow/control_unity/runs/control_unity_flow/results/signoff/control_unity.lef for cell control_unity:
Diagnostic:  Write LEF header for cell control_unity
Diagnostic:  Writing LEF output for cell control_unity
Diagnostic:  Scale value is 0.005000
[INFO]: LEF Write Complete
