[INFO]: Saving runtime environment...
[INFO]: Preparing LEF files for the nom corner...
[INFO]: Preparing LEF files for the min corner...
[INFO]: Preparing LEF files for the max corner...
[INFO]: Running Verilator (log: sistem/runs/sistem_flow/logs/synthesis/verilator.log)...
[INFO]: 0 errors found by Verilator
[INFO]: 0 warnings found by Verilator
[INFO]: Running Synthesis (log: sistem/runs/sistem_flow/logs/synthesis/1-synthesis.log)...
[INFO]: Running Single-Corner Static Timing Analysis (log: sistem/runs/sistem_flow/logs/synthesis/2-sta.log)...
[INFO]: Running Initial Floorplanning (log: sistem/runs/sistem_flow/logs/floorplan/3-initial_fp.log)...
[INFO]: Floorplanned with width 1916.36 and height 2298.4.
[INFO]: Running IO Placement...
[INFO]: Performing Manual Macro Placement (log: sistem/runs/sistem_flow/logs/placement/5-macro_placement.log)...
[INFO]: Running Tap/Decap Insertion (log: sistem/runs/sistem_flow/logs/floorplan/6-tap.log)...
[INFO]: Power planning with power {VPWR} and ground {VGND}...
[INFO]: Generating PDN (log: sistem/runs/sistem_flow/logs/floorplan/7-pdn.log)...
[INFO]: Running Global Placement (log: sistem/runs/sistem_flow/logs/placement/8-global.log)...
[INFO]: Running Single-Corner Static Timing Analysis (log: sistem/runs/sistem_flow/logs/placement/9-gpl_sta.log)...
[INFO]: Running Placement Resizer Design Optimizations (log: sistem/runs/sistem_flow/logs/placement/10-resizer.log)...
[INFO]: Running Detailed Placement (log: sistem/runs/sistem_flow/logs/placement/11-detailed.log)...
[INFO]: Running Single-Corner Static Timing Analysis (log: sistem/runs/sistem_flow/logs/placement/12-dpl_sta.log)...
[INFO]: Running Clock Tree Synthesis (log: sistem/runs/sistem_flow/logs/cts/13-cts.log)...
[INFO]: Running Single-Corner Static Timing Analysis (log: sistem/runs/sistem_flow/logs/cts/14-cts_sta.log)...
[INFO]: Running Placement Resizer Timing Optimizations (log: sistem/runs/sistem_flow/logs/cts/15-resizer.log)...
[INFO]: Running Global Routing Resizer Design Optimizations (log: sistem/runs/sistem_flow/logs/routing/16-resizer_design.log)...
[INFO]: Running Single-Corner Static Timing Analysis (log: sistem/runs/sistem_flow/logs/routing/17-rsz_design_sta.log)...
[INFO]: Running Global Routing Resizer Timing Optimizations (log: sistem/runs/sistem_flow/logs/routing/18-resizer_timing.log)...
[INFO]: Running Single-Corner Static Timing Analysis (log: sistem/runs/sistem_flow/logs/routing/19-rsz_timing_sta.log)...
[INFO]: Running Global Routing (log: sistem/runs/sistem_flow/logs/routing/20-global.log)...
[INFO]: Starting OpenROAD Antenna Repair Iterations...
[INFO]: Writing Verilog (log: sistem/runs/sistem_flow/logs/routing/20-global_write_netlist.log)...
[INFO]: Running Single-Corner Static Timing Analysis (log: sistem/runs/sistem_flow/logs/routing/22-grt_sta.log)...
[INFO]: Running Fill Insertion (log: sistem/runs/sistem_flow/logs/routing/23-fill.log)...
[INFO]: Running Detailed Routing (log: sistem/runs/sistem_flow/logs/routing/24-detailed.log)...
[INFO]: No DRC violations after detailed routing.
[INFO]: Checking Wire Lengths (log: sistem/runs/sistem_flow/logs/routing/25-wire_lengths.log)...
[INFO]: Running SPEF Extraction at the min process corner (log: sistem/runs/sistem_flow/logs/signoff/26-parasitics_extraction.min.log)...
[INFO]: Running Multi-Corner Static Timing Analysis at the min process corner (log: sistem/runs/sistem_flow/logs/signoff/27-rcx_mcsta.min.log)...
[INFO]: Running SPEF Extraction at the max process corner (log: sistem/runs/sistem_flow/logs/signoff/28-parasitics_extraction.max.log)...
[INFO]: Running Multi-Corner Static Timing Analysis at the max process corner (log: sistem/runs/sistem_flow/logs/signoff/29-rcx_mcsta.max.log)...
[INFO]: Running SPEF Extraction at the nom process corner (log: sistem/runs/sistem_flow/logs/signoff/30-parasitics_extraction.nom.log)...
[INFO]: Running Multi-Corner Static Timing Analysis at the nom process corner (log: sistem/runs/sistem_flow/logs/signoff/31-rcx_mcsta.nom.log)...
[INFO]: Running Single-Corner Static Timing Analysis at the nom process corner (log: sistem/runs/sistem_flow/logs/signoff/32-rcx_sta.log)...
[WARNING]: Module alu blackboxed during sta
[WARNING]: Module control_unity blackboxed during sta
[WARNING]: Module instruction_coder blackboxed during sta
[WARNING]: Module program_counter blackboxed during sta
[WARNING]: Module memory_ram blackboxed during sta
[WARNING]: Module register blackboxed during sta
[WARNING]: Module sky130_fd_sc_hd__tapvpwrvgnd_1 blackboxed during sta
[WARNING]: Module sky130_ef_sc_hd__decap_12 blackboxed during sta
[WARNING]: Module sky130_fd_sc_hd__fill_1 blackboxed during sta
[WARNING]: Module sky130_fd_sc_hd__fill_2 blackboxed during sta
[INFO]: Creating IR Drop Report (log: sistem/runs/sistem_flow/logs/signoff/33-irdrop.log)...
[INFO]: Running Magic to generate various views...
[INFO]: Streaming out GDSII with Magic (log: sistem/runs/sistem_flow/logs/signoff/34-gdsii.log)...
[INFO]: Generating MAGLEF views...
[INFO]: Generating lef with Magic (/headless/Desktop/FINAL_PROJECT/OPENLANE_digital_flow/sistem/runs/sistem_flow/logs/signoff/34-lef.log)...
[INFO]: Streaming out GDSII with KLayout (log: sistem/runs/sistem_flow/logs/signoff/35-gdsii-klayout.log)...
[INFO]: Running Magic Spice Export from LEF (log: sistem/runs/sistem_flow/logs/signoff/36-spice.log)...
[INFO]: Writing Powered Verilog (logs: sistem/runs/sistem_flow/logs/signoff/37-write_powered_def.log, sistem/runs/sistem_flow/logs/signoff/37-write_powered_verilog.log)...
[INFO]: Writing Verilog (log: sistem/runs/sistem_flow/logs/signoff/37-write_powered_verilog.log)...
[INFO]: Running LVS (log: sistem/runs/sistem_flow/logs/signoff/39-lvs.lef.log)...
[INFO]: Running Magic DRC (log: sistem/runs/sistem_flow/logs/signoff/40-drc.log)...
[INFO]: Converting Magic DRC database to various tool-readable formats...
[INFO]: No DRC violations after GDS streaming out.
[INFO]: Running OpenROAD Antenna Rule Checker (log: sistem/runs/sistem_flow/logs/signoff/41-antenna.log)...
[INFO]: Your design contains macros, which is not supported by the current integration of the Circuit Validity Checker. So CVC won't run, however CVC is just a check so it's not critical to your design.
[INFO]: Saving current set of views in 'sistem/runs/sistem_flow/results/final'...
[INFO]: Saving runtime environment...
[INFO]: Generating final set of reports...
[INFO]: Created manufacturability report at 'sistem/runs/sistem_flow/reports/manufacturability.rpt'.
[INFO]: Created metrics report at 'sistem/runs/sistem_flow/reports/metrics.csv'.
[WARNING]: There are max fanout violations in the design at the typical corner. Please refer to 'sistem/runs/sistem_flow/reports/signoff/32-rcx_sta.checks.rpt'.
[INFO]: There are no hold violations in the design at the typical corner.
[INFO]: There are no setup violations in the design at the typical corner.
[SUCCESS]: Flow complete.
[INFO]: Note that the following warnings have been generated:
