
61. Printing statistics.

=== memory_ram ===

   Number of wires:              33036
   Number of wire bits:          33105
   Number of public wires:        8197
   Number of public wire bits:    8266
   Number of memories:               0
   Number of memory bits:            0
   Number of processes:              0
   Number of cells:              33063
     sky130_fd_sc_hd__a2111o_2       4
     sky130_fd_sc_hd__a211o_2      282
     sky130_fd_sc_hd__a211oi_2      17
     sky130_fd_sc_hd__a21bo_2        2
     sky130_fd_sc_hd__a21o_2       201
     sky130_fd_sc_hd__a21oi_2       49
     sky130_fd_sc_hd__a221o_2     1542
     sky130_fd_sc_hd__a221oi_2      23
     sky130_fd_sc_hd__a22o_2      1130
     sky130_fd_sc_hd__a22oi_2       40
     sky130_fd_sc_hd__a2bb2o_2       9
     sky130_fd_sc_hd__a311o_2        3
     sky130_fd_sc_hd__a31o_2       159
     sky130_fd_sc_hd__a31oi_2        5
     sky130_fd_sc_hd__a32o_2        70
     sky130_fd_sc_hd__a32oi_2        7
     sky130_fd_sc_hd__a41o_2         9
     sky130_fd_sc_hd__and2_2        30
     sky130_fd_sc_hd__and2b_2        3
     sky130_fd_sc_hd__and3_2       196
     sky130_fd_sc_hd__and3b_2        4
     sky130_fd_sc_hd__and4_2         2
     sky130_fd_sc_hd__and4bb_2       1
     sky130_fd_sc_hd__buf_1      11008
     sky130_fd_sc_hd__dfxtp_2     8224
     sky130_fd_sc_hd__inv_2         38
     sky130_fd_sc_hd__mux2_2      8201
     sky130_fd_sc_hd__mux4_2       834
     sky130_fd_sc_hd__nand2_2       66
     sky130_fd_sc_hd__nand3_2       24
     sky130_fd_sc_hd__nor2_2       267
     sky130_fd_sc_hd__nor2b_2        1
     sky130_fd_sc_hd__o211a_2       85
     sky130_fd_sc_hd__o211ai_2       5
     sky130_fd_sc_hd__o21a_2       188
     sky130_fd_sc_hd__o21ai_2       79
     sky130_fd_sc_hd__o221a_2       53
     sky130_fd_sc_hd__o221ai_2       6
     sky130_fd_sc_hd__o22a_2         1
     sky130_fd_sc_hd__o22ai_2        1
     sky130_fd_sc_hd__o2bb2a_2       3
     sky130_fd_sc_hd__o311a_2        6
     sky130_fd_sc_hd__o31a_2        24
     sky130_fd_sc_hd__o32a_2        14
     sky130_fd_sc_hd__or2_2        139
     sky130_fd_sc_hd__or3_2          3
     sky130_fd_sc_hd__or3b_2         4
     sky130_fd_sc_hd__or4_2          1

   Chip area for module '\memory_ram': 374456.633600

