OpenROAD v2.0-8236-g9a713f0e8 
This program is licensed under the BSD-3 license. See the LICENSE file for details.
Components of this program may be licensed under more restrictive licenses which must be honored.
[INFO ODB-0222] Reading LEF file: /headless/Desktop/FINAL_PROJECT/OPENLANE_digital_flow/register/runs/register_flow/tmp/merged.min.lef
[WARNING ODB-0220] WARNING (LEFPARS-2036): SOURCE statement is obsolete in version 5.6 and later.
The LEF parser will ignore this statement.
To avoid this warning in the future, remove this statement from the LEF file with version 5.6 or later. See file /headless/Desktop/FINAL_PROJECT/OPENLANE_digital_flow/register/runs/register_flow/tmp/merged.min.lef at line 930.

[INFO ODB-0223]     Created 13 technology layers
[INFO ODB-0224]     Created 25 technology vias
[INFO ODB-0225]     Created 441 library cells
[INFO ODB-0226] Finished LEF file:  /headless/Desktop/FINAL_PROJECT/OPENLANE_digital_flow/register/runs/register_flow/tmp/merged.min.lef
[INFO ODB-0127] Reading DEF file: /headless/Desktop/FINAL_PROJECT/OPENLANE_digital_flow/register/runs/register_flow/results/routing/register.def
[INFO ODB-0128] Design: register
[INFO ODB-0130]     Created 116 pins.
[INFO ODB-0131]     Created 13898 components and 72557 component-terminals.
[INFO ODB-0132]     Created 2 special nets and 52342 connections.
[INFO ODB-0133]     Created 5820 nets and 20183 connections.
[INFO ODB-0134] Finished DEF file: /headless/Desktop/FINAL_PROJECT/OPENLANE_digital_flow/register/runs/register_flow/results/routing/register.def
define_corners Typical
read_liberty -corner Typical /foss/pdks/sky130A/libs.ref/sky130_fd_sc_hd/lib/sky130_fd_sc_hd__tt_025C_1v80.lib
Using RCX ruleset '/foss/pdks/sky130A/libs.tech/openlane/rules.openrcx.sky130A.min.calibre'...
[INFO RCX-0431] Defined process_corner X with ext_model_index 0
[INFO RCX-0029] Defined extraction corner X
[INFO RCX-0008] extracting parasitics of register ...
[INFO RCX-0435] Reading extraction model file /foss/pdks/sky130A/libs.tech/openlane/rules.openrcx.sky130A.min.calibre ...
[INFO RCX-0436] RC segment generation register (max_merge_res 50.0) ...
[INFO RCX-0040] Final 23783 rc segments
[INFO RCX-0439] Coupling Cap extraction register ...
[INFO RCX-0440] Coupling threshhold is 0.1000 fF, coupling capacitance less than 0.1000 fF will be grounded.
[INFO RCX-0043] 60471 wires to be extracted
[INFO RCX-0442] 51% completion -- 31079 wires have been extracted
[INFO RCX-0442] 100% completion -- 60471 wires have been extracted
[INFO RCX-0045] Extract 5820 nets, 29603 rsegs, 29603 caps, 81402 ccs
[INFO RCX-0015] Finished extracting register.
Writing result to /headless/Desktop/FINAL_PROJECT/OPENLANE_digital_flow/register/runs/register_flow/results/routing/mca/process_corner_min/register.spef...
Setting global connections for newly added cells…
[WARNING] Did not save OpenROAD database!
Writing extracted parasitics to '/headless/Desktop/FINAL_PROJECT/OPENLANE_digital_flow/register/runs/register_flow/results/routing/mca/process_corner_min/register.spef'…
[INFO RCX-0016] Writing SPEF ...
[INFO RCX-0443] 5820 nets finished
[INFO RCX-0017] Finished writing SPEF ...
