
===========================================================================
 report_power
============================================================================
======================= Fastest Corner ===================================

Group                  Internal  Switching    Leakage      Total
                          Power      Power      Power      Power (Watts)
----------------------------------------------------------------
Sequential             1.39e-02   9.14e-04   1.20e-07   1.48e-02  33.5%
Combinational          1.48e-02   1.46e-02   5.99e-07   2.94e-02  66.5%
Macro                  0.00e+00   0.00e+00   0.00e+00   0.00e+00   0.0%
Pad                    0.00e+00   0.00e+00   0.00e+00   0.00e+00   0.0%
----------------------------------------------------------------
Total                  2.87e-02   1.55e-02   7.19e-07   4.42e-02 100.0%
                          64.9%      35.1%       0.0%

======================= Slowest Corner ===================================

Group                  Internal  Switching    Leakage      Total
                          Power      Power      Power      Power (Watts)
----------------------------------------------------------------
Sequential             9.35e-03   6.01e-04   1.21e-04   1.01e-02  33.2%
Combinational          1.04e-02   9.63e-03   2.33e-04   2.03e-02  66.8%
Macro                  0.00e+00   0.00e+00   0.00e+00   0.00e+00   0.0%
Pad                    0.00e+00   0.00e+00   0.00e+00   0.00e+00   0.0%
----------------------------------------------------------------
Total                  1.98e-02   1.02e-02   3.54e-04   3.03e-02 100.0%
                          65.1%      33.7%       1.2%

======================= Typical Corner ===================================

Group                  Internal  Switching    Leakage      Total
                          Power      Power      Power      Power (Watts)
----------------------------------------------------------------
Sequential             1.20e-02   7.68e-04   6.94e-08   1.27e-02  33.6%
Combinational          1.28e-02   1.23e-02   2.72e-07   2.52e-02  66.4%
Macro                  0.00e+00   0.00e+00   0.00e+00   0.00e+00   0.0%
Pad                    0.00e+00   0.00e+00   0.00e+00   0.00e+00   0.0%
----------------------------------------------------------------
Total                  2.48e-02   1.31e-02   3.42e-07   3.79e-02 100.0%
                          65.4%      34.6%       0.0%

