
===========================================================================
 report_power
============================================================================
======================= Fastest Corner ===================================

Group                  Internal  Switching    Leakage      Total
                          Power      Power      Power      Power (Watts)
----------------------------------------------------------------
Sequential             1.81e-03   1.66e-04   1.59e-08   1.98e-03  40.6%
Combinational          1.47e-03   1.43e-03   6.90e-08   2.90e-03  59.4%
Macro                  0.00e+00   0.00e+00   0.00e+00   0.00e+00   0.0%
Pad                    0.00e+00   0.00e+00   0.00e+00   0.00e+00   0.0%
----------------------------------------------------------------
Total                  3.28e-03   1.60e-03   8.49e-08   4.88e-03 100.0%
                          67.3%      32.7%       0.0%

======================= Slowest Corner ===================================

Group                  Internal  Switching    Leakage      Total
                          Power      Power      Power      Power (Watts)
----------------------------------------------------------------
Sequential             1.22e-03   1.09e-04   1.60e-05   1.34e-03  40.0%
Combinational          1.04e-03   9.37e-04   3.28e-05   2.01e-03  60.0%
Macro                  0.00e+00   0.00e+00   0.00e+00   0.00e+00   0.0%
Pad                    0.00e+00   0.00e+00   0.00e+00   0.00e+00   0.0%
----------------------------------------------------------------
Total                  2.26e-03   1.05e-03   4.87e-05   3.35e-03 100.0%
                          67.4%      31.2%       1.5%

======================= Typical Corner ===================================

Group                  Internal  Switching    Leakage      Total
                          Power      Power      Power      Power (Watts)
----------------------------------------------------------------
Sequential             1.56e-03   1.39e-04   9.19e-09   1.70e-03  40.6%
Combinational          1.29e-03   1.21e-03   3.12e-08   2.49e-03  59.4%
Macro                  0.00e+00   0.00e+00   0.00e+00   0.00e+00   0.0%
Pad                    0.00e+00   0.00e+00   0.00e+00   0.00e+00   0.0%
----------------------------------------------------------------
Total                  2.85e-03   1.35e-03   4.04e-08   4.20e-03 100.0%
                          67.9%      32.1%       0.0%

