OpenROAD v2.0-8236-g9a713f0e8 
This program is licensed under the BSD-3 license. See the LICENSE file for details.
Components of this program may be licensed under more restrictive licenses which must be honored.
define_corners Typical
read_liberty -corner Typical /foss/pdks/sky130A/libs.ref/sky130_fd_sc_hd/lib/sky130_fd_sc_hd__tt_025C_1v80.lib
[INFO ODB-0222] Reading LEF file: /headless/Desktop/FINAL_PROJECT/OPENLANE_digital_flow/sistem/runs/sistem_flow/tmp/merged.nom.lef
[WARNING ODB-0220] WARNING (LEFPARS-2036): SOURCE statement is obsolete in version 5.6 and later.
The LEF parser will ignore this statement.
To avoid this warning in the future, remove this statement from the LEF file with version 5.6 or later. See file /headless/Desktop/FINAL_PROJECT/OPENLANE_digital_flow/sistem/runs/sistem_flow/tmp/merged.nom.lef at line 930.

[INFO ODB-0223]     Created 13 technology layers
[INFO ODB-0224]     Created 25 technology vias
[INFO ODB-0225]     Created 447 library cells
[INFO ODB-0226] Finished LEF file:  /headless/Desktop/FINAL_PROJECT/OPENLANE_digital_flow/sistem/runs/sistem_flow/tmp/merged.nom.lef
Reading netlist '/headless/Desktop/FINAL_PROJECT/OPENLANE_digital_flow/sistem/runs/sistem_flow/results/synthesis/sistem.v'…
[WARNING ORD-1011] LEF master alu has no liberty cell.
[WARNING ORD-1011] LEF master control_unity has no liberty cell.
[WARNING ORD-1011] LEF master instruction_coder has no liberty cell.
[WARNING ORD-1011] LEF master program_counter has no liberty cell.
[WARNING ORD-1011] LEF master memory_ram has no liberty cell.
[WARNING ORD-1011] LEF master register has no liberty cell.
[INFO]: Setting output delay to: 6.0
[INFO]: Setting input delay to: 6.0
[INFO]: Setting load to: 0.033442
[INFO]: Setting clock uncertainty to: 0.25
[INFO]: Setting clock transition to: 0.15
[INFO]: Setting timing derate to: 0.5 %
[INFO IFP-0001] Added 845 rows of 4166 site unithd with height 1.
[INFO IFP-0030] Inserted 0 tiecells using sky130_fd_sc_hd__conb_1/LO.
[INFO IFP-0030] Inserted 0 tiecells using sky130_fd_sc_hd__conb_1/HI.
[INFO] Extracting DIE_AREA and CORE_AREA from the floorplan
[INFO] Floorplanned on a die area of 0.0 0.0 1927.605 2321.635 (microns). Saving to /headless/Desktop/FINAL_PROJECT/OPENLANE_digital_flow/sistem/runs/sistem_flow/reports/floorplan/3-initial_fp_die_area.rpt.
[INFO] Floorplanned on a core area of 5.52 10.88 1921.88 2309.28 (microns). Saving to /headless/Desktop/FINAL_PROJECT/OPENLANE_digital_flow/sistem/runs/sistem_flow/reports/floorplan/3-initial_fp_core_area.rpt.
Writing OpenROAD database to '/headless/Desktop/FINAL_PROJECT/OPENLANE_digital_flow/sistem/runs/sistem_flow/tmp/floorplan/3-initial_fp.odb'…
Writing layout to '/headless/Desktop/FINAL_PROJECT/OPENLANE_digital_flow/sistem/runs/sistem_flow/tmp/floorplan/3-initial_fp.def'…
Writing timing constraints to '/headless/Desktop/FINAL_PROJECT/OPENLANE_digital_flow/sistem/runs/sistem_flow/tmp/floorplan/3-initial_fp.sdc'…
