
===========================================================================
report_checks -unconstrained
===========================================================================
======================= Typical Corner ===================================

Startpoint: _7940_ (rising edge-triggered flip-flop clocked by clk')
Endpoint: data_out1[21] (output port clocked by clk)
Path Group: clk
Path Type: max

Fanout     Cap    Slew   Delay    Time   Description
-----------------------------------------------------------------------------
                         15.00   15.00   clock clk' (rise edge)
                          0.00   15.00   clock source latency
                  0.02    0.01   15.01 v clk (in)
     1    0.01                           clk (net)
                  0.02    0.00   15.01 v clkbuf_0_clk/A (sky130_fd_sc_hd__clkbuf_16)
                  0.06    0.17   15.18 v clkbuf_0_clk/X (sky130_fd_sc_hd__clkbuf_16)
    16    0.06                           clknet_0_clk (net)
                  0.06    0.00   15.18 v clkbuf_4_6_0_clk/A (sky130_fd_sc_hd__clkbuf_8)
                  0.07    0.19   15.36 v clkbuf_4_6_0_clk/X (sky130_fd_sc_hd__clkbuf_8)
     7    0.05                           clknet_4_6_0_clk (net)
                  0.07    0.00   15.36 v clkbuf_leaf_76_clk/A (sky130_fd_sc_hd__clkbuf_16)
                  0.03    0.16   15.52 v clkbuf_leaf_76_clk/X (sky130_fd_sc_hd__clkbuf_16)
     5    0.01                           clknet_leaf_76_clk (net)
                  0.03    0.00   15.52 v _5526_/A (sky130_fd_sc_hd__buf_1)
                  0.06    0.11   15.63 v _5526_/X (sky130_fd_sc_hd__buf_1)
     1    0.01                           _2783_ (net)
                  0.06    0.00   15.63 v clkbuf_0__2783_/A (sky130_fd_sc_hd__clkbuf_16)
                  0.03    0.15   15.79 v clkbuf_0__2783_/X (sky130_fd_sc_hd__clkbuf_16)
     2    0.01                           clknet_0__2783_ (net)
                  0.03    0.00   15.79 v clkbuf_1_1__f__2783_/A (sky130_fd_sc_hd__clkbuf_16)
                  0.04    0.15   15.94 v clkbuf_1_1__f__2783_/X (sky130_fd_sc_hd__clkbuf_16)
     5    0.02                           clknet_1_1__leaf__2783_ (net)
                  0.04    0.00   15.94 v _6847_/A (sky130_fd_sc_hd__buf_1)
                  0.06    0.12   16.06 v _6847_/X (sky130_fd_sc_hd__buf_1)
     1    0.01                           _3446_ (net)
                  0.06    0.00   16.06 v clkbuf_0__3446_/A (sky130_fd_sc_hd__clkbuf_16)
                  0.03    0.16   16.22 v clkbuf_0__3446_/X (sky130_fd_sc_hd__clkbuf_16)
     2    0.02                           clknet_0__3446_ (net)
                  0.03    0.00   16.22 v clkbuf_1_0__f__3446_/A (sky130_fd_sc_hd__clkbuf_16)
                  0.04    0.16   16.38 v clkbuf_1_0__f__3446_/X (sky130_fd_sc_hd__clkbuf_16)
     6    0.03                           clknet_1_0__leaf__3446_ (net)
                  0.04    0.00   16.38 v _6851__58/A (sky130_fd_sc_hd__inv_2)
                  0.02    0.04   16.41 ^ _6851__58/Y (sky130_fd_sc_hd__inv_2)
     1    0.00                           net203 (net)
                  0.02    0.00   16.41 ^ _7940_/CLK (sky130_fd_sc_hd__dfxtp_1)
                  0.21    0.43   16.85 ^ _7940_/Q (sky130_fd_sc_hd__dfxtp_1)
     1    0.02                           net63 (net)
                  0.21    0.00   16.85 ^ output63/A (sky130_fd_sc_hd__clkbuf_4)
                  0.11    0.25   17.10 ^ output63/X (sky130_fd_sc_hd__clkbuf_4)
     1    0.03                           data_out1[21] (net)
                  0.11    0.00   17.11 ^ data_out1[21] (out)
                                 17.11   data arrival time

                         30.00   30.00   clock clk (rise edge)
                          0.00   30.00   clock network delay (propagated)
                         -0.25   29.75   clock uncertainty
                          0.00   29.75   clock reconvergence pessimism
                         -6.00   23.75   output external delay
                                 23.75   data required time
-----------------------------------------------------------------------------
                                 23.75   data required time
                                -17.11   data arrival time
-----------------------------------------------------------------------------
                                  6.64   slack (MET)




===========================================================================
report_checks --slack_max -0.01
============================================================================
======================= Typical Corner ===================================

No paths found.


===========================================================================
 report_check_types -max_slew -max_cap -max_fanout -violators
============================================================================
======================= Typical Corner ===================================

max fanout

Pin                                   Limit Fanout  Slack
---------------------------------------------------------
clkbuf_leaf_4_clk/X                      10     20    -10 (VIOLATED)
clkbuf_leaf_87_clk/X                     10     17     -7 (VIOLATED)
clkbuf_0_clk/X                           10     16     -6 (VIOLATED)
clkbuf_leaf_67_clk/X                     10     16     -6 (VIOLATED)
clkbuf_leaf_90_clk/X                     10     16     -6 (VIOLATED)
clkbuf_leaf_22_clk/X                     10     15     -5 (VIOLATED)
clkbuf_leaf_37_clk/X                     10     15     -5 (VIOLATED)
clkbuf_leaf_109_clk/X                    10     14     -4 (VIOLATED)
clkbuf_leaf_0_clk/X                      10     13     -3 (VIOLATED)
clkbuf_leaf_108_clk/X                    10     13     -3 (VIOLATED)
clkbuf_leaf_111_clk/X                    10     13     -3 (VIOLATED)
clkbuf_leaf_115_clk/X                    10     13     -3 (VIOLATED)
clkbuf_leaf_116_clk/X                    10     13     -3 (VIOLATED)
clkbuf_leaf_32_clk/X                     10     13     -3 (VIOLATED)
clkbuf_leaf_35_clk/X                     10     13     -3 (VIOLATED)
clkbuf_leaf_65_clk/X                     10     13     -3 (VIOLATED)
clkbuf_leaf_68_clk/X                     10     13     -3 (VIOLATED)
clkbuf_leaf_83_clk/X                     10     13     -3 (VIOLATED)
clkbuf_leaf_84_clk/X                     10     13     -3 (VIOLATED)
clkbuf_leaf_94_clk/X                     10     13     -3 (VIOLATED)
clkbuf_leaf_102_clk/X                    10     12     -2 (VIOLATED)
clkbuf_leaf_110_clk/X                    10     12     -2 (VIOLATED)
clkbuf_leaf_112_clk/X                    10     12     -2 (VIOLATED)
clkbuf_leaf_24_clk/X                     10     12     -2 (VIOLATED)
clkbuf_leaf_36_clk/X                     10     12     -2 (VIOLATED)
clkbuf_leaf_38_clk/X                     10     12     -2 (VIOLATED)
clkbuf_leaf_52_clk/X                     10     12     -2 (VIOLATED)
clkbuf_leaf_54_clk/X                     10     12     -2 (VIOLATED)
clkbuf_leaf_57_clk/X                     10     12     -2 (VIOLATED)
clkbuf_leaf_62_clk/X                     10     12     -2 (VIOLATED)
clkbuf_leaf_107_clk/X                    10     11        (VIOLATED)
clkbuf_leaf_114_clk/X                    10     11        (VIOLATED)
clkbuf_leaf_20_clk/X                     10     11        (VIOLATED)
clkbuf_leaf_27_clk/X                     10     11        (VIOLATED)
clkbuf_leaf_2_clk/X                      10     11        (VIOLATED)
clkbuf_leaf_31_clk/X                     10     11        (VIOLATED)
clkbuf_leaf_53_clk/X                     10     11        (VIOLATED)
clkbuf_leaf_71_clk/X                     10     11        (VIOLATED)
clkbuf_leaf_95_clk/X                     10     11        (VIOLATED)



===========================================================================
report_parasitic_annotation -report_unannotated
============================================================================
Found 5852 unannotated drivers.
 clk
 data_addr1[0]
 data_addr1[1]
 data_addr1[2]
 data_addr1[3]
 data_addr1[4]
 data_addr2[0]
 data_addr2[1]
 data_addr2[2]
 data_addr2[3]
 data_addr2[4]
 data_addr[0]
 data_addr[1]
 data_addr[2]
 data_addr[3]
 data_addr[4]
 data_in[0]
 data_in[10]
 data_in[11]
 data_in[12]
 data_in[13]
 data_in[14]
 data_in[15]
 data_in[16]
 data_in[17]
 data_in[18]
 data_in[19]
 data_in[1]
 data_in[20]
 data_in[21]
 data_in[22]
 data_in[23]
 data_in[24]
 data_in[25]
 data_in[26]
 data_in[27]
 data_in[28]
 data_in[29]
 data_in[2]
 data_in[30]
 data_in[31]
 data_in[3]
 data_in[4]
 data_in[5]
 data_in[6]
 data_in[7]
 data_in[8]
 data_in[9]
 reset
 w_enable
 _3447_/X
 _3448_/Y
 _3449_/X
 _3450_/X
 _3451_/X
 _3452_/X
 _3453_/X
 _3454_/X
 _3455_/X
 _3456_/X
 _3457_/X
 _3458_/Y
 _3459_/X
 _3460_/X
 _3461_/X
 _3462_/X
 _3463_/X
 _3464_/X
 _3465_/X
 _3466_/X
 _3467_/X
 _3468_/X
 _3469_/X
 _3470_/X
 _3471_/X
 _3472_/X
 _3473_/X
 _3474_/X
 _3475_/X
 _3476_/X
 _3477_/Y
 _3478_/X
 _3479_/X
 _3480_/X
 _3481_/X
 _3482_/X
 _3483_/X
 _3484_/X
 _3485_/X
 _3486_/X
 _3487_/X
 _3488_/X
 _3489_/X
 _3490_/X
 _3491_/X
 _3492_/X
 _3493_/X
 _3494_/X
 _3495_/X
 _3496_/X
 _3497_/X
 _3498_/X
 _3499_/X
 _3500_/X
 _3501_/X
 _3502_/X
 _3503_/X
 _3504_/X
 _3505_/X
 _3506_/X
 _3507_/X
 _3508_/X
 _3509_/X
 _3510_/X
 _3511_/X
 _3512_/X
 _3513_/X
 _3514_/X
 _3515_/X
 _3516_/X
 _3517_/X
 _3518_/X
 _3519_/X
 _3520_/X
 _3521_/X
 _3522_/X
 _3523_/X
 _3524_/X
 _3525_/X
 _3526_/X
 _3527_/X
 _3528_/X
 _3529_/X
 _3530_/X
 _3531_/X
 _3532_/X
 _3533_/X
 _3534_/X
 _3535_/X
 _3536_/X
 _3537_/X
 _3538_/X
 _3539_/X
 _3540_/X
 _3541_/X
 _3542_/X
 _3543_/X
 _3544_/X
 _3545_/X
 _3546_/X
 _3547_/X
 _3548_/X
 _3549_/X
 _3550_/X
 _3551_/X
 _3552_/X
 _3553_/X
 _3554_/X
 _3555_/X
 _3556_/X
 _3557_/X
 _3558_/X
 _3559_/X
 _3560_/X
 _3561_/X
 _3562_/X
 _3563_/X
 _3564_/X
 _3565_/X
 _3566_/X
 _3567_/X
 _3568_/X
 _3569_/X
 _3570_/X
 _3571_/X
 _3572_/X
 _3573_/X
 _3574_/X
 _3575_/X
 _3576_/X
 _3577_/X
 _3578_/X
 _3579_/X
 _3580_/X
 _3581_/X
 _3582_/X
 _3583_/X
 _3584_/X
 _3585_/X
 _3586_/X
 _3587_/X
 _3588_/X
 _3589_/X
 _3590_/X
 _3591_/X
 _3592_/X
 _3593_/X
 _3594_/X
 _3595_/X
 _3596_/X
 _3597_/X
 _3598_/X
 _3599_/X
 _3600_/X
 _3601_/X
 _3602_/X
 _3603_/X
 _3604_/X
 _3605_/X
 _3606_/X
 _3607_/X
 _3608_/X
 _3609_/X
 _3610_/X
 _3611_/X
 _3612_/X
 _3613_/X
 _3614_/X
 _3615_/X
 _3616_/X
 _3617_/X
 _3618_/X
 _3619_/X
 _3620_/X
 _3621_/X
 _3622_/X
 _3623_/X
 _3624_/X
 _3625_/X
 _3626_/X
 _3627_/X
 _3628_/X
 _3629_/X
 _3630_/X
 _3631_/X
 _3632_/X
 _3633_/X
 _3634_/X
 _3635_/X
 _3636_/X
 _3637_/X
 _3638_/X
 _3639_/X
 _3640_/X
 _3641_/X
 _3642_/X
 _3643_/X
 _3644_/X
 _3645_/X
 _3646_/X
 _3647_/X
 _3648_/X
 _3649_/X
 _3650_/X
 _3651_/X
 _3652_/X
 _3653_/X
 _3654_/X
 _3655_/X
 _3656_/X
 _3657_/X
 _3658_/X
 _3659_/X
 _3660_/X
 _3661_/X
 _3662_/X
 _3663_/X
 _3664_/X
 _3665_/X
 _3666_/X
 _3667_/X
 _3668_/X
 _3669_/X
 _3670_/X
 _3671_/X
 _3672_/X
 _3673_/X
 _3674_/X
 _3675_/X
 _3676_/X
 _3677_/X
 _3678_/X
 _3679_/X
 _3680_/X
 _3681_/X
 _3682_/X
 _3683_/X
 _3684_/X
 _3685_/X
 _3686_/X
 _3687_/X
 _3688_/X
 _3689_/X
 _3690_/X
 _3691_/X
 _3692_/X
 _3693_/X
 _3694_/X
 _3695_/X
 _3696_/X
 _3697_/X
 _3698_/X
 _3699_/X
 _3700_/X
 _3701_/X
 _3702_/X
 _3703_/X
 _3704_/X
 _3705_/X
 _3706_/X
 _3707_/X
 _3708_/X
 _3709_/X
 _3710_/X
 _3711_/X
 _3712_/X
 _3713_/X
 _3714_/X
 _3715_/X
 _3716_/X
 _3717_/X
 _3718_/X
 _3719_/X
 _3720_/X
 _3721_/X
 _3722_/X
 _3723_/X
 _3724_/X
 _3725_/X
 _3726_/X
 _3727_/X
 _3728_/X
 _3729_/X
 _3730_/X
 _3731_/X
 _3732_/X
 _3733_/X
 _3734_/X
 _3735_/X
 _3736_/X
 _3737_/X
 _3738_/X
 _3739_/X
 _3740_/X
 _3741_/X
 _3742_/X
 _3743_/X
 _3744_/X
 _3745_/X
 _3746_/X
 _3747_/X
 _3748_/X
 _3749_/X
 _3750_/X
 _3751_/X
 _3752_/X
 _3753_/X
 _3754_/X
 _3755_/X
 _3756_/X
 _3757_/X
 _3758_/X
 _3759_/X
 _3760_/X
 _3761_/X
 _3762_/X
 _3763_/X
 _3764_/X
 _3765_/X
 _3766_/X
 _3767_/X
 _3768_/X
 _3769_/X
 _3770_/X
 _3771_/X
 _3772_/X
 _3773_/X
 _3774_/X
 _3775_/X
 _3776_/X
 _3777_/X
 _3778_/X
 _3779_/X
 _3780_/X
 _3781_/X
 _3782_/X
 _3783_/X
 _3784_/X
 _3785_/X
 _3786_/X
 _3787_/X
 _3788_/X
 _3789_/X
 _3790_/X
 _3791_/X
 _3792_/X
 _3793_/X
 _3794_/X
 _3795_/X
 _3796_/X
 _3797_/X
 _3798_/X
 _3799_/X
 _3800_/X
 _3801_/X
 _3802_/X
 _3803_/X
 _3804_/X
 _3805_/X
 _3806_/X
 _3807_/X
 _3808_/X
 _3809_/X
 _3810_/X
 _3811_/X
 _3812_/X
 _3813_/X
 _3814_/X
 _3815_/X
 _3816_/X
 _3817_/X
 _3818_/X
 _3819_/X
 _3820_/X
 _3821_/X
 _3822_/X
 _3823_/X
 _3824_/X
 _3825_/X
 _3826_/X
 _3827_/X
 _3828_/X
 _3829_/X
 _3830_/X
 _3831_/X
 _3832_/X
 _3833_/X
 _3834_/X
 _3835_/X
 _3836_/X
 _3837_/X
 _3838_/X
 _3839_/X
 _3840_/X
 _3841_/X
 _3842_/X
 _3843_/X
 _3844_/X
 _3845_/X
 _3846_/X
 _3847_/X
 _3848_/X
 _3849_/X
 _3850_/X
 _3851_/X
 _3852_/X
 _3853_/X
 _3854_/X
 _3855_/X
 _3856_/X
 _3857_/X
 _3858_/X
 _3859_/X
 _3860_/X
 _3861_/X
 _3862_/X
 _3863_/X
 _3864_/X
 _3865_/X
 _3866_/X
 _3867_/X
 _3868_/X
 _3869_/X
 _3870_/X
 _3871_/X
 _3872_/X
 _3873_/X
 _3874_/X
 _3875_/X
 _3876_/X
 _3877_/X
 _3878_/X
 _3879_/X
 _3880_/X
 _3881_/X
 _3882_/X
 _3883_/X
 _3884_/X
 _3885_/X
 _3886_/X
 _3887_/X
 _3888_/X
 _3889_/X
 _3890_/X
 _3891_/X
 _3892_/X
 _3893_/X
 _3894_/X
 _3895_/X
 _3896_/X
 _3897_/X
 _3898_/X
 _3899_/X
 _3900_/X
 _3901_/X
 _3902_/X
 _3903_/X
 _3904_/X
 _3905_/X
 _3906_/X
 _3907_/X
 _3908_/X
 _3909_/X
 _3910_/X
 _3911_/X
 _3912_/X
 _3913_/X
 _3914_/X
 _3915_/X
 _3916_/X
 _3917_/X
 _3918_/X
 _3919_/X
 _3920_/X
 _3921_/X
 _3922_/X
 _3923_/X
 _3924_/X
 _3925_/X
 _3926_/X
 _3927_/X
 _3928_/X
 _3929_/X
 _3930_/X
 _3931_/X
 _3932_/X
 _3933_/X
 _3934_/X
 _3935_/X
 _3936_/X
 _3937_/X
 _3938_/X
 _3939_/X
 _3940_/X
 _3941_/X
 _3942_/X
 _3943_/X
 _3944_/X
 _3945_/X
 _3946_/X
 _3947_/X
 _3948_/X
 _3949_/X
 _3950_/X
 _3951_/X
 _3952_/X
 _3953_/X
 _3954_/X
 _3955_/X
 _3956_/X
 _3957_/X
 _3958_/X
 _3959_/X
 _3960_/X
 _3961_/X
 _3962_/X
 _3963_/X
 _3964_/X
 _3965_/X
 _3966_/X
 _3967_/X
 _3968_/X
 _3969_/X
 _3970_/X
 _3971_/X
 _3972_/X
 _3973_/X
 _3974_/X
 _3975_/X
 _3976_/X
 _3977_/X
 _3978_/X
 _3979_/X
 _3980_/X
 _3981_/X
 _3982_/X
 _3983_/X
 _3984_/X
 _3985_/X
 _3986_/X
 _3987_/X
 _3988_/X
 _3989_/X
 _3990_/X
 _3991_/X
 _3992_/X
 _3993_/X
 _3994_/X
 _3995_/X
 _3996_/X
 _3997_/X
 _3998_/X
 _3999_/X
 _4000_/X
 _4001_/X
 _4002_/X
 _4003_/X
 _4004_/X
 _4005_/X
 _4006_/X
 _4007_/X
 _4008_/X
 _4009_/X
 _4010_/X
 _4011_/X
 _4012_/X
 _4013_/X
 _4014_/X
 _4015_/X
 _4016_/X
 _4017_/X
 _4018_/X
 _4019_/X
 _4020_/X
 _4021_/X
 _4022_/X
 _4023_/X
 _4024_/X
 _4025_/X
 _4026_/X
 _4027_/X
 _4028_/X
 _4029_/X
 _4030_/X
 _4031_/X
 _4032_/X
 _4033_/X
 _4034_/X
 _4035_/X
 _4036_/X
 _4037_/X
 _4038_/X
 _4039_/X
 _4040_/X
 _4041_/X
 _4042_/X
 _4043_/X
 _4044_/X
 _4045_/X
 _4046_/X
 _4047_/X
 _4048_/X
 _4049_/X
 _4050_/X
 _4051_/X
 _4052_/X
 _4053_/X
 _4054_/X
 _4055_/X
 _4056_/X
 _4057_/X
 _4058_/X
 _4059_/X
 _4060_/X
 _4061_/X
 _4062_/X
 _4063_/X
 _4064_/X
 _4065_/X
 _4066_/X
 _4067_/X
 _4068_/X
 _4069_/X
 _4070_/X
 _4071_/X
 _4072_/X
 _4073_/X
 _4074_/X
 _4075_/X
 _4076_/X
 _4077_/X
 _4078_/X
 _4079_/X
 _4080_/X
 _4081_/X
 _4082_/X
 _4083_/X
 _4084_/X
 _4085_/X
 _4086_/X
 _4087_/X
 _4088_/X
 _4089_/X
 _4090_/X
 _4091_/X
 _4092_/X
 _4093_/X
 _4094_/X
 _4095_/X
 _4096_/X
 _4097_/X
 _4098_/X
 _4099_/X
 _4100_/X
 _4101_/X
 _4102_/X
 _4103_/X
 _4104_/X
 _4105_/X
 _4106_/X
 _4107_/X
 _4108_/X
 _4109_/X
 _4110_/X
 _4111_/X
 _4112_/X
 _4113_/X
 _4114_/X
 _4115_/X
 _4116_/X
 _4117_/X
 _4118_/X
 _4119_/X
 _4120_/X
 _4121_/X
 _4122_/X
 _4123_/Y
 _4124_/X
 _4125_/X
 _4126_/X
 _4127_/X
 _4128_/X
 _4129_/X
 _4130_/X
 _4131_/X
 _4132_/X
 _4133_/Y
 _4134_/X
 _4135_/X
 _4136_/X
 _4137_/X
 _4138_/X
 _4139_/X
 _4140_/X
 _4141_/X
 _4142_/X
 _4143_/X
 _4144_/X
 _4145_/X
 _4146_/X
 _4147_/X
 _4148_/X
 _4149_/X
 _4150_/X
 _4151_/X
 _4152_/Y
 _4153_/X
 _4154_/X
 _4155_/X
 _4156_/X
 _4157_/X
 _4158_/X
 _4159_/X
 _4160_/X
 _4161_/X
 _4162_/X
 _4163_/X
 _4164_/X
 _4165_/X
 _4166_/X
 _4167_/X
 _4168_/X
 _4169_/X
 _4170_/X
 _4171_/X
 _4172_/X
 _4173_/X
 _4174_/X
 _4175_/X
 _4176_/X
 _4177_/X
 _4178_/X
 _4179_/X
 _4180_/X
 _4181_/X
 _4182_/X
 _4183_/X
 _4184_/X
 _4185_/X
 _4186_/X
 _4187_/X
 _4188_/X
 _4189_/X
 _4190_/X
 _4191_/X
 _4192_/X
 _4193_/X
 _4194_/X
 _4195_/X
 _4196_/X
 _4197_/X
 _4198_/X
 _4199_/X
 _4200_/X
 _4201_/X
 _4202_/X
 _4203_/X
 _4204_/X
 _4205_/X
 _4206_/X
 _4207_/X
 _4208_/X
 _4209_/X
 _4210_/X
 _4211_/X
 _4212_/X
 _4213_/X
 _4214_/X
 _4215_/X
 _4216_/X
 _4217_/X
 _4218_/X
 _4219_/X
 _4220_/X
 _4221_/X
 _4222_/X
 _4223_/X
 _4224_/X
 _4225_/X
 _4226_/X
 _4227_/X
 _4228_/X
 _4229_/X
 _4230_/X
 _4231_/X
 _4232_/X
 _4233_/X
 _4234_/X
 _4235_/X
 _4236_/X
 _4237_/X
 _4238_/X
 _4239_/X
 _4240_/X
 _4241_/X
 _4242_/X
 _4243_/X
 _4244_/X
 _4245_/X
 _4246_/X
 _4247_/X
 _4248_/X
 _4249_/X
 _4250_/X
 _4251_/X
 _4252_/X
 _4253_/X
 _4254_/X
 _4255_/X
 _4256_/X
 _4257_/X
 _4258_/X
 _4259_/X
 _4260_/X
 _4261_/X
 _4262_/X
 _4263_/X
 _4264_/X
 _4265_/X
 _4266_/X
 _4267_/X
 _4268_/X
 _4269_/X
 _4270_/X
 _4271_/X
 _4272_/X
 _4273_/X
 _4274_/X
 _4275_/X
 _4276_/X
 _4277_/X
 _4278_/X
 _4279_/X
 _4280_/X
 _4281_/X
 _4282_/X
 _4283_/X
 _4284_/X
 _4285_/X
 _4286_/X
 _4287_/X
 _4288_/X
 _4289_/X
 _4290_/X
 _4291_/X
 _4292_/X
 _4293_/X
 _4294_/X
 _4295_/X
 _4296_/X
 _4297_/X
 _4298_/X
 _4299_/X
 _4300_/X
 _4301_/X
 _4302_/X
 _4303_/X
 _4304_/X
 _4305_/X
 _4306_/X
 _4307_/X
 _4308_/X
 _4309_/X
 _4310_/X
 _4311_/X
 _4312_/X
 _4313_/X
 _4314_/X
 _4315_/X
 _4316_/X
 _4317_/X
 _4318_/X
 _4319_/X
 _4320_/X
 _4321_/X
 _4322_/X
 _4323_/X
 _4324_/X
 _4325_/X
 _4326_/X
 _4327_/X
 _4328_/X
 _4329_/X
 _4330_/X
 _4331_/X
 _4332_/X
 _4333_/X
 _4334_/X
 _4335_/X
 _4336_/X
 _4337_/X
 _4338_/X
 _4339_/X
 _4340_/X
 _4341_/X
 _4342_/X
 _4343_/X
 _4344_/X
 _4345_/X
 _4346_/X
 _4347_/X
 _4348_/X
 _4349_/X
 _4350_/X
 _4351_/X
 _4352_/X
 _4353_/X
 _4354_/X
 _4355_/X
 _4356_/X
 _4357_/X
 _4358_/X
 _4359_/X
 _4360_/X
 _4361_/X
 _4362_/X
 _4363_/X
 _4364_/X
 _4365_/X
 _4366_/X
 _4367_/X
 _4368_/X
 _4369_/X
 _4370_/X
 _4371_/X
 _4372_/X
 _4373_/X
 _4374_/X
 _4375_/X
 _4376_/X
 _4377_/X
 _4378_/X
 _4379_/X
 _4380_/X
 _4381_/X
 _4382_/X
 _4383_/X
 _4384_/X
 _4385_/X
 _4386_/X
 _4387_/X
 _4388_/X
 _4389_/X
 _4390_/X
 _4391_/X
 _4392_/X
 _4393_/X
 _4394_/X
 _4395_/X
 _4396_/X
 _4397_/X
 _4398_/X
 _4399_/X
 _4400_/X
 _4401_/X
 _4402_/X
 _4403_/X
 _4404_/X
 _4405_/X
 _4406_/X
 _4407_/X
 _4408_/X
 _4409_/X
 _4410_/X
 _4411_/X
 _4412_/X
 _4413_/X
 _4414_/X
 _4415_/X
 _4416_/X
 _4417_/X
 _4418_/X
 _4419_/X
 _4420_/X
 _4421_/X
 _4422_/X
 _4423_/X
 _4424_/X
 _4425_/X
 _4426_/X
 _4427_/X
 _4428_/X
 _4429_/X
 _4430_/X
 _4431_/X
 _4432_/X
 _4433_/X
 _4434_/X
 _4435_/X
 _4436_/X
 _4437_/X
 _4438_/X
 _4439_/X
 _4440_/X
 _4441_/X
 _4442_/X
 _4443_/X
 _4444_/X
 _4445_/X
 _4446_/X
 _4447_/X
 _4448_/X
 _4449_/X
 _4450_/X
 _4451_/X
 _4452_/X
 _4453_/X
 _4454_/X
 _4455_/X
 _4456_/X
 _4457_/X
 _4458_/X
 _4459_/X
 _4460_/X
 _4461_/X
 _4462_/X
 _4463_/X
 _4464_/X
 _4465_/X
 _4466_/X
 _4467_/X
 _4468_/X
 _4469_/X
 _4470_/X
 _4471_/X
 _4472_/X
 _4473_/X
 _4474_/X
 _4475_/X
 _4476_/X
 _4477_/X
 _4478_/X
 _4479_/X
 _4480_/X
 _4481_/X
 _4482_/X
 _4483_/X
 _4484_/X
 _4485_/X
 _4486_/X
 _4487_/X
 _4488_/X
 _4489_/X
 _4490_/X
 _4491_/X
 _4492_/X
 _4493_/X
 _4494_/X
 _4495_/X
 _4496_/X
 _4497_/X
 _4498_/X
 _4499_/X
 _4500_/X
 _4501_/X
 _4502_/X
 _4503_/X
 _4504_/X
 _4505_/X
 _4506_/X
 _4507_/X
 _4508_/X
 _4509_/X
 _4510_/X
 _4511_/X
 _4512_/X
 _4513_/X
 _4514_/X
 _4515_/X
 _4516_/X
 _4517_/X
 _4518_/X
 _4519_/X
 _4520_/X
 _4521_/X
 _4522_/X
 _4523_/X
 _4524_/X
 _4525_/X
 _4526_/X
 _4527_/X
 _4528_/X
 _4529_/X
 _4530_/X
 _4531_/X
 _4532_/X
 _4533_/X
 _4534_/X
 _4535_/X
 _4536_/X
 _4537_/X
 _4538_/X
 _4539_/X
 _4540_/X
 _4541_/X
 _4542_/X
 _4543_/X
 _4544_/X
 _4545_/X
 _4546_/X
 _4547_/X
 _4548_/X
 _4549_/X
 _4550_/X
 _4551_/X
 _4552_/X
 _4553_/X
 _4554_/X
 _4555_/X
 _4556_/X
 _4557_/X
 _4558_/X
 _4559_/X
 _4560_/X
 _4561_/X
 _4562_/X
 _4563_/X
 _4564_/X
 _4565_/X
 _4566_/X
 _4567_/X
 _4568_/X
 _4569_/X
 _4570_/X
 _4571_/X
 _4572_/X
 _4573_/X
 _4574_/X
 _4575_/X
 _4576_/X
 _4577_/X
 _4578_/X
 _4579_/X
 _4580_/X
 _4581_/X
 _4582_/X
 _4583_/X
 _4584_/X
 _4585_/X
 _4586_/X
 _4587_/X
 _4588_/X
 _4589_/X
 _4590_/X
 _4591_/X
 _4592_/X
 _4593_/X
 _4594_/X
 _4595_/X
 _4596_/X
 _4597_/X
 _4598_/X
 _4599_/X
 _4600_/X
 _4601_/X
 _4602_/X
 _4603_/X
 _4604_/X
 _4605_/X
 _4606_/X
 _4607_/X
 _4608_/X
 _4609_/X
 _4610_/X
 _4611_/X
 _4612_/X
 _4613_/X
 _4614_/X
 _4615_/X
 _4616_/X
 _4617_/X
 _4618_/X
 _4619_/X
 _4620_/X
 _4621_/X
 _4622_/X
 _4623_/X
 _4624_/X
 _4625_/X
 _4626_/X
 _4627_/X
 _4628_/X
 _4629_/X
 _4630_/X
 _4631_/X
 _4632_/X
 _4633_/X
 _4634_/X
 _4635_/X
 _4636_/X
 _4637_/X
 _4638_/X
 _4639_/X
 _4640_/X
 _4641_/X
 _4642_/X
 _4643_/X
 _4644_/X
 _4645_/X
 _4646_/X
 _4647_/X
 _4648_/X
 _4649_/X
 _4650_/X
 _4651_/X
 _4652_/X
 _4653_/X
 _4654_/X
 _4655_/X
 _4656_/X
 _4657_/X
 _4658_/X
 _4659_/X
 _4660_/X
 _4661_/X
 _4662_/X
 _4663_/X
 _4664_/X
 _4665_/X
 _4666_/X
 _4667_/X
 _4668_/X
 _4669_/X
 _4670_/X
 _4671_/X
 _4672_/X
 _4673_/X
 _4674_/X
 _4675_/X
 _4676_/X
 _4677_/X
 _4678_/X
 _4679_/X
 _4680_/X
 _4681_/X
 _4682_/X
 _4683_/X
 _4684_/X
 _4685_/X
 _4686_/X
 _4687_/X
 _4688_/X
 _4689_/X
 _4690_/X
 _4691_/X
 _4692_/X
 _4693_/X
 _4694_/X
 _4695_/X
 _4696_/X
 _4697_/X
 _4698_/X
 _4699_/X
 _4700_/X
 _4701_/X
 _4702_/X
 _4703_/X
 _4704_/X
 _4705_/X
 _4706_/X
 _4707_/X
 _4708_/X
 _4709_/X
 _4710_/X
 _4711_/X
 _4712_/X
 _4713_/X
 _4714_/X
 _4715_/X
 _4716_/X
 _4717_/X
 _4718_/X
 _4719_/X
 _4720_/X
 _4721_/X
 _4722_/X
 _4723_/X
 _4724_/X
 _4725_/X
 _4726_/X
 _4727_/X
 _4728_/X
 _4729_/X
 _4730_/X
 _4731_/X
 _4732_/X
 _4733_/X
 _4734_/X
 _4735_/X
 _4736_/X
 _4737_/X
 _4738_/X
 _4739_/X
 _4740_/X
 _4741_/X
 _4742_/X
 _4743_/X
 _4744_/X
 _4745_/X
 _4746_/X
 _4747_/X
 _4748_/X
 _4749_/X
 _4750_/X
 _4751_/X
 _4752_/X
 _4753_/X
 _4754_/X
 _4755_/X
 _4756_/X
 _4757_/X
 _4758_/X
 _4759_/X
 _4760_/X
 _4761_/X
 _4762_/X
 _4763_/X
 _4764_/X
 _4765_/X
 _4766_/X
 _4767_/X
 _4768_/X
 _4769_/X
 _4770_/X
 _4771_/X
 _4772_/X
 _4773_/X
 _4774_/X
 _4775_/X
 _4776_/X
 _4777_/X
 _4778_/X
 _4779_/X
 _4780_/X
 _4781_/X
 _4782_/X
 _4783_/X
 _4784_/X
 _4785_/X
 _4786_/X
 _4787_/X
 _4788_/X
 _4789_/X
 _4790_/X
 _4791_/X
 _4792_/X
 _4793_/X
 _4794_/X
 _4795_/X
 _4796_/X
 _4797_/X
 _4798_/Y
 _4799_/X
 _4800_/X
 _4801_/X
 _4802_/X
 _4803_/X
 _4804_/X
 _4805_/X
 _4806_/X
 _4807_/X
 _4808_/Y
 _4809_/Y
 _4810_/X
 _4811_/Y
 _4812_/X
 _4813_/X
 _4814_/X
 _4815_/X
 _4816_/X
 _4817_/X
 _4818_/X
 _4819_/X
 _4820_/X
 _4821_/X
 _4822_/X
 _4823_/X
 _4824_/X
 _4825_/X
 _4826_/X
 _4827_/X
 _4828_/X
 _4829_/X
 _4830_/X
 _4831_/X
 _4832_/X
 _4833_/X
 _4834_/X
 _4835_/X
 _4836_/X
 _4837_/X
 _4838_/X
 _4839_/X
 _4840_/X
 _4841_/X
 _4842_/X
 _4843_/X
 _4844_/X
 _4845_/X
 _4846_/X
 _4847_/X
 _4848_/X
 _4849_/X
 _4850_/X
 _4851_/X
 _4852_/X
 _4853_/X
 _4854_/X
 _4855_/X
 _4856_/X
 _4857_/X
 _4858_/X
 _4859_/X
 _4860_/X
 _4861_/X
 _4862_/X
 _4863_/X
 _4864_/X
 _4865_/X
 _4866_/X
 _4867_/X
 _4868_/X
 _4869_/X
 _4870_/X
 _4871_/X
 _4872_/X
 _4873_/X
 _4874_/X
 _4875_/X
 _4876_/X
 _4877_/X
 _4878_/X
 _4879_/X
 _4880_/X
 _4881_/X
 _4882_/X
 _4883_/X
 _4884_/X
 _4885_/X
 _4886_/Y
 _4887_/X
 _4888_/X
 _4889_/X
 _4890_/X
 _4891_/X
 _4892_/X
 _4893_/X
 _4894_/X
 _4895_/X
 _4896_/X
 _4897_/X
 _4898_/X
 _4899_/X
 _4900_/X
 _4901_/X
 _4902_/X
 _4903_/X
 _4904_/X
 _4905_/X
 _4906_/X
 _4907_/X
 _4908_/X
 _4909_/X
 _4910_/X
 _4911_/X
 _4912_/X
 _4913_/X
 _4914_/X
 _4915_/X
 _4916_/X
 _4917_/X
 _4918_/X
 _4919_/X
 _4920_/X
 _4921_/X
 _4922_/X
 _4923_/X
 _4924_/Y
 _4925_/Y
 _4926_/X
 _4927_/Y
 _4928_/X
 _4929_/X
 _4930_/X
 _4931_/X
 _4932_/X
 _4933_/X
 _4934_/Y
 _4935_/Y
 _4936_/X
 _4937_/X
 _4938_/X
 _4939_/X
 _4940_/X
 _4941_/X
 _4942_/X
 _4943_/X
 _4944_/X
 _4945_/X
 _4946_/X
 _4947_/X
 _4948_/X
 _4949_/X
 _4950_/X
 _4951_/X
 _4952_/X
 _4953_/X
 _4954_/X
 _4955_/X
 _4956_/X
 _4957_/X
 _4958_/X
 _4959_/X
 _4960_/X
 _4961_/X
 _4962_/X
 _4963_/X
 _4964_/X
 _4965_/X
 _4966_/X
 _4967_/X
 _4968_/X
 _4969_/X
 _4970_/X
 _4971_/X
 _4972_/X
 _4973_/X
 _4974_/X
 _4975_/X
 _4976_/X
 _4977_/X
 _4978_/X
 _4979_/X
 _4980_/X
 _4981_/X
 _4982_/X
 _4983_/X
 _4984_/X
 _4985_/X
 _4986_/X
 _4987_/X
 _4988_/X
 _4989_/X
 _4990_/X
 _4991_/X
 _4992_/X
 _4993_/X
 _4994_/X
 _4995_/X
 _4996_/X
 _4997_/X
 _4998_/X
 _4999_/X
 _5000_/X
 _5001_/X
 _5002_/X
 _5003_/X
 _5004_/X
 _5005_/X
 _5006_/X
 _5007_/X
 _5008_/X
 _5009_/X
 _5010_/Y
 _5011_/X
 _5012_/X
 _5013_/Y
 _5014_/Y
 _5015_/X
 _5016_/X
 _5017_/X
 _5018_/X
 _5019_/X
 _5020_/X
 _5021_/X
 _5022_/X
 _5023_/X
 _5024_/X
 _5025_/X
 _5026_/X
 _5027_/X
 _5028_/X
 _5029_/X
 _5030_/X
 _5031_/X
 _5032_/X
 _5033_/X
 _5034_/X
 _5035_/X
 _5036_/X
 _5037_/X
 _5038_/X
 _5039_/X
 _5040_/X
 _5041_/X
 _5042_/X
 _5043_/X
 _5044_/X
 _5045_/X
 _5046_/X
 _5047_/X
 _5048_/X
 _5049_/X
 _5050_/X
 _5051_/X
 _5052_/X
 _5053_/X
 _5054_/X
 _5055_/X
 _5056_/X
 _5057_/X
 _5058_/X
 _5059_/X
 _5060_/X
 _5061_/X
 _5062_/X
 _5063_/X
 _5064_/X
 _5065_/X
 _5066_/X
 _5067_/X
 _5068_/X
 _5069_/X
 _5070_/X
 _5071_/X
 _5072_/X
 _5073_/X
 _5074_/X
 _5075_/X
 _5076_/X
 _5077_/X
 _5078_/X
 _5079_/X
 _5080_/X
 _5081_/X
 _5082_/X
 _5083_/X
 _5084_/X
 _5085_/X
 _5086_/X
 _5087_/X
 _5088_/X
 _5089_/X
 _5090_/X
 _5091_/X
 _5092_/X
 _5093_/X
 _5094_/X
 _5095_/X
 _5096_/X
 _5097_/X
 _5098_/X
 _5099_/X
 _5100_/X
 _5101_/X
 _5102_/X
 _5103_/X
 _5104_/X
 _5105_/X
 _5106_/X
 _5107_/X
 _5108_/X
 _5109_/X
 _5110_/X
 _5111_/X
 _5112_/X
 _5113_/X
 _5114_/X
 _5115_/X
 _5116_/X
 _5117_/X
 _5118_/X
 _5119_/X
 _5120_/X
 _5121_/X
 _5122_/X
 _5123_/X
 _5124_/X
 _5125_/X
 _5126_/X
 _5127_/X
 _5128_/X
 _5129_/X
 _5130_/X
 _5131_/X
 _5132_/X
 _5133_/X
 _5134_/X
 _5135_/X
 _5136_/X
 _5137_/X
 _5138_/X
 _5139_/X
 _5140_/X
 _5141_/X
 _5142_/X
 _5143_/X
 _5144_/X
 _5145_/X
 _5146_/X
 _5147_/X
 _5148_/X
 _5149_/X
 _5150_/X
 _5151_/X
 _5152_/X
 _5153_/X
 _5154_/X
 _5155_/X
 _5156_/X
 _5157_/X
 _5158_/X
 _5159_/X
 _5160_/X
 _5161_/X
 _5162_/X
 _5163_/X
 _5164_/X
 _5165_/X
 _5166_/X
 _5167_/X
 _5168_/X
 _5169_/X
 _5170_/X
 _5171_/X
 _5172_/X
 _5173_/X
 _5174_/X
 _5175_/X
 _5176_/X
 _5177_/X
 _5178_/X
 _5179_/X
 _5180_/X
 _5181_/X
 _5182_/X
 _5183_/X
 _5184_/X
 _5185_/X
 _5186_/X
 _5187_/X
 _5188_/X
 _5189_/X
 _5190_/X
 _5191_/X
 _5192_/X
 _5193_/X
 _5194_/X
 _5195_/X
 _5196_/X
 _5197_/X
 _5198_/X
 _5199_/Y
 _5200_/X
 _5201_/X
 _5202_/X
 _5203_/Y
 _5204_/X
 _5205_/X
 _5206_/X
 _5207_/X
 _5208_/X
 _5209_/X
 _5210_/X
 _5211_/X
 _5212_/X
 _5213_/X
 _5214_/X
 _5215_/X
 _5216_/X
 _5217_/X
 _5218_/X
 _5219_/X
 _5220_/X
 _5221_/X
 _5222_/X
 _5223_/X
 _5224_/X
 _5225_/X
 _5226_/X
 _5227_/X
 _5228_/X
 _5229_/X
 _5230_/X
 _5231_/X
 _5232_/X
 _5233_/X
 _5234_/X
 _5235_/X
 _5236_/X
 _5237_/X
 _5238_/X
 _5239_/X
 _5240_/X
 _5241_/X
 _5242_/X
 _5243_/Y
 _5244_/X
 _5245_/X
 _5246_/X
 _5247_/X
 _5248_/X
 _5249_/X
 _5250_/X
 _5251_/X
 _5252_/X
 _5253_/X
 _5254_/X
 _5255_/X
 _5256_/X
 _5257_/X
 _5258_/X
 _5259_/X
 _5260_/X
 _5261_/X
 _5262_/X
 _5263_/X
 _5264_/X
 _5265_/X
 _5266_/X
 _5267_/X
 _5268_/X
 _5269_/X
 _5270_/X
 _5271_/X
 _5272_/X
 _5273_/X
 _5274_/X
 _5275_/X
 _5276_/X
 _5277_/X
 _5278_/X
 _5279_/X
 _5280_/X
 _5281_/X
 _5282_/X
 _5283_/X
 _5284_/X
 _5285_/X
 _5286_/X
 _5287_/X
 _5288_/X
 _5289_/X
 _5290_/X
 _5291_/X
 _5292_/X
 _5293_/X
 _5294_/X
 _5295_/X
 _5296_/X
 _5297_/X
 _5298_/X
 _5299_/X
 _5300_/X
 _5301_/X
 _5302_/X
 _5303_/X
 _5304_/X
 _5305_/X
 _5306_/X
 _5307_/X
 _5308_/X
 _5309_/X
 _5310_/X
 _5311_/X
 _5312_/X
 _5313_/X
 _5314_/X
 _5315_/X
 _5316_/X
 _5317_/X
 _5318_/X
 _5319_/Y
 _5320_/X
 _5321_/X
 _5322_/X
 _5323_/Y
 _5324_/X
 _5325_/X
 _5326_/X
 _5327_/X
 _5328_/X
 _5329_/X
 _5330_/X
 _5331_/X
 _5332_/X
 _5333_/X
 _5334_/X
 _5335_/X
 _5336_/X
 _5337_/X
 _5338_/X
 _5339_/X
 _5340_/X
 _5341_/X
 _5342_/X
 _5343_/X
 _5344_/X
 _5345_/X
 _5346_/X
 _5347_/X
 _5348_/X
 _5349_/X
 _5350_/X
 _5351_/X
 _5352_/X
 _5353_/X
 _5354_/X
 _5355_/X
 _5356_/X
 _5357_/X
 _5358_/X
 _5359_/X
 _5360_/X
 _5361_/Y
 _5362_/X
 _5363_/X
 _5364_/X
 _5365_/Y
 _5366_/X
 _5367_/X
 _5368_/X
 _5369_/X
 _5370_/X
 _5371_/X
 _5372_/X
 _5373_/X
 _5374_/X
 _5375_/X
 _5376_/X
 _5377_/X
 _5378_/X
 _5379_/X
 _5380_/X
 _5381_/X
 _5382_/X
 _5383_/X
 _5384_/X
 _5385_/X
 _5386_/X
 _5387_/X
 _5388_/X
 _5389_/X
 _5390_/X
 _5391_/X
 _5392_/X
 _5393_/X
 _5394_/X
 _5395_/X
 _5396_/X
 _5397_/X
 _5398_/X
 _5399_/X
 _5400_/X
 _5401_/X
 _5402_/X
 _5403_/X
 _5404_/X
 _5405_/X
 _5406_/Y
 _5407_/X
 _5408_/X
 _5409_/X
 _5410_/X
 _5411_/X
 _5412_/X
 _5413_/X
 _5414_/X
 _5415_/X
 _5416_/X
 _5417_/X
 _5418_/X
 _5419_/X
 _5420_/X
 _5421_/X
 _5422_/X
 _5423_/X
 _5424_/X
 _5425_/X
 _5426_/X
 _5427_/X
 _5428_/X
 _5429_/X
 _5430_/X
 _5431_/X
 _5432_/X
 _5433_/X
 _5434_/X
 _5435_/X
 _5436_/X
 _5437_/X
 _5438_/X
 _5439_/X
 _5440_/X
 _5441_/X
 _5442_/X
 _5443_/X
 _5444_/X
 _5445_/X
 _5446_/X
 _5447_/Y
 _5448_/X
 _5449_/X
 _5450_/X
 _5451_/X
 _5452_/X
 _5453_/X
 _5454_/X
 _5455_/X
 _5456_/X
 _5457_/X
 _5458_/X
 _5459_/X
 _5460_/X
 _5461_/X
 _5462_/X
 _5463_/X
 _5464_/X
 _5465_/X
 _5466_/X
 _5467_/X
 _5468_/X
 _5469_/X
 _5470_/X
 _5471_/X
 _5472_/X
 _5473_/X
 _5474_/X
 _5475_/X
 _5476_/X
 _5477_/X
 _5478_/X
 _5479_/X
 _5480_/X
 _5481_/X
 _5482_/X
 _5483_/X
 _5484_/X
 _5485_/X
 _5486_/X
 _5487_/X
 _5488_/Y
 _5489_/X
 _5490_/X
 _5491_/X
 _5492_/X
 _5493_/X
 _5494_/X
 _5495_/X
 _5496_/X
 _5497_/X
 _5498_/X
 _5499_/X
 _5500_/X
 _5501_/X
 _5502_/X
 _5503_/X
 _5504_/X
 _5505_/X
 _5506_/X
 _5507_/X
 _5508_/X
 _5509_/X
 _5510_/X
 _5511_/X
 _5512_/X
 _5513_/X
 _5514_/X
 _5515_/X
 _5516_/X
 _5517_/X
 _5518_/X
 _5519_/X
 _5520_/X
 _5521_/X
 _5522_/X
 _5523_/X
 _5524_/X
 _5525_/X
 _5526_/X
 _5527_/X
 _5528__5/Y
 _5529__6/Y
 _5530__7/Y
 _5531__8/Y
 _5532__9/Y
 _5533__10/Y
 _5534__11/Y
 _5535__12/Y
 _5536__13/Y
 _5537__14/Y
 _5538_/X
 _5539__15/Y
 _5540__16/Y
 _5541__17/Y
 _5542__18/Y
 _5543__19/Y
 _5544__20/Y
 _5545__21/Y
 _5546__22/Y
 _5547__23/Y
 _5548__24/Y
 _5549_/X
 _5550__25/Y
 _5551__26/Y
 _5552__27/Y
 _5553__28/Y
 _5554__29/Y
 _5555__30/Y
 _5556__31/Y
 _5557__32/Y
 _5558__33/Y
 _5559__34/Y
 _5560_/X
 _5561__35/Y
 _5562__36/Y
 _5563_/Y
 _5564_/X
 _5565_/X
 _5566_/X
 _5567_/X
 _5568_/X
 _5569_/X
 _5570_/X
 _5571_/X
 _5572_/X
 _5573_/X
 _5574_/X
 _5575_/X
 _5576_/X
 _5577_/X
 _5578_/X
 _5579_/X
 _5580_/X
 _5581_/X
 _5582_/X
 _5583_/X
 _5584_/X
 _5585_/X
 _5586_/X
 _5587_/X
 _5588_/X
 _5589_/X
 _5590_/X
 _5591_/X
 _5592_/X
 _5593_/X
 _5594_/X
 _5595_/X
 _5596_/X
 _5597_/X
 _5598_/X
 _5599_/X
 _5600_/X
 _5601_/X
 _5602_/X
 _5603_/X
 _5604_/X
 _5605_/X
 _5606_/X
 _5607_/X
 _5608_/X
 _5609_/X
 _5610_/X
 _5611_/X
 _5612_/X
 _5613_/X
 _5614_/X
 _5615_/X
 _5616_/X
 _5617_/X
 _5618_/X
 _5619_/X
 _5620_/X
 _5621_/X
 _5622_/X
 _5623_/X
 _5624_/X
 _5625_/X
 _5626_/X
 _5627_/X
 _5628_/X
 _5629_/X
 _5630_/X
 _5631_/X
 _5632_/X
 _5633_/X
 _5634_/X
 _5635_/X
 _5636_/X
 _5637_/X
 _5638_/X
 _5639_/Y
 _5640_/X
 _5641_/X
 _5642_/X
 _5643_/X
 _5644_/X
 _5645_/X
 _5646_/X
 _5647_/X
 _5648_/X
 _5649_/X
 _5650_/X
 _5651_/X
 _5652_/X
 _5653_/X
 _5654_/X
 _5655_/X
 _5656_/X
 _5657_/X
 _5658_/X
 _5659_/X
 _5660_/X
 _5661_/X
 _5662_/X
 _5663_/X
 _5664_/X
 _5665_/X
 _5666_/X
 _5667_/X
 _5668_/X
 _5669_/X
 _5670_/X
 _5671_/X
 _5672_/X
 _5673_/X
 _5674_/X
 _5675_/X
 _5676_/X
 _5677_/X
 _5678_/X
 _5679_/X
 _5680_/X
 _5681_/X
 _5682_/X
 _5683_/X
 _5684_/X
 _5685_/X
 _5686_/X
 _5687_/X
 _5688_/X
 _5689_/X
 _5690_/X
 _5691_/X
 _5692_/X
 _5693_/X
 _5694_/X
 _5695_/X
 _5696_/X
 _5697_/X
 _5698_/X
 _5699_/X
 _5700_/X
 _5701_/X
 _5702_/X
 _5703_/X
 _5704_/X
 _5705_/X
 _5706_/X
 _5707_/X
 _5708_/X
 _5709_/X
 _5710_/X
 _5711_/X
 _5712_/X
 _5713_/X
 _5714_/X
 _5715_/X
 _5716_/X
 _5717_/X
 _5718_/X
 _5719_/X
 _5720_/X
 _5721_/X
 _5722_/X
 _5723_/X
 _5724_/X
 _5725_/X
 _5726_/X
 _5727_/X
 _5728_/X
 _5729_/X
 _5730_/X
 _5731_/X
 _5732_/X
 _5733_/X
 _5734_/X
 _5735_/X
 _5736_/X
 _5737_/X
 _5738_/X
 _5739_/X
 _5740_/X
 _5741_/X
 _5742_/X
 _5743_/X
 _5744_/X
 _5745_/X
 _5746_/Y
 _5747_/X
 _5748_/X
 _5749_/X
 _5750_/Y
 _5751_/X
 _5752_/X
 _5753_/X
 _5754_/X
 _5755_/X
 _5756_/X
 _5757_/X
 _5758_/X
 _5759_/X
 _5760_/X
 _5761_/X
 _5762_/X
 _5763_/X
 _5764_/X
 _5765_/X
 _5766_/X
 _5767_/X
 _5768_/X
 _5769_/X
 _5770_/X
 _5771_/X
 _5772_/X
 _5773_/X
 _5774_/X
 _5775_/X
 _5776_/X
 _5777_/X
 _5778_/X
 _5779_/X
 _5780_/X
 _5781_/X
 _5782_/X
 _5783_/X
 _5784_/X
 _5785_/X
 _5786_/X
 _5787_/X
 _5788_/X
 _5789_/X
 _5790_/X
 _5791_/Y
 _5792_/X
 _5793_/X
 _5794_/X
 _5795_/X
 _5796_/X
 _5797_/X
 _5798_/X
 _5799_/X
 _5800_/X
 _5801_/X
 _5802_/X
 _5803_/X
 _5804_/X
 _5805_/X
 _5806_/X
 _5807_/X
 _5808_/X
 _5809_/X
 _5810_/X
 _5811_/X
 _5812_/X
 _5813_/X
 _5814_/X
 _5815_/X
 _5816_/X
 _5817_/X
 _5818_/X
 _5819_/X
 _5820_/X
 _5821_/X
 _5822_/X
 _5823_/X
 _5824_/X
 _5825_/X
 _5826_/X
 _5827_/X
 _5828_/X
 _5829_/X
 _5830_/X
 _5831_/X
 _5832_/X
 _5833_/X
 _5834_/X
 _5835_/X
 _5836_/X
 _5837_/X
 _5838_/X
 _5839_/X
 _5840_/X
 _5841_/X
 _5842_/X
 _5843_/X
 _5844_/X
 _5845_/X
 _5846_/X
 _5847_/X
 _5848_/X
 _5849_/X
 _5850_/X
 _5851_/X
 _5852_/X
 _5853_/X
 _5854_/X
 _5855_/X
 _5856_/X
 _5857_/X
 _5858_/X
 _5859_/X
 _5860_/X
 _5861_/X
 _5862_/X
 _5863_/Y
 _5864_/X
 _5865_/X
 _5866_/X
 _5867_/X
 _5868_/X
 _5869_/X
 _5870_/X
 _5871_/X
 _5872_/X
 _5873_/X
 _5874_/X
 _5875_/X
 _5876_/X
 _5877_/X
 _5878_/X
 _5879_/X
 _5880_/X
 _5881_/X
 _5882_/X
 _5883_/X
 _5884_/X
 _5885_/X
 _5886_/X
 _5887_/X
 _5888_/X
 _5889_/X
 _5890_/X
 _5891_/X
 _5892_/X
 _5893_/X
 _5894_/X
 _5895_/X
 _5896_/X
 _5897_/X
 _5898_/X
 _5899_/X
 _5900_/X
 _5901_/X
 _5902_/X
 _5903_/X
 _5904_/X
 _5905_/X
 _5906_/X
 _5907_/X
 _5908_/X
 _5909_/X
 _5910_/X
 _5911_/X
 _5912_/X
 _5913_/X
 _5914_/X
 _5915_/X
 _5916_/X
 _5917_/X
 _5918_/X
 _5919_/X
 _5920_/X
 _5921_/X
 _5922_/X
 _5923_/X
 _5924_/X
 _5925_/X
 _5926_/X
 _5927_/X
 _5928_/X
 _5929_/X
 _5930_/X
 _5931_/X
 _5932_/X
 _5933_/X
 _5934_/X
 _5935_/X
 _5936_/X
 _5937_/X
 _5938_/X
 _5939_/X
 _5940_/X
 _5941_/X
 _5942_/Y
 _5943_/X
 _5944_/X
 _5945_/X
 _5946_/X
 _5947_/X
 _5948_/X
 _5949_/X
 _5950_/X
 _5951_/X
 _5952_/X
 _5953_/X
 _5954_/X
 _5955_/X
 _5956_/X
 _5957_/X
 _5958_/X
 _5959_/X
 _5960_/X
 _5961_/X
 _5962_/X
 _5963_/X
 _5964_/X
 _5965_/X
 _5966_/X
 _5967_/X
 _5968_/X
 _5969_/X
 _5970_/X
 _5971_/X
 _5972_/X
 _5973_/X
 _5974_/X
 _5975_/X
 _5976_/X
 _5977_/X
 _5978_/X
 _5979_/X
 _5980_/X
 _5981_/X
 _5982_/X
 _5983_/X
 _5984_/X
 _5985_/X
 _5986_/X
 _5987_/X
 _5988_/X
 _5989_/X
 _5990_/X
 _5991_/X
 _5992_/X
 _5993_/X
 _5994_/X
 _5995_/X
 _5996_/X
 _5997_/X
 _5998_/X
 _5999_/X
 _6000_/X
 _6001_/X
 _6002_/X
 _6003_/X
 _6004_/X
 _6005_/X
 _6006_/X
 _6007_/X
 _6008_/X
 _6009_/X
 _6010_/X
 _6011_/X
 _6012_/X
 _6013_/X
 _6014_/X
 _6015_/X
 _6016_/X
 _6017_/Y
 _6018_/X
 _6019_/X
 _6020_/X
 _6021_/X
 _6022_/X
 _6023_/X
 _6024_/X
 _6025_/X
 _6026_/X
 _6027_/X
 _6028_/X
 _6029_/X
 _6030_/X
 _6031_/X
 _6032_/X
 _6033_/X
 _6034_/X
 _6035_/X
 _6036_/X
 _6037_/X
 _6038_/X
 _6039_/X
 _6040_/X
 _6041_/X
 _6042_/X
 _6043_/X
 _6044_/X
 _6045_/X
 _6046_/X
 _6047_/X
 _6048_/X
 _6049_/X
 _6050_/X
 _6051_/X
 _6052_/X
 _6053_/X
 _6054_/X
 _6055_/X
 _6056_/X
 _6057_/X
 _6058_/X
 _6059_/X
 _6060_/X
 _6061_/X
 _6062_/X
 _6063_/X
 _6064_/X
 _6065_/X
 _6066_/X
 _6067_/X
 _6068_/X
 _6069_/X
 _6070_/X
 _6071_/X
 _6072_/X
 _6073_/X
 _6074_/X
 _6075_/X
 _6076_/X
 _6077_/X
 _6078_/X
 _6079_/X
 _6080_/X
 _6081_/X
 _6082_/X
 _6083_/X
 _6084_/X
 _6085_/X
 _6086_/X
 _6087_/X
 _6088_/X
 _6089_/X
 _6090_/X
 _6091_/X
 _6092_/X
 _6093_/Y
 _6094_/X
 _6095_/X
 _6096_/X
 _6097_/X
 _6098_/X
 _6099_/X
 _6100_/X
 _6101_/X
 _6102_/X
 _6103_/X
 _6104_/X
 _6105_/X
 _6106_/X
 _6107_/X
 _6108_/X
 _6109_/X
 _6110_/X
 _6111_/X
 _6112_/X
 _6113_/X
 _6114_/X
 _6115_/X
 _6116_/X
 _6117_/X
 _6118_/X
 _6119_/X
 _6120_/X
 _6121_/X
 _6122_/X
 _6123_/X
 _6124_/X
 _6125_/X
 _6126_/X
 _6127_/X
 _6128_/X
 _6129_/X
 _6130_/X
 _6131_/X
 _6132_/X
 _6133_/X
 _6134_/X
 _6135_/X
 _6136_/X
 _6137_/X
 _6138_/X
 _6139_/X
 _6140_/X
 _6141_/X
 _6142_/X
 _6143_/X
 _6144_/X
 _6145_/X
 _6146_/X
 _6147_/X
 _6148_/X
 _6149_/X
 _6150_/X
 _6151_/X
 _6152_/X
 _6153_/X
 _6154_/X
 _6155_/X
 _6156_/X
 _6157_/X
 _6158_/X
 _6159_/X
 _6160_/X
 _6161_/X
 _6162_/X
 _6163_/X
 _6164_/X
 _6165_/X
 _6166_/X
 _6167_/X
 _6168_/Y
 _6169_/X
 _6170_/X
 _6171_/X
 _6172_/X
 _6173_/X
 _6174_/X
 _6175_/X
 _6176_/X
 _6177_/X
 _6178_/X
 _6179_/X
 _6180_/X
 _6181_/X
 _6182_/X
 _6183_/X
 _6184_/X
 _6185_/X
 _6186_/X
 _6187_/X
 _6188_/X
 _6189_/X
 _6190_/X
 _6191_/X
 _6192_/X
 _6193_/X
 _6194_/X
 _6195_/X
 _6196_/X
 _6197_/X
 _6198_/X
 _6199_/X
 _6200_/X
 _6201_/X
 _6202_/X
 _6203_/X
 _6204_/X
 _6205_/X
 _6206_/X
 _6207_/X
 _6208_/X
 _6209_/X
 _6210_/X
 _6211_/X
 _6212_/X
 _6213_/X
 _6214_/X
 _6215_/X
 _6216_/X
 _6217_/X
 _6218_/X
 _6219_/X
 _6220_/X
 _6221_/X
 _6222_/X
 _6223_/X
 _6224_/X
 _6225_/X
 _6226_/X
 _6227_/X
 _6228_/X
 _6229_/X
 _6230_/X
 _6231_/X
 _6232_/X
 _6233_/X
 _6234_/X
 _6235_/X
 _6236_/X
 _6237_/X
 _6238_/X
 _6239_/X
 _6240_/X
 _6241_/X
 _6242_/X
 _6243_/X
 _6244_/Y
 _6245_/X
 _6246_/X
 _6247_/X
 _6248_/X
 _6249_/X
 _6250_/X
 _6251_/X
 _6252_/X
 _6253_/X
 _6254_/X
 _6255_/X
 _6256_/X
 _6257_/X
 _6258_/X
 _6259_/X
 _6260_/X
 _6261_/X
 _6262_/X
 _6263_/X
 _6264_/X
 _6265_/X
 _6266_/X
 _6267_/X
 _6268_/X
 _6269_/X
 _6270_/X
 _6271_/X
 _6272_/X
 _6273_/X
 _6274_/X
 _6275_/X
 _6276_/X
 _6277_/X
 _6278_/X
 _6279_/X
 _6280_/X
 _6281_/X
 _6282_/X
 _6283_/X
 _6284_/X
 _6285_/X
 _6286_/X
 _6287_/X
 _6288_/X
 _6289_/X
 _6290_/X
 _6291_/X
 _6292_/X
 _6293_/X
 _6294_/X
 _6295_/X
 _6296_/X
 _6297_/X
 _6298_/X
 _6299_/X
 _6300_/X
 _6301_/X
 _6302_/X
 _6303_/X
 _6304_/X
 _6305_/X
 _6306_/X
 _6307_/X
 _6308_/X
 _6309_/X
 _6310_/X
 _6311_/X
 _6312_/X
 _6313_/X
 _6314_/X
 _6315_/X
 _6316_/X
 _6317_/X
 _6318_/X
 _6319_/X
 _6320_/X
 _6321_/X
 _6322_/Y
 _6323_/X
 _6324_/X
 _6325_/X
 _6326_/X
 _6327_/X
 _6328_/X
 _6329_/X
 _6330_/X
 _6331_/X
 _6332_/X
 _6333_/X
 _6334_/X
 _6335_/X
 _6336_/X
 _6337_/X
 _6338_/X
 _6339_/X
 _6340_/X
 _6341_/X
 _6342_/X
 _6343_/X
 _6344_/X
 _6345_/X
 _6346_/X
 _6347_/X
 _6348_/X
 _6349_/X
 _6350_/X
 _6351_/X
 _6352_/X
 _6353_/X
 _6354_/X
 _6355_/X
 _6356_/X
 _6357_/X
 _6358_/X
 _6359_/X
 _6360_/X
 _6361_/X
 _6362_/X
 _6363_/X
 _6364_/X
 _6365_/X
 _6366_/X
 _6367_/X
 _6368_/X
 _6369_/X
 _6370_/X
 _6371_/X
 _6372_/X
 _6373_/X
 _6374_/X
 _6375_/X
 _6376_/X
 _6377_/X
 _6378_/X
 _6379_/X
 _6380_/X
 _6381_/X
 _6382_/X
 _6383_/X
 _6384_/X
 _6385_/X
 _6386_/X
 _6387_/X
 _6388_/X
 _6389_/X
 _6390_/X
 _6391_/X
 _6392_/X
 _6393_/X
 _6394_/X
 _6395_/X
 _6396_/X
 _6397_/X
 _6398_/X
 _6399_/X
 _6400_/X
 _6401_/X
 _6402_/X
 _6403_/X
 _6404_/X
 _6405_/X
 _6406_/X
 _6407_/X
 _6408_/X
 _6409_/X
 _6410_/X
 _6411_/X
 _6412_/X
 _6413_/X
 _6414_/X
 _6415_/X
 _6416_/X
 _6417_/X
 _6418_/X
 _6419_/X
 _6420_/X
 _6421_/X
 _6422_/X
 _6423_/X
 _6424_/X
 _6425_/X
 _6426_/X
 _6427_/X
 _6428_/X
 _6429_/X
 _6430_/X
 _6431_/X
 _6432_/X
 _6433_/X
 _6434_/X
 _6435_/X
 _6436_/X
 _6437_/X
 _6438_/X
 _6439_/X
 _6440_/X
 _6441_/X
 _6442_/X
 _6443_/X
 _6444_/X
 _6445_/X
 _6446_/X
 _6447_/X
 _6448_/X
 _6449_/X
 _6450_/X
 _6451_/X
 _6452_/X
 _6453_/X
 _6454_/X
 _6455_/X
 _6456_/X
 _6457_/X
 _6458_/X
 _6459_/X
 _6460_/X
 _6461_/X
 _6462_/X
 _6463_/X
 _6464_/X
 _6465_/X
 _6466_/X
 _6467_/X
 _6468_/X
 _6469_/X
 _6470_/X
 _6471_/X
 _6472_/X
 _6473_/X
 _6474_/X
 _6475_/X
 _6476_/X
 _6477_/X
 _6478_/X
 _6479_/X
 _6480_/X
 _6481_/X
 _6482_/X
 _6483_/X
 _6484_/X
 _6485_/X
 _6486_/X
 _6487_/X
 _6488_/X
 _6489_/X
 _6490_/X
 _6491_/X
 _6492_/X
 _6493_/X
 _6494_/X
 _6495_/X
 _6496_/X
 _6497_/X
 _6498_/X
 _6499_/X
 _6500_/X
 _6501_/X
 _6502_/X
 _6503_/X
 _6504_/X
 _6505_/X
 _6506_/X
 _6507_/X
 _6508_/X
 _6509_/X
 _6510_/X
 _6511_/X
 _6512_/X
 _6513_/X
 _6514_/X
 _6515_/X
 _6516_/X
 _6517_/X
 _6518_/X
 _6519_/X
 _6520_/X
 _6521_/X
 _6522_/X
 _6523_/X
 _6524_/X
 _6525_/X
 _6526_/X
 _6527_/X
 _6528_/X
 _6529_/X
 _6530_/X
 _6531_/X
 _6532_/X
 _6533_/X
 _6534_/X
 _6535_/X
 _6536_/X
 _6537_/X
 _6538_/X
 _6539_/X
 _6540_/X
 _6541_/X
 _6542_/X
 _6543_/X
 _6544_/X
 _6545_/X
 _6546_/X
 _6547_/X
 _6548_/X
 _6549_/X
 _6550_/X
 _6551_/X
 _6552_/X
 _6553_/X
 _6554_/X
 _6555_/X
 _6556_/X
 _6557_/X
 _6558_/X
 _6559_/X
 _6560_/X
 _6561_/X
 _6562_/X
 _6563_/X
 _6564_/X
 _6565_/X
 _6566_/X
 _6567_/X
 _6568_/X
 _6569_/X
 _6570_/X
 _6571_/X
 _6572_/X
 _6573_/X
 _6574_/X
 _6575_/X
 _6576_/X
 _6577_/X
 _6578_/X
 _6579_/X
 _6580_/X
 _6581_/X
 _6582_/X
 _6583_/X
 _6584_/X
 _6585_/X
 _6586_/X
 _6587_/X
 _6588_/X
 _6589_/X
 _6590_/X
 _6591_/X
 _6592_/Y
 _6593_/X
 _6594_/X
 _6595_/X
 _6596_/X
 _6597_/X
 _6598_/X
 _6599_/X
 _6600_/X
 _6601_/X
 _6602_/X
 _6603_/X
 _6604_/X
 _6605_/X
 _6606_/X
 _6607_/X
 _6608_/X
 _6609_/X
 _6610_/X
 _6611_/X
 _6612_/X
 _6613_/X
 _6614_/X
 _6615_/X
 _6616_/X
 _6617_/X
 _6618_/X
 _6619_/X
 _6620_/X
 _6621_/X
 _6622_/X
 _6623_/X
 _6624_/X
 _6625_/X
 _6626_/X
 _6627_/X
 _6628_/X
 _6629_/X
 _6630_/X
 _6631_/X
 _6632_/X
 _6633_/Y
 _6634_/X
 _6635_/X
 _6636_/X
 _6637_/X
 _6638_/X
 _6639_/X
 _6640_/X
 _6641_/X
 _6642_/X
 _6643_/X
 _6644_/X
 _6645_/X
 _6646_/X
 _6647_/X
 _6648_/X
 _6649_/X
 _6650_/X
 _6651_/X
 _6652_/X
 _6653_/X
 _6654_/X
 _6655_/X
 _6656_/X
 _6657_/X
 _6658_/X
 _6659_/X
 _6660_/X
 _6661_/X
 _6662_/X
 _6663_/X
 _6664_/X
 _6665_/X
 _6666_/X
 _6667_/X
 _6668_/X
 _6669_/X
 _6670_/X
 _6671_/X
 _6672_/X
 _6673_/X
 _6674_/X
 _6675_/X
 _6676_/X
 _6677_/X
 _6678_/X
 _6679_/X
 _6680_/X
 _6681_/X
 _6682_/X
 _6683_/X
 _6684_/X
 _6685_/X
 _6686_/X
 _6687_/X
 _6688_/X
 _6689_/X
 _6690_/X
 _6691_/X
 _6692_/X
 _6693_/X
 _6694_/X
 _6695_/X
 _6696_/X
 _6697_/X
 _6698_/X
 _6699_/X
 _6700_/X
 _6701_/X
 _6702_/X
 _6703_/X
 _6704_/X
 _6705_/X
 _6706_/X
 _6707_/X
 _6708_/X
 _6709_/X
 _6710_/X
 _6711_/X
 _6712_/X
 _6713_/X
 _6714_/X
 _6715_/X
 _6716_/X
 _6717_/X
 _6718_/X
 _6719_/X
 _6720_/X
 _6721_/X
 _6722_/X
 _6723_/X
 _6724_/X
 _6725_/X
 _6726_/X
 _6727_/X
 _6728_/X
 _6729_/X
 _6730_/X
 _6731_/X
 _6732_/X
 _6733_/X
 _6734_/X
 _6735_/X
 _6736_/X
 _6737_/X
 _6738_/X
 _6739_/X
 _6740_/X
 _6741_/X
 _6742_/X
 _6743_/X
 _6744_/X
 _6745_/X
 _6746_/X
 _6747_/X
 _6748_/X
 _6749_/Y
 _6750_/X
 _6751_/X
 _6752_/X
 _6753_/X
 _6754_/X
 _6755_/X
 _6756_/X
 _6757_/X
 _6758_/X
 _6759_/X
 _6760_/X
 _6761_/X
 _6762_/X
 _6763_/X
 _6764_/X
 _6765_/X
 _6766_/X
 _6767_/X
 _6768_/X
 _6769_/X
 _6770_/X
 _6771_/X
 _6772_/X
 _6773_/X
 _6774_/X
 _6775_/X
 _6776_/X
 _6777_/X
 _6778_/X
 _6779_/X
 _6780_/X
 _6781_/X
 _6782_/X
 _6783_/X
 _6784_/X
 _6785_/X
 _6786_/X
 _6787_/X
 _6788_/X
 _6789_/X
 _6790_/Y
 _6791_/X
 _6792_/X
 _6793_/X
 _6794_/X
 _6795_/X
 _6796_/X
 _6797_/X
 _6798_/X
 _6799_/X
 _6800_/X
 _6801_/X
 _6802_/X
 _6803_/X
 _6804_/X
 _6805_/X
 _6806_/X
 _6807_/X
 _6808_/X
 _6809_/X
 _6810_/X
 _6811_/X
 _6812_/X
 _6813_/X
 _6814_/X
 _6815_/X
 _6816_/X
 _6817_/X
 _6818_/X
 _6819_/X
 _6820_/X
 _6821_/X
 _6822_/X
 _6823_/X
 _6824_/X
 _6825_/X
 _6826_/X
 _6827_/X
 _6828__37/Y
 _6829__38/Y
 _6830__39/Y
 _6831__40/Y
 _6832__41/Y
 _6833__42/Y
 _6834__43/Y
 _6835__44/Y
 _6836_/X
 _6837__45/Y
 _6838__46/Y
 _6839__47/Y
 _6840__48/Y
 _6841__49/Y
 _6842__50/Y
 _6843__51/Y
 _6844__52/Y
 _6845__53/Y
 _6846__54/Y
 _6847_/X
 _6848__55/Y
 _6849__56/Y
 _6850__57/Y
 _6851__58/Y
 _6852__59/Y
 _6853__60/Y
 _6854__61/Y
 _6855__62/Y
 _6856__63/Y
 _6857__64/Y
 _6858__1/Y
 _6859__2/Y
 _6860__3/Y
 _6861__4/Y
 _6862_/Q
 _6863_/Q
 _6864_/Q
 _6865_/Q
 _6866_/Q
 _6867_/Q
 _6868_/Q
 _6869_/Q
 _6870_/Q
 _6871_/Q
 _6872_/Q
 _6873_/Q
 _6874_/Q
 _6875_/Q
 _6876_/Q
 _6877_/Q
 _6878_/Q
 _6879_/Q
 _6880_/Q
 _6881_/Q
 _6882_/Q
 _6883_/Q
 _6884_/Q
 _6885_/Q
 _6886_/Q
 _6887_/Q
 _6888_/Q
 _6889_/Q
 _6890_/Q
 _6891_/Q
 _6892_/Q
 _6893_/Q
 _6894_/Q
 _6895_/Q
 _6896_/Q
 _6897_/Q
 _6898_/Q
 _6899_/Q
 _6900_/Q
 _6901_/Q
 _6902_/Q
 _6903_/Q
 _6904_/Q
 _6905_/Q
 _6906_/Q
 _6907_/Q
 _6908_/Q
 _6909_/Q
 _6910_/Q
 _6911_/Q
 _6912_/Q
 _6913_/Q
 _6914_/Q
 _6915_/Q
 _6916_/Q
 _6917_/Q
 _6918_/Q
 _6919_/Q
 _6920_/Q
 _6921_/Q
 _6922_/Q
 _6923_/Q
 _6924_/Q
 _6925_/Q
 _6926_/Q
 _6927_/Q
 _6928_/Q
 _6929_/Q
 _6930_/Q
 _6931_/Q
 _6932_/Q
 _6933_/Q
 _6934_/Q
 _6935_/Q
 _6936_/Q
 _6937_/Q
 _6938_/Q
 _6939_/Q
 _6940_/Q
 _6941_/Q
 _6942_/Q
 _6943_/Q
 _6944_/Q
 _6945_/Q
 _6946_/Q
 _6947_/Q
 _6948_/Q
 _6949_/Q
 _6950_/Q
 _6951_/Q
 _6952_/Q
 _6953_/Q
 _6954_/Q
 _6955_/Q
 _6956_/Q
 _6957_/Q
 _6958_/Q
 _6959_/Q
 _6960_/Q
 _6961_/Q
 _6962_/Q
 _6963_/Q
 _6964_/Q
 _6965_/Q
 _6966_/Q
 _6967_/Q
 _6968_/Q
 _6969_/Q
 _6970_/Q
 _6971_/Q
 _6972_/Q
 _6973_/Q
 _6974_/Q
 _6975_/Q
 _6976_/Q
 _6977_/Q
 _6978_/Q
 _6979_/Q
 _6980_/Q
 _6981_/Q
 _6982_/Q
 _6983_/Q
 _6984_/Q
 _6985_/Q
 _6986_/Q
 _6987_/Q
 _6988_/Q
 _6989_/Q
 _6990_/Q
 _6991_/Q
 _6992_/Q
 _6993_/Q
 _6994_/Q
 _6995_/Q
 _6996_/Q
 _6997_/Q
 _6998_/Q
 _6999_/Q
 _7000_/Q
 _7001_/Q
 _7002_/Q
 _7003_/Q
 _7004_/Q
 _7005_/Q
 _7006_/Q
 _7007_/Q
 _7008_/Q
 _7009_/Q
 _7010_/Q
 _7011_/Q
 _7012_/Q
 _7013_/Q
 _7014_/Q
 _7015_/Q
 _7016_/Q
 _7017_/Q
 _7018_/Q
 _7019_/Q
 _7020_/Q
 _7021_/Q
 _7022_/Q
 _7023_/Q
 _7024_/Q
 _7025_/Q
 _7026_/Q
 _7027_/Q
 _7028_/Q
 _7029_/Q
 _7030_/Q
 _7031_/Q
 _7032_/Q
 _7033_/Q
 _7034_/Q
 _7035_/Q
 _7036_/Q
 _7037_/Q
 _7038_/Q
 _7039_/Q
 _7040_/Q
 _7041_/Q
 _7042_/Q
 _7043_/Q
 _7044_/Q
 _7045_/Q
 _7046_/Q
 _7047_/Q
 _7048_/Q
 _7049_/Q
 _7050_/Q
 _7051_/Q
 _7052_/Q
 _7053_/Q
 _7054_/Q
 _7055_/Q
 _7056_/Q
 _7057_/Q
 _7058_/Q
 _7059_/Q
 _7060_/Q
 _7061_/Q
 _7062_/Q
 _7063_/Q
 _7064_/Q
 _7065_/Q
 _7066_/Q
 _7067_/Q
 _7068_/Q
 _7069_/Q
 _7070_/Q
 _7071_/Q
 _7072_/Q
 _7073_/Q
 _7074_/Q
 _7075_/Q
 _7076_/Q
 _7077_/Q
 _7078_/Q
 _7079_/Q
 _7080_/Q
 _7081_/Q
 _7082_/Q
 _7083_/Q
 _7084_/Q
 _7085_/Q
 _7086_/Q
 _7087_/Q
 _7088_/Q
 _7089_/Q
 _7090_/Q
 _7091_/Q
 _7092_/Q
 _7093_/Q
 _7094_/Q
 _7095_/Q
 _7096_/Q
 _7097_/Q
 _7098_/Q
 _7099_/Q
 _7100_/Q
 _7101_/Q
 _7102_/Q
 _7103_/Q
 _7104_/Q
 _7105_/Q
 _7106_/Q
 _7107_/Q
 _7108_/Q
 _7109_/Q
 _7110_/Q
 _7111_/Q
 _7112_/Q
 _7113_/Q
 _7114_/Q
 _7115_/Q
 _7116_/Q
 _7117_/Q
 _7118_/Q
 _7119_/Q
 _7120_/Q
 _7121_/Q
 _7122_/Q
 _7123_/Q
 _7124_/Q
 _7125_/Q
 _7126_/Q
 _7127_/Q
 _7128_/Q
 _7129_/Q
 _7130_/Q
 _7131_/Q
 _7132_/Q
 _7133_/Q
 _7134_/Q
 _7135_/Q
 _7136_/Q
 _7137_/Q
 _7138_/Q
 _7139_/Q
 _7140_/Q
 _7141_/Q
 _7142_/Q
 _7143_/Q
 _7144_/Q
 _7145_/Q
 _7146_/Q
 _7147_/Q
 _7148_/Q
 _7149_/Q
 _7150_/Q
 _7151_/Q
 _7152_/Q
 _7153_/Q
 _7154_/Q
 _7155_/Q
 _7156_/Q
 _7157_/Q
 _7158_/Q
 _7159_/Q
 _7160_/Q
 _7161_/Q
 _7162_/Q
 _7163_/Q
 _7164_/Q
 _7165_/Q
 _7166_/Q
 _7167_/Q
 _7168_/Q
 _7169_/Q
 _7170_/Q
 _7171_/Q
 _7172_/Q
 _7173_/Q
 _7174_/Q
 _7175_/Q
 _7176_/Q
 _7177_/Q
 _7178_/Q
 _7179_/Q
 _7180_/Q
 _7181_/Q
 _7182_/Q
 _7183_/Q
 _7184_/Q
 _7185_/Q
 _7186_/Q
 _7187_/Q
 _7188_/Q
 _7189_/Q
 _7190_/Q
 _7191_/Q
 _7192_/Q
 _7193_/Q
 _7194_/Q
 _7195_/Q
 _7196_/Q
 _7197_/Q
 _7198_/Q
 _7199_/Q
 _7200_/Q
 _7201_/Q
 _7202_/Q
 _7203_/Q
 _7204_/Q
 _7205_/Q
 _7206_/Q
 _7207_/Q
 _7208_/Q
 _7209_/Q
 _7210_/Q
 _7211_/Q
 _7212_/Q
 _7213_/Q
 _7214_/Q
 _7215_/Q
 _7216_/Q
 _7217_/Q
 _7218_/Q
 _7219_/Q
 _7220_/Q
 _7221_/Q
 _7222_/Q
 _7223_/Q
 _7224_/Q
 _7225_/Q
 _7226_/Q
 _7227_/Q
 _7228_/Q
 _7229_/Q
 _7230_/Q
 _7231_/Q
 _7232_/Q
 _7233_/Q
 _7234_/Q
 _7235_/Q
 _7236_/Q
 _7237_/Q
 _7238_/Q
 _7239_/Q
 _7240_/Q
 _7241_/Q
 _7242_/Q
 _7243_/Q
 _7244_/Q
 _7245_/Q
 _7246_/Q
 _7247_/Q
 _7248_/Q
 _7249_/Q
 _7250_/Q
 _7251_/Q
 _7252_/Q
 _7253_/Q
 _7254_/Q
 _7255_/Q
 _7256_/Q
 _7257_/Q
 _7258_/Q
 _7259_/Q
 _7260_/Q
 _7261_/Q
 _7262_/Q
 _7263_/Q
 _7264_/Q
 _7265_/Q
 _7266_/Q
 _7267_/Q
 _7268_/Q
 _7269_/Q
 _7270_/Q
 _7271_/Q
 _7272_/Q
 _7273_/Q
 _7274_/Q
 _7275_/Q
 _7276_/Q
 _7277_/Q
 _7278_/Q
 _7279_/Q
 _7280_/Q
 _7281_/Q
 _7282_/Q
 _7283_/Q
 _7284_/Q
 _7285_/Q
 _7286_/Q
 _7287_/Q
 _7288_/Q
 _7289_/Q
 _7290_/Q
 _7291_/Q
 _7292_/Q
 _7293_/Q
 _7294_/Q
 _7295_/Q
 _7296_/Q
 _7297_/Q
 _7298_/Q
 _7299_/Q
 _7300_/Q
 _7301_/Q
 _7302_/Q
 _7303_/Q
 _7304_/Q
 _7305_/Q
 _7306_/Q
 _7307_/Q
 _7308_/Q
 _7309_/Q
 _7310_/Q
 _7311_/Q
 _7312_/Q
 _7313_/Q
 _7314_/Q
 _7315_/Q
 _7316_/Q
 _7317_/Q
 _7318_/Q
 _7319_/Q
 _7320_/Q
 _7321_/Q
 _7322_/Q
 _7323_/Q
 _7324_/Q
 _7325_/Q
 _7326_/Q
 _7327_/Q
 _7328_/Q
 _7329_/Q
 _7330_/Q
 _7331_/Q
 _7332_/Q
 _7333_/Q
 _7334_/Q
 _7335_/Q
 _7336_/Q
 _7337_/Q
 _7338_/Q
 _7339_/Q
 _7340_/Q
 _7341_/Q
 _7342_/Q
 _7343_/Q
 _7344_/Q
 _7345_/Q
 _7346_/Q
 _7347_/Q
 _7348_/Q
 _7349_/Q
 _7350_/Q
 _7351_/Q
 _7352_/Q
 _7353_/Q
 _7354_/Q
 _7355_/Q
 _7356_/Q
 _7357_/Q
 _7358_/Q
 _7359_/Q
 _7360_/Q
 _7361_/Q
 _7362_/Q
 _7363_/Q
 _7364_/Q
 _7365_/Q
 _7366_/Q
 _7367_/Q
 _7368_/Q
 _7369_/Q
 _7370_/Q
 _7371_/Q
 _7372_/Q
 _7373_/Q
 _7374_/Q
 _7375_/Q
 _7376_/Q
 _7377_/Q
 _7378_/Q
 _7379_/Q
 _7380_/Q
 _7381_/Q
 _7382_/Q
 _7383_/Q
 _7384_/Q
 _7385_/Q
 _7386_/Q
 _7387_/Q
 _7388_/Q
 _7389_/Q
 _7390_/Q
 _7391_/Q
 _7392_/Q
 _7393_/Q
 _7394_/Q
 _7395_/Q
 _7396_/Q
 _7397_/Q
 _7398_/Q
 _7399_/Q
 _7400_/Q
 _7401_/Q
 _7402_/Q
 _7403_/Q
 _7404_/Q
 _7405_/Q
 _7406_/Q
 _7407_/Q
 _7407__145/HI
 _7407__145/LO
 _7408_/Q
 _7408__144/HI
 _7408__144/LO
 _7409_/Q
 _7409__143/HI
 _7409__143/LO
 _7410_/Q
 _7410__142/HI
 _7410__142/LO
 _7411_/Q
 _7411__141/HI
 _7411__141/LO
 _7412_/Q
 _7412__140/HI
 _7412__140/LO
 _7413_/Q
 _7413__139/HI
 _7413__139/LO
 _7414_/Q
 _7414__138/HI
 _7414__138/LO
 _7415_/Q
 _7415__137/HI
 _7415__137/LO
 _7416_/Q
 _7416__136/HI
 _7416__136/LO
 _7417_/Q
 _7417__135/HI
 _7417__135/LO
 _7418_/Q
 _7418__134/HI
 _7418__134/LO
 _7419_/Q
 _7419__133/HI
 _7419__133/LO
 _7420_/Q
 _7420__132/HI
 _7420__132/LO
 _7421_/Q
 _7421__131/HI
 _7421__131/LO
 _7422_/Q
 _7422__130/HI
 _7422__130/LO
 _7423_/Q
 _7423__129/HI
 _7423__129/LO
 _7424_/Q
 _7424__128/HI
 _7424__128/LO
 _7425_/Q
 _7425__127/HI
 _7425__127/LO
 _7426_/Q
 _7426__126/HI
 _7426__126/LO
 _7427_/Q
 _7427__125/HI
 _7427__125/LO
 _7428_/Q
 _7428__124/HI
 _7428__124/LO
 _7429_/Q
 _7429__123/HI
 _7429__123/LO
 _7430_/Q
 _7430__122/HI
 _7430__122/LO
 _7431_/Q
 _7431__121/HI
 _7431__121/LO
 _7432_/Q
 _7432__120/HI
 _7432__120/LO
 _7433_/Q
 _7433__119/HI
 _7433__119/LO
 _7434_/Q
 _7434__118/HI
 _7434__118/LO
 _7435_/Q
 _7435__117/HI
 _7435__117/LO
 _7436_/Q
 _7436__116/HI
 _7436__116/LO
 _7437_/Q
 _7437__115/HI
 _7437__115/LO
 _7438_/Q
 _7438__114/HI
 _7438__114/LO
 _7439_/Q
 _7440_/Q
 _7441_/Q
 _7442_/Q
 _7443_/Q
 _7444_/Q
 _7445_/Q
 _7446_/Q
 _7447_/Q
 _7448_/Q
 _7449_/Q
 _7450_/Q
 _7451_/Q
 _7452_/Q
 _7453_/Q
 _7454_/Q
 _7455_/Q
 _7456_/Q
 _7457_/Q
 _7458_/Q
 _7459_/Q
 _7460_/Q
 _7461_/Q
 _7462_/Q
 _7463_/Q
 _7464_/Q
 _7465_/Q
 _7466_/Q
 _7467_/Q
 _7468_/Q
 _7469_/Q
 _7470_/Q
 _7471_/Q
 _7472_/Q
 _7473_/Q
 _7474_/Q
 _7475_/Q
 _7476_/Q
 _7477_/Q
 _7478_/Q
 _7479_/Q
 _7480_/Q
 _7481_/Q
 _7482_/Q
 _7483_/Q
 _7484_/Q
 _7485_/Q
 _7486_/Q
 _7487_/Q
 _7488_/Q
 _7489_/Q
 _7490_/Q
 _7491_/Q
 _7492_/Q
 _7493_/Q
 _7494_/Q
 _7495_/Q
 _7496_/Q
 _7497_/Q
 _7498_/Q
 _7499_/Q
 _7500_/Q
 _7501_/Q
 _7502_/Q
 _7503_/Q
 _7504_/Q
 _7505_/Q
 _7506_/Q
 _7507_/Q
 _7508_/Q
 _7509_/Q
 _7510_/Q
 _7511_/Q
 _7512_/Q
 _7513_/Q
 _7514_/Q
 _7515_/Q
 _7516_/Q
 _7517_/Q
 _7518_/Q
 _7519_/Q
 _7520_/Q
 _7521_/Q
 _7522_/Q
 _7523_/Q
 _7524_/Q
 _7525_/Q
 _7526_/Q
 _7527_/Q
 _7528_/Q
 _7529_/Q
 _7530_/Q
 _7531_/Q
 _7532_/Q
 _7533_/Q
 _7534_/Q
 _7535_/Q
 _7536_/Q
 _7537_/Q
 _7538_/Q
 _7539_/Q
 _7540_/Q
 _7541_/Q
 _7542_/Q
 _7543_/Q
 _7544_/Q
 _7545_/Q
 _7546_/Q
 _7547_/Q
 _7548_/Q
 _7549_/Q
 _7550_/Q
 _7551_/Q
 _7552_/Q
 _7553_/Q
 _7554_/Q
 _7555_/Q
 _7556_/Q
 _7557_/Q
 _7558_/Q
 _7559_/Q
 _7560_/Q
 _7561_/Q
 _7562_/Q
 _7563_/Q
 _7564_/Q
 _7565_/Q
 _7566_/Q
 _7567_/Q
 _7568_/Q
 _7569_/Q
 _7570_/Q
 _7571_/Q
 _7572_/Q
 _7573_/Q
 _7574_/Q
 _7575_/Q
 _7576_/Q
 _7577_/Q
 _7578_/Q
 _7579_/Q
 _7580_/Q
 _7581_/Q
 _7582_/Q
 _7583_/Q
 _7584_/Q
 _7585_/Q
 _7586_/Q
 _7587_/Q
 _7588_/Q
 _7589_/Q
 _7590_/Q
 _7591_/Q
 _7592_/Q
 _7593_/Q
 _7594_/Q
 _7595_/Q
 _7596_/Q
 _7597_/Q
 _7598_/Q
 _7599_/Q
 _7600_/Q
 _7601_/Q
 _7602_/Q
 _7603_/Q
 _7604_/Q
 _7605_/Q
 _7606_/Q
 _7607_/Q
 _7608_/Q
 _7609_/Q
 _7610_/Q
 _7611_/Q
 _7612_/Q
 _7613_/Q
 _7614_/Q
 _7615_/Q
 _7616_/Q
 _7617_/Q
 _7618_/Q
 _7619_/Q
 _7620_/Q
 _7621_/Q
 _7622_/Q
 _7623_/Q
 _7624_/Q
 _7625_/Q
 _7626_/Q
 _7627_/Q
 _7628_/Q
 _7629_/Q
 _7630_/Q
 _7631_/Q
 _7632_/Q
 _7633_/Q
 _7634_/Q
 _7635_/Q
 _7636_/Q
 _7637_/Q
 _7638_/Q
 _7639_/Q
 _7640_/Q
 _7641_/Q
 _7642_/Q
 _7643_/Q
 _7644_/Q
 _7645_/Q
 _7646_/Q
 _7647_/Q
 _7648_/Q
 _7649_/Q
 _7650_/Q
 _7651_/Q
 _7652_/Q
 _7653_/Q
 _7654_/Q
 _7655_/Q
 _7656_/Q
 _7657_/Q
 _7658_/Q
 _7659_/Q
 _7660_/Q
 _7661_/Q
 _7662_/Q
 _7663_/Q
 _7664_/Q
 _7665_/Q
 _7666_/Q
 _7667_/Q
 _7668_/Q
 _7669_/Q
 _7670_/Q
 _7671_/Q
 _7672_/Q
 _7673_/Q
 _7674_/Q
 _7675_/Q
 _7676_/Q
 _7677_/Q
 _7678_/Q
 _7679_/Q
 _7680_/Q
 _7681_/Q
 _7682_/Q
 _7683_/Q
 _7684_/Q
 _7685_/Q
 _7686_/Q
 _7687_/Q
 _7688_/Q
 _7689_/Q
 _7690_/Q
 _7691_/Q
 _7692_/Q
 _7693_/Q
 _7694_/Q
 _7695_/Q
 _7696_/Q
 _7697_/Q
 _7698_/Q
 _7699_/Q
 _7700_/Q
 _7701_/Q
 _7702_/Q
 _7703_/Q
 _7704_/Q
 _7705_/Q
 _7706_/Q
 _7707_/Q
 _7708_/Q
 _7709_/Q
 _7710_/Q
 _7711_/Q
 _7712_/Q
 _7713_/Q
 _7714_/Q
 _7715_/Q
 _7716_/Q
 _7717_/Q
 _7718_/Q
 _7719_/Q
 _7720_/Q
 _7721_/Q
 _7722_/Q
 _7723_/Q
 _7724_/Q
 _7725_/Q
 _7726_/Q
 _7727_/Q
 _7728_/Q
 _7729_/Q
 _7730_/Q
 _7731_/Q
 _7732_/Q
 _7733_/Q
 _7734_/Q
 _7735_/Q
 _7736_/Q
 _7737_/Q
 _7738_/Q
 _7739_/Q
 _7740_/Q
 _7741_/Q
 _7742_/Q
 _7743_/Q
 _7744_/Q
 _7745_/Q
 _7746_/Q
 _7747_/Q
 _7748_/Q
 _7749_/Q
 _7750_/Q
 _7751_/Q
 _7752_/Q
 _7753_/Q
 _7754_/Q
 _7755_/Q
 _7756_/Q
 _7757_/Q
 _7758_/Q
 _7759_/Q
 _7760_/Q
 _7761_/Q
 _7762_/Q
 _7763_/Q
 _7764_/Q
 _7765_/Q
 _7766_/Q
 _7767_/Q
 _7768_/Q
 _7769_/Q
 _7770_/Q
 _7771_/Q
 _7772_/Q
 _7773_/Q
 _7774_/Q
 _7775_/Q
 _7776_/Q
 _7777_/Q
 _7778_/Q
 _7779_/Q
 _7780_/Q
 _7781_/Q
 _7782_/Q
 _7783_/Q
 _7784_/Q
 _7785_/Q
 _7786_/Q
 _7787_/Q
 _7788_/Q
 _7789_/Q
 _7790_/Q
 _7791_/Q
 _7792_/Q
 _7793_/Q
 _7794_/Q
 _7795_/Q
 _7796_/Q
 _7797_/Q
 _7798_/Q
 _7799_/Q
 _7800_/Q
 _7801_/Q
 _7802_/Q
 _7803_/Q
 _7804_/Q
 _7805_/Q
 _7806_/Q
 _7807_/Q
 _7808_/Q
 _7809_/Q
 _7810_/Q
 _7811_/Q
 _7812_/Q
 _7813_/Q
 _7814_/Q
 _7815_/Q
 _7816_/Q
 _7817_/Q
 _7818_/Q
 _7819_/Q
 _7820_/Q
 _7821_/Q
 _7822_/Q
 _7823_/Q
 _7824_/Q
 _7825_/Q
 _7826_/Q
 _7827_/Q
 _7828_/Q
 _7829_/Q
 _7830_/Q
 _7831_/Q
 _7832_/Q
 _7833_/Q
 _7834_/Q
 _7835_/Q
 _7836_/Q
 _7837_/Q
 _7838_/Q
 _7839_/Q
 _7840_/Q
 _7841_/Q
 _7842_/Q
 _7843_/Q
 _7844_/Q
 _7845_/Q
 _7846_/Q
 _7847_/Q
 _7848_/Q
 _7849_/Q
 _7850_/Q
 _7851_/Q
 _7852_/Q
 _7853_/Q
 _7854_/Q
 _7855_/Q
 _7856_/Q
 _7857_/Q
 _7858_/Q
 _7859_/Q
 _7860_/Q
 _7861_/Q
 _7862_/Q
 _7863_/Q
 _7864_/Q
 _7865_/Q
 _7866_/Q
 _7867_/Q
 _7868_/Q
 _7869_/Q
 _7870_/Q
 _7871_/Q
 _7872_/Q
 _7873_/Q
 _7874_/Q
 _7875_/Q
 _7876_/Q
 _7877_/Q
 _7878_/Q
 _7879_/Q
 _7880_/Q
 _7881_/Q
 _7882_/Q
 _7883_/Q
 _7884_/Q
 _7885_/Q
 _7886_/Q
 _7887_/Q
 _7888_/Q
 _7889_/Q
 _7890_/Q
 _7891_/Q
 _7892_/Q
 _7893_/Q
 _7894_/Q
 _7895_/Q
 _7896_/Q
 _7897_/Q
 _7898_/Q
 _7899_/Q
 _7900_/Q
 _7901_/Q
 _7902_/Q
 _7903_/Q
 _7904_/Q
 _7905_/Q
 _7906_/Q
 _7907_/Q
 _7908_/Q
 _7909_/Q
 _7910_/Q
 _7911_/Q
 _7912_/Q
 _7913_/Q
 _7914_/Q
 _7915_/Q
 _7916_/Q
 _7917_/Q
 _7918_/Q
 _7919_/Q
 _7920_/Q
 _7921_/Q
 _7922_/Q
 _7923_/Q
 _7924_/Q
 _7925_/Q
 _7926_/Q
 _7927_/Q
 _7928_/Q
 _7929_/Q
 _7930_/Q
 _7931_/Q
 _7932_/Q
 _7933_/Q
 _7934_/Q
 _7935_/Q
 _7936_/Q
 _7937_/Q
 _7938_/Q
 _7939_/Q
 _7940_/Q
 _7941_/Q
 _7942_/Q
 _7943_/Q
 _7944_/Q
 _7945_/Q
 _7946_/Q
 _7947_/Q
 _7948_/Q
 _7949_/Q
 _7950_/Q
 clkbuf_0__2783_/X
 clkbuf_0__2784_/X
 clkbuf_0__2785_/X
 clkbuf_0__2786_/X
 clkbuf_0__2787_/X
 clkbuf_0__3445_/X
 clkbuf_0__3446_/X
 clkbuf_0_clk/X
 clkbuf_1_0__f__2783_/X
 clkbuf_1_0__f__2784_/X
 clkbuf_1_0__f__2785_/X
 clkbuf_1_0__f__2786_/X
 clkbuf_1_0__f__2787_/X
 clkbuf_1_0__f__3445_/X
 clkbuf_1_0__f__3446_/X
 clkbuf_1_1__f__2783_/X
 clkbuf_1_1__f__2784_/X
 clkbuf_1_1__f__2785_/X
 clkbuf_1_1__f__2786_/X
 clkbuf_1_1__f__2787_/X
 clkbuf_1_1__f__3445_/X
 clkbuf_1_1__f__3446_/X
 clkbuf_4_0_0_clk/X
 clkbuf_4_10_0_clk/X
 clkbuf_4_11_0_clk/X
 clkbuf_4_12_0_clk/X
 clkbuf_4_13_0_clk/X
 clkbuf_4_14_0_clk/X
 clkbuf_4_15_0_clk/X
 clkbuf_4_1_0_clk/X
 clkbuf_4_2_0_clk/X
 clkbuf_4_3_0_clk/X
 clkbuf_4_4_0_clk/X
 clkbuf_4_5_0_clk/X
 clkbuf_4_6_0_clk/X
 clkbuf_4_7_0_clk/X
 clkbuf_4_8_0_clk/X
 clkbuf_4_9_0_clk/X
 clkbuf_leaf_0_clk/X
 clkbuf_leaf_100_clk/X
 clkbuf_leaf_101_clk/X
 clkbuf_leaf_102_clk/X
 clkbuf_leaf_103_clk/X
 clkbuf_leaf_104_clk/X
 clkbuf_leaf_105_clk/X
 clkbuf_leaf_106_clk/X
 clkbuf_leaf_107_clk/X
 clkbuf_leaf_108_clk/X
 clkbuf_leaf_109_clk/X
 clkbuf_leaf_10_clk/X
 clkbuf_leaf_110_clk/X
 clkbuf_leaf_111_clk/X
 clkbuf_leaf_112_clk/X
 clkbuf_leaf_113_clk/X
 clkbuf_leaf_114_clk/X
 clkbuf_leaf_115_clk/X
 clkbuf_leaf_116_clk/X
 clkbuf_leaf_11_clk/X
 clkbuf_leaf_12_clk/X
 clkbuf_leaf_13_clk/X
 clkbuf_leaf_14_clk/X
 clkbuf_leaf_15_clk/X
 clkbuf_leaf_16_clk/X
 clkbuf_leaf_17_clk/X
 clkbuf_leaf_18_clk/X
 clkbuf_leaf_19_clk/X
 clkbuf_leaf_1_clk/X
 clkbuf_leaf_20_clk/X
 clkbuf_leaf_21_clk/X
 clkbuf_leaf_22_clk/X
 clkbuf_leaf_23_clk/X
 clkbuf_leaf_24_clk/X
 clkbuf_leaf_25_clk/X
 clkbuf_leaf_26_clk/X
 clkbuf_leaf_27_clk/X
 clkbuf_leaf_28_clk/X
 clkbuf_leaf_29_clk/X
 clkbuf_leaf_2_clk/X
 clkbuf_leaf_30_clk/X
 clkbuf_leaf_31_clk/X
 clkbuf_leaf_32_clk/X
 clkbuf_leaf_33_clk/X
 clkbuf_leaf_34_clk/X
 clkbuf_leaf_35_clk/X
 clkbuf_leaf_36_clk/X
 clkbuf_leaf_37_clk/X
 clkbuf_leaf_38_clk/X
 clkbuf_leaf_39_clk/X
 clkbuf_leaf_3_clk/X
 clkbuf_leaf_40_clk/X
 clkbuf_leaf_41_clk/X
 clkbuf_leaf_42_clk/X
 clkbuf_leaf_43_clk/X
 clkbuf_leaf_44_clk/X
 clkbuf_leaf_45_clk/X
 clkbuf_leaf_46_clk/X
 clkbuf_leaf_47_clk/X
 clkbuf_leaf_48_clk/X
 clkbuf_leaf_49_clk/X
 clkbuf_leaf_4_clk/X
 clkbuf_leaf_50_clk/X
 clkbuf_leaf_51_clk/X
 clkbuf_leaf_52_clk/X
 clkbuf_leaf_53_clk/X
 clkbuf_leaf_54_clk/X
 clkbuf_leaf_55_clk/X
 clkbuf_leaf_56_clk/X
 clkbuf_leaf_57_clk/X
 clkbuf_leaf_58_clk/X
 clkbuf_leaf_59_clk/X
 clkbuf_leaf_5_clk/X
 clkbuf_leaf_60_clk/X
 clkbuf_leaf_61_clk/X
 clkbuf_leaf_62_clk/X
 clkbuf_leaf_63_clk/X
 clkbuf_leaf_64_clk/X
 clkbuf_leaf_65_clk/X
 clkbuf_leaf_66_clk/X
 clkbuf_leaf_67_clk/X
 clkbuf_leaf_68_clk/X
 clkbuf_leaf_69_clk/X
 clkbuf_leaf_6_clk/X
 clkbuf_leaf_70_clk/X
 clkbuf_leaf_71_clk/X
 clkbuf_leaf_72_clk/X
 clkbuf_leaf_73_clk/X
 clkbuf_leaf_74_clk/X
 clkbuf_leaf_75_clk/X
 clkbuf_leaf_76_clk/X
 clkbuf_leaf_77_clk/X
 clkbuf_leaf_78_clk/X
 clkbuf_leaf_79_clk/X
 clkbuf_leaf_7_clk/X
 clkbuf_leaf_80_clk/X
 clkbuf_leaf_81_clk/X
 clkbuf_leaf_82_clk/X
 clkbuf_leaf_83_clk/X
 clkbuf_leaf_84_clk/X
 clkbuf_leaf_85_clk/X
 clkbuf_leaf_86_clk/X
 clkbuf_leaf_87_clk/X
 clkbuf_leaf_88_clk/X
 clkbuf_leaf_89_clk/X
 clkbuf_leaf_8_clk/X
 clkbuf_leaf_90_clk/X
 clkbuf_leaf_91_clk/X
 clkbuf_leaf_92_clk/X
 clkbuf_leaf_93_clk/X
 clkbuf_leaf_94_clk/X
 clkbuf_leaf_95_clk/X
 clkbuf_leaf_96_clk/X
 clkbuf_leaf_97_clk/X
 clkbuf_leaf_98_clk/X
 clkbuf_leaf_99_clk/X
 clkbuf_leaf_9_clk/X
 hold1/X
 hold10/X
 hold100/X
 hold101/X
 hold102/X
 hold103/X
 hold104/X
 hold105/X
 hold106/X
 hold107/X
 hold108/X
 hold109/X
 hold11/X
 hold110/X
 hold111/X
 hold112/X
 hold113/X
 hold114/X
 hold115/X
 hold116/X
 hold117/X
 hold118/X
 hold119/X
 hold12/X
 hold120/X
 hold121/X
 hold122/X
 hold123/X
 hold124/X
 hold125/X
 hold126/X
 hold127/X
 hold128/X
 hold129/X
 hold13/X
 hold130/X
 hold131/X
 hold132/X
 hold133/X
 hold134/X
 hold135/X
 hold136/X
 hold137/X
 hold138/X
 hold139/X
 hold14/X
 hold140/X
 hold141/X
 hold142/X
 hold143/X
 hold144/X
 hold145/X
 hold146/X
 hold147/X
 hold148/X
 hold149/X
 hold15/X
 hold150/X
 hold151/X
 hold152/X
 hold153/X
 hold154/X
 hold155/X
 hold156/X
 hold157/X
 hold158/X
 hold159/X
 hold16/X
 hold160/X
 hold161/X
 hold162/X
 hold163/X
 hold164/X
 hold165/X
 hold166/X
 hold167/X
 hold168/X
 hold169/X
 hold17/X
 hold170/X
 hold171/X
 hold172/X
 hold173/X
 hold174/X
 hold175/X
 hold176/X
 hold177/X
 hold178/X
 hold179/X
 hold18/X
 hold180/X
 hold181/X
 hold182/X
 hold183/X
 hold184/X
 hold185/X
 hold186/X
 hold187/X
 hold188/X
 hold189/X
 hold19/X
 hold190/X
 hold191/X
 hold192/X
 hold193/X
 hold194/X
 hold195/X
 hold196/X
 hold197/X
 hold198/X
 hold199/X
 hold2/X
 hold20/X
 hold200/X
 hold201/X
 hold202/X
 hold203/X
 hold204/X
 hold205/X
 hold206/X
 hold207/X
 hold208/X
 hold209/X
 hold21/X
 hold210/X
 hold211/X
 hold212/X
 hold213/X
 hold214/X
 hold215/X
 hold216/X
 hold217/X
 hold218/X
 hold219/X
 hold22/X
 hold220/X
 hold221/X
 hold222/X
 hold223/X
 hold224/X
 hold225/X
 hold226/X
 hold227/X
 hold228/X
 hold229/X
 hold23/X
 hold230/X
 hold231/X
 hold232/X
 hold233/X
 hold234/X
 hold235/X
 hold236/X
 hold237/X
 hold238/X
 hold239/X
 hold24/X
 hold240/X
 hold241/X
 hold242/X
 hold243/X
 hold244/X
 hold245/X
 hold246/X
 hold247/X
 hold248/X
 hold249/X
 hold25/X
 hold250/X
 hold251/X
 hold252/X
 hold253/X
 hold254/X
 hold255/X
 hold256/X
 hold257/X
 hold258/X
 hold259/X
 hold26/X
 hold260/X
 hold261/X
 hold262/X
 hold263/X
 hold264/X
 hold265/X
 hold266/X
 hold267/X
 hold268/X
 hold269/X
 hold27/X
 hold270/X
 hold271/X
 hold272/X
 hold273/X
 hold274/X
 hold275/X
 hold276/X
 hold277/X
 hold278/X
 hold279/X
 hold28/X
 hold280/X
 hold281/X
 hold282/X
 hold283/X
 hold284/X
 hold285/X
 hold286/X
 hold287/X
 hold288/X
 hold289/X
 hold29/X
 hold290/X
 hold291/X
 hold292/X
 hold293/X
 hold294/X
 hold295/X
 hold296/X
 hold297/X
 hold298/X
 hold299/X
 hold3/X
 hold30/X
 hold300/X
 hold301/X
 hold302/X
 hold303/X
 hold304/X
 hold305/X
 hold306/X
 hold307/X
 hold308/X
 hold309/X
 hold31/X
 hold310/X
 hold311/X
 hold312/X
 hold313/X
 hold314/X
 hold315/X
 hold316/X
 hold317/X
 hold318/X
 hold319/X
 hold32/X
 hold320/X
 hold321/X
 hold322/X
 hold323/X
 hold324/X
 hold325/X
 hold326/X
 hold327/X
 hold328/X
 hold329/X
 hold33/X
 hold330/X
 hold331/X
 hold332/X
 hold333/X
 hold334/X
 hold335/X
 hold336/X
 hold337/X
 hold338/X
 hold339/X
 hold34/X
 hold340/X
 hold341/X
 hold342/X
 hold343/X
 hold344/X
 hold345/X
 hold346/X
 hold347/X
 hold348/X
 hold349/X
 hold35/X
 hold350/X
 hold351/X
 hold352/X
 hold353/X
 hold354/X
 hold355/X
 hold356/X
 hold357/X
 hold358/X
 hold359/X
 hold36/X
 hold360/X
 hold361/X
 hold362/X
 hold363/X
 hold364/X
 hold365/X
 hold366/X
 hold367/X
 hold368/X
 hold369/X
 hold37/X
 hold370/X
 hold371/X
 hold372/X
 hold373/X
 hold374/X
 hold375/X
 hold376/X
 hold377/X
 hold378/X
 hold379/X
 hold38/X
 hold380/X
 hold381/X
 hold382/X
 hold383/X
 hold384/X
 hold385/X
 hold386/X
 hold387/X
 hold388/X
 hold389/X
 hold39/X
 hold390/X
 hold391/X
 hold392/X
 hold393/X
 hold394/X
 hold395/X
 hold396/X
 hold397/X
 hold398/X
 hold399/X
 hold4/X
 hold40/X
 hold400/X
 hold401/X
 hold402/X
 hold403/X
 hold404/X
 hold405/X
 hold406/X
 hold407/X
 hold408/X
 hold409/X
 hold41/X
 hold410/X
 hold411/X
 hold412/X
 hold413/X
 hold414/X
 hold415/X
 hold416/X
 hold417/X
 hold418/X
 hold419/X
 hold42/X
 hold420/X
 hold421/X
 hold422/X
 hold423/X
 hold424/X
 hold425/X
 hold426/X
 hold427/X
 hold428/X
 hold429/X
 hold43/X
 hold430/X
 hold431/X
 hold432/X
 hold433/X
 hold434/X
 hold435/X
 hold436/X
 hold437/X
 hold438/X
 hold439/X
 hold44/X
 hold440/X
 hold441/X
 hold442/X
 hold443/X
 hold444/X
 hold445/X
 hold446/X
 hold447/X
 hold448/X
 hold449/X
 hold45/X
 hold450/X
 hold451/X
 hold452/X
 hold453/X
 hold454/X
 hold455/X
 hold456/X
 hold457/X
 hold458/X
 hold459/X
 hold46/X
 hold460/X
 hold461/X
 hold462/X
 hold463/X
 hold464/X
 hold465/X
 hold466/X
 hold467/X
 hold468/X
 hold469/X
 hold47/X
 hold470/X
 hold471/X
 hold472/X
 hold473/X
 hold474/X
 hold475/X
 hold476/X
 hold477/X
 hold478/X
 hold479/X
 hold48/X
 hold480/X
 hold481/X
 hold482/X
 hold483/X
 hold484/X
 hold485/X
 hold486/X
 hold487/X
 hold488/X
 hold489/X
 hold49/X
 hold490/X
 hold491/X
 hold492/X
 hold493/X
 hold494/X
 hold495/X
 hold496/X
 hold497/X
 hold498/X
 hold499/X
 hold5/X
 hold50/X
 hold500/X
 hold501/X
 hold502/X
 hold503/X
 hold504/X
 hold505/X
 hold506/X
 hold507/X
 hold508/X
 hold509/X
 hold51/X
 hold510/X
 hold511/X
 hold512/X
 hold513/X
 hold514/X
 hold515/X
 hold516/X
 hold517/X
 hold518/X
 hold519/X
 hold52/X
 hold520/X
 hold521/X
 hold522/X
 hold523/X
 hold524/X
 hold525/X
 hold526/X
 hold527/X
 hold528/X
 hold529/X
 hold53/X
 hold530/X
 hold531/X
 hold532/X
 hold533/X
 hold534/X
 hold535/X
 hold536/X
 hold537/X
 hold538/X
 hold539/X
 hold54/X
 hold540/X
 hold541/X
 hold542/X
 hold543/X
 hold544/X
 hold545/X
 hold546/X
 hold547/X
 hold548/X
 hold549/X
 hold55/X
 hold550/X
 hold551/X
 hold552/X
 hold553/X
 hold554/X
 hold555/X
 hold556/X
 hold557/X
 hold558/X
 hold559/X
 hold56/X
 hold560/X
 hold561/X
 hold562/X
 hold563/X
 hold564/X
 hold565/X
 hold566/X
 hold567/X
 hold568/X
 hold569/X
 hold57/X
 hold570/X
 hold571/X
 hold572/X
 hold573/X
 hold574/X
 hold575/X
 hold576/X
 hold577/X
 hold578/X
 hold579/X
 hold58/X
 hold580/X
 hold581/X
 hold582/X
 hold583/X
 hold584/X
 hold585/X
 hold586/X
 hold587/X
 hold588/X
 hold589/X
 hold59/X
 hold590/X
 hold591/X
 hold592/X
 hold593/X
 hold594/X
 hold595/X
 hold596/X
 hold597/X
 hold598/X
 hold599/X
 hold6/X
 hold60/X
 hold600/X
 hold601/X
 hold602/X
 hold603/X
 hold604/X
 hold605/X
 hold606/X
 hold607/X
 hold608/X
 hold609/X
 hold61/X
 hold610/X
 hold611/X
 hold612/X
 hold613/X
 hold614/X
 hold615/X
 hold616/X
 hold617/X
 hold618/X
 hold619/X
 hold62/X
 hold620/X
 hold621/X
 hold622/X
 hold623/X
 hold624/X
 hold625/X
 hold626/X
 hold627/X
 hold628/X
 hold629/X
 hold63/X
 hold630/X
 hold631/X
 hold632/X
 hold633/X
 hold634/X
 hold635/X
 hold636/X
 hold637/X
 hold638/X
 hold639/X
 hold64/X
 hold640/X
 hold641/X
 hold642/X
 hold643/X
 hold644/X
 hold645/X
 hold646/X
 hold647/X
 hold648/X
 hold649/X
 hold65/X
 hold650/X
 hold651/X
 hold652/X
 hold653/X
 hold654/X
 hold655/X
 hold656/X
 hold657/X
 hold658/X
 hold659/X
 hold66/X
 hold660/X
 hold661/X
 hold662/X
 hold663/X
 hold664/X
 hold665/X
 hold666/X
 hold667/X
 hold668/X
 hold669/X
 hold67/X
 hold670/X
 hold671/X
 hold672/X
 hold673/X
 hold674/X
 hold675/X
 hold676/X
 hold677/X
 hold678/X
 hold679/X
 hold68/X
 hold680/X
 hold681/X
 hold682/X
 hold683/X
 hold684/X
 hold685/X
 hold686/X
 hold687/X
 hold688/X
 hold689/X
 hold69/X
 hold690/X
 hold691/X
 hold692/X
 hold693/X
 hold694/X
 hold695/X
 hold696/X
 hold697/X
 hold698/X
 hold699/X
 hold7/X
 hold70/X
 hold700/X
 hold701/X
 hold702/X
 hold703/X
 hold704/X
 hold705/X
 hold706/X
 hold707/X
 hold708/X
 hold709/X
 hold71/X
 hold710/X
 hold711/X
 hold712/X
 hold713/X
 hold714/X
 hold715/X
 hold716/X
 hold717/X
 hold718/X
 hold719/X
 hold72/X
 hold720/X
 hold721/X
 hold722/X
 hold723/X
 hold724/X
 hold725/X
 hold726/X
 hold727/X
 hold728/X
 hold729/X
 hold73/X
 hold730/X
 hold731/X
 hold732/X
 hold733/X
 hold734/X
 hold735/X
 hold736/X
 hold737/X
 hold738/X
 hold739/X
 hold74/X
 hold740/X
 hold741/X
 hold742/X
 hold743/X
 hold744/X
 hold745/X
 hold746/X
 hold747/X
 hold748/X
 hold749/X
 hold75/X
 hold750/X
 hold751/X
 hold752/X
 hold753/X
 hold754/X
 hold755/X
 hold756/X
 hold757/X
 hold758/X
 hold759/X
 hold76/X
 hold760/X
 hold761/X
 hold762/X
 hold763/X
 hold764/X
 hold765/X
 hold766/X
 hold767/X
 hold768/X
 hold769/X
 hold77/X
 hold770/X
 hold771/X
 hold772/X
 hold773/X
 hold774/X
 hold775/X
 hold776/X
 hold777/X
 hold778/X
 hold779/X
 hold78/X
 hold780/X
 hold781/X
 hold782/X
 hold783/X
 hold784/X
 hold785/X
 hold786/X
 hold787/X
 hold788/X
 hold789/X
 hold79/X
 hold790/X
 hold791/X
 hold792/X
 hold793/X
 hold794/X
 hold795/X
 hold796/X
 hold797/X
 hold798/X
 hold799/X
 hold8/X
 hold80/X
 hold800/X
 hold801/X
 hold802/X
 hold803/X
 hold804/X
 hold805/X
 hold806/X
 hold807/X
 hold808/X
 hold809/X
 hold81/X
 hold810/X
 hold811/X
 hold812/X
 hold813/X
 hold814/X
 hold815/X
 hold816/X
 hold817/X
 hold818/X
 hold819/X
 hold82/X
 hold820/X
 hold821/X
 hold822/X
 hold823/X
 hold824/X
 hold825/X
 hold826/X
 hold827/X
 hold828/X
 hold829/X
 hold83/X
 hold830/X
 hold831/X
 hold832/X
 hold833/X
 hold834/X
 hold835/X
 hold836/X
 hold837/X
 hold838/X
 hold839/X
 hold84/X
 hold840/X
 hold841/X
 hold842/X
 hold843/X
 hold844/X
 hold845/X
 hold846/X
 hold847/X
 hold848/X
 hold849/X
 hold85/X
 hold850/X
 hold851/X
 hold852/X
 hold853/X
 hold854/X
 hold855/X
 hold856/X
 hold857/X
 hold858/X
 hold859/X
 hold86/X
 hold860/X
 hold861/X
 hold862/X
 hold863/X
 hold864/X
 hold865/X
 hold866/X
 hold867/X
 hold868/X
 hold869/X
 hold87/X
 hold870/X
 hold871/X
 hold872/X
 hold873/X
 hold874/X
 hold875/X
 hold876/X
 hold877/X
 hold878/X
 hold879/X
 hold88/X
 hold880/X
 hold881/X
 hold882/X
 hold883/X
 hold884/X
 hold885/X
 hold886/X
 hold887/X
 hold888/X
 hold889/X
 hold89/X
 hold890/X
 hold891/X
 hold892/X
 hold893/X
 hold894/X
 hold895/X
 hold896/X
 hold897/X
 hold898/X
 hold899/X
 hold9/X
 hold90/X
 hold900/X
 hold901/X
 hold902/X
 hold903/X
 hold904/X
 hold905/X
 hold906/X
 hold907/X
 hold908/X
 hold909/X
 hold91/X
 hold910/X
 hold911/X
 hold912/X
 hold913/X
 hold914/X
 hold915/X
 hold916/X
 hold917/X
 hold918/X
 hold919/X
 hold92/X
 hold920/X
 hold921/X
 hold922/X
 hold923/X
 hold924/X
 hold925/X
 hold926/X
 hold927/X
 hold928/X
 hold929/X
 hold93/X
 hold930/X
 hold931/X
 hold932/X
 hold933/X
 hold934/X
 hold935/X
 hold936/X
 hold937/X
 hold938/X
 hold939/X
 hold94/X
 hold940/X
 hold941/X
 hold942/X
 hold943/X
 hold944/X
 hold945/X
 hold946/X
 hold947/X
 hold948/X
 hold949/X
 hold95/X
 hold950/X
 hold951/X
 hold952/X
 hold953/X
 hold954/X
 hold955/X
 hold956/X
 hold957/X
 hold958/X
 hold959/X
 hold96/X
 hold960/X
 hold961/X
 hold962/X
 hold963/X
 hold964/X
 hold965/X
 hold966/X
 hold97/X
 hold98/X
 hold99/X
 input1/X
 input10/X
 input11/X
 input12/X
 input13/X
 input14/X
 input15/X
 input16/X
 input17/X
 input18/X
 input19/X
 input2/X
 input20/X
 input21/X
 input22/X
 input23/X
 input24/X
 input25/X
 input26/X
 input27/X
 input28/X
 input29/X
 input3/X
 input30/X
 input31/X
 input32/X
 input33/X
 input34/X
 input35/X
 input36/X
 input37/X
 input38/X
 input39/X
 input4/X
 input40/X
 input41/X
 input42/X
 input43/X
 input44/X
 input45/X
 input46/X
 input47/X
 input48/X
 input49/X
 input5/X
 input6/X
 input7/X
 input8/X
 input9/X
 output100/X
 output101/X
 output102/X
 output103/X
 output104/X
 output105/X
 output106/X
 output107/X
 output108/X
 output109/X
 output110/X
 output111/X
 output112/X
 output113/X
 output50/X
 output51/X
 output52/X
 output53/X
 output54/X
 output55/X
 output56/X
 output57/X
 output58/X
 output59/X
 output60/X
 output61/X
 output62/X
 output63/X
 output64/X
 output65/X
 output66/X
 output67/X
 output68/X
 output69/X
 output70/X
 output71/X
 output72/X
 output73/X
 output74/X
 output75/X
 output76/X
 output77/X
 output78/X
 output79/X
 output80/X
 output81/X
 output82/X
 output83/X
 output84/X
 output85/X
 output86/X
 output87/X
 output88/X
 output89/X
 output90/X
 output91/X
 output92/X
 output93/X
 output94/X
 output95/X
 output96/X
 output97/X
 output98/X
 output99/X
Found 0 partially unannotated drivers.

===========================================================================
max slew violation count 0
max fanout violation count 39
max cap violation count 0
============================================================================

===========================================================================
check_setup -verbose -unconstrained_endpoints -multiple_clock -no_clock -no_input_delay -loops -generated_clocks
===========================================================================
Warning: There are 32 unconstrained endpoints.
  _7407_/D
  _7408_/D
  _7409_/D
  _7410_/D
  _7411_/D
  _7412_/D
  _7413_/D
  _7414_/D
  _7415_/D
  _7416_/D
  _7417_/D
  _7418_/D
  _7419_/D
  _7420_/D
  _7421_/D
  _7422_/D
  _7423_/D
  _7424_/D
  _7425_/D
  _7426_/D
  _7427_/D
  _7428_/D
  _7429_/D
  _7430_/D
  _7431_/D
  _7432_/D
  _7433_/D
  _7434_/D
  _7435_/D
  _7436_/D
  _7437_/D
  _7438_/D
