
===========================================================================
 report_power
============================================================================
======================= Fastest Corner ===================================

Group                  Internal  Switching    Leakage      Total
                          Power      Power      Power      Power (Watts)
----------------------------------------------------------------
Sequential             5.47e-06   3.29e-06   4.50e-08   8.81e-06  30.7%
Combinational          7.40e-06   1.25e-05   2.51e-09   1.99e-05  69.3%
Macro                  0.00e+00   0.00e+00   0.00e+00   0.00e+00   0.0%
Pad                    0.00e+00   0.00e+00   0.00e+00   0.00e+00   0.0%
----------------------------------------------------------------
Total                  1.29e-05   1.58e-05   4.75e-08   2.87e-05 100.0%
                          44.8%      55.1%       0.2%

======================= Slowest Corner ===================================

Group                  Internal  Switching    Leakage      Total
                          Power      Power      Power      Power (Watts)
----------------------------------------------------------------
Sequential             3.82e-06   2.21e-06   1.79e-07   6.21e-06  30.5%
Combinational          5.52e-06   8.23e-06   4.11e-07   1.42e-05  69.5%
Macro                  0.00e+00   0.00e+00   0.00e+00   0.00e+00   0.0%
Pad                    0.00e+00   0.00e+00   0.00e+00   0.00e+00   0.0%
----------------------------------------------------------------
Total                  9.35e-06   1.04e-05   5.91e-07   2.04e-05 100.0%
                          45.9%      51.2%       2.9%

======================= Typical Corner ===================================

Group                  Internal  Switching    Leakage      Total
                          Power      Power      Power      Power (Watts)
----------------------------------------------------------------
Sequential             4.75e-06   2.80e-06   4.49e-08   7.59e-06  30.5%
Combinational          6.74e-06   1.06e-05   2.27e-09   1.73e-05  69.5%
Macro                  0.00e+00   0.00e+00   0.00e+00   0.00e+00   0.0%
Pad                    0.00e+00   0.00e+00   0.00e+00   0.00e+00   0.0%
----------------------------------------------------------------
Total                  1.15e-05   1.34e-05   4.72e-08   2.49e-05 100.0%
                          46.2%      53.6%       0.2%

