
===========================================================================
 report_power
============================================================================
======================= Fastest Corner ===================================

Group                  Internal  Switching    Leakage      Total
                          Power      Power      Power      Power (Watts)
----------------------------------------------------------------
Sequential             2.51e-05   9.38e-06   2.17e-10   3.45e-05  34.7%
Combinational          3.49e-05   2.99e-05   2.88e-09   6.48e-05  65.3%
Macro                  0.00e+00   0.00e+00   0.00e+00   0.00e+00   0.0%
Pad                    0.00e+00   0.00e+00   0.00e+00   0.00e+00   0.0%
----------------------------------------------------------------
Total                  6.00e-05   3.92e-05   3.10e-09   9.92e-05 100.0%
                          60.5%      39.5%       0.0%

======================= Slowest Corner ===================================

Group                  Internal  Switching    Leakage      Total
                          Power      Power      Power      Power (Watts)
----------------------------------------------------------------
Sequential             1.71e-05   6.25e-06   1.97e-07   2.35e-05  34.1%
Combinational          2.53e-05   1.96e-05   5.39e-07   4.55e-05  65.9%
Macro                  0.00e+00   0.00e+00   0.00e+00   0.00e+00   0.0%
Pad                    0.00e+00   0.00e+00   0.00e+00   0.00e+00   0.0%
----------------------------------------------------------------
Total                  4.24e-05   2.59e-05   7.37e-07   6.90e-05 100.0%
                          61.4%      37.5%       1.1%

======================= Typical Corner ===================================

Group                  Internal  Switching    Leakage      Total
                          Power      Power      Power      Power (Watts)
----------------------------------------------------------------
Sequential             2.17e-05   7.94e-06   1.10e-10   2.97e-05  34.6%
Combinational          3.10e-05   2.52e-05   2.44e-09   5.61e-05  65.4%
Macro                  0.00e+00   0.00e+00   0.00e+00   0.00e+00   0.0%
Pad                    0.00e+00   0.00e+00   0.00e+00   0.00e+00   0.0%
----------------------------------------------------------------
Total                  5.27e-05   3.31e-05   2.55e-09   8.58e-05 100.0%
                          61.4%      38.6%       0.0%

