
===========================================================================
report_checks -unconstrained
===========================================================================
======================= Fastest Corner ===================================

Startpoint: data_in2[10] (input port clocked by __VIRTUAL_CLK__)
Endpoint: data_out[31] (output port clocked by __VIRTUAL_CLK__)
Path Group: __VIRTUAL_CLK__
Path Type: max
Corner: Fastest

Fanout     Cap    Slew   Delay    Time   Description
-----------------------------------------------------------------------------
                  0.00    0.00    0.00   clock __VIRTUAL_CLK__ (rise edge)
                          0.00    0.00   clock network delay (ideal)
                          2.00    2.00 v input external delay
                  0.01    0.00    2.00 v data_in2[10] (in)
     1    0.00                           data_in2[10] (net)
                  0.01    0.00    2.00 v input38/A (sky130_fd_sc_hd__clkbuf_4)
                  0.08    0.13    2.13 v input38/X (sky130_fd_sc_hd__clkbuf_4)
     7    0.05                           net38 (net)
                  0.08    0.01    2.14 v _1315_/B (sky130_fd_sc_hd__or4_4)
                  0.06    0.34    2.48 v _1315_/X (sky130_fd_sc_hd__or4_4)
     2    0.01                           _0435_ (net)
                  0.06    0.00    2.48 v rebuffer21/A (sky130_fd_sc_hd__clkbuf_2)
                  0.04    0.10    2.58 v rebuffer21/X (sky130_fd_sc_hd__clkbuf_2)
     3    0.01                           net121 (net)
                  0.04    0.00    2.58 v rebuffer22/A (sky130_fd_sc_hd__clkbuf_1)
                  0.02    0.07    2.65 v rebuffer22/X (sky130_fd_sc_hd__clkbuf_1)
     1    0.00                           net122 (net)
                  0.02    0.00    2.65 v _1316_/D (sky130_fd_sc_hd__or4_4)
                  0.07    0.26    2.91 v _1316_/X (sky130_fd_sc_hd__or4_4)
     1    0.01                           _0436_ (net)
                  0.07    0.00    2.91 v _1321_/A (sky130_fd_sc_hd__nor3_4)
                  0.29    0.29    3.21 ^ _1321_/Y (sky130_fd_sc_hd__nor3_4)
     5    0.04                           _0441_ (net)
                  0.29    0.00    3.21 ^ _1322_/A (sky130_fd_sc_hd__buf_4)
                  0.08    0.15    3.36 ^ _1322_/X (sky130_fd_sc_hd__buf_4)
    10    0.04                           _0442_ (net)
                  0.08    0.00    3.37 ^ _1323_/A (sky130_fd_sc_hd__buf_4)
                  0.16    0.18    3.55 ^ _1323_/X (sky130_fd_sc_hd__buf_4)
    10    0.08                           _0443_ (net)
                  0.16    0.00    3.55 ^ _1324_/B (sky130_fd_sc_hd__nand2_2)
                  0.12    0.12    3.68 v _1324_/Y (sky130_fd_sc_hd__nand2_2)
     5    0.04                           _0444_ (net)
                  0.12    0.01    3.68 v _1526_/A2 (sky130_fd_sc_hd__a21o_1)
                  0.03    0.16    3.84 v _1526_/X (sky130_fd_sc_hd__a21o_1)
     2    0.01                           _0645_ (net)
                  0.03    0.00    3.84 v _1623_/A0 (sky130_fd_sc_hd__mux2_1)
                  0.06    0.18    4.02 v _1623_/X (sky130_fd_sc_hd__mux2_1)
     2    0.01                           _0740_ (net)
                  0.06    0.00    4.02 v _1740_/A1 (sky130_fd_sc_hd__mux2_1)
                  0.08    0.21    4.23 v _1740_/X (sky130_fd_sc_hd__mux2_1)
     3    0.01                           _0853_ (net)
                  0.08    0.00    4.23 v _1960_/A0 (sky130_fd_sc_hd__mux2_1)
                  0.12    0.25    4.49 v _1960_/X (sky130_fd_sc_hd__mux2_1)
     2    0.03                           _1065_ (net)
                  0.12    0.00    4.49 v _2313_/A2 (sky130_fd_sc_hd__a2111oi_4)
                  0.32    0.39    4.88 ^ _2313_/Y (sky130_fd_sc_hd__a2111oi_4)
     1    0.02                           _0286_ (net)
                  0.32    0.00    4.88 ^ _2314_/C1 (sky130_fd_sc_hd__a211o_1)
                  0.05    0.08    4.96 ^ _2314_/X (sky130_fd_sc_hd__a211o_1)
     1    0.01                           _0287_ (net)
                  0.05    0.00    4.96 ^ _2315_/B2 (sky130_fd_sc_hd__o32a_1)
                  0.17    0.17    5.13 ^ _2315_/X (sky130_fd_sc_hd__o32a_1)
     1    0.02                           net93 (net)
                  0.17    0.00    5.13 ^ output93/A (sky130_fd_sc_hd__clkbuf_4)
                  0.09    0.17    5.30 ^ output93/X (sky130_fd_sc_hd__clkbuf_4)
     1    0.03                           data_out[31] (net)
                  0.09    0.00    5.30 ^ data_out[31] (out)
                                  5.30   data arrival time

                  0.00   10.00   10.00   clock __VIRTUAL_CLK__ (rise edge)
                          0.00   10.00   clock network delay (ideal)
                         -0.25    9.75   clock uncertainty
                          0.00    9.75   clock reconvergence pessimism
                         -2.00    7.75   output external delay
                                  7.75   data required time
-----------------------------------------------------------------------------
                                  7.75   data required time
                                 -5.30   data arrival time
-----------------------------------------------------------------------------
                                  2.45   slack (MET)



======================= Slowest Corner ===================================

Startpoint: data_in2[10] (input port clocked by __VIRTUAL_CLK__)
Endpoint: data_out[31] (output port clocked by __VIRTUAL_CLK__)
Path Group: __VIRTUAL_CLK__
Path Type: max
Corner: Slowest

Fanout     Cap    Slew   Delay    Time   Description
-----------------------------------------------------------------------------
                  0.00    0.00    0.00   clock __VIRTUAL_CLK__ (rise edge)
                          0.00    0.00   clock network delay (ideal)
                          2.00    2.00 v input external delay
                  0.02    0.01    2.01 v data_in2[10] (in)
     1    0.00                           data_in2[10] (net)
                  0.02    0.00    2.01 v input38/A (sky130_fd_sc_hd__clkbuf_4)
                  0.19    0.35    2.36 v input38/X (sky130_fd_sc_hd__clkbuf_4)
     7    0.05                           net38 (net)
                  0.19    0.01    2.37 v _1315_/B (sky130_fd_sc_hd__or4_4)
                  0.16    1.12    3.50 v _1315_/X (sky130_fd_sc_hd__or4_4)
     2    0.01                           _0435_ (net)
                  0.16    0.00    3.50 v rebuffer21/A (sky130_fd_sc_hd__clkbuf_2)
                  0.09    0.28    3.78 v rebuffer21/X (sky130_fd_sc_hd__clkbuf_2)
     3    0.01                           net121 (net)
                  0.09    0.00    3.78 v rebuffer22/A (sky130_fd_sc_hd__clkbuf_1)
                  0.07    0.19    3.97 v rebuffer22/X (sky130_fd_sc_hd__clkbuf_1)
     1    0.00                           net122 (net)
                  0.07    0.00    3.97 v _1316_/D (sky130_fd_sc_hd__or4_4)
                  0.18    0.92    4.89 v _1316_/X (sky130_fd_sc_hd__or4_4)
     1    0.01                           _0436_ (net)
                  0.18    0.00    4.89 v _1321_/A (sky130_fd_sc_hd__nor3_4)
                  0.66    0.73    5.63 ^ _1321_/Y (sky130_fd_sc_hd__nor3_4)
     5    0.04                           _0441_ (net)
                  0.66    0.00    5.63 ^ _1367_/A (sky130_fd_sc_hd__buf_6)
                  0.11    0.45    6.08 ^ _1367_/X (sky130_fd_sc_hd__buf_6)
     6    0.03                           _0487_ (net)
                  0.11    0.00    6.08 ^ split11/A (sky130_fd_sc_hd__clkbuf_2)
                  0.23    0.34    6.42 ^ split11/X (sky130_fd_sc_hd__clkbuf_2)
     5    0.03                           net111 (net)
                  0.23    0.00    6.42 ^ _1509_/B (sky130_fd_sc_hd__nand2_1)
                  0.15    0.23    6.65 v _1509_/Y (sky130_fd_sc_hd__nand2_1)
     2    0.01                           _0628_ (net)
                  0.15    0.00    6.65 v _1510_/B (sky130_fd_sc_hd__and2_1)
                  0.10    0.41    7.06 v _1510_/X (sky130_fd_sc_hd__and2_1)
     2    0.01                           _0629_ (net)
                  0.10    0.00    7.06 v _1622_/A (sky130_fd_sc_hd__or2_1)
                  0.12    0.56    7.62 v _1622_/X (sky130_fd_sc_hd__or2_1)
     2    0.00                           _0739_ (net)
                  0.12    0.00    7.62 v _1623_/A1 (sky130_fd_sc_hd__mux2_1)
                  0.16    0.77    8.39 v _1623_/X (sky130_fd_sc_hd__mux2_1)
     2    0.01                           _0740_ (net)
                  0.16    0.00    8.39 v _1740_/A1 (sky130_fd_sc_hd__mux2_1)
                  0.21    0.86    9.26 v _1740_/X (sky130_fd_sc_hd__mux2_1)
     3    0.01                           _0853_ (net)
                  0.21    0.00    9.26 v _1960_/A0 (sky130_fd_sc_hd__mux2_1)
                  0.31    0.96   10.22 v _1960_/X (sky130_fd_sc_hd__mux2_1)
     2    0.03                           _1065_ (net)
                  0.31    0.00   10.22 v _2313_/A2 (sky130_fd_sc_hd__a2111oi_4)
                  0.70    0.97   11.19 ^ _2313_/Y (sky130_fd_sc_hd__a2111oi_4)
     1    0.02                           _0286_ (net)
                  0.70    0.00   11.19 ^ _2314_/C1 (sky130_fd_sc_hd__a211o_1)
                  0.11    0.42   11.61 ^ _2314_/X (sky130_fd_sc_hd__a211o_1)
     1    0.01                           _0287_ (net)
                  0.11    0.00   11.61 ^ _2315_/B2 (sky130_fd_sc_hd__o32a_1)
                  0.38    0.50   12.11 ^ _2315_/X (sky130_fd_sc_hd__o32a_1)
     1    0.02                           net93 (net)
                  0.38    0.00   12.12 ^ output93/A (sky130_fd_sc_hd__clkbuf_4)
                  0.18    0.49   12.61 ^ output93/X (sky130_fd_sc_hd__clkbuf_4)
     1    0.03                           data_out[31] (net)
                  0.18    0.00   12.61 ^ data_out[31] (out)
                                 12.61   data arrival time

                  0.00   10.00   10.00   clock __VIRTUAL_CLK__ (rise edge)
                          0.00   10.00   clock network delay (ideal)
                         -0.25    9.75   clock uncertainty
                          0.00    9.75   clock reconvergence pessimism
                         -2.00    7.75   output external delay
                                  7.75   data required time
-----------------------------------------------------------------------------
                                  7.75   data required time
                                -12.61   data arrival time
-----------------------------------------------------------------------------
                                 -4.86   slack (VIOLATED)



======================= Typical Corner ===================================

Startpoint: data_in2[10] (input port clocked by __VIRTUAL_CLK__)
Endpoint: data_out[31] (output port clocked by __VIRTUAL_CLK__)
Path Group: __VIRTUAL_CLK__
Path Type: max
Corner: Typical

Fanout     Cap    Slew   Delay    Time   Description
-----------------------------------------------------------------------------
                  0.00    0.00    0.00   clock __VIRTUAL_CLK__ (rise edge)
                          0.00    0.00   clock network delay (ideal)
                          2.00    2.00 v input external delay
                  0.01    0.01    2.01 v data_in2[10] (in)
     1    0.00                           data_in2[10] (net)
                  0.01    0.00    2.01 v input38/A (sky130_fd_sc_hd__clkbuf_4)
                  0.11    0.19    2.20 v input38/X (sky130_fd_sc_hd__clkbuf_4)
     7    0.05                           net38 (net)
                  0.11    0.01    2.21 v _1315_/B (sky130_fd_sc_hd__or4_4)
                  0.09    0.56    2.77 v _1315_/X (sky130_fd_sc_hd__or4_4)
     2    0.01                           _0435_ (net)
                  0.09    0.00    2.77 v rebuffer21/A (sky130_fd_sc_hd__clkbuf_2)
                  0.05    0.15    2.92 v rebuffer21/X (sky130_fd_sc_hd__clkbuf_2)
     3    0.01                           net121 (net)
                  0.05    0.00    2.92 v rebuffer22/A (sky130_fd_sc_hd__clkbuf_1)
                  0.03    0.10    3.03 v rebuffer22/X (sky130_fd_sc_hd__clkbuf_1)
     1    0.00                           net122 (net)
                  0.03    0.00    3.03 v _1316_/D (sky130_fd_sc_hd__or4_4)
                  0.10    0.45    3.48 v _1316_/X (sky130_fd_sc_hd__or4_4)
     1    0.01                           _0436_ (net)
                  0.10    0.00    3.48 v _1321_/A (sky130_fd_sc_hd__nor3_4)
                  0.41    0.43    3.91 ^ _1321_/Y (sky130_fd_sc_hd__nor3_4)
     5    0.04                           _0441_ (net)
                  0.41    0.00    3.91 ^ _1322_/A (sky130_fd_sc_hd__buf_4)
                  0.11    0.26    4.17 ^ _1322_/X (sky130_fd_sc_hd__buf_4)
    10    0.04                           _0442_ (net)
                  0.11    0.00    4.18 ^ _1323_/A (sky130_fd_sc_hd__buf_4)
                  0.21    0.27    4.44 ^ _1323_/X (sky130_fd_sc_hd__buf_4)
    10    0.08                           _0443_ (net)
                  0.21    0.00    4.45 ^ _1324_/B (sky130_fd_sc_hd__nand2_2)
                  0.17    0.21    4.65 v _1324_/Y (sky130_fd_sc_hd__nand2_2)
     5    0.04                           _0444_ (net)
                  0.17    0.01    4.66 v _1526_/A2 (sky130_fd_sc_hd__a21o_1)
                  0.05    0.25    4.90 v _1526_/X (sky130_fd_sc_hd__a21o_1)
     2    0.01                           _0645_ (net)
                  0.05    0.00    4.90 v _1623_/A0 (sky130_fd_sc_hd__mux2_1)
                  0.08    0.33    5.23 v _1623_/X (sky130_fd_sc_hd__mux2_1)
     2    0.01                           _0740_ (net)
                  0.08    0.00    5.23 v _1740_/A1 (sky130_fd_sc_hd__mux2_1)
                  0.11    0.39    5.62 v _1740_/X (sky130_fd_sc_hd__mux2_1)
     3    0.01                           _0853_ (net)
                  0.11    0.00    5.62 v _1960_/A0 (sky130_fd_sc_hd__mux2_1)
                  0.15    0.44    6.06 v _1960_/X (sky130_fd_sc_hd__mux2_1)
     2    0.03                           _1065_ (net)
                  0.15    0.00    6.06 v _2313_/A2 (sky130_fd_sc_hd__a2111oi_4)
                  0.44    0.56    6.62 ^ _2313_/Y (sky130_fd_sc_hd__a2111oi_4)
     1    0.02                           _0286_ (net)
                  0.44    0.00    6.62 ^ _2314_/C1 (sky130_fd_sc_hd__a211o_1)
                  0.07    0.18    6.80 ^ _2314_/X (sky130_fd_sc_hd__a211o_1)
     1    0.01                           _0287_ (net)
                  0.07    0.00    6.81 ^ _2315_/B2 (sky130_fd_sc_hd__o32a_1)
                  0.23    0.28    7.08 ^ _2315_/X (sky130_fd_sc_hd__o32a_1)
     1    0.02                           net93 (net)
                  0.23    0.00    7.08 ^ output93/A (sky130_fd_sc_hd__clkbuf_4)
                  0.12    0.26    7.35 ^ output93/X (sky130_fd_sc_hd__clkbuf_4)
     1    0.03                           data_out[31] (net)
                  0.12    0.00    7.35 ^ data_out[31] (out)
                                  7.35   data arrival time

                  0.00   10.00   10.00   clock __VIRTUAL_CLK__ (rise edge)
                          0.00   10.00   clock network delay (ideal)
                         -0.25    9.75   clock uncertainty
                          0.00    9.75   clock reconvergence pessimism
                         -2.00    7.75   output external delay
                                  7.75   data required time
-----------------------------------------------------------------------------
                                  7.75   data required time
                                 -7.35   data arrival time
-----------------------------------------------------------------------------
                                  0.40   slack (MET)




===========================================================================
report_checks --slack_max -0.01
============================================================================
======================= Fastest Corner ===================================

No paths found.

======================= Slowest Corner ===================================

Startpoint: data_in2[10] (input port clocked by __VIRTUAL_CLK__)
Endpoint: data_out[31] (output port clocked by __VIRTUAL_CLK__)
Path Group: __VIRTUAL_CLK__
Path Type: max
Corner: Slowest

Fanout     Cap    Slew   Delay    Time   Description
-----------------------------------------------------------------------------
                  0.00    0.00    0.00   clock __VIRTUAL_CLK__ (rise edge)
                          0.00    0.00   clock network delay (ideal)
                          2.00    2.00 v input external delay
                  0.02    0.01    2.01 v data_in2[10] (in)
     1    0.00                           data_in2[10] (net)
                  0.02    0.00    2.01 v input38/A (sky130_fd_sc_hd__clkbuf_4)
                  0.19    0.35    2.36 v input38/X (sky130_fd_sc_hd__clkbuf_4)
     7    0.05                           net38 (net)
                  0.19    0.01    2.37 v _1315_/B (sky130_fd_sc_hd__or4_4)
                  0.16    1.12    3.50 v _1315_/X (sky130_fd_sc_hd__or4_4)
     2    0.01                           _0435_ (net)
                  0.16    0.00    3.50 v rebuffer21/A (sky130_fd_sc_hd__clkbuf_2)
                  0.09    0.28    3.78 v rebuffer21/X (sky130_fd_sc_hd__clkbuf_2)
     3    0.01                           net121 (net)
                  0.09    0.00    3.78 v rebuffer22/A (sky130_fd_sc_hd__clkbuf_1)
                  0.07    0.19    3.97 v rebuffer22/X (sky130_fd_sc_hd__clkbuf_1)
     1    0.00                           net122 (net)
                  0.07    0.00    3.97 v _1316_/D (sky130_fd_sc_hd__or4_4)
                  0.18    0.92    4.89 v _1316_/X (sky130_fd_sc_hd__or4_4)
     1    0.01                           _0436_ (net)
                  0.18    0.00    4.89 v _1321_/A (sky130_fd_sc_hd__nor3_4)
                  0.66    0.73    5.63 ^ _1321_/Y (sky130_fd_sc_hd__nor3_4)
     5    0.04                           _0441_ (net)
                  0.66    0.00    5.63 ^ _1367_/A (sky130_fd_sc_hd__buf_6)
                  0.11    0.45    6.08 ^ _1367_/X (sky130_fd_sc_hd__buf_6)
     6    0.03                           _0487_ (net)
                  0.11    0.00    6.08 ^ split11/A (sky130_fd_sc_hd__clkbuf_2)
                  0.23    0.34    6.42 ^ split11/X (sky130_fd_sc_hd__clkbuf_2)
     5    0.03                           net111 (net)
                  0.23    0.00    6.42 ^ _1509_/B (sky130_fd_sc_hd__nand2_1)
                  0.15    0.23    6.65 v _1509_/Y (sky130_fd_sc_hd__nand2_1)
     2    0.01                           _0628_ (net)
                  0.15    0.00    6.65 v _1510_/B (sky130_fd_sc_hd__and2_1)
                  0.10    0.41    7.06 v _1510_/X (sky130_fd_sc_hd__and2_1)
     2    0.01                           _0629_ (net)
                  0.10    0.00    7.06 v _1622_/A (sky130_fd_sc_hd__or2_1)
                  0.12    0.56    7.62 v _1622_/X (sky130_fd_sc_hd__or2_1)
     2    0.00                           _0739_ (net)
                  0.12    0.00    7.62 v _1623_/A1 (sky130_fd_sc_hd__mux2_1)
                  0.16    0.77    8.39 v _1623_/X (sky130_fd_sc_hd__mux2_1)
     2    0.01                           _0740_ (net)
                  0.16    0.00    8.39 v _1740_/A1 (sky130_fd_sc_hd__mux2_1)
                  0.21    0.86    9.26 v _1740_/X (sky130_fd_sc_hd__mux2_1)
     3    0.01                           _0853_ (net)
                  0.21    0.00    9.26 v _1960_/A0 (sky130_fd_sc_hd__mux2_1)
                  0.31    0.96   10.22 v _1960_/X (sky130_fd_sc_hd__mux2_1)
     2    0.03                           _1065_ (net)
                  0.31    0.00   10.22 v _2313_/A2 (sky130_fd_sc_hd__a2111oi_4)
                  0.70    0.97   11.19 ^ _2313_/Y (sky130_fd_sc_hd__a2111oi_4)
     1    0.02                           _0286_ (net)
                  0.70    0.00   11.19 ^ _2314_/C1 (sky130_fd_sc_hd__a211o_1)
                  0.11    0.42   11.61 ^ _2314_/X (sky130_fd_sc_hd__a211o_1)
     1    0.01                           _0287_ (net)
                  0.11    0.00   11.61 ^ _2315_/B2 (sky130_fd_sc_hd__o32a_1)
                  0.38    0.50   12.11 ^ _2315_/X (sky130_fd_sc_hd__o32a_1)
     1    0.02                           net93 (net)
                  0.38    0.00   12.12 ^ output93/A (sky130_fd_sc_hd__clkbuf_4)
                  0.18    0.49   12.61 ^ output93/X (sky130_fd_sc_hd__clkbuf_4)
     1    0.03                           data_out[31] (net)
                  0.18    0.00   12.61 ^ data_out[31] (out)
                                 12.61   data arrival time

                  0.00   10.00   10.00   clock __VIRTUAL_CLK__ (rise edge)
                          0.00   10.00   clock network delay (ideal)
                         -0.25    9.75   clock uncertainty
                          0.00    9.75   clock reconvergence pessimism
                         -2.00    7.75   output external delay
                                  7.75   data required time
-----------------------------------------------------------------------------
                                  7.75   data required time
                                -12.61   data arrival time
-----------------------------------------------------------------------------
                                 -4.86   slack (VIOLATED)



======================= Typical Corner ===================================

No paths found.


===========================================================================
 report_check_types -max_slew -max_cap -max_fanout -violators
============================================================================
======================= Fastest Corner ===================================


======================= Slowest Corner ===================================


======================= Typical Corner ===================================



===========================================================================
report_parasitic_annotation -report_unannotated
============================================================================
Found 0 unannotated drivers.
Found 0 partially unannotated drivers.

===========================================================================
max slew violation count 0
max fanout violation count 0
max cap violation count 0
============================================================================

===========================================================================
check_setup -verbose -unconstrained_endpoints -multiple_clock -no_clock -no_input_delay -loops -generated_clocks
===========================================================================
