
===========================================================================
 report_power
============================================================================
======================= Fastest Corner ===================================

Group                  Internal  Switching    Leakage      Total
                          Power      Power      Power      Power (Watts)
----------------------------------------------------------------
Sequential             1.39e-02   8.03e-04   1.20e-07   1.47e-02  34.9%
Combinational          1.47e-02   1.27e-02   5.99e-07   2.74e-02  65.1%
Macro                  0.00e+00   0.00e+00   0.00e+00   0.00e+00   0.0%
Pad                    0.00e+00   0.00e+00   0.00e+00   0.00e+00   0.0%
----------------------------------------------------------------
Total                  2.86e-02   1.35e-02   7.19e-07   4.21e-02 100.0%
                          67.9%      32.1%       0.0%

======================= Slowest Corner ===================================

Group                  Internal  Switching    Leakage      Total
                          Power      Power      Power      Power (Watts)
----------------------------------------------------------------
Sequential             9.37e-03   5.26e-04   1.21e-04   1.00e-02  34.6%
Combinational          1.04e-02   8.34e-03   2.33e-04   1.90e-02  65.4%
Macro                  0.00e+00   0.00e+00   0.00e+00   0.00e+00   0.0%
Pad                    0.00e+00   0.00e+00   0.00e+00   0.00e+00   0.0%
----------------------------------------------------------------
Total                  1.98e-02   8.86e-03   3.54e-04   2.90e-02 100.0%
                          68.2%      30.6%       1.2%

======================= Typical Corner ===================================

Group                  Internal  Switching    Leakage      Total
                          Power      Power      Power      Power (Watts)
----------------------------------------------------------------
Sequential             1.20e-02   6.74e-04   6.94e-08   1.27e-02  35.0%
Combinational          1.28e-02   1.07e-02   2.72e-07   2.35e-02  65.0%
Macro                  0.00e+00   0.00e+00   0.00e+00   0.00e+00   0.0%
Pad                    0.00e+00   0.00e+00   0.00e+00   0.00e+00   0.0%
----------------------------------------------------------------
Total                  2.48e-02   1.14e-02   3.42e-07   3.62e-02 100.0%
                          68.5%      31.5%       0.0%

