
===========================================================================
 report_power
============================================================================
======================= Fastest Corner ===================================

Group                  Internal  Switching    Leakage      Total
                          Power      Power      Power      Power (Watts)
----------------------------------------------------------------
Sequential             2.51e-05   1.06e-05   2.17e-10   3.56e-05  35.0%
Combinational          3.49e-05   3.13e-05   2.88e-09   6.62e-05  65.0%
Macro                  0.00e+00   0.00e+00   0.00e+00   0.00e+00   0.0%
Pad                    0.00e+00   0.00e+00   0.00e+00   0.00e+00   0.0%
----------------------------------------------------------------
Total                  6.00e-05   4.18e-05   3.10e-09   1.02e-04 100.0%
                          58.9%      41.1%       0.0%

======================= Slowest Corner ===================================

Group                  Internal  Switching    Leakage      Total
                          Power      Power      Power      Power (Watts)
----------------------------------------------------------------
Sequential             1.71e-05   7.05e-06   1.97e-07   2.43e-05  34.4%
Combinational          2.53e-05   2.06e-05   5.39e-07   4.64e-05  65.6%
Macro                  0.00e+00   0.00e+00   0.00e+00   0.00e+00   0.0%
Pad                    0.00e+00   0.00e+00   0.00e+00   0.00e+00   0.0%
----------------------------------------------------------------
Total                  4.24e-05   2.76e-05   7.37e-07   7.07e-05 100.0%
                          59.9%      39.1%       1.0%

======================= Typical Corner ===================================

Group                  Internal  Switching    Leakage      Total
                          Power      Power      Power      Power (Watts)
----------------------------------------------------------------
Sequential             2.17e-05   8.95e-06   1.10e-10   3.07e-05  34.8%
Combinational          3.10e-05   2.64e-05   2.44e-09   5.74e-05  65.2%
Macro                  0.00e+00   0.00e+00   0.00e+00   0.00e+00   0.0%
Pad                    0.00e+00   0.00e+00   0.00e+00   0.00e+00   0.0%
----------------------------------------------------------------
Total                  5.27e-05   3.53e-05   2.55e-09   8.80e-05 100.0%
                          59.8%      40.1%       0.0%

