
===========================================================================
report_checks -unconstrained
===========================================================================
======================= Fastest Corner ===================================

Startpoint: addition[1] (input port clocked by clk)
Endpoint: _183_ (rising edge-triggered flip-flop clocked by clk)
Path Group: clk
Path Type: max
Corner: Fastest

Fanout     Cap    Slew   Delay    Time   Description
-----------------------------------------------------------------------------
                          0.00    0.00   clock clk (rise edge)
                          0.00    0.00   clock network delay (propagated)
                          6.00    6.00 v input external delay
                  0.01    0.00    6.00 v addition[1] (in)
     1    0.00                           addition[1] (net)
                  0.01    0.00    6.00 v input4/A (sky130_fd_sc_hd__clkbuf_2)
                  0.09    0.12    6.12 v input4/X (sky130_fd_sc_hd__clkbuf_2)
     3    0.03                           net4 (net)
                  0.09    0.01    6.13 v _099_/B (sky130_fd_sc_hd__or2_1)
                  0.03    0.14    6.27 v _099_/X (sky130_fd_sc_hd__or2_1)
     1    0.00                           _045_ (net)
                  0.03    0.00    6.27 v _100_/A3 (sky130_fd_sc_hd__a31o_1)
                  0.05    0.16    6.43 v _100_/X (sky130_fd_sc_hd__a31o_1)
     3    0.01                           _046_ (net)
                  0.05    0.00    6.44 v _117_/A1 (sky130_fd_sc_hd__a311o_1)
                  0.07    0.21    6.64 v _117_/X (sky130_fd_sc_hd__a311o_1)
     3    0.01                           _061_ (net)
                  0.07    0.00    6.64 v _124_/B (sky130_fd_sc_hd__and2b_1)
                  0.05    0.14    6.78 v _124_/X (sky130_fd_sc_hd__and2b_1)
     3    0.01                           _067_ (net)
                  0.05    0.00    6.78 v _130_/A1 (sky130_fd_sc_hd__o211a_1)
                  0.05    0.18    6.97 v _130_/X (sky130_fd_sc_hd__o211a_1)
     3    0.01                           _072_ (net)
                  0.05    0.00    6.97 v _137_/C1 (sky130_fd_sc_hd__a211o_1)
                  0.03    0.11    7.08 v _137_/X (sky130_fd_sc_hd__a211o_1)
     1    0.00                           _078_ (net)
                  0.03    0.00    7.08 v _139_/B (sky130_fd_sc_hd__and3_1)
                  0.03    0.11    7.19 v _139_/X (sky130_fd_sc_hd__and3_1)
     1    0.00                           _080_ (net)
                  0.03    0.00    7.19 v _140_/A (sky130_fd_sc_hd__clkbuf_1)
                  0.02    0.07    7.26 v _140_/X (sky130_fd_sc_hd__clkbuf_1)
     1    0.00                           _007_ (net)
                  0.02    0.00    7.26 v _183_/D (sky130_fd_sc_hd__dfxtp_1)
                                  7.26   data arrival time

                         30.00   30.00   clock clk (rise edge)
                          0.00   30.00   clock source latency
                  0.04    0.03   30.03 ^ clk (in)
     1    0.01                           clk (net)
                  0.04    0.00   30.03 ^ clkbuf_0_clk/A (sky130_fd_sc_hd__clkbuf_16)
                  0.03    0.08   30.11 ^ clkbuf_0_clk/X (sky130_fd_sc_hd__clkbuf_16)
     2    0.02                           clknet_0_clk (net)
                  0.03    0.00   30.11 ^ clkbuf_1_0__f_clk/A (sky130_fd_sc_hd__clkbuf_16)
                  0.03    0.08   30.19 ^ clkbuf_1_0__f_clk/X (sky130_fd_sc_hd__clkbuf_16)
     7    0.02                           clknet_1_0__leaf_clk (net)
                  0.03    0.00   30.19 ^ _183_/CLK (sky130_fd_sc_hd__dfxtp_1)
                         -0.25   29.94   clock uncertainty
                          0.00   29.94   clock reconvergence pessimism
                         -0.07   29.88   library setup time
                                 29.88   data required time
-----------------------------------------------------------------------------
                                 29.88   data required time
                                 -7.26   data arrival time
-----------------------------------------------------------------------------
                                 22.62   slack (MET)



======================= Slowest Corner ===================================

Startpoint: addition[3] (input port clocked by clk)
Endpoint: _183_ (rising edge-triggered flip-flop clocked by clk)
Path Group: clk
Path Type: max
Corner: Slowest

Fanout     Cap    Slew   Delay    Time   Description
-----------------------------------------------------------------------------
                          0.00    0.00   clock clk (rise edge)
                          0.00    0.00   clock network delay (propagated)
                          6.00    6.00 v input external delay
                  0.02    0.01    6.01 v addition[3] (in)
     1    0.00                           addition[3] (net)
                  0.02    0.00    6.01 v input6/A (sky130_fd_sc_hd__clkbuf_2)
                  0.27    0.35    6.36 v input6/X (sky130_fd_sc_hd__clkbuf_2)
     3    0.04                           net6 (net)
                  0.27    0.01    6.37 v _115_/B (sky130_fd_sc_hd__or2_1)
                  0.12    0.60    6.96 v _115_/X (sky130_fd_sc_hd__or2_1)
     2    0.01                           _059_ (net)
                  0.12    0.00    6.96 v _116_/C (sky130_fd_sc_hd__and3_1)
                  0.07    0.41    7.37 v _116_/X (sky130_fd_sc_hd__and3_1)
     1    0.00                           _060_ (net)
                  0.07    0.00    7.37 v _117_/C1 (sky130_fd_sc_hd__a311o_1)
                  0.17    0.63    7.99 v _117_/X (sky130_fd_sc_hd__a311o_1)
     3    0.01                           _061_ (net)
                  0.17    0.00    8.00 v _124_/B (sky130_fd_sc_hd__and2b_1)
                  0.13    0.46    8.45 v _124_/X (sky130_fd_sc_hd__and2b_1)
     3    0.01                           _067_ (net)
                  0.13    0.00    8.45 v _130_/A1 (sky130_fd_sc_hd__o211a_1)
                  0.15    0.53    8.99 v _130_/X (sky130_fd_sc_hd__o211a_1)
     3    0.01                           _072_ (net)
                  0.15    0.00    8.99 v _137_/C1 (sky130_fd_sc_hd__a211o_1)
                  0.08    0.46    9.45 v _137_/X (sky130_fd_sc_hd__a211o_1)
     1    0.00                           _078_ (net)
                  0.08    0.00    9.45 v _139_/B (sky130_fd_sc_hd__and3_1)
                  0.09    0.37    9.82 v _139_/X (sky130_fd_sc_hd__and3_1)
     1    0.00                           _080_ (net)
                  0.09    0.00    9.82 v _140_/A (sky130_fd_sc_hd__clkbuf_1)
                  0.07    0.19   10.02 v _140_/X (sky130_fd_sc_hd__clkbuf_1)
     1    0.00                           _007_ (net)
                  0.07    0.00   10.02 v _183_/D (sky130_fd_sc_hd__dfxtp_1)
                                 10.02   data arrival time

                         30.00   30.00   clock clk (rise edge)
                          0.00   30.00   clock source latency
                  0.09    0.06   30.06 ^ clk (in)
     1    0.01                           clk (net)
                  0.09    0.00   30.06 ^ clkbuf_0_clk/A (sky130_fd_sc_hd__clkbuf_16)
                  0.07    0.22   30.28 ^ clkbuf_0_clk/X (sky130_fd_sc_hd__clkbuf_16)
     2    0.02                           clknet_0_clk (net)
                  0.07    0.00   30.28 ^ clkbuf_1_0__f_clk/A (sky130_fd_sc_hd__clkbuf_16)
                  0.06    0.20   30.48 ^ clkbuf_1_0__f_clk/X (sky130_fd_sc_hd__clkbuf_16)
     7    0.02                           clknet_1_0__leaf_clk (net)
                  0.06    0.00   30.49 ^ _183_/CLK (sky130_fd_sc_hd__dfxtp_1)
                         -0.25   30.24   clock uncertainty
                          0.00   30.24   clock reconvergence pessimism
                         -0.27   29.97   library setup time
                                 29.97   data required time
-----------------------------------------------------------------------------
                                 29.97   data required time
                                -10.02   data arrival time
-----------------------------------------------------------------------------
                                 19.95   slack (MET)



======================= Typical Corner ===================================

Startpoint: addition[1] (input port clocked by clk)
Endpoint: _183_ (rising edge-triggered flip-flop clocked by clk)
Path Group: clk
Path Type: max
Corner: Typical

Fanout     Cap    Slew   Delay    Time   Description
-----------------------------------------------------------------------------
                          0.00    0.00   clock clk (rise edge)
                          0.00    0.00   clock network delay (propagated)
                          6.00    6.00 v input external delay
                  0.01    0.01    6.01 v addition[1] (in)
     1    0.00                           addition[1] (net)
                  0.01    0.00    6.01 v input4/A (sky130_fd_sc_hd__clkbuf_2)
                  0.13    0.17    6.18 v input4/X (sky130_fd_sc_hd__clkbuf_2)
     3    0.03                           net4 (net)
                  0.13    0.01    6.18 v _099_/B (sky130_fd_sc_hd__or2_1)
                  0.05    0.24    6.43 v _099_/X (sky130_fd_sc_hd__or2_1)
     1    0.00                           _045_ (net)
                  0.05    0.00    6.43 v _100_/A3 (sky130_fd_sc_hd__a31o_1)
                  0.06    0.25    6.68 v _100_/X (sky130_fd_sc_hd__a31o_1)
     3    0.01                           _046_ (net)
                  0.06    0.00    6.68 v _117_/A1 (sky130_fd_sc_hd__a311o_1)
                  0.09    0.33    7.01 v _117_/X (sky130_fd_sc_hd__a311o_1)
     3    0.01                           _061_ (net)
                  0.09    0.00    7.01 v _124_/B (sky130_fd_sc_hd__and2b_1)
                  0.07    0.22    7.23 v _124_/X (sky130_fd_sc_hd__and2b_1)
     3    0.01                           _067_ (net)
                  0.07    0.00    7.23 v _130_/A1 (sky130_fd_sc_hd__o211a_1)
                  0.07    0.28    7.51 v _130_/X (sky130_fd_sc_hd__o211a_1)
     3    0.01                           _072_ (net)
                  0.07    0.00    7.51 v _137_/C1 (sky130_fd_sc_hd__a211o_1)
                  0.04    0.23    7.74 v _137_/X (sky130_fd_sc_hd__a211o_1)
     1    0.00                           _078_ (net)
                  0.04    0.00    7.74 v _139_/B (sky130_fd_sc_hd__and3_1)
                  0.05    0.18    7.92 v _139_/X (sky130_fd_sc_hd__and3_1)
     1    0.00                           _080_ (net)
                  0.05    0.00    7.92 v _140_/A (sky130_fd_sc_hd__clkbuf_1)
                  0.04    0.10    8.02 v _140_/X (sky130_fd_sc_hd__clkbuf_1)
     1    0.00                           _007_ (net)
                  0.04    0.00    8.02 v _183_/D (sky130_fd_sc_hd__dfxtp_1)
                                  8.02   data arrival time

                         30.00   30.00   clock clk (rise edge)
                          0.00   30.00   clock source latency
                  0.06    0.04   30.04 ^ clk (in)
     1    0.01                           clk (net)
                  0.06    0.00   30.04 ^ clkbuf_0_clk/A (sky130_fd_sc_hd__clkbuf_16)
                  0.04    0.12   30.16 ^ clkbuf_0_clk/X (sky130_fd_sc_hd__clkbuf_16)
     2    0.02                           clknet_0_clk (net)
                  0.04    0.00   30.16 ^ clkbuf_1_0__f_clk/A (sky130_fd_sc_hd__clkbuf_16)
                  0.04    0.12   30.28 ^ clkbuf_1_0__f_clk/X (sky130_fd_sc_hd__clkbuf_16)
     7    0.02                           clknet_1_0__leaf_clk (net)
                  0.04    0.00   30.28 ^ _183_/CLK (sky130_fd_sc_hd__dfxtp_1)
                         -0.25   30.03   clock uncertainty
                          0.00   30.03   clock reconvergence pessimism
                         -0.11   29.92   library setup time
                                 29.92   data required time
-----------------------------------------------------------------------------
                                 29.92   data required time
                                 -8.02   data arrival time
-----------------------------------------------------------------------------
                                 21.90   slack (MET)




===========================================================================
report_checks --slack_max -0.01
============================================================================
======================= Fastest Corner ===================================

No paths found.

======================= Slowest Corner ===================================

No paths found.

======================= Typical Corner ===================================

No paths found.


===========================================================================
 report_check_types -max_slew -max_cap -max_fanout -violators
============================================================================
======================= Fastest Corner ===================================


======================= Slowest Corner ===================================


======================= Typical Corner ===================================



===========================================================================
report_parasitic_annotation -report_unannotated
============================================================================
Found 0 unannotated drivers.
Found 0 partially unannotated drivers.

===========================================================================
max slew violation count 0
max fanout violation count 0
max cap violation count 0
============================================================================

===========================================================================
check_setup -verbose -unconstrained_endpoints -multiple_clock -no_clock -no_input_delay -loops -generated_clocks
===========================================================================
