
===========================================================================
report_checks -unconstrained
===========================================================================
======================= Typical Corner ===================================

Startpoint: data_in2[11] (input port clocked by __VIRTUAL_CLK__)
Endpoint: data_out[31] (output port clocked by __VIRTUAL_CLK__)
Path Group: __VIRTUAL_CLK__
Path Type: max

Fanout     Cap    Slew   Delay    Time   Description
-----------------------------------------------------------------------------
                  0.00    0.00    0.00   clock __VIRTUAL_CLK__ (rise edge)
                          0.00    0.00   clock network delay (ideal)
                          2.00    2.00 v input external delay
                  0.02    0.01    2.01 v data_in2[11] (in)
     1    0.01                           data_in2[11] (net)
                  0.02    0.00    2.01 v input39/A (sky130_fd_sc_hd__buf_4)
                  0.06    0.16    2.17 v input39/X (sky130_fd_sc_hd__buf_4)
     6    0.03                           net39 (net)
                  0.06    0.00    2.18 v _1315_/A (sky130_fd_sc_hd__or4_4)
                  0.09    0.56    2.74 v _1315_/X (sky130_fd_sc_hd__or4_4)
     2    0.01                           _0435_ (net)
                  0.09    0.00    2.74 v rebuffer21/A (sky130_fd_sc_hd__clkbuf_2)
                  0.05    0.14    2.88 v rebuffer21/X (sky130_fd_sc_hd__clkbuf_2)
     3    0.01                           net121 (net)
                  0.05    0.00    2.88 v _1968_/B (sky130_fd_sc_hd__or4_4)
                  0.10    0.57    3.45 v _1968_/X (sky130_fd_sc_hd__or4_4)
     3    0.01                           _1072_ (net)
                  0.10    0.00    3.45 v _2043_/A4 (sky130_fd_sc_hd__o41a_1)
                  0.09    0.38    3.83 v _2043_/X (sky130_fd_sc_hd__o41a_1)
     1    0.01                           _0002_ (net)
                  0.09    0.00    3.83 v _2044_/B (sky130_fd_sc_hd__xnor2_2)
                  0.07    0.17    4.00 v _2044_/Y (sky130_fd_sc_hd__xnor2_2)
     2    0.01                           _0003_ (net)
                  0.07    0.00    4.00 v _2045_/B (sky130_fd_sc_hd__xnor2_2)
                  0.06    0.16    4.16 v _2045_/Y (sky130_fd_sc_hd__xnor2_2)
     3    0.01                           _0004_ (net)
                  0.06    0.00    4.16 v _2071_/B (sky130_fd_sc_hd__nor2_1)
                  0.12    0.13    4.29 ^ _2071_/Y (sky130_fd_sc_hd__nor2_1)
     2    0.01                           _0031_ (net)
                  0.12    0.00    4.29 ^ _2072_/D_N (sky130_fd_sc_hd__or4b_4)
                  0.09    0.50    4.79 v _2072_/X (sky130_fd_sc_hd__or4b_4)
     2    0.01                           _0032_ (net)
                  0.09    0.00    4.79 v _2141_/B1 (sky130_fd_sc_hd__a311o_1)
                  0.08    0.38    5.18 v _2141_/X (sky130_fd_sc_hd__a311o_1)
     2    0.01                           _0104_ (net)
                  0.08    0.00    5.18 v _2243_/A1 (sky130_fd_sc_hd__a2111o_1)
                  0.09    0.42    5.60 v _2243_/X (sky130_fd_sc_hd__a2111o_1)
     2    0.01                           _0212_ (net)
                  0.09    0.00    5.60 v _2253_/A1 (sky130_fd_sc_hd__a21oi_2)
                  0.17    0.21    5.81 ^ _2253_/Y (sky130_fd_sc_hd__a21oi_2)
     4    0.01                           _0223_ (net)
                  0.17    0.00    5.81 ^ rebuffer6/A (sky130_fd_sc_hd__clkbuf_2)
                  0.07    0.18    5.99 ^ rebuffer6/X (sky130_fd_sc_hd__clkbuf_2)
     2    0.01                           net106 (net)
                  0.07    0.00    5.99 ^ _2300_/B2 (sky130_fd_sc_hd__o221ai_4)
                  0.10    0.10    6.09 v _2300_/Y (sky130_fd_sc_hd__o221ai_4)
     2    0.01                           _0271_ (net)
                  0.10    0.00    6.09 v _2303_/B (sky130_fd_sc_hd__and3_1)
                  0.04    0.20    6.29 v _2303_/X (sky130_fd_sc_hd__and3_1)
     1    0.00                           _0275_ (net)
                  0.04    0.00    6.29 v _2315_/A2 (sky130_fd_sc_hd__o32a_1)
                  0.10    0.40    6.68 v _2315_/X (sky130_fd_sc_hd__o32a_1)
     1    0.01                           net93 (net)
                  0.10    0.00    6.68 v output93/A (sky130_fd_sc_hd__clkbuf_4)
                  0.09    0.22    6.91 v output93/X (sky130_fd_sc_hd__clkbuf_4)
     1    0.04                           data_out[31] (net)
                  0.09    0.00    6.91 v data_out[31] (out)
                                  6.91   data arrival time

                  0.00   10.00   10.00   clock __VIRTUAL_CLK__ (rise edge)
                          0.00   10.00   clock network delay (ideal)
                         -0.25    9.75   clock uncertainty
                          0.00    9.75   clock reconvergence pessimism
                         -2.00    7.75   output external delay
                                  7.75   data required time
-----------------------------------------------------------------------------
                                  7.75   data required time
                                 -6.91   data arrival time
-----------------------------------------------------------------------------
                                  0.84   slack (MET)




===========================================================================
report_checks --slack_max -0.01
============================================================================
======================= Typical Corner ===================================

No paths found.


===========================================================================
 report_check_types -max_slew -max_cap -max_fanout -violators
============================================================================
======================= Typical Corner ===================================



===========================================================================
report_parasitic_annotation -report_unannotated
============================================================================
Found 1369 unannotated drivers.
 control[0]
 control[1]
 control[2]
 control[3]
 data_in1[0]
 data_in1[10]
 data_in1[11]
 data_in1[12]
 data_in1[13]
 data_in1[14]
 data_in1[15]
 data_in1[16]
 data_in1[17]
 data_in1[18]
 data_in1[19]
 data_in1[1]
 data_in1[20]
 data_in1[21]
 data_in1[22]
 data_in1[23]
 data_in1[24]
 data_in1[25]
 data_in1[26]
 data_in1[27]
 data_in1[28]
 data_in1[29]
 data_in1[2]
 data_in1[30]
 data_in1[31]
 data_in1[3]
 data_in1[4]
 data_in1[5]
 data_in1[6]
 data_in1[7]
 data_in1[8]
 data_in1[9]
 data_in2[0]
 data_in2[10]
 data_in2[11]
 data_in2[12]
 data_in2[13]
 data_in2[14]
 data_in2[15]
 data_in2[16]
 data_in2[17]
 data_in2[18]
 data_in2[19]
 data_in2[1]
 data_in2[20]
 data_in2[21]
 data_in2[22]
 data_in2[23]
 data_in2[24]
 data_in2[25]
 data_in2[26]
 data_in2[27]
 data_in2[28]
 data_in2[29]
 data_in2[2]
 data_in2[30]
 data_in2[31]
 data_in2[3]
 data_in2[4]
 data_in2[5]
 data_in2[6]
 data_in2[7]
 data_in2[8]
 data_in2[9]
 _1142_/Y
 _1143_/X
 _1144_/Y
 _1145_/Y
 _1146_/Y
 _1147_/X
 _1148_/Y
 _1149_/Y
 _1150_/X
 _1151_/Y
 _1152_/Y
 _1153_/Y
 _1154_/X
 _1155_/Y
 _1156_/X
 _1157_/X
 _1158_/Y
 _1159_/X
 _1160_/X
 _1161_/Y
 _1162_/Y
 _1163_/X
 _1164_/X
 _1165_/X
 _1166_/Y
 _1167_/X
 _1168_/X
 _1169_/Y
 _1170_/X
 _1171_/X
 _1172_/X
 _1173_/X
 _1174_/X
 _1175_/Y
 _1176_/X
 _1177_/Y
 _1178_/Y
 _1179_/X
 _1180_/X
 _1181_/Y
 _1182_/Y
 _1183_/Y
 _1184_/X
 _1185_/X
 _1186_/Y
 _1187_/X
 _1188_/X
 _1189_/X
 _1190_/Y
 _1191_/X
 _1192_/X
 _1193_/Y
 _1194_/X
 _1195_/X
 _1196_/X
 _1197_/X
 _1198_/Y
 _1199_/X
 _1200_/X
 _1201_/Y
 _1202_/Y
 _1203_/X
 _1204_/Y
 _1205_/Y
 _1206_/Y
 _1207_/X
 _1208_/Y
 _1209_/Y
 _1210_/X
 _1211_/X
 _1212_/Y
 _1213_/X
 _1214_/X
 _1215_/X
 _1216_/X
 _1217_/X
 _1218_/X
 _1219_/X
 _1220_/Y
 _1221_/X
 _1222_/Y
 _1223_/X
 _1224_/X
 _1225_/Y
 _1226_/X
 _1227_/Y
 _1228_/Y
 _1229_/X
 _1230_/X
 _1231_/Y
 _1232_/X
 _1233_/Y
 _1234_/Y
 _1235_/X
 _1236_/X
 _1237_/Y
 _1238_/X
 _1239_/Y
 _1240_/X
 _1241_/X
 _1242_/Y
 _1243_/Y
 _1244_/Y
 _1245_/Y
 _1246_/Y
 _1247_/X
 _1248_/Y
 _1249_/Y
 _1250_/Y
 _1251_/Y
 _1252_/Y
 _1253_/Y
 _1254_/Y
 _1255_/Y
 _1256_/Y
 _1257_/X
 _1258_/X
 _1259_/X
 _1260_/X
 _1261_/X
 _1262_/Y
 _1263_/Y
 _1264_/Y
 _1265_/Y
 _1266_/X
 _1267_/X
 _1268_/X
 _1269_/X
 _1270_/Y
 _1271_/X
 _1272_/X
 _1273_/X
 _1274_/X
 _1275_/Y
 _1276_/X
 _1277_/X
 _1278_/X
 _1279_/Y
 _1280_/X
 _1281_/X
 _1282_/X
 _1283_/Y
 _1284_/X
 _1285_/X
 _1286_/X
 _1287_/Y
 _1288_/X
 _1289_/X
 _1290_/X
 _1291_/X
 _1292_/X
 _1293_/X
 _1294_/Y
 _1295_/X
 _1296_/Y
 _1297_/Y
 _1298_/Y
 _1299_/Y
 _1300_/X
 _1301_/X
 _1302_/X
 _1303_/Y
 _1304_/X
 _1305_/X
 _1306_/X
 _1307_/Y
 _1308_/X
 _1309_/Y
 _1310_/X
 _1311_/X
 _1312_/X
 _1313_/X
 _1314_/X
 _1315_/X
 _1316_/X
 _1317_/X
 _1318_/X
 _1319_/X
 _1320_/X
 _1321_/Y
 _1322_/X
 _1323_/X
 _1324_/Y
 _1325_/X
 _1326_/X
 _1327_/X
 _1328_/X
 _1329_/X
 _1330_/X
 _1331_/X
 _1332_/X
 _1333_/X
 _1334_/X
 _1335_/X
 _1336_/X
 _1337_/Y
 _1338_/X
 _1339_/X
 _1340_/X
 _1341_/X
 _1342_/X
 _1343_/Y
 _1344_/Y
 _1345_/X
 _1346_/Y
 _1347_/Y
 _1348_/X
 _1349_/X
 _1350_/X
 _1351_/X
 _1352_/Y
 _1353_/Y
 _1354_/X
 _1355_/Y
 _1356_/Y
 _1357_/X
 _1358_/X
 _1359_/X
 _1360_/X
 _1361_/X
 _1362_/X
 _1363_/Y
 _1364_/Y
 _1365_/Y
 _1366_/X
 _1367_/X
 _1368_/Y
 _1369_/Y
 _1370_/X
 _1371_/X
 _1372_/X
 _1373_/X
 _1374_/Y
 _1375_/X
 _1376_/X
 _1377_/X
 _1378_/X
 _1379_/Y
 _1380_/Y
 _1381_/X
 _1382_/X
 _1383_/X
 _1384_/X
 _1385_/X
 _1386_/X
 _1387_/Y
 _1388_/Y
 _1389_/X
 _1390_/Y
 _1391_/X
 _1392_/X
 _1393_/X
 _1394_/X
 _1395_/X
 _1396_/Y
 _1397_/Y
 _1398_/X
 _1399_/Y
 _1400_/Y
 _1401_/X
 _1402_/X
 _1403_/Y
 _1404_/Y
 _1405_/X
 _1406_/Y
 _1407_/Y
 _1408_/X
 _1409_/X
 _1410_/X
 _1411_/Y
 _1412_/Y
 _1413_/X
 _1414_/Y
 _1415_/Y
 _1416_/X
 _1417_/X
 _1418_/Y
 _1419_/Y
 _1420_/X
 _1421_/Y
 _1422_/Y
 _1423_/X
 _1424_/X
 _1425_/X
 _1426_/X
 _1427_/X
 _1428_/X
 _1429_/Y
 _1430_/Y
 _1431_/Y
 _1432_/X
 _1433_/X
 _1434_/Y
 _1435_/X
 _1436_/Y
 _1437_/X
 _1438_/X
 _1439_/Y
 _1440_/X
 _1441_/Y
 _1442_/X
 _1443_/X
 _1444_/Y
 _1445_/X
 _1446_/X
 _1447_/X
 _1448_/X
 _1449_/X
 _1450_/X
 _1451_/Y
 _1452_/X
 _1453_/Y
 _1454_/X
 _1455_/Y
 _1456_/Y
 _1457_/X
 _1458_/Y
 _1459_/Y
 _1460_/Y
 _1461_/Y
 _1462_/Y
 _1463_/X
 _1464_/X
 _1465_/X
 _1466_/X
 _1467_/Y
 _1468_/X
 _1469_/X
 _1470_/Y
 _1471_/Y
 _1472_/X
 _1473_/Y
 _1474_/Y
 _1475_/X
 _1476_/X
 _1477_/Y
 _1478_/X
 _1479_/Y
 _1480_/Y
 _1481_/X
 _1482_/X
 _1483_/X
 _1484_/Y
 _1485_/X
 _1486_/Y
 _1487_/Y
 _1488_/X
 _1489_/Y
 _1490_/Y
 _1491_/X
 _1492_/X
 _1493_/Y
 _1494_/Y
 _1495_/X
 _1496_/Y
 _1497_/Y
 _1498_/X
 _1499_/X
 _1500_/X
 _1501_/Y
 _1502_/Y
 _1503_/X
 _1504_/Y
 _1505_/Y
 _1506_/X
 _1507_/X
 _1508_/X
 _1509_/Y
 _1510_/X
 _1511_/Y
 _1512_/Y
 _1513_/Y
 _1514_/X
 _1515_/X
 _1516_/Y
 _1517_/X
 _1518_/X
 _1519_/X
 _1520_/X
 _1521_/X
 _1522_/X
 _1523_/X
 _1524_/Y
 _1525_/X
 _1526_/X
 _1527_/X
 _1528_/X
 _1529_/X
 _1530_/X
 _1531_/Y
 _1532_/X
 _1533_/X
 _1534_/Y
 _1535_/X
 _1536_/X
 _1537_/X
 _1538_/X
 _1539_/X
 _1540_/Y
 _1541_/X
 _1542_/X
 _1543_/X
 _1544_/X
 _1545_/X
 _1546_/X
 _1547_/X
 _1548_/X
 _1549_/X
 _1550_/Y
 _1551_/X
 _1552_/X
 _1553_/X
 _1554_/X
 _1555_/Y
 _1556_/X
 _1557_/X
 _1558_/X
 _1559_/X
 _1560_/X
 _1561_/X
 _1562_/X
 _1563_/X
 _1564_/X
 _1565_/X
 _1566_/X
 _1567_/X
 _1568_/X
 _1569_/Y
 _1570_/X
 _1571_/X
 _1572_/X
 _1573_/X
 _1574_/X
 _1575_/X
 _1576_/Y
 _1577_/X
 _1578_/Y
 _1579_/X
 _1580_/X
 _1581_/X
 _1582_/X
 _1583_/X
 _1584_/X
 _1585_/Y
 _1586_/X
 _1587_/X
 _1588_/X
 _1589_/X
 _1590_/Y
 _1591_/X
 _1592_/Y
 _1593_/Y
 _1594_/X
 _1595_/X
 _1596_/X
 _1597_/X
 _1598_/X
 _1599_/X
 _1600_/X
 _1601_/X
 _1602_/X
 _1603_/X
 _1604_/Y
 _1605_/X
 _1606_/X
 _1607_/X
 _1608_/Y
 _1609_/Y
 _1610_/X
 _1611_/Y
 _1612_/X
 _1613_/X
 _1614_/Y
 _1615_/X
 _1616_/X
 _1617_/Y
 _1618_/Y
 _1619_/X
 _1620_/X
 _1621_/Y
 _1622_/X
 _1623_/X
 _1624_/X
 _1625_/X
 _1626_/X
 _1627_/X
 _1628_/Y
 _1629_/X
 _1630_/Y
 _1631_/X
 _1632_/X
 _1633_/X
 _1634_/Y
 _1635_/X
 _1636_/Y
 _1637_/X
 _1638_/X
 _1639_/X
 _1640_/X
 _1641_/X
 _1642_/Y
 _1643_/X
 _1644_/X
 _1645_/X
 _1646_/X
 _1647_/X
 _1648_/Y
 _1649_/X
 _1650_/X
 _1651_/X
 _1652_/X
 _1653_/X
 _1654_/X
 _1655_/X
 _1656_/Y
 _1657_/X
 _1658_/X
 _1659_/X
 _1660_/Y
 _1661_/X
 _1662_/X
 _1663_/Y
 _1664_/X
 _1665_/X
 _1666_/X
 _1667_/X
 _1668_/X
 _1669_/X
 _1670_/Y
 _1671_/X
 _1672_/X
 _1673_/X
 _1674_/Y
 _1675_/X
 _1676_/X
 _1677_/X
 _1678_/X
 _1679_/X
 _1680_/Y
 _1681_/X
 _1682_/X
 _1683_/Y
 _1684_/X
 _1685_/X
 _1686_/X
 _1687_/Y
 _1688_/X
 _1689_/Y
 _1690_/Y
 _1691_/X
 _1692_/X
 _1693_/Y
 _1694_/X
 _1695_/X
 _1696_/X
 _1697_/X
 _1698_/X
 _1699_/Y
 _1700_/Y
 _1701_/Y
 _1702_/X
 _1703_/Y
 _1704_/Y
 _1705_/Y
 _1706_/X
 _1707_/X
 _1708_/Y
 _1709_/Y
 _1710_/X
 _1711_/X
 _1712_/X
 _1713_/Y
 _1714_/X
 _1715_/X
 _1716_/X
 _1717_/X
 _1718_/X
 _1719_/X
 _1720_/Y
 _1721_/Y
 _1722_/Y
 _1723_/Y
 _1724_/Y
 _1725_/X
 _1726_/X
 _1727_/X
 _1728_/X
 _1729_/Y
 _1730_/X
 _1731_/Y
 _1732_/Y
 _1733_/X
 _1734_/X
 _1735_/Y
 _1736_/X
 _1737_/X
 _1738_/X
 _1739_/X
 _1740_/X
 _1741_/Y
 _1742_/Y
 _1743_/Y
 _1744_/Y
 _1745_/X
 _1746_/X
 _1747_/Y
 _1748_/Y
 _1749_/Y
 _1750_/Y
 _1751_/Y
 _1752_/X
 _1753_/Y
 _1754_/X
 _1755_/X
 _1756_/X
 _1757_/X
 _1758_/X
 _1759_/X
 _1760_/X
 _1761_/Y
 _1762_/Y
 _1763_/X
 _1764_/Y
 _1765_/X
 _1766_/X
 _1767_/X
 _1768_/Y
 _1769_/Y
 _1770_/X
 _1771_/Y
 _1772_/X
 _1773_/X
 _1774_/Y
 _1775_/Y
 _1776_/X
 _1777_/X
 _1778_/X
 _1779_/X
 _1780_/X
 _1781_/X
 _1782_/X
 _1783_/X
 _1784_/Y
 _1785_/X
 _1786_/X
 _1787_/X
 _1788_/Y
 _1789_/Y
 _1790_/Y
 _1791_/X
 _1792_/X
 _1793_/X
 _1794_/X
 _1795_/X
 _1796_/Y
 _1797_/X
 _1798_/Y
 _1799_/Y
 _1800_/X
 _1801_/X
 _1802_/X
 _1803_/Y
 _1804_/Y
 _1805_/Y
 _1806_/X
 _1807_/X
 _1808_/Y
 _1809_/X
 _1810_/X
 _1811_/X
 _1812_/X
 _1813_/Y
 _1814_/X
 _1815_/Y
 _1816_/Y
 _1817_/X
 _1818_/X
 _1819_/Y
 _1820_/X
 _1821_/X
 _1822_/Y
 _1823_/X
 _1824_/Y
 _1825_/Y
 _1826_/Y
 _1827_/X
 _1828_/X
 _1829_/Y
 _1830_/X
 _1831_/X
 _1832_/X
 _1833_/Y
 _1834_/X
 _1835_/X
 _1836_/X
 _1837_/X
 _1838_/X
 _1839_/X
 _1840_/X
 _1841_/X
 _1842_/X
 _1843_/Y
 _1844_/X
 _1845_/Y
 _1846_/X
 _1847_/X
 _1848_/Y
 _1849_/Y
 _1850_/X
 _1851_/Y
 _1852_/X
 _1853_/X
 _1854_/X
 _1855_/X
 _1856_/Y
 _1857_/Y
 _1858_/X
 _1859_/Y
 _1860_/X
 _1861_/X
 _1862_/X
 _1863_/X
 _1864_/X
 _1865_/X
 _1866_/Y
 _1867_/X
 _1868_/Y
 _1869_/Y
 _1870_/X
 _1871_/X
 _1872_/X
 _1873_/X
 _1874_/Y
 _1875_/Y
 _1876_/X
 _1877_/Y
 _1878_/X
 _1879_/Y
 _1880_/Y
 _1881_/X
 _1882_/Y
 _1883_/X
 _1884_/X
 _1885_/X
 _1886_/X
 _1887_/X
 _1888_/X
 _1889_/X
 _1890_/X
 _1891_/Y
 _1892_/X
 _1893_/X
 _1894_/Y
 _1895_/X
 _1896_/X
 _1897_/X
 _1898_/Y
 _1899_/Y
 _1900_/X
 _1901_/Y
 _1902_/X
 _1903_/Y
 _1904_/X
 _1905_/Y
 _1906_/X
 _1907_/X
 _1908_/X
 _1909_/X
 _1910_/X
 _1911_/Y
 _1912_/X
 _1913_/Y
 _1914_/X
 _1915_/X
 _1916_/X
 _1917_/X
 _1918_/X
 _1919_/Y
 _1920_/X
 _1921_/Y
 _1922_/Y
 _1923_/Y
 _1924_/Y
 _1925_/X
 _1926_/X
 _1927_/X
 _1928_/Y
 _1929_/X
 _1930_/Y
 _1931_/X
 _1932_/X
 _1933_/X
 _1934_/X
 _1935_/X
 _1936_/Y
 _1937_/Y
 _1938_/X
 _1939_/X
 _1940_/Y
 _1941_/X
 _1942_/X
 _1943_/X
 _1944_/X
 _1945_/Y
 _1946_/X
 _1947_/Y
 _1948_/Y
 _1949_/X
 _1950_/X
 _1951_/X
 _1952_/X
 _1953_/Y
 _1954_/X
 _1955_/Y
 _1956_/X
 _1957_/X
 _1958_/X
 _1959_/X
 _1960_/X
 _1961_/X
 _1962_/X
 _1963_/Y
 _1964_/X
 _1965_/X
 _1966_/X
 _1967_/X
 _1968_/X
 _1969_/Y
 _1970_/X
 _1971_/Y
 _1972_/X
 _1973_/Y
 _1974_/Y
 _1975_/X
 _1976_/X
 _1977_/X
 _1978_/X
 _1979_/Y
 _1980_/X
 _1981_/Y
 _1982_/X
 _1983_/X
 _1984_/X
 _1985_/X
 _1986_/X
 _1987_/Y
 _1988_/X
 _1989_/X
 _1990_/X
 _1991_/X
 _1992_/X
 _1993_/X
 _1994_/X
 _1995_/X
 _1996_/X
 _1997_/X
 _1998_/X
 _1999_/Y
 _2000_/X
 _2001_/X
 _2002_/Y
 _2003_/Y
 _2004_/Y
 _2005_/Y
 _2006_/Y
 _2007_/Y
 _2008_/X
 _2009_/X
 _2010_/X
 _2011_/X
 _2012_/Y
 _2013_/X
 _2014_/X
 _2015_/X
 _2016_/X
 _2017_/X
 _2018_/X
 _2019_/Y
 _2020_/Y
 _2021_/X
 _2022_/Y
 _2023_/X
 _2024_/X
 _2025_/X
 _2026_/Y
 _2027_/X
 _2028_/X
 _2029_/Y
 _2030_/Y
 _2031_/Y
 _2032_/X
 _2033_/X
 _2034_/X
 _2035_/X
 _2036_/X
 _2037_/X
 _2038_/X
 _2039_/X
 _2040_/X
 _2041_/X
 _2042_/Y
 _2043_/X
 _2044_/Y
 _2045_/Y
 _2046_/Y
 _2047_/X
 _2048_/X
 _2049_/Y
 _2050_/Y
 _2051_/Y
 _2052_/X
 _2053_/X
 _2054_/X
 _2055_/Y
 _2056_/X
 _2057_/X
 _2058_/X
 _2059_/X
 _2060_/Y
 _2061_/X
 _2062_/Y
 _2063_/X
 _2064_/X
 _2065_/X
 _2066_/X
 _2067_/X
 _2068_/X
 _2069_/Y
 _2070_/Y
 _2071_/Y
 _2072_/X
 _2073_/Y
 _2074_/Y
 _2075_/Y
 _2076_/Y
 _2077_/X
 _2078_/X
 _2079_/X
 _2080_/X
 _2081_/X
 _2082_/X
 _2083_/X
 _2084_/Y
 _2085_/Y
 _2086_/Y
 _2087_/X
 _2088_/Y
 _2089_/X
 _2090_/X
 _2091_/X
 _2092_/X
 _2093_/Y
 _2094_/X
 _2095_/X
 _2096_/Y
 _2097_/X
 _2098_/Y
 _2099_/X
 _2100_/X
 _2101_/X
 _2102_/Y
 _2103_/Y
 _2104_/Y
 _2105_/X
 _2106_/X
 _2107_/X
 _2108_/X
 _2109_/X
 _2110_/X
 _2111_/X
 _2112_/X
 _2113_/Y
 _2114_/X
 _2115_/Y
 _2116_/Y
 _2117_/X
 _2118_/X
 _2119_/X
 _2120_/Y
 _2121_/Y
 _2122_/X
 _2123_/X
 _2124_/Y
 _2125_/X
 _2126_/X
 _2127_/X
 _2128_/X
 _2129_/Y
 _2130_/X
 _2131_/X
 _2132_/X
 _2133_/X
 _2134_/X
 _2135_/Y
 _2136_/Y
 _2137_/X
 _2138_/Y
 _2139_/Y
 _2140_/Y
 _2141_/X
 _2142_/Y
 _2143_/X
 _2144_/Y
 _2145_/X
 _2146_/X
 _2147_/Y
 _2148_/X
 _2149_/Y
 _2150_/Y
 _2151_/Y
 _2152_/Y
 _2153_/X
 _2154_/X
 _2155_/X
 _2156_/Y
 _2157_/X
 _2158_/Y
 _2159_/X
 _2160_/X
 _2161_/X
 _2162_/X
 _2163_/X
 _2164_/X
 _2165_/Y
 _2166_/X
 _2167_/X
 _2168_/Y
 _2169_/X
 _2170_/Y
 _2171_/X
 _2172_/X
 _2173_/X
 _2174_/Y
 _2175_/X
 _2176_/Y
 _2177_/X
 _2178_/Y
 _2179_/X
 _2180_/X
 _2181_/X
 _2182_/X
 _2183_/X
 _2184_/X
 _2185_/X
 _2186_/X
 _2187_/X
 _2188_/X
 _2189_/X
 _2190_/Y
 _2191_/X
 _2192_/X
 _2193_/X
 _2194_/Y
 _2195_/Y
 _2196_/Y
 _2197_/Y
 _2198_/X
 _2199_/X
 _2200_/Y
 _2201_/Y
 _2202_/X
 _2203_/X
 _2204_/X
 _2205_/X
 _2206_/X
 _2207_/X
 _2208_/Y
 _2209_/X
 _2210_/X
 _2211_/Y
 _2212_/X
 _2213_/X
 _2214_/X
 _2215_/Y
 _2216_/Y
 _2217_/X
 _2218_/Y
 _2219_/X
 _2220_/Y
 _2221_/Y
 _2222_/Y
 _2223_/X
 _2224_/Y
 _2225_/Y
 _2226_/X
 _2227_/Y
 _2228_/Y
 _2229_/X
 _2230_/Y
 _2231_/X
 _2232_/Y
 _2233_/Y
 _2234_/X
 _2235_/X
 _2236_/X
 _2237_/X
 _2238_/Y
 _2239_/Y
 _2240_/X
 _2241_/X
 _2242_/Y
 _2243_/X
 _2244_/X
 _2245_/Y
 _2246_/X
 _2247_/X
 _2248_/Y
 _2249_/Y
 _2250_/Y
 _2251_/X
 _2252_/X
 _2253_/Y
 _2254_/X
 _2255_/X
 _2256_/X
 _2257_/X
 _2258_/X
 _2259_/X
 _2260_/X
 _2261_/X
 _2262_/X
 _2263_/X
 _2264_/Y
 _2265_/X
 _2266_/Y
 _2267_/X
 _2268_/X
 _2269_/X
 _2270_/Y
 _2271_/X
 _2272_/X
 _2273_/X
 _2274_/X
 _2275_/Y
 _2276_/Y
 _2277_/X
 _2278_/Y
 _2279_/X
 _2280_/X
 _2281_/X
 _2282_/Y
 _2283_/Y
 _2284_/Y
 _2285_/X
 _2286_/X
 _2287_/X
 _2288_/Y
 _2289_/X
 _2290_/X
 _2291_/X
 _2292_/X
 _2293_/X
 _2294_/X
 _2295_/X
 _2296_/X
 _2297_/Y
 _2298_/X
 _2299_/X
 _2300_/Y
 _2301_/X
 _2302_/X
 _2303_/X
 _2304_/Y
 _2305_/Y
 _2306_/X
 _2307_/Y
 _2308_/Y
 _2309_/X
 _2310_/Y
 _2311_/X
 _2312_/Y
 _2313_/Y
 _2314_/X
 _2315_/X
 input1/X
 input10/X
 input11/X
 input12/X
 input13/X
 input14/X
 input15/X
 input16/X
 input17/X
 input18/X
 input19/X
 input2/X
 input20/X
 input21/X
 input22/X
 input23/X
 input24/X
 input25/X
 input26/X
 input27/X
 input28/X
 input29/X
 input3/X
 input30/X
 input31/X
 input32/X
 input33/X
 input34/X
 input35/X
 input36/X
 input37/X
 input38/X
 input39/X
 input4/X
 input40/X
 input41/X
 input42/X
 input43/X
 input44/X
 input45/X
 input46/X
 input47/X
 input48/X
 input49/X
 input5/X
 input50/X
 input51/X
 input52/X
 input53/X
 input54/X
 input55/X
 input56/X
 input57/X
 input58/X
 input59/X
 input6/X
 input60/X
 input61/X
 input62/X
 input63/X
 input64/X
 input65/X
 input66/X
 input67/X
 input68/X
 input7/X
 input8/X
 input9/X
 output100/X
 output69/X
 output70/X
 output71/X
 output72/X
 output73/X
 output74/X
 output75/X
 output76/X
 output77/X
 output78/X
 output79/X
 output80/X
 output81/X
 output82/X
 output83/X
 output84/X
 output85/X
 output86/X
 output87/X
 output88/X
 output89/X
 output90/X
 output91/X
 output92/X
 output93/X
 output94/X
 output95/X
 output96/X
 output97/X
 output98/X
 output99/X
 rebuffer1/X
 rebuffer10/X
 rebuffer11/X
 rebuffer12/X
 rebuffer13/X
 rebuffer14/X
 rebuffer15/X
 rebuffer16/X
 rebuffer17/X
 rebuffer18/X
 rebuffer19/X
 rebuffer2/X
 rebuffer20/X
 rebuffer21/X
 rebuffer22/X
 rebuffer23/X
 rebuffer24/X
 rebuffer25/X
 rebuffer26/X
 rebuffer3/X
 rebuffer4/X
 rebuffer5/X
 rebuffer6/X
 rebuffer7/X
 rebuffer8/X
 rebuffer9/X
 split11/X
Found 0 partially unannotated drivers.

===========================================================================
max slew violation count 0
max fanout violation count 0
max cap violation count 0
============================================================================

===========================================================================
check_setup -verbose -unconstrained_endpoints -multiple_clock -no_clock -no_input_delay -loops -generated_clocks
===========================================================================
