[INFO]: Saving runtime environment...
[INFO]: Preparing LEF files for the nom corner...
[INFO]: Preparing LEF files for the min corner...
[INFO]: Preparing LEF files for the max corner...
[INFO]: Running Verilator (log: alu/runs/alu_flow/logs/synthesis/verilator.log)...
[INFO]: 0 errors found by Verilator
[INFO]: 0 warnings found by Verilator
[INFO]: Running Synthesis (log: alu/runs/alu_flow/logs/synthesis/1-synthesis.log)...
[INFO]: Running Single-Corner Static Timing Analysis (log: alu/runs/alu_flow/logs/synthesis/2-sta.log)...
[INFO]: Running Initial Floorplanning (log: alu/runs/alu_flow/logs/floorplan/3-initial_fp.log)...
[INFO]: Floorplanned with width 188.6 and height 176.8.
[INFO]: Running IO Placement...
[INFO]: Running Tap/Decap Insertion (log: alu/runs/alu_flow/logs/floorplan/5-tap.log)...
[INFO]: Power planning with power {VPWR} and ground {VGND}...
[INFO]: Generating PDN (log: alu/runs/alu_flow/logs/floorplan/6-pdn.log)...
[INFO]: Running Global Placement (log: alu/runs/alu_flow/logs/placement/7-global.log)...
[INFO]: Running Single-Corner Static Timing Analysis (log: alu/runs/alu_flow/logs/placement/8-gpl_sta.log)...
[INFO]: Running Placement Resizer Design Optimizations (log: alu/runs/alu_flow/logs/placement/9-resizer.log)...
[INFO]: Running Detailed Placement (log: alu/runs/alu_flow/logs/placement/10-detailed.log)...
[INFO]: Running Single-Corner Static Timing Analysis (log: alu/runs/alu_flow/logs/placement/11-dpl_sta.log)...
[INFO]: Running Placement Resizer Timing Optimizations (log: alu/runs/alu_flow/logs/cts/12-resizer.log)...
[INFO]: Running Global Routing Resizer Design Optimizations (log: alu/runs/alu_flow/logs/routing/13-resizer_design.log)...
[INFO]: Running Single-Corner Static Timing Analysis (log: alu/runs/alu_flow/logs/routing/14-rsz_design_sta.log)...
[INFO]: Running Global Routing Resizer Timing Optimizations (log: alu/runs/alu_flow/logs/routing/15-resizer_timing.log)...
[INFO]: Running Single-Corner Static Timing Analysis (log: alu/runs/alu_flow/logs/routing/16-rsz_timing_sta.log)...
[INFO]: Running Global Routing (log: alu/runs/alu_flow/logs/routing/17-global.log)...
[INFO]: Starting OpenROAD Antenna Repair Iterations...
[INFO]: Writing Verilog (log: alu/runs/alu_flow/logs/routing/17-global_write_netlist.log)...
[INFO]: Running Single-Corner Static Timing Analysis (log: alu/runs/alu_flow/logs/routing/19-grt_sta.log)...
[INFO]: Running Fill Insertion (log: alu/runs/alu_flow/logs/routing/20-fill.log)...
[INFO]: Running Detailed Routing (log: alu/runs/alu_flow/logs/routing/21-detailed.log)...
[INFO]: No DRC violations after detailed routing.
[INFO]: Checking Wire Lengths (log: alu/runs/alu_flow/logs/routing/22-wire_lengths.log)...
[INFO]: Running SPEF Extraction at the min process corner (log: alu/runs/alu_flow/logs/signoff/23-parasitics_extraction.min.log)...
[INFO]: Running Multi-Corner Static Timing Analysis at the min process corner (log: alu/runs/alu_flow/logs/signoff/24-rcx_mcsta.min.log)...
[INFO]: Running SPEF Extraction at the max process corner (log: alu/runs/alu_flow/logs/signoff/25-parasitics_extraction.max.log)...
[INFO]: Running Multi-Corner Static Timing Analysis at the max process corner (log: alu/runs/alu_flow/logs/signoff/26-rcx_mcsta.max.log)...
[INFO]: Running SPEF Extraction at the nom process corner (log: alu/runs/alu_flow/logs/signoff/27-parasitics_extraction.nom.log)...
[INFO]: Running Multi-Corner Static Timing Analysis at the nom process corner (log: alu/runs/alu_flow/logs/signoff/28-rcx_mcsta.nom.log)...
[INFO]: Running Single-Corner Static Timing Analysis at the nom process corner (log: alu/runs/alu_flow/logs/signoff/29-rcx_sta.log)...
[WARNING]: Module sky130_fd_sc_hd__tapvpwrvgnd_1 blackboxed during sta
[WARNING]: Module sky130_fd_sc_hd__fill_2 blackboxed during sta
[WARNING]: Module sky130_fd_sc_hd__fill_1 blackboxed during sta
[WARNING]: Module sky130_ef_sc_hd__decap_12 blackboxed during sta
[INFO]: Creating IR Drop Report (log: alu/runs/alu_flow/logs/signoff/30-irdrop.log)...
[INFO]: Running Magic to generate various views...
[INFO]: Streaming out GDSII with Magic (log: alu/runs/alu_flow/logs/signoff/31-gdsii.log)...
[INFO]: Generating MAGLEF views...
[INFO]: Generating lef with Magic (/headless/Desktop/FINAL_PROJECT/OPENLANE_digital_flow/alu/runs/alu_flow/logs/signoff/31-lef.log)...
[INFO]: Streaming out GDSII with KLayout (log: alu/runs/alu_flow/logs/signoff/32-gdsii-klayout.log)...
[INFO]: Running XOR on the layouts using KLayout (log: alu/runs/alu_flow/logs/signoff/33-xor.log)...
[INFO]: No XOR differences between KLayout and Magic gds.
[INFO]: Running Magic Spice Export from LEF (log: alu/runs/alu_flow/logs/signoff/34-spice.log)...
[INFO]: Writing Powered Verilog (logs: alu/runs/alu_flow/logs/signoff/35-write_powered_def.log, alu/runs/alu_flow/logs/signoff/35-write_powered_verilog.log)...
[INFO]: Writing Verilog (log: alu/runs/alu_flow/logs/signoff/35-write_powered_verilog.log)...
[INFO]: Running LVS (log: alu/runs/alu_flow/logs/signoff/37-lvs.lef.log)...
[INFO]: Running Magic DRC (log: alu/runs/alu_flow/logs/signoff/38-drc.log)...
[INFO]: Converting Magic DRC database to various tool-readable formats...
[INFO]: No DRC violations after GDS streaming out.
[INFO]: Running OpenROAD Antenna Rule Checker (log: alu/runs/alu_flow/logs/signoff/39-antenna.log)...
[INFO]: Running Circuit Validity Checker ERC (log: alu/runs/alu_flow/logs/signoff/40-erc_screen.log)...
[INFO]: Saving current set of views in 'alu/runs/alu_flow/results/final'...
[INFO]: Saving runtime environment...
[INFO]: Generating final set of reports...
[INFO]: Created manufacturability report at 'alu/runs/alu_flow/reports/manufacturability.rpt'.
[INFO]: Created metrics report at 'alu/runs/alu_flow/reports/metrics.csv'.
[INFO]: There are no max slew, max fanout or max capacitance violations in the design at the typical corner.
[INFO]: There are no hold violations in the design at the typical corner.
[INFO]: There are no setup violations in the design at the typical corner.
[SUCCESS]: Flow complete.
[INFO]: Note that the following warnings have been generated:
