
===========================================================================
report_checks -unconstrained
===========================================================================
======================= Fastest Corner ===================================

Startpoint: data_in[6] (input port clocked by __VIRTUAL_CLK__)
Endpoint: opcode[6] (output port clocked by __VIRTUAL_CLK__)
Path Group: __VIRTUAL_CLK__
Path Type: max
Corner: Fastest

Fanout     Cap    Slew   Delay    Time   Description
-----------------------------------------------------------------------------
                  0.00    0.00    0.00   clock __VIRTUAL_CLK__ (rise edge)
                          0.00    0.00   clock network delay (ideal)
                          2.00    2.00 ^ input external delay
                  0.01    0.01    2.01 ^ data_in[6] (in)
     1    0.00                           data_in[6] (net)
                  0.01    0.00    2.01 ^ input29/A (sky130_fd_sc_hd__buf_1)
                  0.23    0.19    2.20 ^ input29/X (sky130_fd_sc_hd__buf_1)
     1    0.03                           net29 (net)
                  0.23    0.00    2.20 ^ _34_/A (sky130_fd_sc_hd__clkbuf_2)
                  0.11    0.16    2.36 ^ _34_/X (sky130_fd_sc_hd__clkbuf_2)
     1    0.03                           net85 (net)
                  0.11    0.00    2.37 ^ output85/A (sky130_fd_sc_hd__buf_2)
                  0.13    0.16    2.53 ^ output85/X (sky130_fd_sc_hd__buf_2)
     1    0.03                           opcode[6] (net)
                  0.13    0.00    2.53 ^ opcode[6] (out)
                                  2.53   data arrival time

                  0.00   10.00   10.00   clock __VIRTUAL_CLK__ (rise edge)
                          0.00   10.00   clock network delay (ideal)
                         -0.25    9.75   clock uncertainty
                          0.00    9.75   clock reconvergence pessimism
                         -2.00    7.75   output external delay
                                  7.75   data required time
-----------------------------------------------------------------------------
                                  7.75   data required time
                                 -2.53   data arrival time
-----------------------------------------------------------------------------
                                  5.22   slack (MET)



======================= Slowest Corner ===================================

Startpoint: data_in[6] (input port clocked by __VIRTUAL_CLK__)
Endpoint: opcode[6] (output port clocked by __VIRTUAL_CLK__)
Path Group: __VIRTUAL_CLK__
Path Type: max
Corner: Slowest

Fanout     Cap    Slew   Delay    Time   Description
-----------------------------------------------------------------------------
                  0.00    0.00    0.00   clock __VIRTUAL_CLK__ (rise edge)
                          0.00    0.00   clock network delay (ideal)
                          2.00    2.00 ^ input external delay
                  0.03    0.02    2.02 ^ data_in[6] (in)
     1    0.00                           data_in[6] (net)
                  0.03    0.00    2.02 ^ input29/A (sky130_fd_sc_hd__buf_1)
                  0.48    0.45    2.46 ^ input29/X (sky130_fd_sc_hd__buf_1)
     1    0.03                           net29 (net)
                  0.48    0.00    2.47 ^ _34_/A (sky130_fd_sc_hd__clkbuf_2)
                  0.23    0.50    2.97 ^ _34_/X (sky130_fd_sc_hd__clkbuf_2)
     1    0.03                           net85 (net)
                  0.23    0.00    2.97 ^ output85/A (sky130_fd_sc_hd__buf_2)
                  0.27    0.44    3.41 ^ output85/X (sky130_fd_sc_hd__buf_2)
     1    0.03                           opcode[6] (net)
                  0.27    0.00    3.41 ^ opcode[6] (out)
                                  3.41   data arrival time

                  0.00   10.00   10.00   clock __VIRTUAL_CLK__ (rise edge)
                          0.00   10.00   clock network delay (ideal)
                         -0.25    9.75   clock uncertainty
                          0.00    9.75   clock reconvergence pessimism
                         -2.00    7.75   output external delay
                                  7.75   data required time
-----------------------------------------------------------------------------
                                  7.75   data required time
                                 -3.41   data arrival time
-----------------------------------------------------------------------------
                                  4.34   slack (MET)



======================= Typical Corner ===================================

Startpoint: data_in[6] (input port clocked by __VIRTUAL_CLK__)
Endpoint: opcode[6] (output port clocked by __VIRTUAL_CLK__)
Path Group: __VIRTUAL_CLK__
Path Type: max
Corner: Typical

Fanout     Cap    Slew   Delay    Time   Description
-----------------------------------------------------------------------------
                  0.00    0.00    0.00   clock __VIRTUAL_CLK__ (rise edge)
                          0.00    0.00   clock network delay (ideal)
                          2.00    2.00 ^ input external delay
                  0.02    0.01    2.01 ^ data_in[6] (in)
     1    0.00                           data_in[6] (net)
                  0.02    0.00    2.01 ^ input29/A (sky130_fd_sc_hd__buf_1)
                  0.30    0.26    2.27 ^ input29/X (sky130_fd_sc_hd__buf_1)
     1    0.03                           net29 (net)
                  0.30    0.00    2.28 ^ _34_/A (sky130_fd_sc_hd__clkbuf_2)
                  0.15    0.26    2.54 ^ _34_/X (sky130_fd_sc_hd__clkbuf_2)
     1    0.03                           net85 (net)
                  0.15    0.00    2.54 ^ output85/A (sky130_fd_sc_hd__buf_2)
                  0.17    0.24    2.79 ^ output85/X (sky130_fd_sc_hd__buf_2)
     1    0.03                           opcode[6] (net)
                  0.17    0.00    2.79 ^ opcode[6] (out)
                                  2.79   data arrival time

                  0.00   10.00   10.00   clock __VIRTUAL_CLK__ (rise edge)
                          0.00   10.00   clock network delay (ideal)
                         -0.25    9.75   clock uncertainty
                          0.00    9.75   clock reconvergence pessimism
                         -2.00    7.75   output external delay
                                  7.75   data required time
-----------------------------------------------------------------------------
                                  7.75   data required time
                                 -2.79   data arrival time
-----------------------------------------------------------------------------
                                  4.96   slack (MET)




===========================================================================
report_checks --slack_max -0.01
============================================================================
======================= Fastest Corner ===================================

No paths found.

======================= Slowest Corner ===================================

No paths found.

======================= Typical Corner ===================================

No paths found.


===========================================================================
 report_check_types -max_slew -max_cap -max_fanout -violators
============================================================================
======================= Fastest Corner ===================================


======================= Slowest Corner ===================================


======================= Typical Corner ===================================



===========================================================================
report_parasitic_annotation -report_unannotated
============================================================================
Found 0 unannotated drivers.
Found 0 partially unannotated drivers.

===========================================================================
max slew violation count 0
max fanout violation count 0
max cap violation count 0
============================================================================

===========================================================================
check_setup -verbose -unconstrained_endpoints -multiple_clock -no_clock -no_input_delay -loops -generated_clocks
===========================================================================
