
===========================================================================
report_checks -path_delay max (Setup)
============================================================================
======================= Typical Corner ===================================

Startpoint: addition[1] (input port clocked by clk)
Endpoint: _183_ (rising edge-triggered flip-flop clocked by clk)
Path Group: clk
Path Type: max

Fanout     Cap    Slew   Delay    Time   Description
-----------------------------------------------------------------------------
                  0.15    0.00    0.00   clock clk (rise edge)
                          0.00    0.00   clock network delay (ideal)
                          6.00    6.00 v input external delay
                  0.02    0.01    6.01 v addition[1] (in)
     3    0.01                           addition[1] (net)
                  0.02    0.00    6.01 v _099_/B (sky130_fd_sc_hd__or2_2)
                  0.05    0.27    6.28 v _099_/X (sky130_fd_sc_hd__or2_2)
     1    0.00                           _045_ (net)
                  0.05    0.00    6.28 v _100_/A3 (sky130_fd_sc_hd__a31o_2)
                  0.05    0.27    6.55 v _100_/X (sky130_fd_sc_hd__a31o_2)
     3    0.01                           _046_ (net)
                  0.05    0.00    6.55 v _117_/A1 (sky130_fd_sc_hd__a311o_2)
                  0.08    0.37    6.92 v _117_/X (sky130_fd_sc_hd__a311o_2)
     3    0.01                           _061_ (net)
                  0.08    0.00    6.92 v _124_/B (sky130_fd_sc_hd__and2b_2)
                  0.05    0.23    7.14 v _124_/X (sky130_fd_sc_hd__and2b_2)
     3    0.01                           _067_ (net)
                  0.05    0.00    7.14 v _130_/A1 (sky130_fd_sc_hd__o211a_2)
                  0.06    0.30    7.44 v _130_/X (sky130_fd_sc_hd__o211a_2)
     3    0.01                           _072_ (net)
                  0.06    0.00    7.44 v _137_/C1 (sky130_fd_sc_hd__a211o_2)
                  0.04    0.27    7.71 v _137_/X (sky130_fd_sc_hd__a211o_2)
     1    0.00                           _078_ (net)
                  0.04    0.00    7.71 v _139_/B (sky130_fd_sc_hd__and3_2)
                  0.04    0.19    7.90 v _139_/X (sky130_fd_sc_hd__and3_2)
     1    0.00                           _080_ (net)
                  0.04    0.00    7.90 v _140_/A (sky130_fd_sc_hd__buf_1)
                  0.02    0.08    7.98 v _140_/X (sky130_fd_sc_hd__buf_1)
     1    0.00                           _007_ (net)
                  0.02    0.00    7.98 v _183_/D (sky130_fd_sc_hd__dfxtp_2)
                                  7.98   data arrival time

                  0.15   30.00   30.00   clock clk (rise edge)
                          0.00   30.00   clock network delay (ideal)
                         -0.25   29.75   clock uncertainty
                          0.00   29.75   clock reconvergence pessimism
                                 29.75 ^ _183_/CLK (sky130_fd_sc_hd__dfxtp_2)
                         -0.08   29.67   library setup time
                                 29.67   data required time
-----------------------------------------------------------------------------
                                 29.67   data required time
                                 -7.98   data arrival time
-----------------------------------------------------------------------------
                                 21.69   slack (MET)


Startpoint: addition[1] (input port clocked by clk)
Endpoint: _187_ (rising edge-triggered flip-flop clocked by clk)
Path Group: clk
Path Type: max

Fanout     Cap    Slew   Delay    Time   Description
-----------------------------------------------------------------------------
                  0.15    0.00    0.00   clock clk (rise edge)
                          0.00    0.00   clock network delay (ideal)
                          6.00    6.00 v input external delay
                  0.02    0.01    6.01 v addition[1] (in)
     3    0.01                           addition[1] (net)
                  0.02    0.00    6.01 v _099_/B (sky130_fd_sc_hd__or2_2)
                  0.05    0.27    6.28 v _099_/X (sky130_fd_sc_hd__or2_2)
     1    0.00                           _045_ (net)
                  0.05    0.00    6.28 v _100_/A3 (sky130_fd_sc_hd__a31o_2)
                  0.05    0.27    6.55 v _100_/X (sky130_fd_sc_hd__a31o_2)
     3    0.01                           _046_ (net)
                  0.05    0.00    6.55 v _117_/A1 (sky130_fd_sc_hd__a311o_2)
                  0.08    0.37    6.92 v _117_/X (sky130_fd_sc_hd__a311o_2)
     3    0.01                           _061_ (net)
                  0.08    0.00    6.92 v _145_/A1 (sky130_fd_sc_hd__a21o_2)
                  0.05    0.22    7.14 v _145_/X (sky130_fd_sc_hd__a21o_2)
     3    0.01                           _085_ (net)
                  0.05    0.00    7.14 v _165_/A1 (sky130_fd_sc_hd__a31o_2)
                  0.07    0.25    7.39 v _165_/X (sky130_fd_sc_hd__a31o_2)
     4    0.02                           _028_ (net)
                  0.07    0.00    7.39 v _173_/A2 (sky130_fd_sc_hd__a211o_2)
                  0.05    0.34    7.73 v _173_/X (sky130_fd_sc_hd__a211o_2)
     1    0.00                           _035_ (net)
                  0.05    0.00    7.73 v _174_/B1 (sky130_fd_sc_hd__o311a_2)
                  0.05    0.13    7.86 v _174_/X (sky130_fd_sc_hd__o311a_2)
     1    0.00                           _011_ (net)
                  0.05    0.00    7.86 v _187_/D (sky130_fd_sc_hd__dfxtp_2)
                                  7.86   data arrival time

                  0.15   30.00   30.00   clock clk (rise edge)
                          0.00   30.00   clock network delay (ideal)
                         -0.25   29.75   clock uncertainty
                          0.00   29.75   clock reconvergence pessimism
                                 29.75 ^ _187_/CLK (sky130_fd_sc_hd__dfxtp_2)
                         -0.09   29.66   library setup time
                                 29.66   data required time
-----------------------------------------------------------------------------
                                 29.66   data required time
                                 -7.86   data arrival time
-----------------------------------------------------------------------------
                                 21.80   slack (MET)


Startpoint: addition[1] (input port clocked by clk)
Endpoint: _184_ (rising edge-triggered flip-flop clocked by clk)
Path Group: clk
Path Type: max

Fanout     Cap    Slew   Delay    Time   Description
-----------------------------------------------------------------------------
                  0.15    0.00    0.00   clock clk (rise edge)
                          0.00    0.00   clock network delay (ideal)
                          6.00    6.00 v input external delay
                  0.02    0.01    6.01 v addition[1] (in)
     3    0.01                           addition[1] (net)
                  0.02    0.00    6.01 v _099_/B (sky130_fd_sc_hd__or2_2)
                  0.05    0.27    6.28 v _099_/X (sky130_fd_sc_hd__or2_2)
     1    0.00                           _045_ (net)
                  0.05    0.00    6.28 v _100_/A3 (sky130_fd_sc_hd__a31o_2)
                  0.05    0.27    6.55 v _100_/X (sky130_fd_sc_hd__a31o_2)
     3    0.01                           _046_ (net)
                  0.05    0.00    6.55 v _117_/A1 (sky130_fd_sc_hd__a311o_2)
                  0.08    0.37    6.92 v _117_/X (sky130_fd_sc_hd__a311o_2)
     3    0.01                           _061_ (net)
                  0.08    0.00    6.92 v _145_/A1 (sky130_fd_sc_hd__a21o_2)
                  0.05    0.22    7.14 v _145_/X (sky130_fd_sc_hd__a21o_2)
     3    0.01                           _085_ (net)
                  0.05    0.00    7.14 v _149_/A (sky130_fd_sc_hd__or2_2)
                  0.05    0.29    7.43 v _149_/X (sky130_fd_sc_hd__or2_2)
     1    0.00                           _014_ (net)
                  0.05    0.00    7.43 v _151_/B (sky130_fd_sc_hd__and3_2)
                  0.04    0.19    7.63 v _151_/X (sky130_fd_sc_hd__and3_2)
     1    0.00                           _016_ (net)
                  0.04    0.00    7.63 v _152_/A (sky130_fd_sc_hd__buf_1)
                  0.02    0.08    7.71 v _152_/X (sky130_fd_sc_hd__buf_1)
     1    0.00                           _008_ (net)
                  0.02    0.00    7.71 v _184_/D (sky130_fd_sc_hd__dfxtp_2)
                                  7.71   data arrival time

                  0.15   30.00   30.00   clock clk (rise edge)
                          0.00   30.00   clock network delay (ideal)
                         -0.25   29.75   clock uncertainty
                          0.00   29.75   clock reconvergence pessimism
                                 29.75 ^ _184_/CLK (sky130_fd_sc_hd__dfxtp_2)
                         -0.08   29.67   library setup time
                                 29.67   data required time
-----------------------------------------------------------------------------
                                 29.67   data required time
                                 -7.71   data arrival time
-----------------------------------------------------------------------------
                                 21.96   slack (MET)


Startpoint: addition[1] (input port clocked by clk)
Endpoint: _186_ (rising edge-triggered flip-flop clocked by clk)
Path Group: clk
Path Type: max

Fanout     Cap    Slew   Delay    Time   Description
-----------------------------------------------------------------------------
                  0.15    0.00    0.00   clock clk (rise edge)
                          0.00    0.00   clock network delay (ideal)
                          6.00    6.00 v input external delay
                  0.02    0.01    6.01 v addition[1] (in)
     3    0.01                           addition[1] (net)
                  0.02    0.00    6.01 v _099_/B (sky130_fd_sc_hd__or2_2)
                  0.05    0.27    6.28 v _099_/X (sky130_fd_sc_hd__or2_2)
     1    0.00                           _045_ (net)
                  0.05    0.00    6.28 v _100_/A3 (sky130_fd_sc_hd__a31o_2)
                  0.05    0.27    6.55 v _100_/X (sky130_fd_sc_hd__a31o_2)
     3    0.01                           _046_ (net)
                  0.05    0.00    6.55 v _117_/A1 (sky130_fd_sc_hd__a311o_2)
                  0.08    0.37    6.92 v _117_/X (sky130_fd_sc_hd__a311o_2)
     3    0.01                           _061_ (net)
                  0.08    0.00    6.92 v _145_/A1 (sky130_fd_sc_hd__a21o_2)
                  0.05    0.22    7.14 v _145_/X (sky130_fd_sc_hd__a21o_2)
     3    0.01                           _085_ (net)
                  0.05    0.00    7.14 v _165_/A1 (sky130_fd_sc_hd__a31o_2)
                  0.07    0.25    7.39 v _165_/X (sky130_fd_sc_hd__a31o_2)
     4    0.02                           _028_ (net)
                  0.07    0.00    7.39 v _166_/A2 (sky130_fd_sc_hd__o21ai_2)
                  0.10    0.13    7.52 ^ _166_/Y (sky130_fd_sc_hd__o21ai_2)
     1    0.00                           _029_ (net)
                  0.10    0.00    7.52 ^ _167_/B1 (sky130_fd_sc_hd__a21oi_2)
                  0.04    0.04    7.55 v _167_/Y (sky130_fd_sc_hd__a21oi_2)
     1    0.00                           _010_ (net)
                  0.04    0.00    7.55 v _186_/D (sky130_fd_sc_hd__dfxtp_2)
                                  7.55   data arrival time

                  0.15   30.00   30.00   clock clk (rise edge)
                          0.00   30.00   clock network delay (ideal)
                         -0.25   29.75   clock uncertainty
                          0.00   29.75   clock reconvergence pessimism
                                 29.75 ^ _186_/CLK (sky130_fd_sc_hd__dfxtp_2)
                         -0.09   29.66   library setup time
                                 29.66   data required time
-----------------------------------------------------------------------------
                                 29.66   data required time
                                 -7.55   data arrival time
-----------------------------------------------------------------------------
                                 22.11   slack (MET)


Startpoint: addition[1] (input port clocked by clk)
Endpoint: _181_ (rising edge-triggered flip-flop clocked by clk)
Path Group: clk
Path Type: max

Fanout     Cap    Slew   Delay    Time   Description
-----------------------------------------------------------------------------
                  0.15    0.00    0.00   clock clk (rise edge)
                          0.00    0.00   clock network delay (ideal)
                          6.00    6.00 v input external delay
                  0.02    0.01    6.01 v addition[1] (in)
     3    0.01                           addition[1] (net)
                  0.02    0.00    6.01 v _099_/B (sky130_fd_sc_hd__or2_2)
                  0.05    0.27    6.28 v _099_/X (sky130_fd_sc_hd__or2_2)
     1    0.00                           _045_ (net)
                  0.05    0.00    6.28 v _100_/A3 (sky130_fd_sc_hd__a31o_2)
                  0.05    0.27    6.55 v _100_/X (sky130_fd_sc_hd__a31o_2)
     3    0.01                           _046_ (net)
                  0.05    0.00    6.55 v _117_/A1 (sky130_fd_sc_hd__a311o_2)
                  0.08    0.37    6.92 v _117_/X (sky130_fd_sc_hd__a311o_2)
     3    0.01                           _061_ (net)
                  0.08    0.00    6.92 v _124_/B (sky130_fd_sc_hd__and2b_2)
                  0.05    0.23    7.14 v _124_/X (sky130_fd_sc_hd__and2b_2)
     3    0.01                           _067_ (net)
                  0.05    0.00    7.14 v _125_/B1 (sky130_fd_sc_hd__a21o_2)
                  0.05    0.20    7.35 v _125_/X (sky130_fd_sc_hd__a21o_2)
     2    0.01                           _068_ (net)
                  0.05    0.00    7.35 v _126_/A2 (sky130_fd_sc_hd__a21boi_2)
                  0.08    0.13    7.47 ^ _126_/Y (sky130_fd_sc_hd__a21boi_2)
     1    0.00                           _069_ (net)
                  0.08    0.00    7.47 ^ _127_/B1 (sky130_fd_sc_hd__o21a_2)
                  0.03    0.12    7.60 ^ _127_/X (sky130_fd_sc_hd__o21a_2)
     1    0.00                           _005_ (net)
                  0.03    0.00    7.60 ^ _181_/D (sky130_fd_sc_hd__dfxtp_2)
                                  7.60   data arrival time

                  0.15   30.00   30.00   clock clk (rise edge)
                          0.00   30.00   clock network delay (ideal)
                         -0.25   29.75   clock uncertainty
                          0.00   29.75   clock reconvergence pessimism
                                 29.75 ^ _181_/CLK (sky130_fd_sc_hd__dfxtp_2)
                         -0.04   29.71   library setup time
                                 29.71   data required time
-----------------------------------------------------------------------------
                                 29.71   data required time
                                 -7.60   data arrival time
-----------------------------------------------------------------------------
                                 22.11   slack (MET)


Startpoint: addition[1] (input port clocked by clk)
Endpoint: _185_ (rising edge-triggered flip-flop clocked by clk)
Path Group: clk
Path Type: max

Fanout     Cap    Slew   Delay    Time   Description
-----------------------------------------------------------------------------
                  0.15    0.00    0.00   clock clk (rise edge)
                          0.00    0.00   clock network delay (ideal)
                          6.00    6.00 v input external delay
                  0.02    0.01    6.01 v addition[1] (in)
     3    0.01                           addition[1] (net)
                  0.02    0.00    6.01 v _099_/B (sky130_fd_sc_hd__or2_2)
                  0.05    0.27    6.28 v _099_/X (sky130_fd_sc_hd__or2_2)
     1    0.00                           _045_ (net)
                  0.05    0.00    6.28 v _100_/A3 (sky130_fd_sc_hd__a31o_2)
                  0.05    0.27    6.55 v _100_/X (sky130_fd_sc_hd__a31o_2)
     3    0.01                           _046_ (net)
                  0.05    0.00    6.55 v _117_/A1 (sky130_fd_sc_hd__a311o_2)
                  0.08    0.37    6.92 v _117_/X (sky130_fd_sc_hd__a311o_2)
     3    0.01                           _061_ (net)
                  0.08    0.00    6.92 v _145_/A1 (sky130_fd_sc_hd__a21o_2)
                  0.05    0.22    7.14 v _145_/X (sky130_fd_sc_hd__a21o_2)
     3    0.01                           _085_ (net)
                  0.05    0.00    7.14 v _150_/A (sky130_fd_sc_hd__nand2_2)
                  0.06    0.07    7.21 ^ _150_/Y (sky130_fd_sc_hd__nand2_2)
     3    0.01                           _015_ (net)
                  0.06    0.00    7.21 ^ _155_/C1 (sky130_fd_sc_hd__o211ai_2)
                  0.05    0.07    7.28 v _155_/Y (sky130_fd_sc_hd__o211ai_2)
     1    0.00                           _019_ (net)
                  0.05    0.00    7.28 v _158_/B (sky130_fd_sc_hd__and3_2)
                  0.04    0.20    7.48 v _158_/X (sky130_fd_sc_hd__and3_2)
     1    0.00                           _022_ (net)
                  0.04    0.00    7.48 v _159_/A (sky130_fd_sc_hd__buf_1)
                  0.02    0.08    7.56 v _159_/X (sky130_fd_sc_hd__buf_1)
     1    0.00                           _009_ (net)
                  0.02    0.00    7.56 v _185_/D (sky130_fd_sc_hd__dfxtp_2)
                                  7.56   data arrival time

                  0.15   30.00   30.00   clock clk (rise edge)
                          0.00   30.00   clock network delay (ideal)
                         -0.25   29.75   clock uncertainty
                          0.00   29.75   clock reconvergence pessimism
                                 29.75 ^ _185_/CLK (sky130_fd_sc_hd__dfxtp_2)
                         -0.08   29.67   library setup time
                                 29.67   data required time
-----------------------------------------------------------------------------
                                 29.67   data required time
                                 -7.56   data arrival time
-----------------------------------------------------------------------------
                                 22.12   slack (MET)


Startpoint: addition[1] (input port clocked by clk)
Endpoint: _182_ (rising edge-triggered flip-flop clocked by clk)
Path Group: clk
Path Type: max

Fanout     Cap    Slew   Delay    Time   Description
-----------------------------------------------------------------------------
                  0.15    0.00    0.00   clock clk (rise edge)
                          0.00    0.00   clock network delay (ideal)
                          6.00    6.00 v input external delay
                  0.02    0.01    6.01 v addition[1] (in)
     3    0.01                           addition[1] (net)
                  0.02    0.00    6.01 v _099_/B (sky130_fd_sc_hd__or2_2)
                  0.05    0.27    6.28 v _099_/X (sky130_fd_sc_hd__or2_2)
     1    0.00                           _045_ (net)
                  0.05    0.00    6.28 v _100_/A3 (sky130_fd_sc_hd__a31o_2)
                  0.05    0.27    6.55 v _100_/X (sky130_fd_sc_hd__a31o_2)
     3    0.01                           _046_ (net)
                  0.05    0.00    6.55 v _117_/A1 (sky130_fd_sc_hd__a311o_2)
                  0.08    0.37    6.92 v _117_/X (sky130_fd_sc_hd__a311o_2)
     3    0.01                           _061_ (net)
                  0.08    0.00    6.92 v _124_/B (sky130_fd_sc_hd__and2b_2)
                  0.05    0.23    7.14 v _124_/X (sky130_fd_sc_hd__and2b_2)
     3    0.01                           _067_ (net)
                  0.05    0.00    7.14 v _131_/A1 (sky130_fd_sc_hd__o21a_2)
                  0.04    0.22    7.36 v _131_/X (sky130_fd_sc_hd__o21a_2)
     1    0.00                           _073_ (net)
                  0.04    0.00    7.36 v _132_/A2 (sky130_fd_sc_hd__o21ai_2)
                  0.10    0.12    7.48 ^ _132_/Y (sky130_fd_sc_hd__o21ai_2)
     1    0.00                           _074_ (net)
                  0.10    0.00    7.48 ^ _133_/B (sky130_fd_sc_hd__nor2_2)
                  0.03    0.04    7.52 v _133_/Y (sky130_fd_sc_hd__nor2_2)
     1    0.00                           _006_ (net)
                  0.03    0.00    7.52 v _182_/D (sky130_fd_sc_hd__dfxtp_2)
                                  7.52   data arrival time

                  0.15   30.00   30.00   clock clk (rise edge)
                          0.00   30.00   clock network delay (ideal)
                         -0.25   29.75   clock uncertainty
                          0.00   29.75   clock reconvergence pessimism
                                 29.75 ^ _182_/CLK (sky130_fd_sc_hd__dfxtp_2)
                         -0.08   29.67   library setup time
                                 29.67   data required time
-----------------------------------------------------------------------------
                                 29.67   data required time
                                 -7.52   data arrival time
-----------------------------------------------------------------------------
                                 22.15   slack (MET)


Startpoint: addition[1] (input port clocked by clk)
Endpoint: _180_ (rising edge-triggered flip-flop clocked by clk)
Path Group: clk
Path Type: max

Fanout     Cap    Slew   Delay    Time   Description
-----------------------------------------------------------------------------
                  0.15    0.00    0.00   clock clk (rise edge)
                          0.00    0.00   clock network delay (ideal)
                          6.00    6.00 v input external delay
                  0.02    0.01    6.01 v addition[1] (in)
     3    0.01                           addition[1] (net)
                  0.02    0.00    6.01 v _099_/B (sky130_fd_sc_hd__or2_2)
                  0.05    0.27    6.28 v _099_/X (sky130_fd_sc_hd__or2_2)
     1    0.00                           _045_ (net)
                  0.05    0.00    6.28 v _100_/A3 (sky130_fd_sc_hd__a31o_2)
                  0.05    0.27    6.55 v _100_/X (sky130_fd_sc_hd__a31o_2)
     3    0.01                           _046_ (net)
                  0.05    0.00    6.55 v _117_/A1 (sky130_fd_sc_hd__a311o_2)
                  0.08    0.37    6.92 v _117_/X (sky130_fd_sc_hd__a311o_2)
     3    0.01                           _061_ (net)
                  0.08    0.00    6.92 v _118_/B (sky130_fd_sc_hd__xnor2_2)
                  0.05    0.14    7.05 v _118_/Y (sky130_fd_sc_hd__xnor2_2)
     1    0.00                           _062_ (net)
                  0.05    0.00    7.05 v _119_/B (sky130_fd_sc_hd__and2_2)
                  0.03    0.19    7.24 v _119_/X (sky130_fd_sc_hd__and2_2)
     1    0.00                           _063_ (net)
                  0.03    0.00    7.24 v _120_/A (sky130_fd_sc_hd__buf_1)
                  0.02    0.08    7.32 v _120_/X (sky130_fd_sc_hd__buf_1)
     1    0.00                           _004_ (net)
                  0.02    0.00    7.32 v _180_/D (sky130_fd_sc_hd__dfxtp_2)
                                  7.32   data arrival time

                  0.15   30.00   30.00   clock clk (rise edge)
                          0.00   30.00   clock network delay (ideal)
                         -0.25   29.75   clock uncertainty
                          0.00   29.75   clock reconvergence pessimism
                                 29.75 ^ _180_/CLK (sky130_fd_sc_hd__dfxtp_2)
                         -0.08   29.67   library setup time
                                 29.67   data required time
-----------------------------------------------------------------------------
                                 29.67   data required time
                                 -7.32   data arrival time
-----------------------------------------------------------------------------
                                 22.35   slack (MET)


Startpoint: addition[1] (input port clocked by clk)
Endpoint: _178_ (rising edge-triggered flip-flop clocked by clk)
Path Group: clk
Path Type: max

Fanout     Cap    Slew   Delay    Time   Description
-----------------------------------------------------------------------------
                  0.15    0.00    0.00   clock clk (rise edge)
                          0.00    0.00   clock network delay (ideal)
                          6.00    6.00 v input external delay
                  0.02    0.01    6.01 v addition[1] (in)
     3    0.01                           addition[1] (net)
                  0.02    0.00    6.01 v _099_/B (sky130_fd_sc_hd__or2_2)
                  0.05    0.27    6.28 v _099_/X (sky130_fd_sc_hd__or2_2)
     1    0.00                           _045_ (net)
                  0.05    0.00    6.28 v _100_/A3 (sky130_fd_sc_hd__a31o_2)
                  0.05    0.27    6.55 v _100_/X (sky130_fd_sc_hd__a31o_2)
     3    0.01                           _046_ (net)
                  0.05    0.00    6.55 v _104_/A (sky130_fd_sc_hd__or2_2)
                  0.05    0.29    6.85 v _104_/X (sky130_fd_sc_hd__or2_2)
     1    0.00                           _050_ (net)
                  0.05    0.00    6.85 v _106_/B (sky130_fd_sc_hd__and3_2)
                  0.04    0.19    7.04 v _106_/X (sky130_fd_sc_hd__and3_2)
     1    0.00                           _052_ (net)
                  0.04    0.00    7.04 v _107_/A (sky130_fd_sc_hd__buf_1)
                  0.02    0.08    7.12 v _107_/X (sky130_fd_sc_hd__buf_1)
     1    0.00                           _002_ (net)
                  0.02    0.00    7.12 v _178_/D (sky130_fd_sc_hd__dfxtp_2)
                                  7.12   data arrival time

                  0.15   30.00   30.00   clock clk (rise edge)
                          0.00   30.00   clock network delay (ideal)
                         -0.25   29.75   clock uncertainty
                          0.00   29.75   clock reconvergence pessimism
                                 29.75 ^ _178_/CLK (sky130_fd_sc_hd__dfxtp_2)
                         -0.08   29.67   library setup time
                                 29.67   data required time
-----------------------------------------------------------------------------
                                 29.67   data required time
                                 -7.12   data arrival time
-----------------------------------------------------------------------------
                                 22.55   slack (MET)


Startpoint: addition[1] (input port clocked by clk)
Endpoint: _179_ (rising edge-triggered flip-flop clocked by clk)
Path Group: clk
Path Type: max

Fanout     Cap    Slew   Delay    Time   Description
-----------------------------------------------------------------------------
                  0.15    0.00    0.00   clock clk (rise edge)
                          0.00    0.00   clock network delay (ideal)
                          6.00    6.00 ^ input external delay
                  0.04    0.03    6.03 ^ addition[1] (in)
     3    0.01                           addition[1] (net)
                  0.04    0.00    6.03 ^ _094_/B (sky130_fd_sc_hd__and2_2)
                  0.07    0.16    6.19 ^ _094_/X (sky130_fd_sc_hd__and2_2)
     3    0.01                           _041_ (net)
                  0.07    0.00    6.19 ^ _100_/B1 (sky130_fd_sc_hd__a31o_2)
                  0.07    0.13    6.31 ^ _100_/X (sky130_fd_sc_hd__a31o_2)
     3    0.01                           _046_ (net)
                  0.07    0.00    6.31 ^ _105_/A (sky130_fd_sc_hd__nand2_2)
                  0.05    0.06    6.38 v _105_/Y (sky130_fd_sc_hd__nand2_2)
     3    0.01                           _051_ (net)
                  0.05    0.00    6.38 v _111_/A2 (sky130_fd_sc_hd__a211o_2)
                  0.04    0.33    6.70 v _111_/X (sky130_fd_sc_hd__a211o_2)
     1    0.00                           _056_ (net)
                  0.04    0.00    6.70 v _112_/C (sky130_fd_sc_hd__and3_2)
                  0.04    0.21    6.91 v _112_/X (sky130_fd_sc_hd__and3_2)
     1    0.00                           _057_ (net)
                  0.04    0.00    6.91 v _113_/A (sky130_fd_sc_hd__buf_1)
                  0.02    0.08    6.99 v _113_/X (sky130_fd_sc_hd__buf_1)
     1    0.00                           _003_ (net)
                  0.02    0.00    6.99 v _179_/D (sky130_fd_sc_hd__dfxtp_2)
                                  6.99   data arrival time

                  0.15   30.00   30.00   clock clk (rise edge)
                          0.00   30.00   clock network delay (ideal)
                         -0.25   29.75   clock uncertainty
                          0.00   29.75   clock reconvergence pessimism
                                 29.75 ^ _179_/CLK (sky130_fd_sc_hd__dfxtp_2)
                         -0.08   29.67   library setup time
                                 29.67   data required time
-----------------------------------------------------------------------------
                                 29.67   data required time
                                 -6.99   data arrival time
-----------------------------------------------------------------------------
                                 22.68   slack (MET)


Startpoint: addition[1] (input port clocked by clk)
Endpoint: _177_ (rising edge-triggered flip-flop clocked by clk)
Path Group: clk
Path Type: max

Fanout     Cap    Slew   Delay    Time   Description
-----------------------------------------------------------------------------
                  0.15    0.00    0.00   clock clk (rise edge)
                          0.00    0.00   clock network delay (ideal)
                          6.00    6.00 v input external delay
                  0.02    0.01    6.01 v addition[1] (in)
     3    0.01                           addition[1] (net)
                  0.02    0.00    6.01 v _094_/B (sky130_fd_sc_hd__and2_2)
                  0.05    0.20    6.21 v _094_/X (sky130_fd_sc_hd__and2_2)
     3    0.01                           _041_ (net)
                  0.05    0.00    6.21 v _096_/C (sky130_fd_sc_hd__or3_2)
                  0.07    0.41    6.62 v _096_/X (sky130_fd_sc_hd__or3_2)
     1    0.00                           _043_ (net)
                  0.07    0.00    6.62 v _097_/C (sky130_fd_sc_hd__and3_2)
                  0.04    0.22    6.84 v _097_/X (sky130_fd_sc_hd__and3_2)
     1    0.00                           _044_ (net)
                  0.04    0.00    6.84 v _098_/A (sky130_fd_sc_hd__buf_1)
                  0.02    0.08    6.92 v _098_/X (sky130_fd_sc_hd__buf_1)
     1    0.00                           _001_ (net)
                  0.02    0.00    6.92 v _177_/D (sky130_fd_sc_hd__dfxtp_2)
                                  6.92   data arrival time

                  0.15   30.00   30.00   clock clk (rise edge)
                          0.00   30.00   clock network delay (ideal)
                         -0.25   29.75   clock uncertainty
                          0.00   29.75   clock reconvergence pessimism
                                 29.75 ^ _177_/CLK (sky130_fd_sc_hd__dfxtp_2)
                         -0.08   29.67   library setup time
                                 29.67   data required time
-----------------------------------------------------------------------------
                                 29.67   data required time
                                 -6.92   data arrival time
-----------------------------------------------------------------------------
                                 22.75   slack (MET)


Startpoint: addition[0] (input port clocked by clk)
Endpoint: _176_ (rising edge-triggered flip-flop clocked by clk)
Path Group: clk
Path Type: max

Fanout     Cap    Slew   Delay    Time   Description
-----------------------------------------------------------------------------
                  0.15    0.00    0.00   clock clk (rise edge)
                          0.00    0.00   clock network delay (ideal)
                          6.00    6.00 v input external delay
                  0.02    0.01    6.01 v addition[0] (in)
     3    0.01                           addition[0] (net)
                  0.02    0.00    6.01 v _089_/B (sky130_fd_sc_hd__or2_2)
                  0.05    0.26    6.28 v _089_/X (sky130_fd_sc_hd__or2_2)
     1    0.00                           _037_ (net)
                  0.05    0.00    6.28 v _091_/B (sky130_fd_sc_hd__and3_2)
                  0.04    0.19    6.47 v _091_/X (sky130_fd_sc_hd__and3_2)
     1    0.00                           _039_ (net)
                  0.04    0.00    6.47 v _092_/A (sky130_fd_sc_hd__buf_1)
                  0.02    0.08    6.55 v _092_/X (sky130_fd_sc_hd__buf_1)
     1    0.00                           _000_ (net)
                  0.02    0.00    6.55 v _176_/D (sky130_fd_sc_hd__dfxtp_2)
                                  6.55   data arrival time

                  0.15   30.00   30.00   clock clk (rise edge)
                          0.00   30.00   clock network delay (ideal)
                         -0.25   29.75   clock uncertainty
                          0.00   29.75   clock reconvergence pessimism
                                 29.75 ^ _176_/CLK (sky130_fd_sc_hd__dfxtp_2)
                         -0.08   29.67   library setup time
                                 29.67   data required time
-----------------------------------------------------------------------------
                                 29.67   data required time
                                 -6.55   data arrival time
-----------------------------------------------------------------------------
                                 23.12   slack (MET)


Startpoint: _180_ (rising edge-triggered flip-flop clocked by clk)
Endpoint: count[4] (output port clocked by clk)
Path Group: clk
Path Type: max

Fanout     Cap    Slew   Delay    Time   Description
-----------------------------------------------------------------------------
                  0.15    0.00    0.00   clock clk (rise edge)
                          0.00    0.00   clock network delay (ideal)
                  0.15    0.00    0.00 ^ _180_/CLK (sky130_fd_sc_hd__dfxtp_2)
                  0.24    0.52    0.52 ^ _180_/Q (sky130_fd_sc_hd__dfxtp_2)
     4    0.05                           count[4] (net)
                  0.24    0.00    0.52 ^ count[4] (out)
                                  0.52   data arrival time

                  0.15   30.00   30.00   clock clk (rise edge)
                          0.00   30.00   clock network delay (ideal)
                         -0.25   29.75   clock uncertainty
                          0.00   29.75   clock reconvergence pessimism
                         -6.00   23.75   output external delay
                                 23.75   data required time
-----------------------------------------------------------------------------
                                 23.75   data required time
                                 -0.52   data arrival time
-----------------------------------------------------------------------------
                                 23.23   slack (MET)


Startpoint: _182_ (rising edge-triggered flip-flop clocked by clk)
Endpoint: count[6] (output port clocked by clk)
Path Group: clk
Path Type: max

Fanout     Cap    Slew   Delay    Time   Description
-----------------------------------------------------------------------------
                  0.15    0.00    0.00   clock clk (rise edge)
                          0.00    0.00   clock network delay (ideal)
                  0.15    0.00    0.00 ^ _182_/CLK (sky130_fd_sc_hd__dfxtp_2)
                  0.23    0.51    0.51 ^ _182_/Q (sky130_fd_sc_hd__dfxtp_2)
     3    0.04                           count[6] (net)
                  0.23    0.00    0.51 ^ count[6] (out)
                                  0.51   data arrival time

                  0.15   30.00   30.00   clock clk (rise edge)
                          0.00   30.00   clock network delay (ideal)
                         -0.25   29.75   clock uncertainty
                          0.00   29.75   clock reconvergence pessimism
                         -6.00   23.75   output external delay
                                 23.75   data required time
-----------------------------------------------------------------------------
                                 23.75   data required time
                                 -0.51   data arrival time
-----------------------------------------------------------------------------
                                 23.24   slack (MET)


Startpoint: _181_ (rising edge-triggered flip-flop clocked by clk)
Endpoint: count[5] (output port clocked by clk)
Path Group: clk
Path Type: max

Fanout     Cap    Slew   Delay    Time   Description
-----------------------------------------------------------------------------
                  0.15    0.00    0.00   clock clk (rise edge)
                          0.00    0.00   clock network delay (ideal)
                  0.15    0.00    0.00 ^ _181_/CLK (sky130_fd_sc_hd__dfxtp_2)
                  0.22    0.50    0.50 ^ _181_/Q (sky130_fd_sc_hd__dfxtp_2)
     4    0.04                           count[5] (net)
                  0.22    0.00    0.50 ^ count[5] (out)
                                  0.50   data arrival time

                  0.15   30.00   30.00   clock clk (rise edge)
                          0.00   30.00   clock network delay (ideal)
                         -0.25   29.75   clock uncertainty
                          0.00   29.75   clock reconvergence pessimism
                         -6.00   23.75   output external delay
                                 23.75   data required time
-----------------------------------------------------------------------------
                                 23.75   data required time
                                 -0.50   data arrival time
-----------------------------------------------------------------------------
                                 23.25   slack (MET)


Startpoint: _176_ (rising edge-triggered flip-flop clocked by clk)
Endpoint: count[0] (output port clocked by clk)
Path Group: clk
Path Type: max

Fanout     Cap    Slew   Delay    Time   Description
-----------------------------------------------------------------------------
                  0.15    0.00    0.00   clock clk (rise edge)
                          0.00    0.00   clock network delay (ideal)
                  0.15    0.00    0.00 ^ _176_/CLK (sky130_fd_sc_hd__dfxtp_2)
                  0.22    0.50    0.50 ^ _176_/Q (sky130_fd_sc_hd__dfxtp_2)
     4    0.04                           count[0] (net)
                  0.22    0.00    0.50 ^ count[0] (out)
                                  0.50   data arrival time

                  0.15   30.00   30.00   clock clk (rise edge)
                          0.00   30.00   clock network delay (ideal)
                         -0.25   29.75   clock uncertainty
                          0.00   29.75   clock reconvergence pessimism
                         -6.00   23.75   output external delay
                                 23.75   data required time
-----------------------------------------------------------------------------
                                 23.75   data required time
                                 -0.50   data arrival time
-----------------------------------------------------------------------------
                                 23.25   slack (MET)


Startpoint: _184_ (rising edge-triggered flip-flop clocked by clk)
Endpoint: count[8] (output port clocked by clk)
Path Group: clk
Path Type: max

Fanout     Cap    Slew   Delay    Time   Description
-----------------------------------------------------------------------------
                  0.15    0.00    0.00   clock clk (rise edge)
                          0.00    0.00   clock network delay (ideal)
                  0.15    0.00    0.00 ^ _184_/CLK (sky130_fd_sc_hd__dfxtp_2)
                  0.22    0.50    0.50 ^ _184_/Q (sky130_fd_sc_hd__dfxtp_2)
     4    0.04                           count[8] (net)
                  0.22    0.00    0.50 ^ count[8] (out)
                                  0.50   data arrival time

                  0.15   30.00   30.00   clock clk (rise edge)
                          0.00   30.00   clock network delay (ideal)
                         -0.25   29.75   clock uncertainty
                          0.00   29.75   clock reconvergence pessimism
                         -6.00   23.75   output external delay
                                 23.75   data required time
-----------------------------------------------------------------------------
                                 23.75   data required time
                                 -0.50   data arrival time
-----------------------------------------------------------------------------
                                 23.25   slack (MET)


Startpoint: _186_ (rising edge-triggered flip-flop clocked by clk)
Endpoint: count[10] (output port clocked by clk)
Path Group: clk
Path Type: max

Fanout     Cap    Slew   Delay    Time   Description
-----------------------------------------------------------------------------
                  0.15    0.00    0.00   clock clk (rise edge)
                          0.00    0.00   clock network delay (ideal)
                  0.15    0.00    0.00 ^ _186_/CLK (sky130_fd_sc_hd__dfxtp_2)
                  0.21    0.50    0.50 ^ _186_/Q (sky130_fd_sc_hd__dfxtp_2)
     4    0.04                           count[10] (net)
                  0.21    0.00    0.50 ^ count[10] (out)
                                  0.50   data arrival time

                  0.15   30.00   30.00   clock clk (rise edge)
                          0.00   30.00   clock network delay (ideal)
                         -0.25   29.75   clock uncertainty
                          0.00   29.75   clock reconvergence pessimism
                         -6.00   23.75   output external delay
                                 23.75   data required time
-----------------------------------------------------------------------------
                                 23.75   data required time
                                 -0.50   data arrival time
-----------------------------------------------------------------------------
                                 23.25   slack (MET)


Startpoint: _177_ (rising edge-triggered flip-flop clocked by clk)
Endpoint: count[1] (output port clocked by clk)
Path Group: clk
Path Type: max

Fanout     Cap    Slew   Delay    Time   Description
-----------------------------------------------------------------------------
                  0.15    0.00    0.00   clock clk (rise edge)
                          0.00    0.00   clock network delay (ideal)
                  0.15    0.00    0.00 ^ _177_/CLK (sky130_fd_sc_hd__dfxtp_2)
                  0.21    0.50    0.50 ^ _177_/Q (sky130_fd_sc_hd__dfxtp_2)
     4    0.04                           count[1] (net)
                  0.21    0.00    0.50 ^ count[1] (out)
                                  0.50   data arrival time

                  0.15   30.00   30.00   clock clk (rise edge)
                          0.00   30.00   clock network delay (ideal)
                         -0.25   29.75   clock uncertainty
                          0.00   29.75   clock reconvergence pessimism
                         -6.00   23.75   output external delay
                                 23.75   data required time
-----------------------------------------------------------------------------
                                 23.75   data required time
                                 -0.50   data arrival time
-----------------------------------------------------------------------------
                                 23.25   slack (MET)


Startpoint: _179_ (rising edge-triggered flip-flop clocked by clk)
Endpoint: count[3] (output port clocked by clk)
Path Group: clk
Path Type: max

Fanout     Cap    Slew   Delay    Time   Description
-----------------------------------------------------------------------------
                  0.15    0.00    0.00   clock clk (rise edge)
                          0.00    0.00   clock network delay (ideal)
                  0.15    0.00    0.00 ^ _179_/CLK (sky130_fd_sc_hd__dfxtp_2)
                  0.21    0.50    0.50 ^ _179_/Q (sky130_fd_sc_hd__dfxtp_2)
     4    0.04                           count[3] (net)
                  0.21    0.00    0.50 ^ count[3] (out)
                                  0.50   data arrival time

                  0.15   30.00   30.00   clock clk (rise edge)
                          0.00   30.00   clock network delay (ideal)
                         -0.25   29.75   clock uncertainty
                          0.00   29.75   clock reconvergence pessimism
                         -6.00   23.75   output external delay
                                 23.75   data required time
-----------------------------------------------------------------------------
                                 23.75   data required time
                                 -0.50   data arrival time
-----------------------------------------------------------------------------
                                 23.25   slack (MET)


Startpoint: _178_ (rising edge-triggered flip-flop clocked by clk)
Endpoint: count[2] (output port clocked by clk)
Path Group: clk
Path Type: max

Fanout     Cap    Slew   Delay    Time   Description
-----------------------------------------------------------------------------
                  0.15    0.00    0.00   clock clk (rise edge)
                          0.00    0.00   clock network delay (ideal)
                  0.15    0.00    0.00 ^ _178_/CLK (sky130_fd_sc_hd__dfxtp_2)
                  0.21    0.50    0.50 ^ _178_/Q (sky130_fd_sc_hd__dfxtp_2)
     4    0.04                           count[2] (net)
                  0.21    0.00    0.50 ^ count[2] (out)
                                  0.50   data arrival time

                  0.15   30.00   30.00   clock clk (rise edge)
                          0.00   30.00   clock network delay (ideal)
                         -0.25   29.75   clock uncertainty
                          0.00   29.75   clock reconvergence pessimism
                         -6.00   23.75   output external delay
                                 23.75   data required time
-----------------------------------------------------------------------------
                                 23.75   data required time
                                 -0.50   data arrival time
-----------------------------------------------------------------------------
                                 23.25   slack (MET)


Startpoint: _183_ (rising edge-triggered flip-flop clocked by clk)
Endpoint: count[7] (output port clocked by clk)
Path Group: clk
Path Type: max

Fanout     Cap    Slew   Delay    Time   Description
-----------------------------------------------------------------------------
                  0.15    0.00    0.00   clock clk (rise edge)
                          0.00    0.00   clock network delay (ideal)
                  0.15    0.00    0.00 ^ _183_/CLK (sky130_fd_sc_hd__dfxtp_2)
                  0.21    0.50    0.50 ^ _183_/Q (sky130_fd_sc_hd__dfxtp_2)
     3    0.04                           count[7] (net)
                  0.21    0.00    0.50 ^ count[7] (out)
                                  0.50   data arrival time

                  0.15   30.00   30.00   clock clk (rise edge)
                          0.00   30.00   clock network delay (ideal)
                         -0.25   29.75   clock uncertainty
                          0.00   29.75   clock reconvergence pessimism
                         -6.00   23.75   output external delay
                                 23.75   data required time
-----------------------------------------------------------------------------
                                 23.75   data required time
                                 -0.50   data arrival time
-----------------------------------------------------------------------------
                                 23.25   slack (MET)


Startpoint: _187_ (rising edge-triggered flip-flop clocked by clk)
Endpoint: count[11] (output port clocked by clk)
Path Group: clk
Path Type: max

Fanout     Cap    Slew   Delay    Time   Description
-----------------------------------------------------------------------------
                  0.15    0.00    0.00   clock clk (rise edge)
                          0.00    0.00   clock network delay (ideal)
                  0.15    0.00    0.00 ^ _187_/CLK (sky130_fd_sc_hd__dfxtp_2)
                  0.21    0.50    0.50 ^ _187_/Q (sky130_fd_sc_hd__dfxtp_2)
     3    0.04                           count[11] (net)
                  0.21    0.00    0.50 ^ count[11] (out)
                                  0.50   data arrival time

                  0.15   30.00   30.00   clock clk (rise edge)
                          0.00   30.00   clock network delay (ideal)
                         -0.25   29.75   clock uncertainty
                          0.00   29.75   clock reconvergence pessimism
                         -6.00   23.75   output external delay
                                 23.75   data required time
-----------------------------------------------------------------------------
                                 23.75   data required time
                                 -0.50   data arrival time
-----------------------------------------------------------------------------
                                 23.25   slack (MET)


Startpoint: _185_ (rising edge-triggered flip-flop clocked by clk)
Endpoint: count[9] (output port clocked by clk)
Path Group: clk
Path Type: max

Fanout     Cap    Slew   Delay    Time   Description
-----------------------------------------------------------------------------
                  0.15    0.00    0.00   clock clk (rise edge)
                          0.00    0.00   clock network delay (ideal)
                  0.15    0.00    0.00 ^ _185_/CLK (sky130_fd_sc_hd__dfxtp_2)
                  0.21    0.50    0.50 ^ _185_/Q (sky130_fd_sc_hd__dfxtp_2)
     3    0.04                           count[9] (net)
                  0.21    0.00    0.50 ^ count[9] (out)
                                  0.50   data arrival time

                  0.15   30.00   30.00   clock clk (rise edge)
                          0.00   30.00   clock network delay (ideal)
                         -0.25   29.75   clock uncertainty
                          0.00   29.75   clock reconvergence pessimism
                         -6.00   23.75   output external delay
                                 23.75   data required time
-----------------------------------------------------------------------------
                                 23.75   data required time
                                 -0.50   data arrival time
-----------------------------------------------------------------------------
                                 23.25   slack (MET)


Startpoint: reset (input port clocked by clk)
Endpoint: _188_ (rising edge-triggered flip-flop clocked by clk)
Path Group: clk
Path Type: max

Fanout     Cap    Slew   Delay    Time   Description
-----------------------------------------------------------------------------
                  0.15    0.00    0.00   clock clk (rise edge)
                          0.00    0.00   clock network delay (ideal)
                          6.00    6.00 ^ input external delay
                  0.03    0.02    6.02 ^ reset (in)
     1    0.00                           reset (net)
                  0.03    0.00    6.02 ^ _175_/A (sky130_fd_sc_hd__inv_2)
                  0.01    0.02    6.04 v _175_/Y (sky130_fd_sc_hd__inv_2)
     1    0.00                           _012_ (net)
                  0.01    0.00    6.04 v _188_/D (sky130_fd_sc_hd__dfxtp_2)
                                  6.04   data arrival time

                  0.15   30.00   30.00   clock clk (rise edge)
                          0.00   30.00   clock network delay (ideal)
                         -0.25   29.75   clock uncertainty
                          0.00   29.75   clock reconvergence pessimism
                                 29.75 ^ _188_/CLK (sky130_fd_sc_hd__dfxtp_2)
                         -0.07   29.68   library setup time
                                 29.68   data required time
-----------------------------------------------------------------------------
                                 29.68   data required time
                                 -6.04   data arrival time
-----------------------------------------------------------------------------
                                 23.64   slack (MET)



