
===========================================================================
report_checks -path_delay min (Hold)
============================================================================
======================= Typical Corner ===================================

Startpoint: _188_ (rising edge-triggered flip-flop clocked by clk)
Endpoint: _185_ (rising edge-triggered flip-flop clocked by clk)
Path Group: clk
Path Type: min

Fanout     Cap    Slew   Delay    Time   Description
-----------------------------------------------------------------------------
                  0.15    0.00    0.00   clock clk (rise edge)
                          0.00    0.00   clock network delay (ideal)
                  0.15    0.00    0.00 ^ _188_/CLK (sky130_fd_sc_hd__dfxtp_2)
                  0.04    0.33    0.33 ^ _188_/Q (sky130_fd_sc_hd__dfxtp_2)
     3    0.01                           set[0] (net)
                  0.04    0.00    0.33 ^ _158_/A (sky130_fd_sc_hd__and3_2)
                  0.04    0.14    0.47 ^ _158_/X (sky130_fd_sc_hd__and3_2)
     1    0.00                           _022_ (net)
                  0.04    0.00    0.47 ^ _159_/A (sky130_fd_sc_hd__buf_1)
                  0.03    0.07    0.54 ^ _159_/X (sky130_fd_sc_hd__buf_1)
     1    0.00                           _009_ (net)
                  0.03    0.00    0.54 ^ _185_/D (sky130_fd_sc_hd__dfxtp_2)
                                  0.54   data arrival time

                  0.15    0.00    0.00   clock clk (rise edge)
                          0.00    0.00   clock network delay (ideal)
                          0.25    0.25   clock uncertainty
                          0.00    0.25   clock reconvergence pessimism
                                  0.25 ^ _185_/CLK (sky130_fd_sc_hd__dfxtp_2)
                         -0.01    0.24   library hold time
                                  0.24   data required time
-----------------------------------------------------------------------------
                                  0.24   data required time
                                 -0.54   data arrival time
-----------------------------------------------------------------------------
                                  0.31   slack (MET)


Startpoint: _188_ (rising edge-triggered flip-flop clocked by clk)
Endpoint: _181_ (rising edge-triggered flip-flop clocked by clk)
Path Group: clk
Path Type: min

Fanout     Cap    Slew   Delay    Time   Description
-----------------------------------------------------------------------------
                  0.15    0.00    0.00   clock clk (rise edge)
                          0.00    0.00   clock network delay (ideal)
                  0.15    0.00    0.00 ^ _188_/CLK (sky130_fd_sc_hd__dfxtp_2)
                  0.03    0.33    0.33 v _188_/Q (sky130_fd_sc_hd__dfxtp_2)
     3    0.00                           set[0] (net)
                  0.03    0.00    0.33 v _126_/B1_N (sky130_fd_sc_hd__a21boi_2)
                  0.03    0.13    0.46 v _126_/Y (sky130_fd_sc_hd__a21boi_2)
     1    0.00                           _069_ (net)
                  0.03    0.00    0.46 v _127_/B1 (sky130_fd_sc_hd__o21a_2)
                  0.02    0.09    0.55 v _127_/X (sky130_fd_sc_hd__o21a_2)
     1    0.00                           _005_ (net)
                  0.02    0.00    0.55 v _181_/D (sky130_fd_sc_hd__dfxtp_2)
                                  0.55   data arrival time

                  0.15    0.00    0.00   clock clk (rise edge)
                          0.00    0.00   clock network delay (ideal)
                          0.25    0.25   clock uncertainty
                          0.00    0.25   clock reconvergence pessimism
                                  0.25 ^ _181_/CLK (sky130_fd_sc_hd__dfxtp_2)
                         -0.01    0.24   library hold time
                                  0.24   data required time
-----------------------------------------------------------------------------
                                  0.24   data required time
                                 -0.55   data arrival time
-----------------------------------------------------------------------------
                                  0.31   slack (MET)


Startpoint: _188_ (rising edge-triggered flip-flop clocked by clk)
Endpoint: _182_ (rising edge-triggered flip-flop clocked by clk)
Path Group: clk
Path Type: min

Fanout     Cap    Slew   Delay    Time   Description
-----------------------------------------------------------------------------
                  0.15    0.00    0.00   clock clk (rise edge)
                          0.00    0.00   clock network delay (ideal)
                  0.15    0.00    0.00 ^ _188_/CLK (sky130_fd_sc_hd__dfxtp_2)
                  0.03    0.33    0.33 v _188_/Q (sky130_fd_sc_hd__dfxtp_2)
     3    0.00                           set[0] (net)
                  0.03    0.00    0.33 v _088_/A (sky130_fd_sc_hd__buf_1)
                  0.12    0.15    0.48 v _088_/X (sky130_fd_sc_hd__buf_1)
    10    0.02                           _036_ (net)
                  0.12    0.00    0.48 v _132_/B1 (sky130_fd_sc_hd__o21ai_2)
                  0.06    0.08    0.56 ^ _132_/Y (sky130_fd_sc_hd__o21ai_2)
     1    0.00                           _074_ (net)
                  0.06    0.00    0.56 ^ _133_/B (sky130_fd_sc_hd__nor2_2)
                  0.02    0.03    0.59 v _133_/Y (sky130_fd_sc_hd__nor2_2)
     1    0.00                           _006_ (net)
                  0.02    0.00    0.59 v _182_/D (sky130_fd_sc_hd__dfxtp_2)
                                  0.59   data arrival time

                  0.15    0.00    0.00   clock clk (rise edge)
                          0.00    0.00   clock network delay (ideal)
                          0.25    0.25   clock uncertainty
                          0.00    0.25   clock reconvergence pessimism
                                  0.25 ^ _182_/CLK (sky130_fd_sc_hd__dfxtp_2)
                         -0.01    0.24   library hold time
                                  0.24   data required time
-----------------------------------------------------------------------------
                                  0.24   data required time
                                 -0.59   data arrival time
-----------------------------------------------------------------------------
                                  0.35   slack (MET)


Startpoint: _188_ (rising edge-triggered flip-flop clocked by clk)
Endpoint: _186_ (rising edge-triggered flip-flop clocked by clk)
Path Group: clk
Path Type: min

Fanout     Cap    Slew   Delay    Time   Description
-----------------------------------------------------------------------------
                  0.15    0.00    0.00   clock clk (rise edge)
                          0.00    0.00   clock network delay (ideal)
                  0.15    0.00    0.00 ^ _188_/CLK (sky130_fd_sc_hd__dfxtp_2)
                  0.03    0.33    0.33 v _188_/Q (sky130_fd_sc_hd__dfxtp_2)
     3    0.00                           set[0] (net)
                  0.03    0.00    0.33 v _088_/A (sky130_fd_sc_hd__buf_1)
                  0.12    0.15    0.48 v _088_/X (sky130_fd_sc_hd__buf_1)
    10    0.02                           _036_ (net)
                  0.12    0.00    0.48 v _166_/B1 (sky130_fd_sc_hd__o21ai_2)
                  0.06    0.08    0.56 ^ _166_/Y (sky130_fd_sc_hd__o21ai_2)
     1    0.00                           _029_ (net)
                  0.06    0.00    0.56 ^ _167_/B1 (sky130_fd_sc_hd__a21oi_2)
                  0.02    0.03    0.59 v _167_/Y (sky130_fd_sc_hd__a21oi_2)
     1    0.00                           _010_ (net)
                  0.02    0.00    0.59 v _186_/D (sky130_fd_sc_hd__dfxtp_2)
                                  0.59   data arrival time

                  0.15    0.00    0.00   clock clk (rise edge)
                          0.00    0.00   clock network delay (ideal)
                          0.25    0.25   clock uncertainty
                          0.00    0.25   clock reconvergence pessimism
                                  0.25 ^ _186_/CLK (sky130_fd_sc_hd__dfxtp_2)
                         -0.01    0.24   library hold time
                                  0.24   data required time
-----------------------------------------------------------------------------
                                  0.24   data required time
                                 -0.59   data arrival time
-----------------------------------------------------------------------------
                                  0.35   slack (MET)


Startpoint: _188_ (rising edge-triggered flip-flop clocked by clk)
Endpoint: _187_ (rising edge-triggered flip-flop clocked by clk)
Path Group: clk
Path Type: min

Fanout     Cap    Slew   Delay    Time   Description
-----------------------------------------------------------------------------
                  0.15    0.00    0.00   clock clk (rise edge)
                          0.00    0.00   clock network delay (ideal)
                  0.15    0.00    0.00 ^ _188_/CLK (sky130_fd_sc_hd__dfxtp_2)
                  0.03    0.33    0.33 v _188_/Q (sky130_fd_sc_hd__dfxtp_2)
     3    0.00                           set[0] (net)
                  0.03    0.00    0.33 v _088_/A (sky130_fd_sc_hd__buf_1)
                  0.12    0.15    0.48 v _088_/X (sky130_fd_sc_hd__buf_1)
    10    0.02                           _036_ (net)
                  0.12    0.00    0.48 v _174_/C1 (sky130_fd_sc_hd__o311a_2)
                  0.02    0.13    0.61 v _174_/X (sky130_fd_sc_hd__o311a_2)
     1    0.00                           _011_ (net)
                  0.02    0.00    0.61 v _187_/D (sky130_fd_sc_hd__dfxtp_2)
                                  0.61   data arrival time

                  0.15    0.00    0.00   clock clk (rise edge)
                          0.00    0.00   clock network delay (ideal)
                          0.25    0.25   clock uncertainty
                          0.00    0.25   clock reconvergence pessimism
                                  0.25 ^ _187_/CLK (sky130_fd_sc_hd__dfxtp_2)
                         -0.01    0.24   library hold time
                                  0.24   data required time
-----------------------------------------------------------------------------
                                  0.24   data required time
                                 -0.61   data arrival time
-----------------------------------------------------------------------------
                                  0.37   slack (MET)


Startpoint: _176_ (rising edge-triggered flip-flop clocked by clk)
Endpoint: _176_ (rising edge-triggered flip-flop clocked by clk)
Path Group: clk
Path Type: min

Fanout     Cap    Slew   Delay    Time   Description
-----------------------------------------------------------------------------
                  0.15    0.00    0.00   clock clk (rise edge)
                          0.00    0.00   clock network delay (ideal)
                  0.15    0.00    0.00 ^ _176_/CLK (sky130_fd_sc_hd__dfxtp_2)
                  0.10    0.40    0.40 v _176_/Q (sky130_fd_sc_hd__dfxtp_2)
     4    0.04                           count[0] (net)
                  0.10    0.00    0.40 v _090_/A (sky130_fd_sc_hd__nand2_2)
                  0.06    0.09    0.48 ^ _090_/Y (sky130_fd_sc_hd__nand2_2)
     3    0.01                           _038_ (net)
                  0.06    0.00    0.48 ^ _091_/C (sky130_fd_sc_hd__and3_2)
                  0.04    0.16    0.64 ^ _091_/X (sky130_fd_sc_hd__and3_2)
     1    0.00                           _039_ (net)
                  0.04    0.00    0.64 ^ _092_/A (sky130_fd_sc_hd__buf_1)
                  0.03    0.07    0.71 ^ _092_/X (sky130_fd_sc_hd__buf_1)
     1    0.00                           _000_ (net)
                  0.03    0.00    0.71 ^ _176_/D (sky130_fd_sc_hd__dfxtp_2)
                                  0.71   data arrival time

                  0.15    0.00    0.00   clock clk (rise edge)
                          0.00    0.00   clock network delay (ideal)
                          0.25    0.25   clock uncertainty
                          0.00    0.25   clock reconvergence pessimism
                                  0.25 ^ _176_/CLK (sky130_fd_sc_hd__dfxtp_2)
                         -0.01    0.24   library hold time
                                  0.24   data required time
-----------------------------------------------------------------------------
                                  0.24   data required time
                                 -0.71   data arrival time
-----------------------------------------------------------------------------
                                  0.47   slack (MET)


Startpoint: _188_ (rising edge-triggered flip-flop clocked by clk)
Endpoint: _180_ (rising edge-triggered flip-flop clocked by clk)
Path Group: clk
Path Type: min

Fanout     Cap    Slew   Delay    Time   Description
-----------------------------------------------------------------------------
                  0.15    0.00    0.00   clock clk (rise edge)
                          0.00    0.00   clock network delay (ideal)
                  0.15    0.00    0.00 ^ _188_/CLK (sky130_fd_sc_hd__dfxtp_2)
                  0.03    0.33    0.33 v _188_/Q (sky130_fd_sc_hd__dfxtp_2)
     3    0.00                           set[0] (net)
                  0.03    0.00    0.33 v _088_/A (sky130_fd_sc_hd__buf_1)
                  0.12    0.15    0.48 v _088_/X (sky130_fd_sc_hd__buf_1)
    10    0.02                           _036_ (net)
                  0.12    0.00    0.48 v _119_/A (sky130_fd_sc_hd__and2_2)
                  0.03    0.18    0.66 v _119_/X (sky130_fd_sc_hd__and2_2)
     1    0.00                           _063_ (net)
                  0.03    0.00    0.66 v _120_/A (sky130_fd_sc_hd__buf_1)
                  0.02    0.07    0.73 v _120_/X (sky130_fd_sc_hd__buf_1)
     1    0.00                           _004_ (net)
                  0.02    0.00    0.73 v _180_/D (sky130_fd_sc_hd__dfxtp_2)
                                  0.73   data arrival time

                  0.15    0.00    0.00   clock clk (rise edge)
                          0.00    0.00   clock network delay (ideal)
                          0.25    0.25   clock uncertainty
                          0.00    0.25   clock reconvergence pessimism
                                  0.25 ^ _180_/CLK (sky130_fd_sc_hd__dfxtp_2)
                         -0.01    0.24   library hold time
                                  0.24   data required time
-----------------------------------------------------------------------------
                                  0.24   data required time
                                 -0.73   data arrival time
-----------------------------------------------------------------------------
                                  0.50   slack (MET)


Startpoint: _188_ (rising edge-triggered flip-flop clocked by clk)
Endpoint: _177_ (rising edge-triggered flip-flop clocked by clk)
Path Group: clk
Path Type: min

Fanout     Cap    Slew   Delay    Time   Description
-----------------------------------------------------------------------------
                  0.15    0.00    0.00   clock clk (rise edge)
                          0.00    0.00   clock network delay (ideal)
                  0.15    0.00    0.00 ^ _188_/CLK (sky130_fd_sc_hd__dfxtp_2)
                  0.03    0.33    0.33 v _188_/Q (sky130_fd_sc_hd__dfxtp_2)
     3    0.00                           set[0] (net)
                  0.03    0.00    0.33 v _088_/A (sky130_fd_sc_hd__buf_1)
                  0.12    0.15    0.48 v _088_/X (sky130_fd_sc_hd__buf_1)
    10    0.02                           _036_ (net)
                  0.12    0.00    0.48 v _097_/A (sky130_fd_sc_hd__and3_2)
                  0.03    0.19    0.67 v _097_/X (sky130_fd_sc_hd__and3_2)
     1    0.00                           _044_ (net)
                  0.03    0.00    0.67 v _098_/A (sky130_fd_sc_hd__buf_1)
                  0.02    0.07    0.74 v _098_/X (sky130_fd_sc_hd__buf_1)
     1    0.00                           _001_ (net)
                  0.02    0.00    0.74 v _177_/D (sky130_fd_sc_hd__dfxtp_2)
                                  0.74   data arrival time

                  0.15    0.00    0.00   clock clk (rise edge)
                          0.00    0.00   clock network delay (ideal)
                          0.25    0.25   clock uncertainty
                          0.00    0.25   clock reconvergence pessimism
                                  0.25 ^ _177_/CLK (sky130_fd_sc_hd__dfxtp_2)
                         -0.01    0.24   library hold time
                                  0.24   data required time
-----------------------------------------------------------------------------
                                  0.24   data required time
                                 -0.74   data arrival time
-----------------------------------------------------------------------------
                                  0.50   slack (MET)


Startpoint: _188_ (rising edge-triggered flip-flop clocked by clk)
Endpoint: _178_ (rising edge-triggered flip-flop clocked by clk)
Path Group: clk
Path Type: min

Fanout     Cap    Slew   Delay    Time   Description
-----------------------------------------------------------------------------
                  0.15    0.00    0.00   clock clk (rise edge)
                          0.00    0.00   clock network delay (ideal)
                  0.15    0.00    0.00 ^ _188_/CLK (sky130_fd_sc_hd__dfxtp_2)
                  0.03    0.33    0.33 v _188_/Q (sky130_fd_sc_hd__dfxtp_2)
     3    0.00                           set[0] (net)
                  0.03    0.00    0.33 v _088_/A (sky130_fd_sc_hd__buf_1)
                  0.12    0.15    0.48 v _088_/X (sky130_fd_sc_hd__buf_1)
    10    0.02                           _036_ (net)
                  0.12    0.00    0.48 v _106_/A (sky130_fd_sc_hd__and3_2)
                  0.03    0.19    0.67 v _106_/X (sky130_fd_sc_hd__and3_2)
     1    0.00                           _052_ (net)
                  0.03    0.00    0.67 v _107_/A (sky130_fd_sc_hd__buf_1)
                  0.02    0.07    0.74 v _107_/X (sky130_fd_sc_hd__buf_1)
     1    0.00                           _002_ (net)
                  0.02    0.00    0.74 v _178_/D (sky130_fd_sc_hd__dfxtp_2)
                                  0.74   data arrival time

                  0.15    0.00    0.00   clock clk (rise edge)
                          0.00    0.00   clock network delay (ideal)
                          0.25    0.25   clock uncertainty
                          0.00    0.25   clock reconvergence pessimism
                                  0.25 ^ _178_/CLK (sky130_fd_sc_hd__dfxtp_2)
                         -0.01    0.24   library hold time
                                  0.24   data required time
-----------------------------------------------------------------------------
                                  0.24   data required time
                                 -0.74   data arrival time
-----------------------------------------------------------------------------
                                  0.50   slack (MET)


Startpoint: _188_ (rising edge-triggered flip-flop clocked by clk)
Endpoint: _179_ (rising edge-triggered flip-flop clocked by clk)
Path Group: clk
Path Type: min

Fanout     Cap    Slew   Delay    Time   Description
-----------------------------------------------------------------------------
                  0.15    0.00    0.00   clock clk (rise edge)
                          0.00    0.00   clock network delay (ideal)
                  0.15    0.00    0.00 ^ _188_/CLK (sky130_fd_sc_hd__dfxtp_2)
                  0.03    0.33    0.33 v _188_/Q (sky130_fd_sc_hd__dfxtp_2)
     3    0.00                           set[0] (net)
                  0.03    0.00    0.33 v _088_/A (sky130_fd_sc_hd__buf_1)
                  0.12    0.15    0.48 v _088_/X (sky130_fd_sc_hd__buf_1)
    10    0.02                           _036_ (net)
                  0.12    0.00    0.48 v _112_/A (sky130_fd_sc_hd__and3_2)
                  0.03    0.19    0.67 v _112_/X (sky130_fd_sc_hd__and3_2)
     1    0.00                           _057_ (net)
                  0.03    0.00    0.67 v _113_/A (sky130_fd_sc_hd__buf_1)
                  0.02    0.07    0.74 v _113_/X (sky130_fd_sc_hd__buf_1)
     1    0.00                           _003_ (net)
                  0.02    0.00    0.74 v _179_/D (sky130_fd_sc_hd__dfxtp_2)
                                  0.74   data arrival time

                  0.15    0.00    0.00   clock clk (rise edge)
                          0.00    0.00   clock network delay (ideal)
                          0.25    0.25   clock uncertainty
                          0.00    0.25   clock reconvergence pessimism
                                  0.25 ^ _179_/CLK (sky130_fd_sc_hd__dfxtp_2)
                         -0.01    0.24   library hold time
                                  0.24   data required time
-----------------------------------------------------------------------------
                                  0.24   data required time
                                 -0.74   data arrival time
-----------------------------------------------------------------------------
                                  0.50   slack (MET)


Startpoint: _188_ (rising edge-triggered flip-flop clocked by clk)
Endpoint: _183_ (rising edge-triggered flip-flop clocked by clk)
Path Group: clk
Path Type: min

Fanout     Cap    Slew   Delay    Time   Description
-----------------------------------------------------------------------------
                  0.15    0.00    0.00   clock clk (rise edge)
                          0.00    0.00   clock network delay (ideal)
                  0.15    0.00    0.00 ^ _188_/CLK (sky130_fd_sc_hd__dfxtp_2)
                  0.03    0.33    0.33 v _188_/Q (sky130_fd_sc_hd__dfxtp_2)
     3    0.00                           set[0] (net)
                  0.03    0.00    0.33 v _088_/A (sky130_fd_sc_hd__buf_1)
                  0.12    0.15    0.48 v _088_/X (sky130_fd_sc_hd__buf_1)
    10    0.02                           _036_ (net)
                  0.12    0.00    0.48 v _139_/A (sky130_fd_sc_hd__and3_2)
                  0.03    0.19    0.67 v _139_/X (sky130_fd_sc_hd__and3_2)
     1    0.00                           _080_ (net)
                  0.03    0.00    0.67 v _140_/A (sky130_fd_sc_hd__buf_1)
                  0.02    0.07    0.74 v _140_/X (sky130_fd_sc_hd__buf_1)
     1    0.00                           _007_ (net)
                  0.02    0.00    0.74 v _183_/D (sky130_fd_sc_hd__dfxtp_2)
                                  0.74   data arrival time

                  0.15    0.00    0.00   clock clk (rise edge)
                          0.00    0.00   clock network delay (ideal)
                          0.25    0.25   clock uncertainty
                          0.00    0.25   clock reconvergence pessimism
                                  0.25 ^ _183_/CLK (sky130_fd_sc_hd__dfxtp_2)
                         -0.01    0.24   library hold time
                                  0.24   data required time
-----------------------------------------------------------------------------
                                  0.24   data required time
                                 -0.74   data arrival time
-----------------------------------------------------------------------------
                                  0.50   slack (MET)


Startpoint: _188_ (rising edge-triggered flip-flop clocked by clk)
Endpoint: _184_ (rising edge-triggered flip-flop clocked by clk)
Path Group: clk
Path Type: min

Fanout     Cap    Slew   Delay    Time   Description
-----------------------------------------------------------------------------
                  0.15    0.00    0.00   clock clk (rise edge)
                          0.00    0.00   clock network delay (ideal)
                  0.15    0.00    0.00 ^ _188_/CLK (sky130_fd_sc_hd__dfxtp_2)
                  0.03    0.33    0.33 v _188_/Q (sky130_fd_sc_hd__dfxtp_2)
     3    0.00                           set[0] (net)
                  0.03    0.00    0.33 v _088_/A (sky130_fd_sc_hd__buf_1)
                  0.12    0.15    0.48 v _088_/X (sky130_fd_sc_hd__buf_1)
    10    0.02                           _036_ (net)
                  0.12    0.00    0.48 v _151_/A (sky130_fd_sc_hd__and3_2)
                  0.03    0.19    0.67 v _151_/X (sky130_fd_sc_hd__and3_2)
     1    0.00                           _016_ (net)
                  0.03    0.00    0.67 v _152_/A (sky130_fd_sc_hd__buf_1)
                  0.02    0.07    0.74 v _152_/X (sky130_fd_sc_hd__buf_1)
     1    0.00                           _008_ (net)
                  0.02    0.00    0.74 v _184_/D (sky130_fd_sc_hd__dfxtp_2)
                                  0.74   data arrival time

                  0.15    0.00    0.00   clock clk (rise edge)
                          0.00    0.00   clock network delay (ideal)
                          0.25    0.25   clock uncertainty
                          0.00    0.25   clock reconvergence pessimism
                                  0.25 ^ _184_/CLK (sky130_fd_sc_hd__dfxtp_2)
                         -0.01    0.24   library hold time
                                  0.24   data required time
-----------------------------------------------------------------------------
                                  0.24   data required time
                                 -0.74   data arrival time
-----------------------------------------------------------------------------
                                  0.50   slack (MET)


Startpoint: reset (input port clocked by clk)
Endpoint: _188_ (rising edge-triggered flip-flop clocked by clk)
Path Group: clk
Path Type: min

Fanout     Cap    Slew   Delay    Time   Description
-----------------------------------------------------------------------------
                  0.15    0.00    0.00   clock clk (rise edge)
                          0.00    0.00   clock network delay (ideal)
                          6.00    6.00 v input external delay
                  0.01    0.01    6.01 v reset (in)
     1    0.00                           reset (net)
                  0.01    0.00    6.01 v _175_/A (sky130_fd_sc_hd__inv_2)
                  0.02    0.02    6.03 ^ _175_/Y (sky130_fd_sc_hd__inv_2)
     1    0.00                           _012_ (net)
                  0.02    0.00    6.03 ^ _188_/D (sky130_fd_sc_hd__dfxtp_2)
                                  6.03   data arrival time

                  0.15    0.00    0.00   clock clk (rise edge)
                          0.00    0.00   clock network delay (ideal)
                          0.25    0.25   clock uncertainty
                          0.00    0.25   clock reconvergence pessimism
                                  0.25 ^ _188_/CLK (sky130_fd_sc_hd__dfxtp_2)
                         -0.01    0.24   library hold time
                                  0.24   data required time
-----------------------------------------------------------------------------
                                  0.24   data required time
                                 -6.03   data arrival time
-----------------------------------------------------------------------------
                                  5.79   slack (MET)


Startpoint: _187_ (rising edge-triggered flip-flop clocked by clk)
Endpoint: count[11] (output port clocked by clk)
Path Group: clk
Path Type: min

Fanout     Cap    Slew   Delay    Time   Description
-----------------------------------------------------------------------------
                  0.15    0.00    0.00   clock clk (rise edge)
                          0.00    0.00   clock network delay (ideal)
                  0.15    0.00    0.00 ^ _187_/CLK (sky130_fd_sc_hd__dfxtp_2)
                  0.10    0.39    0.39 v _187_/Q (sky130_fd_sc_hd__dfxtp_2)
     3    0.04                           count[11] (net)
                  0.10    0.00    0.39 v count[11] (out)
                                  0.39   data arrival time

                  0.15    0.00    0.00   clock clk (rise edge)
                          0.00    0.00   clock network delay (ideal)
                          0.25    0.25   clock uncertainty
                          0.00    0.25   clock reconvergence pessimism
                         -6.00   -5.75   output external delay
                                 -5.75   data required time
-----------------------------------------------------------------------------
                                 -5.75   data required time
                                 -0.39   data arrival time
-----------------------------------------------------------------------------
                                  6.14   slack (MET)


Startpoint: _185_ (rising edge-triggered flip-flop clocked by clk)
Endpoint: count[9] (output port clocked by clk)
Path Group: clk
Path Type: min

Fanout     Cap    Slew   Delay    Time   Description
-----------------------------------------------------------------------------
                  0.15    0.00    0.00   clock clk (rise edge)
                          0.00    0.00   clock network delay (ideal)
                  0.15    0.00    0.00 ^ _185_/CLK (sky130_fd_sc_hd__dfxtp_2)
                  0.10    0.39    0.39 v _185_/Q (sky130_fd_sc_hd__dfxtp_2)
     3    0.04                           count[9] (net)
                  0.10    0.00    0.39 v count[9] (out)
                                  0.39   data arrival time

                  0.15    0.00    0.00   clock clk (rise edge)
                          0.00    0.00   clock network delay (ideal)
                          0.25    0.25   clock uncertainty
                          0.00    0.25   clock reconvergence pessimism
                         -6.00   -5.75   output external delay
                                 -5.75   data required time
-----------------------------------------------------------------------------
                                 -5.75   data required time
                                 -0.39   data arrival time
-----------------------------------------------------------------------------
                                  6.14   slack (MET)


Startpoint: _183_ (rising edge-triggered flip-flop clocked by clk)
Endpoint: count[7] (output port clocked by clk)
Path Group: clk
Path Type: min

Fanout     Cap    Slew   Delay    Time   Description
-----------------------------------------------------------------------------
                  0.15    0.00    0.00   clock clk (rise edge)
                          0.00    0.00   clock network delay (ideal)
                  0.15    0.00    0.00 ^ _183_/CLK (sky130_fd_sc_hd__dfxtp_2)
                  0.10    0.39    0.39 v _183_/Q (sky130_fd_sc_hd__dfxtp_2)
     3    0.04                           count[7] (net)
                  0.10    0.00    0.39 v count[7] (out)
                                  0.39   data arrival time

                  0.15    0.00    0.00   clock clk (rise edge)
                          0.00    0.00   clock network delay (ideal)
                          0.25    0.25   clock uncertainty
                          0.00    0.25   clock reconvergence pessimism
                         -6.00   -5.75   output external delay
                                 -5.75   data required time
-----------------------------------------------------------------------------
                                 -5.75   data required time
                                 -0.39   data arrival time
-----------------------------------------------------------------------------
                                  6.14   slack (MET)


Startpoint: _186_ (rising edge-triggered flip-flop clocked by clk)
Endpoint: count[10] (output port clocked by clk)
Path Group: clk
Path Type: min

Fanout     Cap    Slew   Delay    Time   Description
-----------------------------------------------------------------------------
                  0.15    0.00    0.00   clock clk (rise edge)
                          0.00    0.00   clock network delay (ideal)
                  0.15    0.00    0.00 ^ _186_/CLK (sky130_fd_sc_hd__dfxtp_2)
                  0.10    0.40    0.40 v _186_/Q (sky130_fd_sc_hd__dfxtp_2)
     4    0.04                           count[10] (net)
                  0.10    0.00    0.40 v count[10] (out)
                                  0.40   data arrival time

                  0.15    0.00    0.00   clock clk (rise edge)
                          0.00    0.00   clock network delay (ideal)
                          0.25    0.25   clock uncertainty
                          0.00    0.25   clock reconvergence pessimism
                         -6.00   -5.75   output external delay
                                 -5.75   data required time
-----------------------------------------------------------------------------
                                 -5.75   data required time
                                 -0.40   data arrival time
-----------------------------------------------------------------------------
                                  6.15   slack (MET)


Startpoint: _177_ (rising edge-triggered flip-flop clocked by clk)
Endpoint: count[1] (output port clocked by clk)
Path Group: clk
Path Type: min

Fanout     Cap    Slew   Delay    Time   Description
-----------------------------------------------------------------------------
                  0.15    0.00    0.00   clock clk (rise edge)
                          0.00    0.00   clock network delay (ideal)
                  0.15    0.00    0.00 ^ _177_/CLK (sky130_fd_sc_hd__dfxtp_2)
                  0.10    0.40    0.40 v _177_/Q (sky130_fd_sc_hd__dfxtp_2)
     4    0.04                           count[1] (net)
                  0.10    0.00    0.40 v count[1] (out)
                                  0.40   data arrival time

                  0.15    0.00    0.00   clock clk (rise edge)
                          0.00    0.00   clock network delay (ideal)
                          0.25    0.25   clock uncertainty
                          0.00    0.25   clock reconvergence pessimism
                         -6.00   -5.75   output external delay
                                 -5.75   data required time
-----------------------------------------------------------------------------
                                 -5.75   data required time
                                 -0.40   data arrival time
-----------------------------------------------------------------------------
                                  6.15   slack (MET)


Startpoint: _179_ (rising edge-triggered flip-flop clocked by clk)
Endpoint: count[3] (output port clocked by clk)
Path Group: clk
Path Type: min

Fanout     Cap    Slew   Delay    Time   Description
-----------------------------------------------------------------------------
                  0.15    0.00    0.00   clock clk (rise edge)
                          0.00    0.00   clock network delay (ideal)
                  0.15    0.00    0.00 ^ _179_/CLK (sky130_fd_sc_hd__dfxtp_2)
                  0.10    0.40    0.40 v _179_/Q (sky130_fd_sc_hd__dfxtp_2)
     4    0.04                           count[3] (net)
                  0.10    0.00    0.40 v count[3] (out)
                                  0.40   data arrival time

                  0.15    0.00    0.00   clock clk (rise edge)
                          0.00    0.00   clock network delay (ideal)
                          0.25    0.25   clock uncertainty
                          0.00    0.25   clock reconvergence pessimism
                         -6.00   -5.75   output external delay
                                 -5.75   data required time
-----------------------------------------------------------------------------
                                 -5.75   data required time
                                 -0.40   data arrival time
-----------------------------------------------------------------------------
                                  6.15   slack (MET)


Startpoint: _178_ (rising edge-triggered flip-flop clocked by clk)
Endpoint: count[2] (output port clocked by clk)
Path Group: clk
Path Type: min

Fanout     Cap    Slew   Delay    Time   Description
-----------------------------------------------------------------------------
                  0.15    0.00    0.00   clock clk (rise edge)
                          0.00    0.00   clock network delay (ideal)
                  0.15    0.00    0.00 ^ _178_/CLK (sky130_fd_sc_hd__dfxtp_2)
                  0.10    0.40    0.40 v _178_/Q (sky130_fd_sc_hd__dfxtp_2)
     4    0.04                           count[2] (net)
                  0.10    0.00    0.40 v count[2] (out)
                                  0.40   data arrival time

                  0.15    0.00    0.00   clock clk (rise edge)
                          0.00    0.00   clock network delay (ideal)
                          0.25    0.25   clock uncertainty
                          0.00    0.25   clock reconvergence pessimism
                         -6.00   -5.75   output external delay
                                 -5.75   data required time
-----------------------------------------------------------------------------
                                 -5.75   data required time
                                 -0.40   data arrival time
-----------------------------------------------------------------------------
                                  6.15   slack (MET)


Startpoint: _181_ (rising edge-triggered flip-flop clocked by clk)
Endpoint: count[5] (output port clocked by clk)
Path Group: clk
Path Type: min

Fanout     Cap    Slew   Delay    Time   Description
-----------------------------------------------------------------------------
                  0.15    0.00    0.00   clock clk (rise edge)
                          0.00    0.00   clock network delay (ideal)
                  0.15    0.00    0.00 ^ _181_/CLK (sky130_fd_sc_hd__dfxtp_2)
                  0.10    0.40    0.40 v _181_/Q (sky130_fd_sc_hd__dfxtp_2)
     4    0.04                           count[5] (net)
                  0.10    0.00    0.40 v count[5] (out)
                                  0.40   data arrival time

                  0.15    0.00    0.00   clock clk (rise edge)
                          0.00    0.00   clock network delay (ideal)
                          0.25    0.25   clock uncertainty
                          0.00    0.25   clock reconvergence pessimism
                         -6.00   -5.75   output external delay
                                 -5.75   data required time
-----------------------------------------------------------------------------
                                 -5.75   data required time
                                 -0.40   data arrival time
-----------------------------------------------------------------------------
                                  6.15   slack (MET)


Startpoint: _176_ (rising edge-triggered flip-flop clocked by clk)
Endpoint: count[0] (output port clocked by clk)
Path Group: clk
Path Type: min

Fanout     Cap    Slew   Delay    Time   Description
-----------------------------------------------------------------------------
                  0.15    0.00    0.00   clock clk (rise edge)
                          0.00    0.00   clock network delay (ideal)
                  0.15    0.00    0.00 ^ _176_/CLK (sky130_fd_sc_hd__dfxtp_2)
                  0.10    0.40    0.40 v _176_/Q (sky130_fd_sc_hd__dfxtp_2)
     4    0.04                           count[0] (net)
                  0.10    0.00    0.40 v count[0] (out)
                                  0.40   data arrival time

                  0.15    0.00    0.00   clock clk (rise edge)
                          0.00    0.00   clock network delay (ideal)
                          0.25    0.25   clock uncertainty
                          0.00    0.25   clock reconvergence pessimism
                         -6.00   -5.75   output external delay
                                 -5.75   data required time
-----------------------------------------------------------------------------
                                 -5.75   data required time
                                 -0.40   data arrival time
-----------------------------------------------------------------------------
                                  6.15   slack (MET)


Startpoint: _184_ (rising edge-triggered flip-flop clocked by clk)
Endpoint: count[8] (output port clocked by clk)
Path Group: clk
Path Type: min

Fanout     Cap    Slew   Delay    Time   Description
-----------------------------------------------------------------------------
                  0.15    0.00    0.00   clock clk (rise edge)
                          0.00    0.00   clock network delay (ideal)
                  0.15    0.00    0.00 ^ _184_/CLK (sky130_fd_sc_hd__dfxtp_2)
                  0.10    0.40    0.40 v _184_/Q (sky130_fd_sc_hd__dfxtp_2)
     4    0.04                           count[8] (net)
                  0.10    0.00    0.40 v count[8] (out)
                                  0.40   data arrival time

                  0.15    0.00    0.00   clock clk (rise edge)
                          0.00    0.00   clock network delay (ideal)
                          0.25    0.25   clock uncertainty
                          0.00    0.25   clock reconvergence pessimism
                         -6.00   -5.75   output external delay
                                 -5.75   data required time
-----------------------------------------------------------------------------
                                 -5.75   data required time
                                 -0.40   data arrival time
-----------------------------------------------------------------------------
                                  6.15   slack (MET)


Startpoint: _182_ (rising edge-triggered flip-flop clocked by clk)
Endpoint: count[6] (output port clocked by clk)
Path Group: clk
Path Type: min

Fanout     Cap    Slew   Delay    Time   Description
-----------------------------------------------------------------------------
                  0.15    0.00    0.00   clock clk (rise edge)
                          0.00    0.00   clock network delay (ideal)
                  0.15    0.00    0.00 ^ _182_/CLK (sky130_fd_sc_hd__dfxtp_2)
                  0.11    0.40    0.40 v _182_/Q (sky130_fd_sc_hd__dfxtp_2)
     3    0.04                           count[6] (net)
                  0.11    0.00    0.40 v count[6] (out)
                                  0.40   data arrival time

                  0.15    0.00    0.00   clock clk (rise edge)
                          0.00    0.00   clock network delay (ideal)
                          0.25    0.25   clock uncertainty
                          0.00    0.25   clock reconvergence pessimism
                         -6.00   -5.75   output external delay
                                 -5.75   data required time
-----------------------------------------------------------------------------
                                 -5.75   data required time
                                 -0.40   data arrival time
-----------------------------------------------------------------------------
                                  6.15   slack (MET)


Startpoint: _180_ (rising edge-triggered flip-flop clocked by clk)
Endpoint: count[4] (output port clocked by clk)
Path Group: clk
Path Type: min

Fanout     Cap    Slew   Delay    Time   Description
-----------------------------------------------------------------------------
                  0.15    0.00    0.00   clock clk (rise edge)
                          0.00    0.00   clock network delay (ideal)
                  0.15    0.00    0.00 ^ _180_/CLK (sky130_fd_sc_hd__dfxtp_2)
                  0.11    0.41    0.41 v _180_/Q (sky130_fd_sc_hd__dfxtp_2)
     4    0.05                           count[4] (net)
                  0.11    0.00    0.41 v count[4] (out)
                                  0.41   data arrival time

                  0.15    0.00    0.00   clock clk (rise edge)
                          0.00    0.00   clock network delay (ideal)
                          0.25    0.25   clock uncertainty
                          0.00    0.25   clock reconvergence pessimism
                         -6.00   -5.75   output external delay
                                 -5.75   data required time
-----------------------------------------------------------------------------
                                 -5.75   data required time
                                 -0.41   data arrival time
-----------------------------------------------------------------------------
                                  6.16   slack (MET)



